#
# There is insufficient memory for the Java Runtime Environment to continue.
# Native memory allocation (mmap) failed to map 268435456 bytes for G1 virtual space
# Possible reasons:
#   The system is out of physical RAM or swap space
#   The process is running with CompressedOops enabled, and the Java Heap may be blocking the growth of the native heap
# Possible solutions:
#   Reduce memory load on the system
#   Increase physical memory or swap space
#   Check if swap backing store is full
#   Decrease Java heap size (-Xmx/-Xms)
#   Decrease number of Java threads
#   Decrease Java thread stack sizes (-Xss)
#   Set larger code cache with -XX:ReservedCodeCacheSize=
#   JVM is running with Unscaled Compressed Oops mode in which the Java heap is
#     placed in the first 4GB address space. The Java Heap base address is the
#     maximum limit for the native heap growth. Please use -XX:HeapBaseMinAddress
#     to set the Java Heap base and to place the Java Heap above 4GB virtual address.
# This output file may be truncated or incomplete.
#
#  Out of Memory Error (os_windows.cpp:3527), pid=5364, tid=9636
#
# JRE version: OpenJDK Runtime Environment (19.0.1+10) (build 19.0.1+10-21)
# Java VM: OpenJDK 64-Bit Server VM (19.0.1+10-21, mixed mode, sharing, tiered, compressed oops, compressed class ptrs, g1 gc, windows-amd64)
# No core dump will be written. Minidumps are not enabled by default on client versions of Windows
#

---------------  S U M M A R Y ------------

Command Line: --module-path=C:\Java\javafx-sdk-19\lib --add-modules=javafx.controls,javafx.fxml -javaagent:C:\Program Files\JetBrains\IntelliJ IDEA Community Edition 2022.2.1\lib\idea_rt.jar=50962:C:\Program Files\JetBrains\IntelliJ IDEA Community Edition 2022.2.1\bin -Dfile.encoding=UTF-8 -Dsun.stdout.encoding=UTF-8 -Dsun.stderr.encoding=UTF-8 Game.MainGame

Host: Intel(R) Core(TM) i5-8250U CPU @ 1.60GHz, 8 cores, 7G,  Windows 11 , 64 bit Build 22621 (10.0.22621.457)
Time: Tue Oct 25 03:35:32 2022 SE Asia Standard Time elapsed time: 1.449889 seconds (0d 0h 0m 1s)

---------------  T H R E A D  ---------------

Current thread (0x0000017cf908edd0):  VMThread "VM Thread" [stack: 0x0000006ff0400000,0x0000006ff0500000] [id=9636]

Stack: [0x0000006ff0400000,0x0000006ff0500000]
Native frames: (J=compiled Java code, j=interpreted, Vv=VM code, C=native code)
V  [jvm.dll+0x6ee8fa]
V  [jvm.dll+0x857a1e]
V  [jvm.dll+0x85940e]
V  [jvm.dll+0x859ac3]
V  [jvm.dll+0x28291f]
V  [jvm.dll+0x6eb6e9]
V  [jvm.dll+0x6e028a]
V  [jvm.dll+0x357136]
V  [jvm.dll+0x35eb96]
V  [jvm.dll+0x3b555e]
V  [jvm.dll+0x3b578f]
V  [jvm.dll+0x32c6ea]
V  [jvm.dll+0x32c797]
V  [jvm.dll+0x374b52]
V  [jvm.dll+0x37328f]
V  [jvm.dll+0x32bf10]
V  [jvm.dll+0x37282b]
V  [jvm.dll+0x85ef83]
V  [jvm.dll+0x85fd49]
V  [jvm.dll+0x86027d]
V  [jvm.dll+0x86070b]
V  [jvm.dll+0x8607c7]
V  [jvm.dll+0x8015fa]
V  [jvm.dll+0x6ed5eb]
C  [ucrtbase.dll+0x29363]
C  [KERNEL32.DLL+0x1244d]
C  [ntdll.dll+0x5df78]

VM_Operation (0x0000006ff16fda10): G1CollectForAllocation, mode: safepoint, requested by thread 0x0000017cfd78ef80


---------------  P R O C E S S  ---------------

Threads class SMR info:
_java_thread_list=0x0000017cfea6f6a0, length=20, elements={
0x0000017cd892a370, 0x0000017cf90a56a0, 0x0000017cf90aa190, 0x0000017cf90b2320,
0x0000017cf90b2c50, 0x0000017cf90b3f30, 0x0000017cf90b4ba0, 0x0000017cf90c2ec0,
0x0000017cf90c39d0, 0x0000017cf90ceb60, 0x0000017cfd4e06b0, 0x0000017cfd58d030,
0x0000017cfdcddd00, 0x0000017cfd4f0270, 0x0000017cfdac9550, 0x0000017cfd83f0b0,
0x0000017cfd78ef80, 0x0000017cfde73c70, 0x0000017cfde989f0, 0x0000017cfeb0f620
}

Java Threads: ( => current thread )
  0x0000017cd892a370 JavaThread "main" [_thread_blocked, id=3616, stack(0x0000006fefe00000,0x0000006feff00000)]
  0x0000017cf90a56a0 JavaThread "Reference Handler" daemon [_thread_blocked, id=5912, stack(0x0000006ff0500000,0x0000006ff0600000)]
  0x0000017cf90aa190 JavaThread "Finalizer" daemon [_thread_blocked, id=12836, stack(0x0000006ff0600000,0x0000006ff0700000)]
  0x0000017cf90b2320 JavaThread "Signal Dispatcher" daemon [_thread_blocked, id=4556, stack(0x0000006ff0700000,0x0000006ff0800000)]
  0x0000017cf90b2c50 JavaThread "Attach Listener" daemon [_thread_blocked, id=11620, stack(0x0000006ff0800000,0x0000006ff0900000)]
  0x0000017cf90b3f30 JavaThread "Service Thread" daemon [_thread_blocked, id=1860, stack(0x0000006ff0900000,0x0000006ff0a00000)]
  0x0000017cf90b4ba0 JavaThread "Monitor Deflation Thread" daemon [_thread_blocked, id=4764, stack(0x0000006ff0a00000,0x0000006ff0b00000)]
  0x0000017cf90c2ec0 JavaThread "C2 CompilerThread0" daemon [_thread_in_native, id=1040, stack(0x0000006ff0b00000,0x0000006ff0c00000)]
  0x0000017cf90c39d0 JavaThread "C1 CompilerThread0" daemon [_thread_blocked, id=316, stack(0x0000006ff0c00000,0x0000006ff0d00000)]
  0x0000017cf90ceb60 JavaThread "Sweeper thread" daemon [_thread_blocked, id=9468, stack(0x0000006ff0d00000,0x0000006ff0e00000)]
  0x0000017cfd4e06b0 JavaThread "Common-Cleaner" daemon [_thread_blocked, id=8752, stack(0x0000006ff0e00000,0x0000006ff0f00000)]
  0x0000017cfd58d030 JavaThread "C2 CompilerThread1" daemon [_thread_blocked, id=3560, stack(0x0000006ff0f00000,0x0000006ff1000000)]
  0x0000017cfdcddd00 JavaThread "Monitor Ctrl-Break" daemon [_thread_in_native, id=716, stack(0x0000006ff1100000,0x0000006ff1200000)]
  0x0000017cfd4f0270 JavaThread "Notification Thread" daemon [_thread_blocked, id=5648, stack(0x0000006ff1200000,0x0000006ff1300000)]
  0x0000017cfdac9550 JavaThread "QuantumRenderer-0" daemon [_thread_blocked, id=9436, stack(0x0000006ff1400000,0x0000006ff1500000)]
  0x0000017cfd83f0b0 JavaThread "InvokeLaterDispatcher" daemon [_thread_blocked, id=12232, stack(0x0000006ff1500000,0x0000006ff1600000)]
  0x0000017cfd78ef80 JavaThread "JavaFX Application Thread" [_thread_blocked, id=2280, stack(0x0000006ff1600000,0x0000006ff1700000)]
  0x0000017cfde73c70 JavaThread "JavaFX-Launcher" [_thread_blocked, id=11112, stack(0x0000006ff1b00000,0x0000006ff1c00000)]
  0x0000017cfde989f0 JavaThread "Thread-2" daemon [_thread_blocked, id=13284, stack(0x0000006ff1a00000,0x0000006ff1b00000)]
  0x0000017cfeb0f620 JavaThread "Java2D Disposer" daemon [_thread_blocked, id=2176, stack(0x0000006ff2400000,0x0000006ff2500000)]

Other Threads:
=>0x0000017cf908edd0 VMThread "VM Thread" [stack: 0x0000006ff0400000,0x0000006ff0500000] [id=9636]
  0x0000017cfd727d30 WatcherThread "VM Periodic Task Thread" [stack: 0x0000006ff1300000,0x0000006ff1400000] [id=12364]
  0x0000017cd89883c0 WorkerThread "GC Thread#0" [stack: 0x0000006feff00000,0x0000006ff0000000] [id=8080]
  0x0000017cfdec05a0 WorkerThread "GC Thread#1" [stack: 0x0000006ff1c00000,0x0000006ff1d00000] [id=9440]
  0x0000017cfdec0870 WorkerThread "GC Thread#2" [stack: 0x0000006ff1d00000,0x0000006ff1e00000] [id=10008]
  0x0000017cfdf82460 WorkerThread "GC Thread#3" [stack: 0x0000006ff1e00000,0x0000006ff1f00000] [id=7564]
  0x0000017cfdf82730 WorkerThread "GC Thread#4" [stack: 0x0000006ff1f00000,0x0000006ff2000000] [id=1432]
  0x0000017cfdf82a00 WorkerThread "GC Thread#5" [stack: 0x0000006ff2000000,0x0000006ff2100000] [id=12944]
  0x0000017cfdf81380 WorkerThread "GC Thread#6" [stack: 0x0000006ff2500000,0x0000006ff2600000] [id=5232]
  0x0000017cfdf81650 WorkerThread "GC Thread#7" [stack: 0x0000006ff2600000,0x0000006ff2700000] [id=9184]
  0x0000017cd8998f60 ConcurrentGCThread "G1 Main Marker" [stack: 0x0000006ff0000000,0x0000006ff0100000] [id=7796]
  0x0000017cd8999c90 WorkerThread "G1 Conc#0" [stack: 0x0000006ff0100000,0x0000006ff0200000] [id=7836]
  0x0000017cfdf81920 WorkerThread "G1 Conc#1" [stack: 0x0000006ff1000000,0x0000006ff1100000] [id=7396]
  0x0000017cd89ed9d0 ConcurrentGCThread "G1 Refine#0" [stack: 0x0000006ff0200000,0x0000006ff0300000] [id=12652]
  0x0000017cd89ee3b0 ConcurrentGCThread "G1 Service" [stack: 0x0000006ff0300000,0x0000006ff0400000] [id=8124]

Threads with active compile tasks:
C2 CompilerThread0     1489 1280 %     4       Graphics.Sprite::getFxImage @ 34 (129 bytes)

VM state: at safepoint (normal execution)

VM Mutex/Monitor currently owned by a thread:  ([mutex/lock_event])
[0x0000017cd8926640] Threads_lock - owner thread: 0x0000017cf908edd0
[0x0000017cd8927180] Heap_lock - owner thread: 0x0000017cfd78ef80

Heap address: 0x0000000081e00000, size: 2018 MB, Compressed Oops mode: 32-bit

CDS archive(s) mapped at: [0x0000000800000000-0x0000000800c30000-0x0000000800c30000), size 12779520, SharedBaseAddress: 0x0000000800000000, ArchiveRelocationMode: 0.
Compressed class space mapped at: 0x0000000801000000-0x0000000841000000, reserved size: 1073741824
Narrow klass base: 0x0000000800000000, Narrow klass shift: 0, Narrow klass range: 0x100000000

GC Precious Log:
 CardTable entry size: 512
 Card Set container configuration: InlinePtr #cards 5 size 8 Array Of Cards #cards 12 size 40 Howl #buckets 4 coarsen threshold 1843 Howl Bitmap #cards 512 size 80 coarsen threshold 460 Card regions per heap region 1 cards per card region 2048
 CPUs: 8 total, 8 available
 Memory: 8069M
 Large Page Support: Disabled
 NUMA Support: Disabled
 Compressed Oops: Enabled (32-bit)
 Heap Region Size: 1M
 Heap Min Capacity: 8M
 Heap Initial Capacity: 128M
 Heap Max Capacity: 2018M
 Pre-touch: Disabled
 Parallel Workers: 8
 Concurrent Workers: 2
 Concurrent Refinement Workers: 8
 Periodic GC: Disabled

Heap:
 garbage-first heap   total 131072K, used 101376K [0x0000000081e00000, 0x0000000100000000)
  region size 1024K, 2 young (2048K), 2 survivors (2048K)
 Metaspace       used 9967K, committed 10176K, reserved 1114112K
  class space    used 1217K, committed 1280K, reserved 1048576K

Heap Regions: E=young(eden), S=young(survivor), O=old, HS=humongous(starts), HC=humongous(continues), CS=collection set, F=free, OA=open archive, CA=closed archive, TAMS=top-at-mark-start (previous, next)
|   0|0x0000000081e00000, 0x0000000081f00000, 0x0000000081f00000|100%| O|  |TAMS 0x0000000081e00000, 0x0000000081f00000| Untracked 
|   1|0x0000000081f00000, 0x0000000082000000, 0x0000000082000000|100%| O|  |TAMS 0x0000000081f00000, 0x0000000082000000| Untracked 
|   2|0x0000000082000000, 0x0000000082100000, 0x0000000082100000|100%| O|  |TAMS 0x0000000082000000, 0x0000000082100000| Untracked 
|   3|0x0000000082100000, 0x0000000082200000, 0x0000000082200000|100%| O|  |TAMS 0x0000000082100000, 0x0000000082200000| Untracked 
|   4|0x0000000082200000, 0x0000000082300000, 0x0000000082300000|100%| O|  |TAMS 0x0000000082200000, 0x0000000082300000| Untracked 
|   5|0x0000000082300000, 0x0000000082400000, 0x0000000082400000|100%| O|  |TAMS 0x0000000082300000, 0x0000000082400000| Untracked 
|   6|0x0000000082400000, 0x0000000082500000, 0x0000000082500000|100%| O|  |TAMS 0x0000000082400000, 0x0000000082500000| Untracked 
|   7|0x0000000082500000, 0x0000000082600000, 0x0000000082600000|100%| O|  |TAMS 0x0000000082500000, 0x0000000082600000| Untracked 
|   8|0x0000000082600000, 0x0000000082700000, 0x0000000082700000|100%| O|  |TAMS 0x0000000082600000, 0x0000000082700000| Untracked 
|   9|0x0000000082700000, 0x0000000082800000, 0x0000000082800000|100%| O|  |TAMS 0x0000000082700000, 0x0000000082800000| Untracked 
|  10|0x0000000082800000, 0x0000000082900000, 0x0000000082900000|100%| O|  |TAMS 0x0000000082800000, 0x0000000082900000| Untracked 
|  11|0x0000000082900000, 0x0000000082a00000, 0x0000000082a00000|100%| O|  |TAMS 0x0000000082900000, 0x0000000082a00000| Untracked 
|  12|0x0000000082a00000, 0x0000000082b00000, 0x0000000082b00000|100%| O|  |TAMS 0x0000000082a00000, 0x0000000082b00000| Untracked 
|  13|0x0000000082b00000, 0x0000000082c00000, 0x0000000082c00000|100%| O|  |TAMS 0x0000000082b00000, 0x0000000082c00000| Untracked 
|  14|0x0000000082c00000, 0x0000000082d00000, 0x0000000082d00000|100%| O|  |TAMS 0x0000000082c00000, 0x0000000082d00000| Untracked 
|  15|0x0000000082d00000, 0x0000000082e00000, 0x0000000082e00000|100%| O|  |TAMS 0x0000000082d00000, 0x0000000082e00000| Untracked 
|  16|0x0000000082e00000, 0x0000000082f00000, 0x0000000082f00000|100%| O|  |TAMS 0x0000000082e00000, 0x0000000082f00000| Untracked 
|  17|0x0000000082f00000, 0x0000000083000000, 0x0000000083000000|100%| O|  |TAMS 0x0000000082f00000, 0x0000000083000000| Untracked 
|  18|0x0000000083000000, 0x0000000083100000, 0x0000000083100000|100%| O|  |TAMS 0x0000000083000000, 0x0000000083100000| Untracked 
|  19|0x0000000083100000, 0x0000000083200000, 0x0000000083200000|100%| O|  |TAMS 0x0000000083100000, 0x0000000083200000| Untracked 
|  20|0x0000000083200000, 0x0000000083300000, 0x0000000083300000|100%| O|  |TAMS 0x0000000083200000, 0x0000000083300000| Untracked 
|  21|0x0000000083300000, 0x0000000083400000, 0x0000000083400000|100%| O|  |TAMS 0x0000000083300000, 0x0000000083400000| Untracked 
|  22|0x0000000083400000, 0x0000000083500000, 0x0000000083500000|100%| O|  |TAMS 0x0000000083400000, 0x0000000083500000| Untracked 
|  23|0x0000000083500000, 0x0000000083600000, 0x0000000083600000|100%| O|  |TAMS 0x0000000083500000, 0x0000000083600000| Untracked 
|  24|0x0000000083600000, 0x0000000083700000, 0x0000000083700000|100%| O|  |TAMS 0x0000000083600000, 0x0000000083700000| Untracked 
|  25|0x0000000083700000, 0x0000000083800000, 0x0000000083800000|100%| O|  |TAMS 0x0000000083700000, 0x0000000083800000| Untracked 
|  26|0x0000000083800000, 0x0000000083900000, 0x0000000083900000|100%| O|  |TAMS 0x0000000083800000, 0x0000000083900000| Untracked 
|  27|0x0000000083900000, 0x0000000083a00000, 0x0000000083a00000|100%| O|  |TAMS 0x0000000083900000, 0x0000000083a00000| Untracked 
|  28|0x0000000083a00000, 0x0000000083b00000, 0x0000000083b00000|100%| O|  |TAMS 0x0000000083a00000, 0x0000000083b00000| Untracked 
|  29|0x0000000083b00000, 0x0000000083c00000, 0x0000000083c00000|100%| O|  |TAMS 0x0000000083b00000, 0x0000000083c00000| Untracked 
|  30|0x0000000083c00000, 0x0000000083d00000, 0x0000000083d00000|100%| O|  |TAMS 0x0000000083c00000, 0x0000000083d00000| Untracked 
|  31|0x0000000083d00000, 0x0000000083e00000, 0x0000000083e00000|100%| O|  |TAMS 0x0000000083d00000, 0x0000000083e00000| Untracked 
|  32|0x0000000083e00000, 0x0000000083f00000, 0x0000000083f00000|100%| O|  |TAMS 0x0000000083e00000, 0x0000000083f00000| Untracked 
|  33|0x0000000083f00000, 0x0000000084000000, 0x0000000084000000|100%| O|  |TAMS 0x0000000083f00000, 0x0000000084000000| Untracked 
|  34|0x0000000084000000, 0x0000000084100000, 0x0000000084100000|100%| O|  |TAMS 0x0000000084000000, 0x0000000084100000| Untracked 
|  35|0x0000000084100000, 0x0000000084200000, 0x0000000084200000|100%| O|  |TAMS 0x0000000084100000, 0x0000000084200000| Untracked 
|  36|0x0000000084200000, 0x0000000084300000, 0x0000000084300000|100%| O|  |TAMS 0x0000000084200000, 0x0000000084300000| Untracked 
|  37|0x0000000084300000, 0x0000000084400000, 0x0000000084400000|100%| O|  |TAMS 0x0000000084300000, 0x0000000084400000| Untracked 
|  38|0x0000000084400000, 0x0000000084500000, 0x0000000084500000|100%| O|  |TAMS 0x0000000084400000, 0x0000000084500000| Untracked 
|  39|0x0000000084500000, 0x0000000084600000, 0x0000000084600000|100%| O|  |TAMS 0x0000000084500000, 0x0000000084600000| Untracked 
|  40|0x0000000084600000, 0x0000000084700000, 0x0000000084700000|100%| O|  |TAMS 0x0000000084600000, 0x0000000084700000| Untracked 
|  41|0x0000000084700000, 0x0000000084800000, 0x0000000084800000|100%| O|  |TAMS 0x0000000084700000, 0x0000000084800000| Untracked 
|  42|0x0000000084800000, 0x0000000084900000, 0x0000000084900000|100%| O|  |TAMS 0x0000000084800000, 0x0000000084900000| Untracked 
|  43|0x0000000084900000, 0x0000000084a00000, 0x0000000084a00000|100%| O|  |TAMS 0x0000000084900000, 0x0000000084a00000| Untracked 
|  44|0x0000000084a00000, 0x0000000084b00000, 0x0000000084b00000|100%| O|  |TAMS 0x0000000084a00000, 0x0000000084b00000| Untracked 
|  45|0x0000000084b00000, 0x0000000084c00000, 0x0000000084c00000|100%| O|  |TAMS 0x0000000084b00000, 0x0000000084c00000| Untracked 
|  46|0x0000000084c00000, 0x0000000084d00000, 0x0000000084d00000|100%| O|  |TAMS 0x0000000084c00000, 0x0000000084d00000| Untracked 
|  47|0x0000000084d00000, 0x0000000084e00000, 0x0000000084e00000|100%| O|  |TAMS 0x0000000084d00000, 0x0000000084e00000| Untracked 
|  48|0x0000000084e00000, 0x0000000084f00000, 0x0000000084f00000|100%| O|  |TAMS 0x0000000084e00000, 0x0000000084f00000| Untracked 
|  49|0x0000000084f00000, 0x0000000085000000, 0x0000000085000000|100%| O|  |TAMS 0x0000000084f00000, 0x0000000085000000| Untracked 
|  50|0x0000000085000000, 0x0000000085100000, 0x0000000085100000|100%| O|  |TAMS 0x0000000085000000, 0x0000000085000000| Untracked 
|  51|0x0000000085100000, 0x0000000085200000, 0x0000000085200000|100%| O|  |TAMS 0x0000000085100000, 0x0000000085100000| Untracked 
|  52|0x0000000085200000, 0x0000000085300000, 0x0000000085300000|100%| O|  |TAMS 0x0000000085200000, 0x0000000085200000| Untracked 
|  53|0x0000000085300000, 0x0000000085400000, 0x0000000085400000|100%| O|  |TAMS 0x0000000085300000, 0x0000000085300000| Untracked 
|  54|0x0000000085400000, 0x0000000085500000, 0x0000000085500000|100%| O|  |TAMS 0x0000000085400000, 0x0000000085400000| Untracked 
|  55|0x0000000085500000, 0x0000000085600000, 0x0000000085600000|100%| O|  |TAMS 0x0000000085500000, 0x0000000085500000| Untracked 
|  56|0x0000000085600000, 0x0000000085700000, 0x0000000085700000|100%| O|  |TAMS 0x0000000085600000, 0x0000000085600000| Untracked 
|  57|0x0000000085700000, 0x0000000085800000, 0x0000000085800000|100%| O|  |TAMS 0x0000000085700000, 0x0000000085700000| Untracked 
|  58|0x0000000085800000, 0x0000000085900000, 0x0000000085900000|100%| O|  |TAMS 0x0000000085800000, 0x0000000085800000| Untracked 
|  59|0x0000000085900000, 0x0000000085a00000, 0x0000000085a00000|100%| O|  |TAMS 0x0000000085900000, 0x0000000085a00000| Untracked 
|  60|0x0000000085a00000, 0x0000000085b00000, 0x0000000085b00000|100%| O|  |TAMS 0x0000000085a00000, 0x0000000085b00000| Untracked 
|  61|0x0000000085b00000, 0x0000000085c00000, 0x0000000085c00000|100%| O|  |TAMS 0x0000000085b00000, 0x0000000085c00000| Untracked 
|  62|0x0000000085c00000, 0x0000000085d00000, 0x0000000085d00000|100%| O|  |TAMS 0x0000000085c00000, 0x0000000085d00000| Untracked 
|  63|0x0000000085d00000, 0x0000000085e00000, 0x0000000085e00000|100%| O|  |TAMS 0x0000000085d00000, 0x0000000085e00000| Untracked 
|  64|0x0000000085e00000, 0x0000000085f00000, 0x0000000085f00000|100%| O|  |TAMS 0x0000000085e00000, 0x0000000085f00000| Untracked 
|  65|0x0000000085f00000, 0x0000000086000000, 0x0000000086000000|100%| O|  |TAMS 0x0000000085f00000, 0x0000000086000000| Untracked 
|  66|0x0000000086000000, 0x0000000086100000, 0x0000000086100000|100%| O|  |TAMS 0x0000000086000000, 0x0000000086100000| Untracked 
|  67|0x0000000086100000, 0x0000000086200000, 0x0000000086200000|100%| O|  |TAMS 0x0000000086100000, 0x0000000086200000| Untracked 
|  68|0x0000000086200000, 0x0000000086300000, 0x0000000086300000|100%| O|  |TAMS 0x0000000086200000, 0x0000000086300000| Untracked 
|  69|0x0000000086300000, 0x0000000086400000, 0x0000000086400000|100%| O|  |TAMS 0x0000000086300000, 0x0000000086400000| Untracked 
|  70|0x0000000086400000, 0x0000000086500000, 0x0000000086500000|100%| O|  |TAMS 0x0000000086400000, 0x0000000086500000| Untracked 
|  71|0x0000000086500000, 0x0000000086600000, 0x0000000086600000|100%| O|  |TAMS 0x0000000086500000, 0x0000000086600000| Untracked 
|  72|0x0000000086600000, 0x0000000086700000, 0x0000000086700000|100%| O|  |TAMS 0x0000000086600000, 0x0000000086700000| Untracked 
|  73|0x0000000086700000, 0x0000000086800000, 0x0000000086800000|100%| O|  |TAMS 0x0000000086700000, 0x0000000086800000| Untracked 
|  74|0x0000000086800000, 0x0000000086900000, 0x0000000086900000|100%| O|  |TAMS 0x0000000086800000, 0x0000000086900000| Untracked 
|  75|0x0000000086900000, 0x0000000086a00000, 0x0000000086a00000|100%| O|  |TAMS 0x0000000086900000, 0x0000000086a00000| Untracked 
|  76|0x0000000086a00000, 0x0000000086b00000, 0x0000000086b00000|100%| O|  |TAMS 0x0000000086a00000, 0x0000000086b00000| Untracked 
|  77|0x0000000086b00000, 0x0000000086c00000, 0x0000000086c00000|100%| O|  |TAMS 0x0000000086b00000, 0x0000000086c00000| Untracked 
|  78|0x0000000086c00000, 0x0000000086d00000, 0x0000000086d00000|100%| O|  |TAMS 0x0000000086c00000, 0x0000000086d00000| Untracked 
|  79|0x0000000086d00000, 0x0000000086e00000, 0x0000000086e00000|100%| O|  |TAMS 0x0000000086d00000, 0x0000000086e00000| Untracked 
|  80|0x0000000086e00000, 0x0000000086f00000, 0x0000000086f00000|100%| O|  |TAMS 0x0000000086e00000, 0x0000000086f00000| Untracked 
|  81|0x0000000086f00000, 0x0000000087000000, 0x0000000087000000|100%| O|  |TAMS 0x0000000086f00000, 0x0000000086f00000| Untracked 
|  82|0x0000000087000000, 0x0000000087100000, 0x0000000087100000|100%| O|  |TAMS 0x0000000087000000, 0x0000000087000000| Untracked 
|  83|0x0000000087100000, 0x0000000087200000, 0x0000000087200000|100%| O|  |TAMS 0x0000000087100000, 0x0000000087100000| Untracked 
|  84|0x0000000087200000, 0x0000000087300000, 0x0000000087300000|100%| O|  |TAMS 0x0000000087200000, 0x0000000087200000| Untracked 
|  85|0x0000000087300000, 0x0000000087400000, 0x0000000087400000|100%| O|  |TAMS 0x0000000087300000, 0x0000000087300000| Untracked 
|  86|0x0000000087400000, 0x0000000087500000, 0x0000000087500000|100%| O|  |TAMS 0x0000000087400000, 0x0000000087400000| Untracked 
|  87|0x0000000087500000, 0x0000000087600000, 0x0000000087600000|100%| O|  |TAMS 0x0000000087500000, 0x0000000087500000| Untracked 
|  88|0x0000000087600000, 0x0000000087700000, 0x0000000087700000|100%| O|  |TAMS 0x0000000087600000, 0x0000000087600000| Untracked 
|  89|0x0000000087700000, 0x0000000087800000, 0x0000000087800000|100%| O|  |TAMS 0x0000000087700000, 0x0000000087700000| Untracked 
|  90|0x0000000087800000, 0x0000000087900000, 0x0000000087900000|100%| O|  |TAMS 0x0000000087800000, 0x0000000087800000| Untracked 
|  91|0x0000000087900000, 0x0000000087a00000, 0x0000000087a00000|100%| O|  |TAMS 0x0000000087900000, 0x0000000087900000| Untracked 
|  92|0x0000000087a00000, 0x0000000087b00000, 0x0000000087b00000|100%| O|  |TAMS 0x0000000087a00000, 0x0000000087a00000| Untracked 
|  93|0x0000000087b00000, 0x0000000087c00000, 0x0000000087c00000|100%| O|  |TAMS 0x0000000087b00000, 0x0000000087b00000| Untracked 
|  94|0x0000000087c00000, 0x0000000087d00000, 0x0000000087d00000|100%| O|  |TAMS 0x0000000087c00000, 0x0000000087c00000| Untracked 
|  95|0x0000000087d00000, 0x0000000087e00000, 0x0000000087e00000|100%| O|  |TAMS 0x0000000087d00000, 0x0000000087d00000| Untracked 
|  96|0x0000000087e00000, 0x0000000087f00000, 0x0000000087f00000|100%| O|  |TAMS 0x0000000087e00000, 0x0000000087e00000| Untracked 
|  97|0x0000000087f00000, 0x0000000087f00000, 0x0000000088000000|  0%| F|  |TAMS 0x0000000087f00000, 0x0000000087f00000| Untracked 
|  98|0x0000000088000000, 0x0000000088000000, 0x0000000088100000|  0%| F|  |TAMS 0x0000000088000000, 0x0000000088000000| Untracked 
|  99|0x0000000088100000, 0x0000000088100000, 0x0000000088200000|  0%| F|  |TAMS 0x0000000088100000, 0x0000000088100000| Untracked 
| 100|0x0000000088200000, 0x0000000088200000, 0x0000000088300000|  0%| F|  |TAMS 0x0000000088200000, 0x0000000088200000| Untracked 
| 101|0x0000000088300000, 0x0000000088300000, 0x0000000088400000|  0%| F|  |TAMS 0x0000000088300000, 0x0000000088300000| Untracked 
| 102|0x0000000088400000, 0x0000000088400000, 0x0000000088500000|  0%| F|  |TAMS 0x0000000088400000, 0x0000000088400000| Untracked 
| 103|0x0000000088500000, 0x0000000088500000, 0x0000000088600000|  0%| F|  |TAMS 0x0000000088500000, 0x0000000088500000| Untracked 
| 104|0x0000000088600000, 0x0000000088600000, 0x0000000088700000|  0%| F|  |TAMS 0x0000000088600000, 0x0000000088600000| Untracked 
| 105|0x0000000088700000, 0x0000000088700000, 0x0000000088800000|  0%| F|  |TAMS 0x0000000088700000, 0x0000000088700000| Untracked 
| 106|0x0000000088800000, 0x0000000088800000, 0x0000000088900000|  0%| F|  |TAMS 0x0000000088800000, 0x0000000088800000| Untracked 
| 107|0x0000000088900000, 0x0000000088900000, 0x0000000088a00000|  0%| F|  |TAMS 0x0000000088900000, 0x0000000088900000| Untracked 
| 108|0x0000000088a00000, 0x0000000088a00000, 0x0000000088b00000|  0%| F|  |TAMS 0x0000000088a00000, 0x0000000088a00000| Untracked 
| 109|0x0000000088b00000, 0x0000000088b00000, 0x0000000088c00000|  0%| F|  |TAMS 0x0000000088b00000, 0x0000000088b00000| Untracked 
| 110|0x0000000088c00000, 0x0000000088c00000, 0x0000000088d00000|  0%| F|  |TAMS 0x0000000088c00000, 0x0000000088c00000| Untracked 
| 111|0x0000000088d00000, 0x0000000088d00000, 0x0000000088e00000|  0%| F|  |TAMS 0x0000000088d00000, 0x0000000088d00000| Untracked 
| 112|0x0000000088e00000, 0x0000000088e00000, 0x0000000088f00000|  0%| F|  |TAMS 0x0000000088e00000, 0x0000000088e00000| Untracked 
| 113|0x0000000088f00000, 0x0000000088f00000, 0x0000000089000000|  0%| F|  |TAMS 0x0000000088f00000, 0x0000000088f00000| Untracked 
| 114|0x0000000089000000, 0x0000000089000000, 0x0000000089100000|  0%| F|  |TAMS 0x0000000089000000, 0x0000000089000000| Untracked 
| 115|0x0000000089100000, 0x0000000089100000, 0x0000000089200000|  0%| F|  |TAMS 0x0000000089100000, 0x0000000089100000| Untracked 
| 116|0x0000000089200000, 0x0000000089200000, 0x0000000089300000|  0%| F|  |TAMS 0x0000000089200000, 0x0000000089200000| Untracked 
| 117|0x0000000089300000, 0x0000000089300000, 0x0000000089400000|  0%| F|  |TAMS 0x0000000089300000, 0x0000000089300000| Untracked 
| 118|0x0000000089400000, 0x0000000089400000, 0x0000000089500000|  0%| F|  |TAMS 0x0000000089400000, 0x0000000089400000| Untracked 
| 119|0x0000000089500000, 0x0000000089600000, 0x0000000089600000|100%| S|CS|TAMS 0x0000000089500000, 0x0000000089500000| Complete 
| 120|0x0000000089600000, 0x0000000089700000, 0x0000000089700000|100%| S|CS|TAMS 0x0000000089600000, 0x0000000089600000| Complete 
| 121|0x0000000089700000, 0x0000000089700000, 0x0000000089800000|  0%| F|  |TAMS 0x0000000089700000, 0x0000000089700000| Untracked 
| 122|0x0000000089800000, 0x0000000089800000, 0x0000000089900000|  0%| F|  |TAMS 0x0000000089800000, 0x0000000089800000| Untracked 
| 123|0x0000000089900000, 0x0000000089900000, 0x0000000089a00000|  0%| F|  |TAMS 0x0000000089900000, 0x0000000089900000| Untracked 
| 124|0x0000000089a00000, 0x0000000089a00000, 0x0000000089b00000|  0%| F|  |TAMS 0x0000000089a00000, 0x0000000089a00000| Untracked 
| 125|0x0000000089b00000, 0x0000000089b00000, 0x0000000089c00000|  0%| F|  |TAMS 0x0000000089b00000, 0x0000000089b00000| Untracked 
| 126|0x0000000089c00000, 0x0000000089c00000, 0x0000000089d00000|  0%| F|  |TAMS 0x0000000089c00000, 0x0000000089c00000| Untracked 
| 127|0x0000000089d00000, 0x0000000089d00000, 0x0000000089e00000|  0%| F|  |TAMS 0x0000000089d00000, 0x0000000089d00000| Untracked 

Card table byte_map: [0x0000017cf1ec0000,0x0000017cf22c0000] _byte_map_base: 0x0000017cf1ab1000

Marking Bits (Prev, Next): (CMBitMap*) 0x0000017cd89889f0, (CMBitMap*) 0x0000017cd8988a30
 Prev Bits: [0x0000017cf26c0000, 0x0000017cf4648000)
 Next Bits: [0x0000017cf4650000, 0x0000017cf65d8000)

Polling page: 0x0000017ce2030000

Metaspace:

Usage:
  Non-class:      8.55 MB used.
      Class:      1.19 MB used.
       Both:      9.73 MB used.

Virtual space:
  Non-class space:       64.00 MB reserved,       8.69 MB ( 14%) committed,  1 nodes.
      Class space:        1.00 GB reserved,       1.25 MB ( <1%) committed,  1 nodes.
             Both:        1.06 GB reserved,       9.94 MB ( <1%) committed. 

Chunk freelists:
   Non-Class:  3.27 MB
       Class:  2.63 MB
        Both:  5.90 MB

MaxMetaspaceSize: unlimited
CompressedClassSpaceSize: 1.00 GB
Initial GC threshold: 21.00 MB
Current GC threshold: 21.00 MB
CDS: on
MetaspaceReclaimPolicy: balanced
 - commit_granule_bytes: 65536.
 - commit_granule_words: 8192.
 - virtual_space_node_default_size: 8388608.
 - enlarge_chunks_in_place: 1.
 - new_chunks_are_fully_committed: 0.
 - uncommit_free_chunks: 1.
 - use_allocation_guard: 0.


Internal statistics:

num_allocs_failed_limit: 0.
num_arena_births: 160.
num_arena_deaths: 0.
num_vsnodes_births: 2.
num_vsnodes_deaths: 0.
num_space_committed: 159.
num_space_uncommitted: 0.
num_chunks_returned_to_freelist: 0.
num_chunks_taken_from_freelist: 412.
num_chunk_merges: 0.
num_chunk_splits: 281.
num_chunks_enlarged: 220.
num_inconsistent_stats: 0.

CodeHeap 'non-profiled nmethods': size=120000Kb used=528Kb max_used=528Kb free=119472Kb
 bounds [0x0000017ce9b20000, 0x0000017ce9d90000, 0x0000017cf1050000]
CodeHeap 'profiled nmethods': size=120000Kb used=2218Kb max_used=2218Kb free=117781Kb
 bounds [0x0000017ce2050000, 0x0000017ce22c0000, 0x0000017ce9580000]
CodeHeap 'non-nmethods': size=5760Kb used=1432Kb max_used=1468Kb free=4327Kb
 bounds [0x0000017ce9580000, 0x0000017ce97f0000, 0x0000017ce9b20000]
 total_blobs=2109 nmethods=1417 adapters=603
 compilation: enabled
              stopped_count=0, restarted_count=0
 full_count=0

Compilation events (20 events):
Event: 1.250 Thread 0x0000017cf90c39d0 nmethod 1413 0x0000017ce9ba1790 code [0x0000017ce9ba1920, 0x0000017ce9ba19f8]
Event: 1.253 Thread 0x0000017cf90c39d0 1414       1       java.util.concurrent.ConcurrentHashMap$MapEntry::getKey (5 bytes)
Event: 1.253 Thread 0x0000017cf90c39d0 nmethod 1414 0x0000017ce9ba1a90 code [0x0000017ce9ba1c20, 0x0000017ce9ba1cd8]
Event: 1.253 Thread 0x0000017cf90c39d0 1416       3       java.util.Properties::getProperty (50 bytes)
Event: 1.253 Thread 0x0000017cf90c39d0 nmethod 1416 0x0000017ce2278a90 code [0x0000017ce2278c60, 0x0000017ce2279158]
Event: 1.253 Thread 0x0000017cf90c39d0 1417       3       java.util.Map$Entry$$Lambda$179/0x000000080115c470::compare (12 bytes)
Event: 1.253 Thread 0x0000017cf90c39d0 nmethod 1417 0x0000017ce2279290 code [0x0000017ce2279480, 0x0000017ce2279b88]
Event: 1.253 Thread 0x0000017cf90c39d0 1415       1       java.util.concurrent.ConcurrentHashMap$MapEntry::getValue (5 bytes)
Event: 1.253 Thread 0x0000017cf90c39d0 nmethod 1415 0x0000017ce9ba1d90 code [0x0000017ce9ba1f20, 0x0000017ce9ba1fd8]
Event: 1.253 Thread 0x0000017cf90c39d0 1418       3       java.lang.String::getChars (54 bytes)
Event: 1.254 Thread 0x0000017cfd58d030 nmethod 1402 0x0000017ce9ba2090 code [0x0000017ce9ba2220, 0x0000017ce9ba2638]
Event: 1.254 Thread 0x0000017cf90c39d0 nmethod 1418 0x0000017ce2279d10 code [0x0000017ce2279f40, 0x0000017ce227a678]
Event: 1.254 Thread 0x0000017cfd58d030 1406       4       java.util.HashMap$EntryIterator::next (5 bytes)
Event: 1.342 Thread 0x0000017cfd58d030 nmethod 1406 0x0000017ce9ba2790 code [0x0000017ce9ba2920, 0x0000017ce9ba2d58]
Event: 1.342 Thread 0x0000017cfd58d030 1407       4       java.util.Collections$UnmodifiableMap$UnmodifiableEntrySet$1::hasNext (10 bytes)
Event: 1.343 Thread 0x0000017cfd58d030 nmethod 1407 0x0000017ce9ba2f10 code [0x0000017ce9ba30a0, 0x0000017ce9ba3158]
Event: 1.343 Thread 0x0000017cfd58d030 1408       4       java.util.Collections$UnmodifiableMap$UnmodifiableEntrySet$1::next (5 bytes)
Event: 1.405 Thread 0x0000017cfd58d030 nmethod 1408 0x0000017ce9ba3210 code [0x0000017ce9ba33c0, 0x0000017ce9ba3a18]
Event: 1.405 Thread 0x0000017cfd58d030 1409       4       java.util.Collections$UnmodifiableMap$UnmodifiableEntrySet$UnmodifiableEntry::getValue (10 bytes)
Event: 1.406 Thread 0x0000017cfd58d030 nmethod 1409 0x0000017ce9ba3d10 code [0x0000017ce9ba3ea0, 0x0000017ce9ba3f58]

GC Heap History (11 events):
Event: 0.545 GC heap before
{Heap before GC invocations=0 (full 0):
 garbage-first heap   total 131072K, used 22528K [0x0000000081e00000, 0x0000000100000000)
  region size 1024K, 23 young (23552K), 0 survivors (0K)
 Metaspace       used 5618K, committed 5760K, reserved 1114112K
  class space    used 713K, committed 768K, reserved 1048576K
}
Event: 0.549 GC heap after
{Heap after GC invocations=1 (full 0):
 garbage-first heap   total 131072K, used 3404K [0x0000000081e00000, 0x0000000100000000)
  region size 1024K, 3 young (3072K), 3 survivors (3072K)
 Metaspace       used 5618K, committed 5760K, reserved 1114112K
  class space    used 713K, committed 768K, reserved 1048576K
}
Event: 1.034 GC heap before
{Heap before GC invocations=1 (full 0):
 garbage-first heap   total 131072K, used 36172K [0x0000000081e00000, 0x0000000100000000)
  region size 1024K, 36 young (36864K), 3 survivors (3072K)
 Metaspace       used 9654K, committed 9856K, reserved 1114112K
  class space    used 1193K, committed 1280K, reserved 1048576K
}
Event: 1.050 GC heap after
{Heap after GC invocations=2 (full 0):
 garbage-first heap   total 131072K, used 11418K [0x0000000081e00000, 0x0000000100000000)
  region size 1024K, 5 young (5120K), 5 survivors (5120K)
 Metaspace       used 9654K, committed 9856K, reserved 1114112K
  class space    used 1193K, committed 1280K, reserved 1048576K
}
Event: 1.094 GC heap before
{Heap before GC invocations=2 (full 0):
 garbage-first heap   total 131072K, used 76954K [0x0000000081e00000, 0x0000000100000000)
  region size 1024K, 69 young (70656K), 5 survivors (5120K)
 Metaspace       used 9947K, committed 10112K, reserved 1114112K
  class space    used 1215K, committed 1280K, reserved 1048576K
}
Event: 1.243 GC heap after
{Heap after GC invocations=3 (full 0):
 garbage-first heap   total 131072K, used 57323K [0x0000000081e00000, 0x0000000100000000)
  region size 1024K, 9 young (9216K), 9 survivors (9216K)
 Metaspace       used 9947K, committed 10112K, reserved 1114112K
  class space    used 1215K, committed 1280K, reserved 1048576K
}
Event: 1.256 GC heap before
{Heap before GC invocations=3 (full 0):
 garbage-first heap   total 131072K, used 80875K [0x0000000081e00000, 0x0000000100000000)
  region size 1024K, 32 young (32768K), 9 survivors (9216K)
 Metaspace       used 9967K, committed 10176K, reserved 1114112K
  class space    used 1217K, committed 1280K, reserved 1048576K
}
Event: 1.342 GC heap after
{Heap after GC invocations=4 (full 0):
 garbage-first heap   total 131072K, used 77824K [0x0000000081e00000, 0x0000000100000000)
  region size 1024K, 4 young (4096K), 4 survivors (4096K)
 Metaspace       used 9967K, committed 10176K, reserved 1114112K
  class space    used 1217K, committed 1280K, reserved 1048576K
}
Event: 1.349 GC heap before
{Heap before GC invocations=4 (full 0):
 garbage-first heap   total 131072K, used 91136K [0x0000000081e00000, 0x0000000100000000)
  region size 1024K, 17 young (17408K), 4 survivors (4096K)
 Metaspace       used 9967K, committed 10176K, reserved 1114112K
  class space    used 1217K, committed 1280K, reserved 1048576K
}
Event: 1.404 GC heap after
{Heap after GC invocations=5 (full 0):
 garbage-first heap   total 131072K, used 92672K [0x0000000081e00000, 0x0000000100000000)
  region size 1024K, 3 young (3072K), 3 survivors (3072K)
 Metaspace       used 9967K, committed 10176K, reserved 1114112K
  class space    used 1217K, committed 1280K, reserved 1048576K
}
Event: 1.415 GC heap before
{Heap before GC invocations=5 (full 0):
 garbage-first heap   total 131072K, used 99840K [0x0000000081e00000, 0x0000000100000000)
  region size 1024K, 10 young (10240K), 3 survivors (3072K)
 Metaspace       used 9967K, committed 10176K, reserved 1114112K
  class space    used 1217K, committed 1280K, reserved 1048576K
}

Dll operation events (20 events):
Event: 0.319 Loaded shared library C:\Java\javafx-sdk-19\bin\api-ms-win-crt-math-l1-1-0.dll
Event: 0.320 Loaded shared library C:\Java\javafx-sdk-19\bin\api-ms-win-crt-multibyte-l1-1-0.dll
Event: 0.321 Loaded shared library C:\Java\javafx-sdk-19\bin\api-ms-win-crt-private-l1-1-0.dll
Event: 0.322 Loaded shared library C:\Java\javafx-sdk-19\bin\api-ms-win-crt-process-l1-1-0.dll
Event: 0.323 Loaded shared library C:\Java\javafx-sdk-19\bin\api-ms-win-crt-runtime-l1-1-0.dll
Event: 0.324 Loaded shared library C:\Java\javafx-sdk-19\bin\api-ms-win-crt-stdio-l1-1-0.dll
Event: 0.325 Loaded shared library C:\Java\javafx-sdk-19\bin\api-ms-win-crt-string-l1-1-0.dll
Event: 0.326 Loaded shared library C:\Java\javafx-sdk-19\bin\api-ms-win-crt-time-l1-1-0.dll
Event: 0.327 Loaded shared library C:\Java\javafx-sdk-19\bin\api-ms-win-crt-utility-l1-1-0.dll
Event: 0.328 Loaded shared library C:\Java\javafx-sdk-19\bin\ucrtbase.dll
Event: 0.329 Loaded shared library C:\Java\javafx-sdk-19\bin\vcruntime140.dll
Event: 0.330 Loaded shared library C:\Java\javafx-sdk-19\bin\vcruntime140_1.dll
Event: 0.331 Loaded shared library C:\Java\javafx-sdk-19\bin\msvcp140.dll
Event: 0.332 Loaded shared library C:\Java\javafx-sdk-19\bin\msvcp140_1.dll
Event: 0.333 Loaded shared library C:\Java\javafx-sdk-19\bin\msvcp140_2.dll
Event: 0.368 Loaded shared library C:\Java\javafx-sdk-19\bin\prism_d3d.dll
Event: 0.397 Loaded shared library C:\Java\javafx-sdk-19\bin\glass.dll
Event: 0.514 Loaded shared library C:\Java\javafx-sdk-19\bin\javafx_font.dll
Event: 0.555 Loaded shared library C:\Users\Admin\.jdks\openjdk-19.0.1\bin\jimage.dll
Event: 0.726 Loaded shared library C:\Users\Admin\.jdks\openjdk-19.0.1\bin\awt.dll

Deoptimization events (20 events):
Event: 0.883 Thread 0x0000017cfd78ef80 Uncommon trap: trap_request=0xffffff45 fr.pc=0x0000017ce9b834d0 relative=0x0000000000000050
Event: 0.883 Thread 0x0000017cfd78ef80 Uncommon trap: reason=unstable_if action=reinterpret pc=0x0000017ce9b834d0 method=com.sun.javafx.image.PixelUtils.NonPretoPre(I)I @ 9 c2
Event: 0.883 Thread 0x0000017cfd78ef80 DEOPT PACKING pc=0x0000017ce9b834d0 sp=0x0000006ff16fdbd0
Event: 0.883 Thread 0x0000017cfd78ef80 DEOPT UNPACKING pc=0x0000017ce95e6da3 sp=0x0000006ff16fdb48 mode 2
Event: 1.027 Thread 0x0000017cfd78ef80 Uncommon trap: trap_request=0xffffff45 fr.pc=0x0000017ce9b9234c relative=0x00000000000002ac
Event: 1.027 Thread 0x0000017cfd78ef80 Uncommon trap: reason=unstable_if action=reinterpret pc=0x0000017ce9b9234c method=java.util.LinkedList.linkLast(Ljava/lang/Object;)V @ 22 c2
Event: 1.027 Thread 0x0000017cfd78ef80 DEOPT PACKING pc=0x0000017ce9b9234c sp=0x0000006ff16fdc80
Event: 1.027 Thread 0x0000017cfd78ef80 DEOPT UNPACKING pc=0x0000017ce95e6da3 sp=0x0000006ff16fdbd8 mode 2
Event: 1.027 Thread 0x0000017cfd78ef80 Uncommon trap: trap_request=0xffffff45 fr.pc=0x0000017ce9b93688 relative=0x0000000000000268
Event: 1.027 Thread 0x0000017cfd78ef80 Uncommon trap: reason=unstable_if action=reinterpret pc=0x0000017ce9b93688 method=java.util.LinkedList.unlinkFirst(Ljava/util/LinkedList$Node;)Ljava/lang/Object; @ 26 c2
Event: 1.027 Thread 0x0000017cfd78ef80 DEOPT PACKING pc=0x0000017ce9b93688 sp=0x0000006ff16fdc90
Event: 1.027 Thread 0x0000017cfd78ef80 DEOPT UNPACKING pc=0x0000017ce95e6da3 sp=0x0000006ff16fdb70 mode 2
Event: 1.027 Thread 0x0000017cfd78ef80 Uncommon trap: trap_request=0xffffff45 fr.pc=0x0000017ce9b928ac relative=0x000000000000028c
Event: 1.027 Thread 0x0000017cfd78ef80 Uncommon trap: reason=unstable_if action=reinterpret pc=0x0000017ce9b928ac method=java.util.LinkedList.linkLast(Ljava/lang/Object;)V @ 22 c2
Event: 1.027 Thread 0x0000017cfd78ef80 DEOPT PACKING pc=0x0000017ce9b928ac sp=0x0000006ff16fdc10
Event: 1.027 Thread 0x0000017cfd78ef80 DEOPT UNPACKING pc=0x0000017ce95e6da3 sp=0x0000006ff16fdbd0 mode 2
Event: 1.082 Thread 0x0000017cf90b2c50 Uncommon trap: trap_request=0xffffff45 fr.pc=0x0000017ce9b75250 relative=0x0000000000000190
Event: 1.082 Thread 0x0000017cf90b2c50 Uncommon trap: reason=unstable_if action=reinterpret pc=0x0000017ce9b75250 method=java.util.regex.Pattern$BmpCharPropertyGreedy.match(Ljava/util/regex/Matcher;ILjava/lang/CharSequence;)Z @ 12 c2
Event: 1.082 Thread 0x0000017cf90b2c50 DEOPT PACKING pc=0x0000017ce9b75250 sp=0x0000006ff08fe640
Event: 1.082 Thread 0x0000017cf90b2c50 DEOPT UNPACKING pc=0x0000017ce95e6da3 sp=0x0000006ff08fe5d8 mode 2

Classes loaded (20 events):
Event: 1.088 Loading class java/util/stream/SortedOps$OfRef
Event: 1.089 Loading class java/util/stream/ReferencePipeline$StatefulOp
Event: 1.089 Loading class java/util/stream/ReferencePipeline$StatefulOp done
Event: 1.089 Loading class java/util/stream/SortedOps$OfRef done
Event: 1.089 Loading class java/util/Comparators$NaturalOrderComparator
Event: 1.089 Loading class java/util/Comparators$NaturalOrderComparator done
Event: 1.090 Loading class java/util/stream/SortedOps$SizedRefSortingSink
Event: 1.090 Loading class java/util/stream/SortedOps$AbstractRefSortingSink
Event: 1.090 Loading class java/util/stream/SortedOps$AbstractRefSortingSink done
Event: 1.091 Loading class java/util/stream/SortedOps$SizedRefSortingSink done
Event: 1.092 Loading class java/util/Collections$UnmodifiableMap$UnmodifiableEntrySet
Event: 1.092 Loading class java/util/Collections$UnmodifiableMap$UnmodifiableEntrySet done
Event: 1.092 Loading class java/util/Collections$UnmodifiableMap$UnmodifiableEntrySet$1
Event: 1.092 Loading class java/util/Collections$UnmodifiableMap$UnmodifiableEntrySet$1 done
Event: 1.092 Loading class java/util/Collections$UnmodifiableMap$UnmodifiableEntrySet$UnmodifiableEntry
Event: 1.092 Loading class java/util/Collections$UnmodifiableMap$UnmodifiableEntrySet$UnmodifiableEntry done
Event: 1.093 Loading class sun/util/resources/TimeZoneNames
Event: 1.094 Loading class sun/util/resources/TimeZoneNames done
Event: 1.244 Loading class sun/util/resources/TimeZoneNames_en
Event: 1.244 Loading class sun/util/resources/TimeZoneNames_en done

Classes unloaded (0 events):
No events

Classes redefined (0 events):
No events

Internal exceptions (20 events):
Event: 0.353 Thread 0x0000017cd892a370 Exception <a 'java/lang/NoSuchMethodError'{0x0000000089130f88}: 'void java.lang.invoke.DirectMethodHandle$Holder.invokeSpecial(java.lang.Object, java.lang.Object, java.lang.Object)'> (0x0000000089130f88) 
thrown [s\open\src\hotspot\share\interpreter\linkResolver.cpp, line 774]
Event: 0.382 Thread 0x0000017cd892a370 Exception <a 'java/lang/NoSuchMethodError'{0x00000000891f89a0}: 'int java.lang.invoke.DirectMethodHandle$Holder.invokeStaticInit(java.lang.Object, java.lang.Object, java.lang.Object)'> (0x00000000891f89a0) 
thrown [s\open\src\hotspot\share\interpreter\linkResolver.cpp, line 774]
Event: 0.402 Thread 0x0000017cd892a370 Exception <a 'java/lang/NoSuchMethodError'{0x00000000890a74c0}: 'java.lang.Object java.lang.invoke.DirectMethodHandle$Holder.newInvokeSpecial(java.lang.Object, java.lang.Object, int, java.lang.Object)'> (0x00000000890a74c0) 
thrown [s\open\src\hotspot\share\interpreter\linkResolver.cpp, line 774]
Event: 0.403 Thread 0x0000017cd892a370 Exception <a 'java/lang/NoSuchMethodError'{0x00000000890ab8b8}: 'java.lang.Object java.lang.invoke.DirectMethodHandle$Holder.invokeSpecial(java.lang.Object, java.lang.Object, java.lang.Object, int, java.lang.Object)'> (0x00000000890ab8b8) 
thrown [s\open\src\hotspot\share\interpreter\linkResolver.cpp, line 774]
Event: 0.452 Thread 0x0000017cfd78ef80 Exception <a 'java/lang/NoSuchMethodError'{0x0000000088d15bf0}: 'void java.lang.invoke.DirectMethodHandle$Holder.invokeStaticInit(java.lang.Object)'> (0x0000000088d15bf0) 
thrown [s\open\src\hotspot\share\interpreter\linkResolver.cpp, line 774]
Event: 0.454 Thread 0x0000017cd892a370 Exception <a 'java/lang/NoSuchMethodError'{0x00000000890c0568}: 'java.lang.Object java.lang.invoke.DirectMethodHandle$Holder.newInvokeSpecial(java.lang.Object, java.lang.Object, java.lang.Object, java.lang.Object, java.lang.Object, java.lang.Object)'> (0x00000000890c0568) 
thrown [s\open\src\hotspot\share\interpreter\linkResolver.cpp, line 774]
Event: 0.466 Thread 0x0000017cd892a370 Exception <a 'java/lang/NoSuchMethodError'{0x0000000088c03f10}: 'java.lang.Object java.lang.invoke.DirectMethodHandle$Holder.newInvokeSpecial(java.lang.Object, java.lang.Object, java.lang.Object, java.lang.Object, java.lang.Object)'> (0x0000000088c03f10) 
thrown [s\open\src\hotspot\share\interpreter\linkResolver.cpp, line 774]
Event: 0.500 Thread 0x0000017cfd78ef80 Exception <a 'java/lang/NoSuchMethodError'{0x0000000088913690}: 'java.lang.Object java.lang.invoke.DirectMethodHandle$Holder.invokeStaticInit(java.lang.Object, java.lang.Object, java.lang.Object, java.lang.Object)'> (0x0000000088913690) 
thrown [s\open\src\hotspot\share\interpreter\linkResolver.cpp, line 774]
Event: 0.523 Thread 0x0000017cfd78ef80 Exception <a 'java/lang/NullPointerException'{0x0000000088840ad8}> (0x0000000088840ad8) 
thrown [s\open\src\hotspot\share\interpreter\linkResolver.cpp, line 1374]
Event: 0.665 Thread 0x0000017cfd78ef80 Exception <a 'java/lang/NoSuchMethodError'{0x0000000089833fd8}: 'java.lang.Object java.lang.invoke.DirectMethodHandle$Holder.newInvokeSpecial(java.lang.Object, java.lang.Object, int)'> (0x0000000089833fd8) 
thrown [s\open\src\hotspot\share\interpreter\linkResolver.cpp, line 774]
Event: 0.721 Thread 0x0000017cfd78ef80 Exception <a 'java/lang/ClassNotFoundException'{0x00000000898d1638}: sun/awt/resources/spi/awtProvider> (0x00000000898d1638) 
thrown [s\open\src\hotspot\share\classfile\systemDictionary.cpp, line 255]
Event: 0.728 Thread 0x0000017cfd78ef80 Exception <a 'java/io/FileNotFoundException'{0x00000000898d84b8}> (0x00000000898d84b8) 
thrown [s\open\src\hotspot\share\prims\jni.cpp, line 517]
Event: 0.728 Thread 0x0000017cfd78ef80 Exception <a 'java/io/FileNotFoundException'{0x00000000898d9d70}> (0x00000000898d9d70) 
thrown [s\open\src\hotspot\share\prims\jni.cpp, line 517]
Event: 0.760 Thread 0x0000017cfd78ef80 Exception <a 'java/lang/NoSuchMethodError'{0x00000000897743c0}: 'java.lang.Object java.lang.invoke.DirectMethodHandle$Holder.invokeStaticInit(java.lang.Object, int, int, int, int)'> (0x00000000897743c0) 
thrown [s\open\src\hotspot\share\interpreter\linkResolver.cpp, line 774]
Event: 0.820 Thread 0x0000017cfd78ef80 Exception <a 'java/lang/NoSuchMethodError'{0x00000000897a5b50}: 'java.lang.Object java.lang.invoke.DirectMethodHandle$Holder.invokeStaticInit(java.lang.Object, java.lang.Object, int, int, int, int)'> (0x00000000897a5b50) 
thrown [s\open\src\hotspot\share\interpreter\linkResolver.cpp, line 774]
Event: 0.962 Thread 0x0000017cfd78ef80 Exception <a 'java/lang/NoSuchMethodError'{0x00000000893ee790}: 'long java.lang.invoke.DirectMethodHandle$Holder.invokeStatic(java.lang.Object, java.lang.Object, java.lang.Object)'> (0x00000000893ee790) 
thrown [s\open\src\hotspot\share\interpreter\linkResolver.cpp, line 774]
Event: 0.963 Thread 0x0000017cfd78ef80 Exception <a 'java/lang/NoSuchMethodError'{0x00000000893f1e08}: 'long java.lang.invoke.DirectMethodHandle$Holder.invokeStaticInit(java.lang.Object, java.lang.Object, java.lang.Object)'> (0x00000000893f1e08) 
thrown [s\open\src\hotspot\share\interpreter\linkResolver.cpp, line 774]
Event: 0.970 Thread 0x0000017cfd78ef80 Exception <a 'java/lang/NoSuchMethodError'{0x000000008923e3f0}: 'java.lang.Object java.lang.invoke.DirectMethodHandle$Holder.newInvokeSpecial(java.lang.Object, java.lang.Object, long)'> (0x000000008923e3f0) 
thrown [s\open\src\hotspot\share\interpreter\linkResolver.cpp, line 774]
Event: 0.971 Thread 0x0000017cfd78ef80 Exception <a 'java/lang/NoSuchMethodError'{0x0000000089241f78}: 'java.lang.Object java.lang.invoke.Invokers$Holder.linkToTargetMethod(java.lang.Object, long, java.lang.Object)'> (0x0000000089241f78) 
thrown [s\open\src\hotspot\share\interpreter\linkResolver.cpp, line 774]
Event: 1.089 Thread 0x0000017cf90b2c50 Exception <a 'java/lang/NoSuchMethodError'{0x00000000871e9988}: 'java.lang.Object java.lang.invoke.DirectMethodHandle$Holder.invokeStaticInit(java.lang.Object, int)'> (0x00000000871e9988) 
thrown [s\open\src\hotspot\share\interpreter\linkResolver.cpp, line 774]

VM Operations (20 events):
Event: 0.549 Executing VM operation: G1CollectForAllocation done
Event: 0.703 Executing VM operation: HandshakeAllThreads
Event: 0.703 Executing VM operation: HandshakeAllThreads done
Event: 0.715 Executing VM operation: HandshakeAllThreads
Event: 0.715 Executing VM operation: HandshakeAllThreads done
Event: 0.717 Executing VM operation: HandshakeAllThreads
Event: 0.717 Executing VM operation: HandshakeAllThreads done
Event: 0.746 Executing VM operation: HandshakeAllThreads
Event: 0.746 Executing VM operation: HandshakeAllThreads done
Event: 1.034 Executing VM operation: G1CollectForAllocation
Event: 1.050 Executing VM operation: G1CollectForAllocation done
Event: 1.090 Executing VM operation: HandshakeAllThreads
Event: 1.090 Executing VM operation: HandshakeAllThreads done
Event: 1.093 Executing VM operation: G1CollectForAllocation
Event: 1.243 Executing VM operation: G1CollectForAllocation done
Event: 1.256 Executing VM operation: G1CollectForAllocation
Event: 1.342 Executing VM operation: G1CollectForAllocation done
Event: 1.349 Executing VM operation: G1CollectForAllocation
Event: 1.404 Executing VM operation: G1CollectForAllocation done
Event: 1.415 Executing VM operation: G1CollectForAllocation

Events (20 events):
Event: 0.032 Thread 0x0000017cf90aa190 Thread added: 0x0000017cf90aa190
Event: 0.032 Thread 0x0000017cf90b2320 Thread added: 0x0000017cf90b2320
Event: 0.032 Thread 0x0000017cf90b2c50 Thread added: 0x0000017cf90b2c50
Event: 0.032 Thread 0x0000017cf90b3f30 Thread added: 0x0000017cf90b3f30
Event: 0.032 Thread 0x0000017cf90b4ba0 Thread added: 0x0000017cf90b4ba0
Event: 0.032 Thread 0x0000017cf90c2ec0 Thread added: 0x0000017cf90c2ec0
Event: 0.033 Thread 0x0000017cf90c39d0 Thread added: 0x0000017cf90c39d0
Event: 0.033 Thread 0x0000017cf90ceb60 Thread added: 0x0000017cf90ceb60
Event: 0.060 Thread 0x0000017cfd4e06b0 Thread added: 0x0000017cfd4e06b0
Event: 0.113 Thread 0x0000017cfd58d030 Thread added: 0x0000017cfd58d030
Event: 0.117 Thread 0x0000017cfd6b91c0 Thread added: 0x0000017cfd6b91c0
Event: 0.199 Thread 0x0000017cfdcddd00 Thread added: 0x0000017cfdcddd00
Event: 0.200 Thread 0x0000017cfd4f0270 Thread added: 0x0000017cfd4f0270
Event: 0.363 Thread 0x0000017cfdac9550 Thread added: 0x0000017cfdac9550
Event: 0.399 Thread 0x0000017cfd83f0b0 Thread added: 0x0000017cfd83f0b0
Event: 0.405 Thread 0x0000017cfd78ef80 Thread added: 0x0000017cfd78ef80
Event: 0.466 Thread 0x0000017cfde73c70 Thread added: 0x0000017cfde73c70
Event: 0.472 Thread 0x0000017cfde989f0 Thread added: 0x0000017cfde989f0
Event: 0.825 Thread 0x0000017cfeb0f620 Thread added: 0x0000017cfeb0f620
Event: 1.246 Thread 0x0000017cfd6b91c0 Thread exited: 0x0000017cfd6b91c0


Dynamic libraries:
0x00007ff7bd130000 - 0x00007ff7bd13e000 	C:\Users\Admin\.jdks\openjdk-19.0.1\bin\java.exe
0x00007ffef3470000 - 0x00007ffef3684000 	C:\WINDOWS\SYSTEM32\ntdll.dll
0x00007ffef2ca0000 - 0x00007ffef2d62000 	C:\WINDOWS\System32\KERNEL32.DLL
0x00007ffef0c80000 - 0x00007ffef101c000 	C:\WINDOWS\System32\KERNELBASE.dll
0x00007ffef1020000 - 0x00007ffef1131000 	C:\WINDOWS\System32\ucrtbase.dll
0x00007ffec6f50000 - 0x00007ffec6f6b000 	C:\Users\Admin\.jdks\openjdk-19.0.1\bin\VCRUNTIME140.dll
0x00007ffec88b0000 - 0x00007ffec88c7000 	C:\Users\Admin\.jdks\openjdk-19.0.1\bin\jli.dll
0x00007ffef15f0000 - 0x00007ffef179b000 	C:\WINDOWS\System32\USER32.dll
0x00007ffef0950000 - 0x00007ffef0976000 	C:\WINDOWS\System32\win32u.dll
0x00007ffed2fe0000 - 0x00007ffed326e000 	C:\WINDOWS\WinSxS\amd64_microsoft.windows.common-controls_6595b64144ccf1df_6.0.22621.317_none_a9434687c10c9fa2\COMCTL32.dll
0x00007ffef1d00000 - 0x00007ffef1da7000 	C:\WINDOWS\System32\msvcrt.dll
0x00007ffef1280000 - 0x00007ffef12a9000 	C:\WINDOWS\System32\GDI32.dll
0x00007ffef0980000 - 0x00007ffef0a92000 	C:\WINDOWS\System32\gdi32full.dll
0x00007ffef08b0000 - 0x00007ffef094a000 	C:\WINDOWS\System32\msvcp_win.dll
0x00007ffef2b50000 - 0x00007ffef2b81000 	C:\WINDOWS\System32\IMM32.DLL
0x00007ffec7c30000 - 0x00007ffec7c3c000 	C:\Users\Admin\.jdks\openjdk-19.0.1\bin\vcruntime140_1.dll
0x00007ffea3780000 - 0x00007ffea380e000 	C:\Users\Admin\.jdks\openjdk-19.0.1\bin\msvcp140.dll
0x00007ffe9a4c0000 - 0x00007ffe9b180000 	C:\Users\Admin\.jdks\openjdk-19.0.1\bin\server\jvm.dll
0x00007ffef2590000 - 0x00007ffef263e000 	C:\WINDOWS\System32\ADVAPI32.dll
0x00007ffef2f10000 - 0x00007ffef2fb4000 	C:\WINDOWS\System32\sechost.dll
0x00007ffef2df0000 - 0x00007ffef2f05000 	C:\WINDOWS\System32\RPCRT4.dll
0x00007ffeedcd0000 - 0x00007ffeedcd9000 	C:\WINDOWS\SYSTEM32\WSOCK32.dll
0x00007ffee9f30000 - 0x00007ffee9f64000 	C:\WINDOWS\SYSTEM32\WINMM.dll
0x00007ffee8f70000 - 0x00007ffee8f7a000 	C:\WINDOWS\SYSTEM32\VERSION.dll
0x00007ffef2b90000 - 0x00007ffef2c01000 	C:\WINDOWS\System32\WS2_32.dll
0x00007ffeef8f0000 - 0x00007ffeef908000 	C:\WINDOWS\SYSTEM32\kernel.appcore.dll
0x00007ffec6a70000 - 0x00007ffec6a7a000 	C:\Users\Admin\.jdks\openjdk-19.0.1\bin\jimage.dll
0x00007ffed5a80000 - 0x00007ffed5cae000 	C:\WINDOWS\SYSTEM32\DBGHELP.DLL
0x00007ffef1950000 - 0x00007ffef1cd9000 	C:\WINDOWS\System32\combase.dll
0x00007ffef31d0000 - 0x00007ffef32a7000 	C:\WINDOWS\System32\OLEAUT32.dll
0x00007ffed56d0000 - 0x00007ffed5702000 	C:\WINDOWS\SYSTEM32\dbgcore.DLL
0x00007ffef1140000 - 0x00007ffef11bb000 	C:\WINDOWS\System32\bcryptPrimitives.dll
0x00007ffeedc90000 - 0x00007ffeedc9e000 	C:\Users\Admin\.jdks\openjdk-19.0.1\bin\instrument.dll
0x00007ffea35f0000 - 0x00007ffea3616000 	C:\Users\Admin\.jdks\openjdk-19.0.1\bin\java.dll
0x00007ffe9a3e0000 - 0x00007ffe9a4b7000 	C:\Users\Admin\.jdks\openjdk-19.0.1\bin\jsvml.dll
0x00007ffef1db0000 - 0x00007ffef258b000 	C:\WINDOWS\System32\SHELL32.dll
0x00007ffeee8c0000 - 0x00007ffeef175000 	C:\WINDOWS\SYSTEM32\windows.storage.dll
0x00007ffeee780000 - 0x00007ffeee8bd000 	C:\WINDOWS\SYSTEM32\wintypes.dll
0x00007ffef3070000 - 0x00007ffef3161000 	C:\WINDOWS\System32\SHCORE.dll
0x00007ffef33d0000 - 0x00007ffef342e000 	C:\WINDOWS\System32\shlwapi.dll
0x00007ffef07e0000 - 0x00007ffef0801000 	C:\WINDOWS\SYSTEM32\profapi.dll
0x00007ffeb8180000 - 0x00007ffeb8193000 	C:\Users\Admin\.jdks\openjdk-19.0.1\bin\net.dll
0x00007ffee9f70000 - 0x00007ffeea09f000 	C:\WINDOWS\SYSTEM32\WINHTTP.dll
0x00007ffeefd40000 - 0x00007ffeefda9000 	C:\WINDOWS\system32\mswsock.dll
0x00007ffeb6f40000 - 0x00007ffeb6f56000 	C:\Users\Admin\.jdks\openjdk-19.0.1\bin\nio.dll
0x00007ffea2280000 - 0x00007ffea2298000 	C:\Users\Admin\.jdks\openjdk-19.0.1\bin\zip.dll
0x00007ffeec050000 - 0x00007ffeec06a000 	C:\Program Files\JetBrains\IntelliJ IDEA Community Edition 2022.2.1\bin\breakgen64.dll
0x00007ffed4390000 - 0x00007ffed4398000 	C:\Users\Admin\.jdks\openjdk-19.0.1\bin\extnet.dll
0x0000017cf9240000 - 0x0000017cf9243000 	C:\Java\javafx-sdk-19\bin\api-ms-win-core-console-l1-1-0.dll
0x0000017cf9250000 - 0x0000017cf9253000 	C:\Java\javafx-sdk-19\bin\api-ms-win-core-console-l1-2-0.dll
0x0000017cf9260000 - 0x0000017cf9263000 	C:\Java\javafx-sdk-19\bin\api-ms-win-core-datetime-l1-1-0.dll
0x0000017cf9270000 - 0x0000017cf9273000 	C:\Java\javafx-sdk-19\bin\api-ms-win-core-debug-l1-1-0.dll
0x0000017cf9280000 - 0x0000017cf9283000 	C:\Java\javafx-sdk-19\bin\api-ms-win-core-errorhandling-l1-1-0.dll
0x0000017cf9290000 - 0x0000017cf9294000 	C:\Java\javafx-sdk-19\bin\api-ms-win-core-file-l1-1-0.dll
0x0000017cf92a0000 - 0x0000017cf92a3000 	C:\Java\javafx-sdk-19\bin\api-ms-win-core-file-l1-2-0.dll
0x0000017cf92b0000 - 0x0000017cf92b3000 	C:\Java\javafx-sdk-19\bin\api-ms-win-core-file-l2-1-0.dll
0x0000017cf92c0000 - 0x0000017cf92c3000 	C:\Java\javafx-sdk-19\bin\api-ms-win-core-handle-l1-1-0.dll
0x0000017cf92d0000 - 0x0000017cf92d3000 	C:\Java\javafx-sdk-19\bin\api-ms-win-core-heap-l1-1-0.dll
0x0000017cf92e0000 - 0x0000017cf92e3000 	C:\Java\javafx-sdk-19\bin\api-ms-win-core-interlocked-l1-1-0.dll
0x0000017cf92f0000 - 0x0000017cf92f3000 	C:\Java\javafx-sdk-19\bin\api-ms-win-core-libraryloader-l1-1-0.dll
0x0000017cf9300000 - 0x0000017cf9303000 	C:\Java\javafx-sdk-19\bin\api-ms-win-core-localization-l1-2-0.dll
0x0000017cf9310000 - 0x0000017cf9313000 	C:\Java\javafx-sdk-19\bin\api-ms-win-core-memory-l1-1-0.dll
0x0000017cf9320000 - 0x0000017cf9323000 	C:\Java\javafx-sdk-19\bin\api-ms-win-core-namedpipe-l1-1-0.dll
0x0000017cf9330000 - 0x0000017cf9333000 	C:\Java\javafx-sdk-19\bin\api-ms-win-core-processenvironment-l1-1-0.dll
0x0000017cf9340000 - 0x0000017cf9343000 	C:\Java\javafx-sdk-19\bin\api-ms-win-core-processthreads-l1-1-0.dll
0x0000017cf9350000 - 0x0000017cf9353000 	C:\Java\javafx-sdk-19\bin\api-ms-win-core-processthreads-l1-1-1.dll
0x0000017cf9360000 - 0x0000017cf9363000 	C:\Java\javafx-sdk-19\bin\api-ms-win-core-profile-l1-1-0.dll
0x0000017cf9370000 - 0x0000017cf9373000 	C:\Java\javafx-sdk-19\bin\api-ms-win-core-rtlsupport-l1-1-0.dll
0x0000017cf9380000 - 0x0000017cf9383000 	C:\Java\javafx-sdk-19\bin\api-ms-win-core-string-l1-1-0.dll
0x0000017cf9390000 - 0x0000017cf9393000 	C:\Java\javafx-sdk-19\bin\api-ms-win-core-synch-l1-1-0.dll
0x0000017cf93a0000 - 0x0000017cf93a3000 	C:\Java\javafx-sdk-19\bin\api-ms-win-core-synch-l1-2-0.dll
0x0000017cf93b0000 - 0x0000017cf93b3000 	C:\Java\javafx-sdk-19\bin\api-ms-win-core-sysinfo-l1-1-0.dll
0x0000017cf93c0000 - 0x0000017cf93c3000 	C:\Java\javafx-sdk-19\bin\api-ms-win-core-timezone-l1-1-0.dll
0x0000017cf93d0000 - 0x0000017cf93d3000 	C:\Java\javafx-sdk-19\bin\api-ms-win-core-util-l1-1-0.dll
0x0000017cf93e0000 - 0x0000017cf93e3000 	C:\Java\javafx-sdk-19\bin\api-ms-win-crt-conio-l1-1-0.dll
0x0000017cf93f0000 - 0x0000017cf93f4000 	C:\Java\javafx-sdk-19\bin\api-ms-win-crt-convert-l1-1-0.dll
0x0000017cfe000000 - 0x0000017cfe003000 	C:\Java\javafx-sdk-19\bin\api-ms-win-crt-environment-l1-1-0.dll
0x0000017cfe010000 - 0x0000017cfe013000 	C:\Java\javafx-sdk-19\bin\api-ms-win-crt-filesystem-l1-1-0.dll
0x0000017cfe020000 - 0x0000017cfe023000 	C:\Java\javafx-sdk-19\bin\api-ms-win-crt-heap-l1-1-0.dll
0x0000017cfe030000 - 0x0000017cfe033000 	C:\Java\javafx-sdk-19\bin\api-ms-win-crt-locale-l1-1-0.dll
0x0000017cfe040000 - 0x0000017cfe045000 	C:\Java\javafx-sdk-19\bin\api-ms-win-crt-math-l1-1-0.dll
0x0000017cfe050000 - 0x0000017cfe055000 	C:\Java\javafx-sdk-19\bin\api-ms-win-crt-multibyte-l1-1-0.dll
0x0000017cfe060000 - 0x0000017cfe070000 	C:\Java\javafx-sdk-19\bin\api-ms-win-crt-private-l1-1-0.dll
0x0000017cfe070000 - 0x0000017cfe073000 	C:\Java\javafx-sdk-19\bin\api-ms-win-crt-process-l1-1-0.dll
0x0000017cfe080000 - 0x0000017cfe084000 	C:\Java\javafx-sdk-19\bin\api-ms-win-crt-runtime-l1-1-0.dll
0x0000017cfe090000 - 0x0000017cfe094000 	C:\Java\javafx-sdk-19\bin\api-ms-win-crt-stdio-l1-1-0.dll
0x0000017cfe0a0000 - 0x0000017cfe0a4000 	C:\Java\javafx-sdk-19\bin\api-ms-win-crt-string-l1-1-0.dll
0x0000017cfe0b0000 - 0x0000017cfe0b3000 	C:\Java\javafx-sdk-19\bin\api-ms-win-crt-time-l1-1-0.dll
0x0000017cfe0c0000 - 0x0000017cfe0c3000 	C:\Java\javafx-sdk-19\bin\api-ms-win-crt-utility-l1-1-0.dll
0x00007ffee1cb0000 - 0x00007ffee1dac000 	C:\Java\javafx-sdk-19\bin\ucrtbase.dll
0x00007ffeebc40000 - 0x00007ffeebc5b000 	C:\Java\javafx-sdk-19\bin\vcruntime140.dll
0x00007ffeec040000 - 0x00007ffeec04c000 	C:\Java\javafx-sdk-19\bin\vcruntime140_1.dll
0x00007ffeeb2f0000 - 0x00007ffeeb37e000 	C:\Java\javafx-sdk-19\bin\msvcp140.dll
0x00007ffeebc30000 - 0x00007ffeebc39000 	C:\Java\javafx-sdk-19\bin\msvcp140_1.dll
0x00007ffeeb3d0000 - 0x00007ffeeb400000 	C:\Java\javafx-sdk-19\bin\msvcp140_2.dll
0x00007ffeeb270000 - 0x00007ffeeb29c000 	C:\Java\javafx-sdk-19\bin\prism_d3d.dll
0x00007ffed6850000 - 0x00007ffed69f8000 	C:\WINDOWS\system32\d3d9.dll
0x00007ffeee310000 - 0x00007ffeee33b000 	C:\WINDOWS\SYSTEM32\dwmapi.dll
0x00007ffeedfe0000 - 0x00007ffeee016000 	C:\WINDOWS\SYSTEM32\dxcore.dll
0x00007ffeedf00000 - 0x00007ffeedfab000 	C:\WINDOWS\system32\uxtheme.dll
0x00007ffec7510000 - 0x00007ffec76ff000 	C:\WINDOWS\System32\DriverStore\FileRepository\igdlh64.inf_amd64_ceddadac8a2b489e\igdumdim64.dll
0x00007ffe895e0000 - 0x00007ffe8c854000 	C:\WINDOWS\System32\DriverStore\FileRepository\igdlh64.inf_amd64_ceddadac8a2b489e\igd9dxva64.dll
0x00007ffef17b0000 - 0x00007ffef194c000 	C:\WINDOWS\System32\ole32.dll
0x00007ffee9d10000 - 0x00007ffee9d59000 	C:\WINDOWS\SYSTEM32\directxdatabasehelper.dll
0x00007ffeeb160000 - 0x00007ffeeb1a2000 	C:\Java\javafx-sdk-19\bin\glass.dll
0x00007ffef32b0000 - 0x00007ffef33a5000 	C:\WINDOWS\System32\COMDLG32.dll
0x00007ffef1310000 - 0x00007ffef142e000 	C:\WINDOWS\System32\MSCTF.dll
0x00007ffedfcb0000 - 0x00007ffee1a90000 	C:\WINDOWS\System32\DriverStore\FileRepository\igdlh64.inf_amd64_ceddadac8a2b489e\igc64.dll
0x00007ffeeb250000 - 0x00007ffeeb264000 	C:\Java\javafx-sdk-19\bin\javafx_font.dll
0x00007ffeec800000 - 0x00007ffeeca67000 	C:\WINDOWS\SYSTEM32\dwrite.dll
0x00007ffef2fc0000 - 0x00007ffef3070000 	C:\WINDOWS\System32\clbcatq.dll
0x00007ffeec5a0000 - 0x00007ffeec750000 	C:\WINDOWS\SYSTEM32\WindowsCodecs.dll
0x00007ffec6a10000 - 0x00007ffec6a6e000 	C:\WINDOWS\system32\dataexchange.dll
0x00007ffee5c00000 - 0x00007ffee5e6a000 	C:\WINDOWS\system32\twinapi.appcore.dll
0x00007ffeeb120000 - 0x00007ffeeb152000 	C:\Program Files\Common Files\Microsoft Shared\Ink\rtscom.dll
0x00007ffee5610000 - 0x00007ffee573d000 	C:\WINDOWS\SYSTEM32\textinputframework.dll
0x00007ffeed4f0000 - 0x00007ffeed623000 	C:\WINDOWS\SYSTEM32\CoreMessaging.dll
0x00007ffee9290000 - 0x00007ffee95fc000 	C:\WINDOWS\SYSTEM32\CoreUIComponents.dll
0x00007ffef0030000 - 0x00007ffef003c000 	C:\WINDOWS\SYSTEM32\CRYPTBASE.DLL
0x00007ffec3fc0000 - 0x00007ffec4150000 	C:\Users\Admin\.jdks\openjdk-19.0.1\bin\awt.dll
0x00007ffeedd30000 - 0x00007ffeeddc7000 	C:\WINDOWS\SYSTEM32\apphelp.dll
0x00007ffef0050000 - 0x00007ffef006b000 	C:\WINDOWS\SYSTEM32\CRYPTSP.dll
0x00007ffeef860000 - 0x00007ffeef895000 	C:\WINDOWS\system32\rsaenh.dll
0x00007ffeefde0000 - 0x00007ffeefe08000 	C:\WINDOWS\SYSTEM32\USERENV.dll
0x00007ffef0190000 - 0x00007ffef01b8000 	C:\WINDOWS\SYSTEM32\bcrypt.dll
0x00007ffeef3d0000 - 0x00007ffeef3fd000 	C:\WINDOWS\SYSTEM32\IPHLPAPI.DLL
0x00007ffef17a0000 - 0x00007ffef17a9000 	C:\WINDOWS\System32\NSI.dll
0x00007ffee9e50000 - 0x00007ffee9e69000 	C:\WINDOWS\SYSTEM32\dhcpcsvc6.DLL

dbghelp: loaded successfully - version: 4.0.5 - missing functions: none
symbol engine: initialized successfully - sym options: 0x614 - pdb path: .;C:\Users\Admin\.jdks\openjdk-19.0.1\bin;C:\WINDOWS\SYSTEM32;C:\WINDOWS\WinSxS\amd64_microsoft.windows.common-controls_6595b64144ccf1df_6.0.22621.317_none_a9434687c10c9fa2;C:\Users\Admin\.jdks\openjdk-19.0.1\bin\server;C:\Program Files\JetBrains\IntelliJ IDEA Community Edition 2022.2.1\bin;C:\Java\javafx-sdk-19\bin;C:\WINDOWS\System32\DriverStore\FileRepository\igdlh64.inf_amd64_ceddadac8a2b489e;C:\Program Files\Common Files\Microsoft Shared\Ink

VM Arguments:
jvm_args: --module-path=C:\Java\javafx-sdk-19\lib --add-modules=javafx.controls,javafx.fxml -javaagent:C:\Program Files\JetBrains\IntelliJ IDEA Community Edition 2022.2.1\lib\idea_rt.jar=50962:C:\Program Files\JetBrains\IntelliJ IDEA Community Edition 2022.2.1\bin -Dfile.encoding=UTF-8 -Dsun.stdout.encoding=UTF-8 -Dsun.stderr.encoding=UTF-8 
java_command: Game.MainGame
java_class_path (initial): D:\BTL\bomberman-game\target\classes;C:\Users\Admin\.m2\repository\org\openjfx\javafx-controls\19-ea+7\javafx-controls-19-ea+7.jar;C:\Users\Admin\.m2\repository\org\openjfx\javafx-controls\19-ea+7\javafx-controls-19-ea+7-win.jar;C:\Users\Admin\.m2\repository\org\openjfx\javafx-graphics\19-ea+7\javafx-graphics-19-ea+7.jar;C:\Users\Admin\.m2\repository\org\openjfx\javafx-graphics\19-ea+7\javafx-graphics-19-ea+7-win.jar;C:\Users\Admin\.m2\repository\org\openjfx\javafx-base\19-ea+7\javafx-base-19-ea+7.jar;C:\Users\Admin\.m2\repository\org\openjfx\javafx-base\19-ea+7\javafx-base-19-ea+7-win.jar;C:\Users\Admin\.m2\repository\org\openjfx\javafx-fxml\19-ea+7\javafx-fxml-19-ea+7.jar;C:\Users\Admin\.m2\repository\org\openjfx\javafx-fxml\19-ea+7\javafx-fxml-19-ea+7-win.jar;C:\Users\Admin\.m2\repository\org\controlsfx\controlsfx\11.1.1\controlsfx-11.1.1.jar;C:\Users\Admin\.m2\repository\org\kordamp\bootstrapfx\bootstrapfx-core\0.4.0\bootstrapfx-core-0.4.0.jar
Launcher Type: SUN_STANDARD

[Global flags]
     intx CICompilerCount                          = 4                                         {product} {ergonomic}
     uint ConcGCThreads                            = 2                                         {product} {ergonomic}
     uint G1ConcRefinementThreads                  = 8                                         {product} {ergonomic}
   size_t G1HeapRegionSize                         = 1048576                                   {product} {ergonomic}
    uintx GCDrainStackTargetSize                   = 64                                        {product} {ergonomic}
   size_t InitialHeapSize                          = 134217728                                 {product} {ergonomic}
   size_t MarkStackSize                            = 4194304                                   {product} {ergonomic}
   size_t MaxHeapSize                              = 2116026368                                {product} {ergonomic}
   size_t MaxNewSize                               = 1268776960                                {product} {ergonomic}
   size_t MinHeapDeltaBytes                        = 1048576                                   {product} {ergonomic}
   size_t MinHeapSize                              = 8388608                                   {product} {ergonomic}
    uintx NonNMethodCodeHeapSize                   = 5839372                                {pd product} {ergonomic}
    uintx NonProfiledCodeHeapSize                  = 122909434                              {pd product} {ergonomic}
    uintx ProfiledCodeHeapSize                     = 122909434                              {pd product} {ergonomic}
    uintx ReservedCodeCacheSize                    = 251658240                              {pd product} {ergonomic}
     bool SegmentedCodeCache                       = true                                      {product} {ergonomic}
   size_t SoftMaxHeapSize                          = 2116026368                             {manageable} {ergonomic}
     bool UseCompressedClassPointers               = true                           {product lp64_product} {ergonomic}
     bool UseCompressedOops                        = true                           {product lp64_product} {ergonomic}
     bool UseG1GC                                  = true                                      {product} {ergonomic}
     bool UseLargePagesIndividualAllocation        = false                                  {pd product} {ergonomic}

Logging:
Log output configuration:
 #0: stdout all=warning uptime,level,tags foldmultilines=false
 #1: stderr all=off uptime,level,tags foldmultilines=false

Environment Variables:
JAVA_HOME=C:\Program Files\Java\jdk-18.0.2.1
PATH=C:\Python310\Scripts\;C:\Python310\;C:\Program Files\Eclipse Adoptium\jdk-17.0.4.101-hotspot\bin;C:\Program Files\Common Files\Oracle\Java\javapath;C:\WINDOWS\system32;C:\WINDOWS;C:\WINDOWS\System32\Wbem;C:\WINDOWS\System32\WindowsPowerShell\v1.0\;C:\WINDOWS\System32\OpenSSH\;C:\Program Files\CodeBlocks\MinGW\bin;C:\Program Files\Git\cmd;C:\Program Files\Cloudflare\Cloudflare WARP\;C:\Program Files\nodejs\;C:\ProgramData\chocolatey\bin;C:\Program Files\SQLite\sqlite3;C:\Users\Admin\AppData\Local\Microsoft\WindowsApps;C:\Program Files\JetBrains\PyCharm 2022.1.2\bin;;C:\Users\Admin\AppData\Local\GitHubDesktop\bin;;C:\Program Files\JetBrains\IntelliJ IDEA Community Edition 2022.2.1\bin;;C:\Users\Admin\AppData\Roaming\npm;C:\Users\Admin\AppData\Local\Programs\Microsoft VS Code\bin
USERNAME=Admin
OS=Windows_NT
PROCESSOR_IDENTIFIER=Intel64 Family 6 Model 142 Stepping 10, GenuineIntel
TMP=C:\Users\Admin\AppData\Local\Temp
TEMP=C:\Users\Admin\AppData\Local\Temp



---------------  S Y S T E M  ---------------

OS:
 Windows 11 , 64 bit Build 22621 (10.0.22621.457)
OS uptime: 0 days 5:44 hours
Hyper-V role detected

CPU: total 8 (initial active 8) (4 cores per cpu, 2 threads per core) family 6 model 142 stepping 10 microcode 0xe0, cx8, cmov, fxsr, ht, mmx, 3dnowpref, sse, sse2, sse3, ssse3, sse4.1, sse4.2, popcnt, lzcnt, tsc, tscinvbit, avx, avx2, aes, erms, clmul, bmi1, bmi2, adx, fma, vzeroupper, clflush, clflushopt, hv, rdtscp

Memory: 4k page, system-wide physical 8069M (2035M free)
TotalPageFile size 8069M (AvailPageFile size 221M)
current process WorkingSet (physical memory assigned to process): 236M, peak: 237M
current process commit charge ("private bytes"): 277M, peak: 533M

vm_info: OpenJDK 64-Bit Server VM (19.0.1+10-21) for windows-amd64 JRE (19.0.1+10-21), built on 2022-09-14T12:45:06Z by "mach5one" with MS VC++ 17.1 (VS2022)

END.
