#
# There is insufficient memory for the Java Runtime Environment to continue.
# Native memory allocation (malloc) failed to allocate 166288 bytes for Chunk::new
# Possible reasons:
#   The system is out of physical RAM or swap space
#   The process is running with CompressedOops enabled, and the Java Heap may be blocking the growth of the native heap
# Possible solutions:
#   Reduce memory load on the system
#   Increase physical memory or swap space
#   Check if swap backing store is full
#   Decrease Java heap size (-Xmx/-Xms)
#   Decrease number of Java threads
#   Decrease Java thread stack sizes (-Xss)
#   Set larger code cache with -XX:ReservedCodeCacheSize=
#   JVM is running with Unscaled Compressed Oops mode in which the Java heap is
#     placed in the first 4GB address space. The Java Heap base address is the
#     maximum limit for the native heap growth. Please use -XX:HeapBaseMinAddress
#     to set the Java Heap base and to place the Java Heap above 4GB virtual address.
# This output file may be truncated or incomplete.
#
#  Out of Memory Error (arena.cpp:184), pid=10500, tid=836
#
# JRE version: OpenJDK Runtime Environment (19.0.1+10) (build 19.0.1+10-21)
# Java VM: OpenJDK 64-Bit Server VM (19.0.1+10-21, mixed mode, sharing, tiered, compressed oops, compressed class ptrs, g1 gc, windows-amd64)
# No core dump will be written. Minidumps are not enabled by default on client versions of Windows
#

---------------  S U M M A R Y ------------

Command Line: --module-path=C:\Java\javafx-sdk-19\lib --add-modules=javafx.controls,javafx.fxml -javaagent:C:\Program Files\JetBrains\IntelliJ IDEA Community Edition 2022.2.1\lib\idea_rt.jar=52176:C:\Program Files\JetBrains\IntelliJ IDEA Community Edition 2022.2.1\bin -Dfile.encoding=UTF-8 -Dsun.stdout.encoding=UTF-8 -Dsun.stderr.encoding=UTF-8 Game.MainGame

Host: Intel(R) Core(TM) i5-8250U CPU @ 1.60GHz, 8 cores, 7G,  Windows 11 , 64 bit Build 22621 (10.0.22621.457)
Time: Fri Oct 28 06:11:45 2022 SE Asia Standard Time elapsed time: 356.562703 seconds (0d 0h 5m 56s)

---------------  T H R E A D  ---------------

Current thread (0x00000147c12a96b0):  JavaThread "C2 CompilerThread0" daemon [_thread_in_native, id=836, stack(0x0000001313600000,0x0000001313700000)]


Current CompileTask:
C2: 356562 2830       4       com.sun.prism.impl.BaseResourceFactory::getCachedTexture (531 bytes)

Stack: [0x0000001313600000,0x0000001313700000]
Native frames: (J=compiled Java code, j=interpreted, Vv=VM code, C=native code)
V  [jvm.dll+0x6ee8fa]
V  [jvm.dll+0x857a1e]
V  [jvm.dll+0x85940e]
V  [jvm.dll+0x859ac3]
V  [jvm.dll+0x28291f]
V  [jvm.dll+0xc9b5f]
V  [jvm.dll+0xc9ee5]
V  [jvm.dll+0x149f3f]
V  [jvm.dll+0x680f53]
V  [jvm.dll+0x67f594]
V  [jvm.dll+0x24c14e]
V  [jvm.dll+0x24b671]
V  [jvm.dll+0x1d6d61]
V  [jvm.dll+0x25b0fa]
V  [jvm.dll+0x259588]
V  [jvm.dll+0x807928]
V  [jvm.dll+0x8015fa]
V  [jvm.dll+0x6ed5eb]
C  [ucrtbase.dll+0x29363]
C  [KERNEL32.DLL+0x1244d]
C  [ntdll.dll+0x5df78]


---------------  P R O C E S S  ---------------

Threads class SMR info:
_java_thread_list=0x00000147cad3c780, length=19, elements={
0x00000147a0b2a9c0, 0x00000147c1296100, 0x00000147c129ca60, 0x00000147c129f700,
0x00000147c12a0030, 0x00000147c12a0960, 0x00000147c12a1290, 0x00000147c12a96b0,
0x00000147c12b2030, 0x00000147c12b29a0, 0x00000147c54e0270, 0x00000147c5aba2b0,
0x00000147c5af18b0, 0x00000147c5f28140, 0x00000147c5ea4170, 0x00000147c5ea7f50,
0x00000147c5c6f000, 0x00000147c5c73fb0, 0x00000147cab325a0
}

Java Threads: ( => current thread )
  0x00000147a0b2a9c0 JavaThread "main" [_thread_blocked, id=10552, stack(0x0000001312900000,0x0000001312a00000)]
  0x00000147c1296100 JavaThread "Reference Handler" daemon [_thread_blocked, id=10404, stack(0x0000001313000000,0x0000001313100000)]
  0x00000147c129ca60 JavaThread "Finalizer" daemon [_thread_blocked, id=8380, stack(0x0000001313100000,0x0000001313200000)]
  0x00000147c129f700 JavaThread "Signal Dispatcher" daemon [_thread_blocked, id=7432, stack(0x0000001313200000,0x0000001313300000)]
  0x00000147c12a0030 JavaThread "Attach Listener" daemon [_thread_blocked, id=10800, stack(0x0000001313300000,0x0000001313400000)]
  0x00000147c12a0960 JavaThread "Service Thread" daemon [_thread_blocked, id=11556, stack(0x0000001313400000,0x0000001313500000)]
  0x00000147c12a1290 JavaThread "Monitor Deflation Thread" daemon [_thread_blocked, id=10728, stack(0x0000001313500000,0x0000001313600000)]
=>0x00000147c12a96b0 JavaThread "C2 CompilerThread0" daemon [_thread_in_native, id=836, stack(0x0000001313600000,0x0000001313700000)]
  0x00000147c12b2030 JavaThread "C1 CompilerThread0" daemon [_thread_blocked, id=3144, stack(0x0000001313700000,0x0000001313800000)]
  0x00000147c12b29a0 JavaThread "Sweeper thread" daemon [_thread_blocked, id=11916, stack(0x0000001313800000,0x0000001313900000)]
  0x00000147c54e0270 JavaThread "Common-Cleaner" daemon [_thread_blocked, id=11524, stack(0x0000001313900000,0x0000001313a00000)]
  0x00000147c5aba2b0 JavaThread "Monitor Ctrl-Break" daemon [_thread_in_native, id=8456, stack(0x0000001313c00000,0x0000001313d00000)]
  0x00000147c5af18b0 JavaThread "Notification Thread" daemon [_thread_blocked, id=1712, stack(0x0000001313d00000,0x0000001313e00000)]
  0x00000147c5f28140 JavaThread "QuantumRenderer-0" daemon [_thread_in_native, id=4180, stack(0x0000001313f00000,0x0000001314000000)]
  0x00000147c5ea4170 JavaThread "InvokeLaterDispatcher" daemon [_thread_blocked, id=3348, stack(0x0000001314000000,0x0000001314100000)]
  0x00000147c5ea7f50 JavaThread "JavaFX Application Thread" [_thread_in_native, id=10652, stack(0x0000001314100000,0x0000001314200000)]
  0x00000147c5c6f000 JavaThread "Thread-1" daemon [_thread_in_native, id=10376, stack(0x0000001314500000,0x0000001314600000)]
  0x00000147c5c73fb0 JavaThread "JavaFX-Launcher" [_thread_blocked, id=2836, stack(0x0000001314600000,0x0000001314700000)]
  0x00000147cab325a0 JavaThread "Java2D Disposer" daemon [_thread_blocked, id=8892, stack(0x0000001313b00000,0x0000001313c00000)]

Other Threads:
  0x00000147c1279b00 VMThread "VM Thread" [stack: 0x0000001312f00000,0x0000001313000000] [id=12520]
  0x00000147c5907b80 WatcherThread "VM Periodic Task Thread" [stack: 0x0000001313e00000,0x0000001313f00000] [id=8484]
  0x00000147a0b88e00 WorkerThread "GC Thread#0" [stack: 0x0000001312a00000,0x0000001312b00000] [id=7068]
  0x00000147c5f82040 WorkerThread "GC Thread#1" [stack: 0x0000001314700000,0x0000001314800000] [id=5824]
  0x00000147c5f82310 WorkerThread "GC Thread#2" [stack: 0x0000001314800000,0x0000001314900000] [id=11728]
  0x00000147c5f8bb00 WorkerThread "GC Thread#3" [stack: 0x0000001314900000,0x0000001314a00000] [id=11836]
  0x00000147c5f8a750 WorkerThread "GC Thread#4" [stack: 0x0000001314a00000,0x0000001314b00000] [id=3404]
  0x00000147c5f8c370 WorkerThread "GC Thread#5" [stack: 0x0000001314b00000,0x0000001314c00000] [id=9364]
  0x00000147c5f8acf0 WorkerThread "GC Thread#6" [stack: 0x0000001313a00000,0x0000001313b00000] [id=2576]
  0x00000147c5f8afc0 WorkerThread "GC Thread#7" [stack: 0x0000001314f00000,0x0000001315000000] [id=12564]
  0x00000147a0b9a4b0 ConcurrentGCThread "G1 Main Marker" [stack: 0x0000001312b00000,0x0000001312c00000] [id=2900]
  0x00000147a0b9c530 WorkerThread "G1 Conc#0" [stack: 0x0000001312c00000,0x0000001312d00000] [id=10428]
  0x00000147a0beea50 ConcurrentGCThread "G1 Refine#0" [stack: 0x0000001312d00000,0x0000001312e00000] [id=2904]
  0x00000147c1132640 ConcurrentGCThread "G1 Service" [stack: 0x0000001312e00000,0x0000001312f00000] [id=8976]

Threads with active compile tasks:
C2 CompilerThread0   356592 2830       4       com.sun.prism.impl.BaseResourceFactory::getCachedTexture (531 bytes)

VM state: not at safepoint (normal execution)

VM Mutex/Monitor currently owned by a thread: None

Heap address: 0x0000000081e00000, size: 2018 MB, Compressed Oops mode: 32-bit

CDS archive(s) mapped at: [0x0000000800000000-0x0000000800c30000-0x0000000800c30000), size 12779520, SharedBaseAddress: 0x0000000800000000, ArchiveRelocationMode: 0.
Compressed class space mapped at: 0x0000000801000000-0x0000000841000000, reserved size: 1073741824
Narrow klass base: 0x0000000800000000, Narrow klass shift: 0, Narrow klass range: 0x100000000

GC Precious Log:
 CardTable entry size: 512
 Card Set container configuration: InlinePtr #cards 5 size 8 Array Of Cards #cards 12 size 40 Howl #buckets 4 coarsen threshold 1843 Howl Bitmap #cards 512 size 80 coarsen threshold 460 Card regions per heap region 1 cards per card region 2048
 CPUs: 8 total, 8 available
 Memory: 8069M
 Large Page Support: Disabled
 NUMA Support: Disabled
 Compressed Oops: Enabled (32-bit)
 Heap Region Size: 1M
 Heap Min Capacity: 8M
 Heap Initial Capacity: 128M
 Heap Max Capacity: 2018M
 Pre-touch: Disabled
 Parallel Workers: 8
 Concurrent Workers: 2
 Concurrent Refinement Workers: 8
 Periodic GC: Disabled

Heap:
 garbage-first heap   total 131072K, used 52316K [0x0000000081e00000, 0x0000000100000000)
  region size 1024K, 46 young (47104K), 2 survivors (2048K)
 Metaspace       used 11883K, committed 12096K, reserved 1114112K
  class space    used 1387K, committed 1472K, reserved 1048576K

Heap Regions: E=young(eden), S=young(survivor), O=old, HS=humongous(starts), HC=humongous(continues), CS=collection set, F=free, OA=open archive, CA=closed archive, TAMS=top-at-mark-start (previous, next)
|   0|0x0000000081e00000, 0x0000000081f00000, 0x0000000081f00000|100%| O|  |TAMS 0x0000000081e00000, 0x0000000081e00000| Untracked 
|   1|0x0000000081f00000, 0x0000000082000000, 0x0000000082000000|100%| O|  |TAMS 0x0000000081f00000, 0x0000000081f00000| Untracked 
|   2|0x0000000082000000, 0x0000000082100000, 0x0000000082100000|100%| O|  |TAMS 0x0000000082000000, 0x0000000082000000| Untracked 
|   3|0x0000000082100000, 0x0000000082200000, 0x0000000082200000|100%| O|  |TAMS 0x0000000082100000, 0x0000000082100000| Untracked 
|   4|0x0000000082200000, 0x0000000082300000, 0x0000000082300000|100%| O|  |TAMS 0x0000000082200000, 0x0000000082200000| Untracked 
|   5|0x0000000082300000, 0x00000000823ffff8, 0x0000000082400000| 99%| O|  |TAMS 0x0000000082300000, 0x0000000082300000| Untracked 
|   6|0x0000000082400000, 0x0000000082500000, 0x0000000082500000|100%| O|  |TAMS 0x0000000082400000, 0x0000000082400000| Untracked 
|   7|0x0000000082500000, 0x00000000825e9000, 0x0000000082600000| 91%| O|  |TAMS 0x0000000082500000, 0x0000000082500000| Untracked 
|   8|0x0000000082600000, 0x0000000082600000, 0x0000000082700000|  0%| F|  |TAMS 0x0000000082600000, 0x0000000082600000| Untracked 
|   9|0x0000000082700000, 0x0000000082700000, 0x0000000082800000|  0%| F|  |TAMS 0x0000000082700000, 0x0000000082700000| Untracked 
|  10|0x0000000082800000, 0x0000000082800000, 0x0000000082900000|  0%| F|  |TAMS 0x0000000082800000, 0x0000000082800000| Untracked 
|  11|0x0000000082900000, 0x0000000082900000, 0x0000000082a00000|  0%| F|  |TAMS 0x0000000082900000, 0x0000000082900000| Untracked 
|  12|0x0000000082a00000, 0x0000000082a00000, 0x0000000082b00000|  0%| F|  |TAMS 0x0000000082a00000, 0x0000000082a00000| Untracked 
|  13|0x0000000082b00000, 0x0000000082b00000, 0x0000000082c00000|  0%| F|  |TAMS 0x0000000082b00000, 0x0000000082b00000| Untracked 
|  14|0x0000000082c00000, 0x0000000082c00000, 0x0000000082d00000|  0%| F|  |TAMS 0x0000000082c00000, 0x0000000082c00000| Untracked 
|  15|0x0000000082d00000, 0x0000000082d00000, 0x0000000082e00000|  0%| F|  |TAMS 0x0000000082d00000, 0x0000000082d00000| Untracked 
|  16|0x0000000082e00000, 0x0000000082e00000, 0x0000000082f00000|  0%| F|  |TAMS 0x0000000082e00000, 0x0000000082e00000| Untracked 
|  17|0x0000000082f00000, 0x0000000082f00000, 0x0000000083000000|  0%| F|  |TAMS 0x0000000082f00000, 0x0000000082f00000| Untracked 
|  18|0x0000000083000000, 0x0000000083000000, 0x0000000083100000|  0%| F|  |TAMS 0x0000000083000000, 0x0000000083000000| Untracked 
|  19|0x0000000083100000, 0x0000000083100000, 0x0000000083200000|  0%| F|  |TAMS 0x0000000083100000, 0x0000000083100000| Untracked 
|  20|0x0000000083200000, 0x0000000083200000, 0x0000000083300000|  0%| F|  |TAMS 0x0000000083200000, 0x0000000083200000| Untracked 
|  21|0x0000000083300000, 0x0000000083300000, 0x0000000083400000|  0%| F|  |TAMS 0x0000000083300000, 0x0000000083300000| Untracked 
|  22|0x0000000083400000, 0x0000000083400000, 0x0000000083500000|  0%| F|  |TAMS 0x0000000083400000, 0x0000000083400000| Untracked 
|  23|0x0000000083500000, 0x0000000083500000, 0x0000000083600000|  0%| F|  |TAMS 0x0000000083500000, 0x0000000083500000| Untracked 
|  24|0x0000000083600000, 0x0000000083600000, 0x0000000083700000|  0%| F|  |TAMS 0x0000000083600000, 0x0000000083600000| Untracked 
|  25|0x0000000083700000, 0x0000000083700000, 0x0000000083800000|  0%| F|  |TAMS 0x0000000083700000, 0x0000000083700000| Untracked 
|  26|0x0000000083800000, 0x0000000083800000, 0x0000000083900000|  0%| F|  |TAMS 0x0000000083800000, 0x0000000083800000| Untracked 
|  27|0x0000000083900000, 0x0000000083900000, 0x0000000083a00000|  0%| F|  |TAMS 0x0000000083900000, 0x0000000083900000| Untracked 
|  28|0x0000000083a00000, 0x0000000083a00000, 0x0000000083b00000|  0%| F|  |TAMS 0x0000000083a00000, 0x0000000083a00000| Untracked 
|  29|0x0000000083b00000, 0x0000000083b00000, 0x0000000083c00000|  0%| F|  |TAMS 0x0000000083b00000, 0x0000000083b00000| Untracked 
|  30|0x0000000083c00000, 0x0000000083c00000, 0x0000000083d00000|  0%| F|  |TAMS 0x0000000083c00000, 0x0000000083c00000| Untracked 
|  31|0x0000000083d00000, 0x0000000083d00000, 0x0000000083e00000|  0%| F|  |TAMS 0x0000000083d00000, 0x0000000083d00000| Untracked 
|  32|0x0000000083e00000, 0x0000000083e00000, 0x0000000083f00000|  0%| F|  |TAMS 0x0000000083e00000, 0x0000000083e00000| Untracked 
|  33|0x0000000083f00000, 0x0000000083f00000, 0x0000000084000000|  0%| F|  |TAMS 0x0000000083f00000, 0x0000000083f00000| Untracked 
|  34|0x0000000084000000, 0x0000000084000000, 0x0000000084100000|  0%| F|  |TAMS 0x0000000084000000, 0x0000000084000000| Untracked 
|  35|0x0000000084100000, 0x0000000084100000, 0x0000000084200000|  0%| F|  |TAMS 0x0000000084100000, 0x0000000084100000| Untracked 
|  36|0x0000000084200000, 0x0000000084200000, 0x0000000084300000|  0%| F|  |TAMS 0x0000000084200000, 0x0000000084200000| Untracked 
|  37|0x0000000084300000, 0x0000000084300000, 0x0000000084400000|  0%| F|  |TAMS 0x0000000084300000, 0x0000000084300000| Untracked 
|  38|0x0000000084400000, 0x0000000084400000, 0x0000000084500000|  0%| F|  |TAMS 0x0000000084400000, 0x0000000084400000| Untracked 
|  39|0x0000000084500000, 0x0000000084500000, 0x0000000084600000|  0%| F|  |TAMS 0x0000000084500000, 0x0000000084500000| Untracked 
|  40|0x0000000084600000, 0x0000000084600000, 0x0000000084700000|  0%| F|  |TAMS 0x0000000084600000, 0x0000000084600000| Untracked 
|  41|0x0000000084700000, 0x0000000084700000, 0x0000000084800000|  0%| F|  |TAMS 0x0000000084700000, 0x0000000084700000| Untracked 
|  42|0x0000000084800000, 0x0000000084800000, 0x0000000084900000|  0%| F|  |TAMS 0x0000000084800000, 0x0000000084800000| Untracked 
|  43|0x0000000084900000, 0x0000000084900000, 0x0000000084a00000|  0%| F|  |TAMS 0x0000000084900000, 0x0000000084900000| Untracked 
|  44|0x0000000084a00000, 0x0000000084a00000, 0x0000000084b00000|  0%| F|  |TAMS 0x0000000084a00000, 0x0000000084a00000| Untracked 
|  45|0x0000000084b00000, 0x0000000084b00000, 0x0000000084c00000|  0%| F|  |TAMS 0x0000000084b00000, 0x0000000084b00000| Untracked 
|  46|0x0000000084c00000, 0x0000000084c00000, 0x0000000084d00000|  0%| F|  |TAMS 0x0000000084c00000, 0x0000000084c00000| Untracked 
|  47|0x0000000084d00000, 0x0000000084d00000, 0x0000000084e00000|  0%| F|  |TAMS 0x0000000084d00000, 0x0000000084d00000| Untracked 
|  48|0x0000000084e00000, 0x0000000084e00000, 0x0000000084f00000|  0%| F|  |TAMS 0x0000000084e00000, 0x0000000084e00000| Untracked 
|  49|0x0000000084f00000, 0x0000000084f00000, 0x0000000085000000|  0%| F|  |TAMS 0x0000000084f00000, 0x0000000084f00000| Untracked 
|  50|0x0000000085000000, 0x000000008502e0e0, 0x0000000085100000| 17%| S|CS|TAMS 0x0000000085000000, 0x0000000085000000| Complete 
|  51|0x0000000085100000, 0x0000000085200000, 0x0000000085200000|100%| S|CS|TAMS 0x0000000085100000, 0x0000000085100000| Complete 
|  52|0x0000000085200000, 0x0000000085200000, 0x0000000085300000|  0%| F|  |TAMS 0x0000000085200000, 0x0000000085200000| Untracked 
|  53|0x0000000085300000, 0x0000000085300000, 0x0000000085400000|  0%| F|  |TAMS 0x0000000085300000, 0x0000000085300000| Untracked 
|  54|0x0000000085400000, 0x0000000085400000, 0x0000000085500000|  0%| F|  |TAMS 0x0000000085400000, 0x0000000085400000| Untracked 
|  55|0x0000000085500000, 0x0000000085500000, 0x0000000085600000|  0%| F|  |TAMS 0x0000000085500000, 0x0000000085500000| Untracked 
|  56|0x0000000085600000, 0x0000000085600000, 0x0000000085700000|  0%| F|  |TAMS 0x0000000085600000, 0x0000000085600000| Untracked 
|  57|0x0000000085700000, 0x0000000085700000, 0x0000000085800000|  0%| F|  |TAMS 0x0000000085700000, 0x0000000085700000| Untracked 
|  58|0x0000000085800000, 0x0000000085800000, 0x0000000085900000|  0%| F|  |TAMS 0x0000000085800000, 0x0000000085800000| Untracked 
|  59|0x0000000085900000, 0x0000000085900000, 0x0000000085a00000|  0%| F|  |TAMS 0x0000000085900000, 0x0000000085900000| Untracked 
|  60|0x0000000085a00000, 0x0000000085a00000, 0x0000000085b00000|  0%| F|  |TAMS 0x0000000085a00000, 0x0000000085a00000| Untracked 
|  61|0x0000000085b00000, 0x0000000085b00000, 0x0000000085c00000|  0%| F|  |TAMS 0x0000000085b00000, 0x0000000085b00000| Untracked 
|  62|0x0000000085c00000, 0x0000000085c00000, 0x0000000085d00000|  0%| F|  |TAMS 0x0000000085c00000, 0x0000000085c00000| Untracked 
|  63|0x0000000085d00000, 0x0000000085d00000, 0x0000000085e00000|  0%| F|  |TAMS 0x0000000085d00000, 0x0000000085d00000| Untracked 
|  64|0x0000000085e00000, 0x0000000085e00000, 0x0000000085f00000|  0%| F|  |TAMS 0x0000000085e00000, 0x0000000085e00000| Untracked 
|  65|0x0000000085f00000, 0x0000000085f00000, 0x0000000086000000|  0%| F|  |TAMS 0x0000000085f00000, 0x0000000085f00000| Untracked 
|  66|0x0000000086000000, 0x0000000086000000, 0x0000000086100000|  0%| F|  |TAMS 0x0000000086000000, 0x0000000086000000| Untracked 
|  67|0x0000000086100000, 0x0000000086100000, 0x0000000086200000|  0%| F|  |TAMS 0x0000000086100000, 0x0000000086100000| Untracked 
|  68|0x0000000086200000, 0x0000000086200000, 0x0000000086300000|  0%| F|  |TAMS 0x0000000086200000, 0x0000000086200000| Untracked 
|  69|0x0000000086300000, 0x0000000086300000, 0x0000000086400000|  0%| F|  |TAMS 0x0000000086300000, 0x0000000086300000| Untracked 
|  70|0x0000000086400000, 0x0000000086400000, 0x0000000086500000|  0%| F|  |TAMS 0x0000000086400000, 0x0000000086400000| Untracked 
|  71|0x0000000086500000, 0x0000000086500000, 0x0000000086600000|  0%| F|  |TAMS 0x0000000086500000, 0x0000000086500000| Untracked 
|  72|0x0000000086600000, 0x0000000086600000, 0x0000000086700000|  0%| F|  |TAMS 0x0000000086600000, 0x0000000086600000| Untracked 
|  73|0x0000000086700000, 0x0000000086700000, 0x0000000086800000|  0%| F|  |TAMS 0x0000000086700000, 0x0000000086700000| Untracked 
|  74|0x0000000086800000, 0x0000000086800000, 0x0000000086900000|  0%| F|  |TAMS 0x0000000086800000, 0x0000000086800000| Untracked 
|  75|0x0000000086900000, 0x0000000086900000, 0x0000000086a00000|  0%| F|  |TAMS 0x0000000086900000, 0x0000000086900000| Untracked 
|  76|0x0000000086a00000, 0x0000000086a00000, 0x0000000086b00000|  0%| F|  |TAMS 0x0000000086a00000, 0x0000000086a00000| Untracked 
|  77|0x0000000086b00000, 0x0000000086b00000, 0x0000000086c00000|  0%| F|  |TAMS 0x0000000086b00000, 0x0000000086b00000| Untracked 
|  78|0x0000000086c00000, 0x0000000086c00000, 0x0000000086d00000|  0%| F|  |TAMS 0x0000000086c00000, 0x0000000086c00000| Untracked 
|  79|0x0000000086d00000, 0x0000000086d00000, 0x0000000086e00000|  0%| F|  |TAMS 0x0000000086d00000, 0x0000000086d00000| Untracked 
|  80|0x0000000086e00000, 0x0000000086e00000, 0x0000000086f00000|  0%| F|  |TAMS 0x0000000086e00000, 0x0000000086e00000| Untracked 
|  81|0x0000000086f00000, 0x0000000086f00000, 0x0000000087000000|  0%| F|  |TAMS 0x0000000086f00000, 0x0000000086f00000| Untracked 
|  82|0x0000000087000000, 0x0000000087000000, 0x0000000087100000|  0%| F|  |TAMS 0x0000000087000000, 0x0000000087000000| Untracked 
|  83|0x0000000087100000, 0x0000000087100000, 0x0000000087200000|  0%| F|  |TAMS 0x0000000087100000, 0x0000000087100000| Untracked 
|  84|0x0000000087200000, 0x00000000872b51a8, 0x0000000087300000| 70%| E|  |TAMS 0x0000000087200000, 0x0000000087200000| Complete 
|  85|0x0000000087300000, 0x0000000087400000, 0x0000000087400000|100%| E|  |TAMS 0x0000000087300000, 0x0000000087300000| Complete 
|  86|0x0000000087400000, 0x0000000087500000, 0x0000000087500000|100%| E|CS|TAMS 0x0000000087400000, 0x0000000087400000| Complete 
|  87|0x0000000087500000, 0x0000000087600000, 0x0000000087600000|100%| E|CS|TAMS 0x0000000087500000, 0x0000000087500000| Complete 
|  88|0x0000000087600000, 0x0000000087700000, 0x0000000087700000|100%| E|CS|TAMS 0x0000000087600000, 0x0000000087600000| Complete 
|  89|0x0000000087700000, 0x0000000087800000, 0x0000000087800000|100%| E|CS|TAMS 0x0000000087700000, 0x0000000087700000| Complete 
|  90|0x0000000087800000, 0x0000000087900000, 0x0000000087900000|100%| E|CS|TAMS 0x0000000087800000, 0x0000000087800000| Complete 
|  91|0x0000000087900000, 0x0000000087a00000, 0x0000000087a00000|100%| E|CS|TAMS 0x0000000087900000, 0x0000000087900000| Complete 
|  92|0x0000000087a00000, 0x0000000087b00000, 0x0000000087b00000|100%| E|CS|TAMS 0x0000000087a00000, 0x0000000087a00000| Complete 
|  93|0x0000000087b00000, 0x0000000087c00000, 0x0000000087c00000|100%| E|CS|TAMS 0x0000000087b00000, 0x0000000087b00000| Complete 
|  94|0x0000000087c00000, 0x0000000087d00000, 0x0000000087d00000|100%| E|CS|TAMS 0x0000000087c00000, 0x0000000087c00000| Complete 
|  95|0x0000000087d00000, 0x0000000087e00000, 0x0000000087e00000|100%| E|CS|TAMS 0x0000000087d00000, 0x0000000087d00000| Complete 
|  96|0x0000000087e00000, 0x0000000087f00000, 0x0000000087f00000|100%| E|CS|TAMS 0x0000000087e00000, 0x0000000087e00000| Complete 
|  97|0x0000000087f00000, 0x0000000088000000, 0x0000000088000000|100%| E|CS|TAMS 0x0000000087f00000, 0x0000000087f00000| Complete 
|  98|0x0000000088000000, 0x0000000088100000, 0x0000000088100000|100%| E|CS|TAMS 0x0000000088000000, 0x0000000088000000| Complete 
|  99|0x0000000088100000, 0x0000000088200000, 0x0000000088200000|100%| E|CS|TAMS 0x0000000088100000, 0x0000000088100000| Complete 
| 100|0x0000000088200000, 0x0000000088300000, 0x0000000088300000|100%| E|CS|TAMS 0x0000000088200000, 0x0000000088200000| Complete 
| 101|0x0000000088300000, 0x0000000088400000, 0x0000000088400000|100%| E|CS|TAMS 0x0000000088300000, 0x0000000088300000| Complete 
| 102|0x0000000088400000, 0x0000000088500000, 0x0000000088500000|100%| E|CS|TAMS 0x0000000088400000, 0x0000000088400000| Complete 
| 103|0x0000000088500000, 0x0000000088600000, 0x0000000088600000|100%| E|CS|TAMS 0x0000000088500000, 0x0000000088500000| Complete 
| 104|0x0000000088600000, 0x0000000088700000, 0x0000000088700000|100%| E|CS|TAMS 0x0000000088600000, 0x0000000088600000| Complete 
| 105|0x0000000088700000, 0x0000000088800000, 0x0000000088800000|100%| E|CS|TAMS 0x0000000088700000, 0x0000000088700000| Complete 
| 106|0x0000000088800000, 0x0000000088900000, 0x0000000088900000|100%| E|CS|TAMS 0x0000000088800000, 0x0000000088800000| Complete 
| 107|0x0000000088900000, 0x0000000088a00000, 0x0000000088a00000|100%| E|CS|TAMS 0x0000000088900000, 0x0000000088900000| Complete 
| 108|0x0000000088a00000, 0x0000000088b00000, 0x0000000088b00000|100%| E|CS|TAMS 0x0000000088a00000, 0x0000000088a00000| Complete 
| 109|0x0000000088b00000, 0x0000000088c00000, 0x0000000088c00000|100%| E|CS|TAMS 0x0000000088b00000, 0x0000000088b00000| Complete 
| 110|0x0000000088c00000, 0x0000000088d00000, 0x0000000088d00000|100%| E|CS|TAMS 0x0000000088c00000, 0x0000000088c00000| Complete 
| 111|0x0000000088d00000, 0x0000000088e00000, 0x0000000088e00000|100%| E|CS|TAMS 0x0000000088d00000, 0x0000000088d00000| Complete 
| 112|0x0000000088e00000, 0x0000000088f00000, 0x0000000088f00000|100%| E|CS|TAMS 0x0000000088e00000, 0x0000000088e00000| Complete 
| 113|0x0000000088f00000, 0x0000000089000000, 0x0000000089000000|100%| E|CS|TAMS 0x0000000088f00000, 0x0000000088f00000| Complete 
| 114|0x0000000089000000, 0x0000000089100000, 0x0000000089100000|100%| E|CS|TAMS 0x0000000089000000, 0x0000000089000000| Complete 
| 115|0x0000000089100000, 0x0000000089200000, 0x0000000089200000|100%| E|CS|TAMS 0x0000000089100000, 0x0000000089100000| Complete 
| 116|0x0000000089200000, 0x0000000089300000, 0x0000000089300000|100%| E|CS|TAMS 0x0000000089200000, 0x0000000089200000| Complete 
| 117|0x0000000089300000, 0x0000000089400000, 0x0000000089400000|100%| E|CS|TAMS 0x0000000089300000, 0x0000000089300000| Complete 
| 118|0x0000000089400000, 0x0000000089500000, 0x0000000089500000|100%| E|CS|TAMS 0x0000000089400000, 0x0000000089400000| Complete 
| 119|0x0000000089500000, 0x0000000089600000, 0x0000000089600000|100%| E|CS|TAMS 0x0000000089500000, 0x0000000089500000| Complete 
| 120|0x0000000089600000, 0x0000000089700000, 0x0000000089700000|100%| E|CS|TAMS 0x0000000089600000, 0x0000000089600000| Complete 
| 121|0x0000000089700000, 0x0000000089800000, 0x0000000089800000|100%| E|CS|TAMS 0x0000000089700000, 0x0000000089700000| Complete 
| 122|0x0000000089800000, 0x0000000089900000, 0x0000000089900000|100%| E|CS|TAMS 0x0000000089800000, 0x0000000089800000| Complete 
| 123|0x0000000089900000, 0x0000000089a00000, 0x0000000089a00000|100%| E|CS|TAMS 0x0000000089900000, 0x0000000089900000| Complete 
| 124|0x0000000089a00000, 0x0000000089b00000, 0x0000000089b00000|100%| E|CS|TAMS 0x0000000089a00000, 0x0000000089a00000| Complete 
| 125|0x0000000089b00000, 0x0000000089c00000, 0x0000000089c00000|100%| E|CS|TAMS 0x0000000089b00000, 0x0000000089b00000| Complete 
| 126|0x0000000089c00000, 0x0000000089d00000, 0x0000000089d00000|100%| E|CS|TAMS 0x0000000089c00000, 0x0000000089c00000| Complete 
| 127|0x0000000089d00000, 0x0000000089e00000, 0x0000000089e00000|100%| E|CS|TAMS 0x0000000089d00000, 0x0000000089d00000| Complete 

Card table byte_map: [0x00000147ba0c0000,0x00000147ba4c0000] _byte_map_base: 0x00000147b9cb1000

Marking Bits (Prev, Next): (CMBitMap*) 0x00000147a0b89430, (CMBitMap*) 0x00000147a0b89470
 Prev Bits: [0x00000147ba8c0000, 0x00000147bc848000)
 Next Bits: [0x00000147bc850000, 0x00000147be7d8000)

Polling page: 0x00000147a0bf0000

Metaspace:

Usage:
  Non-class:     10.25 MB used.
      Class:      1.36 MB used.
       Both:     11.60 MB used.

Virtual space:
  Non-class space:       64.00 MB reserved,      10.38 MB ( 16%) committed,  1 nodes.
      Class space:        1.00 GB reserved,       1.44 MB ( <1%) committed,  1 nodes.
             Both:        1.06 GB reserved,      11.81 MB (  1%) committed. 

Chunk freelists:
   Non-Class:  720.00 KB
       Class:  2.45 MB
        Both:  3.15 MB

MaxMetaspaceSize: unlimited
CompressedClassSpaceSize: 1.00 GB
Initial GC threshold: 21.00 MB
Current GC threshold: 21.00 MB
CDS: on
MetaspaceReclaimPolicy: balanced
 - commit_granule_bytes: 65536.
 - commit_granule_words: 8192.
 - virtual_space_node_default_size: 8388608.
 - enlarge_chunks_in_place: 1.
 - new_chunks_are_fully_committed: 0.
 - uncommit_free_chunks: 1.
 - use_allocation_guard: 0.


Internal statistics:

num_allocs_failed_limit: 0.
num_arena_births: 200.
num_arena_deaths: 0.
num_vsnodes_births: 2.
num_vsnodes_deaths: 0.
num_space_committed: 189.
num_space_uncommitted: 0.
num_chunks_returned_to_freelist: 0.
num_chunks_taken_from_freelist: 519.
num_chunk_merges: 0.
num_chunk_splits: 367.
num_chunks_enlarged: 291.
num_inconsistent_stats: 0.

CodeHeap 'non-profiled nmethods': size=120000Kb used=1927Kb max_used=1927Kb free=118072Kb
 bounds [0x00000147b1d20000, 0x00000147b1f90000, 0x00000147b9250000]
CodeHeap 'profiled nmethods': size=120000Kb used=4644Kb max_used=4644Kb free=115355Kb
 bounds [0x00000147aa250000, 0x00000147aa6e0000, 0x00000147b1780000]
CodeHeap 'non-nmethods': size=5760Kb used=1511Kb max_used=1594Kb free=4249Kb
 bounds [0x00000147b1780000, 0x00000147b19f0000, 0x00000147b1d20000]
 total_blobs=3609 nmethods=2829 adapters=689
 compilation: enabled
              stopped_count=0, restarted_count=0
 full_count=0

Compilation events (20 events):
Event: 356.367 Thread 0x00000147c12a96b0 nmethod 2819 0x00000147b1eff790 code [0x00000147b1eff920, 0x00000147b1effb28]
Event: 356.382 Thread 0x00000147c12b2030 2822       3       jdk.internal.misc.VM::isModuleSystemInited (13 bytes)
Event: 356.382 Thread 0x00000147c12a96b0 2821       4       jdk.internal.misc.InternalLock::unlock (8 bytes)
Event: 356.383 Thread 0x00000147c12b2030 nmethod 2822 0x00000147aa6d6310 code [0x00000147aa6d64a0, 0x00000147aa6d65f8]
Event: 356.383 Thread 0x00000147c12b2030 2823       3       java.io.BufferedWriter::ensureOpen (18 bytes)
Event: 356.383 Thread 0x00000147c12b2030 nmethod 2823 0x00000147aa6d6690 code [0x00000147aa6d6840, 0x00000147aa6d6a48]
Event: 356.385 Thread 0x00000147c12a96b0 nmethod 2821 0x00000147b1effc90 code [0x00000147b1effe20, 0x00000147b1f00048]
Event: 356.397 Thread 0x00000147c12a96b0 2824       4       com.sun.javafx.sg.prism.NGCanvas::handleRenderOp (1723 bytes)
Event: 356.399 Thread 0x00000147c12b2030 2826       3       java.lang.String::valueOf (15 bytes)
Event: 356.399 Thread 0x00000147c12b2030 nmethod 2826 0x00000147aa6d6b10 code [0x00000147aa6d6cc0, 0x00000147aa6d6ec8]
Event: 356.399 Thread 0x00000147c12b2030 2827       3       java.io.Writer::write (11 bytes)
Event: 356.399 Thread 0x00000147c12b2030 nmethod 2827 0x00000147aa6d6f90 code [0x00000147aa6d7160, 0x00000147aa6d7448]
Event: 356.399 Thread 0x00000147c12b2030 2828   !   3       java.io.BufferedWriter::write (82 bytes)
Event: 356.399 Thread 0x00000147c12b2030 nmethod 2828 0x00000147aa6d7590 code [0x00000147aa6d7820, 0x00000147aa6d86d8]
Event: 356.400 Thread 0x00000147c12b2030 2829       3       java.nio.CharBuffer::arrayOffset (35 bytes)
Event: 356.400 Thread 0x00000147c12b2030 nmethod 2829 0x00000147aa6d8b90 code [0x00000147aa6d8d60, 0x00000147aa6d9038]
Event: 356.406 Thread 0x00000147c12a96b0 nmethod 2824 0x00000147b1f00290 code [0x00000147b1f004a0, 0x00000147b1f00eb8]
Event: 356.406 Thread 0x00000147c12a96b0 2825       4       com.sun.javafx.sg.prism.GrowableDataBuffer::getFloat (8 bytes)
Event: 356.407 Thread 0x00000147c12a96b0 nmethod 2825 0x00000147b1f01910 code [0x00000147b1f01aa0, 0x00000147b1f01bf8]
Event: 356.541 Thread 0x00000147c12a96b0 2830       4       com.sun.prism.impl.BaseResourceFactory::getCachedTexture (531 bytes)

GC Heap History (20 events):
Event: 195.076 GC heap before
{Heap before GC invocations=19 (full 0):
 garbage-first heap   total 131072K, used 85513K [0x0000000081e00000, 0x0000000100000000)
  region size 1024K, 76 young (77824K), 2 survivors (2048K)
 Metaspace       used 11797K, committed 12032K, reserved 1114112K
  class space    used 1377K, committed 1472K, reserved 1048576K
}
Event: 195.079 GC heap after
{Heap after GC invocations=20 (full 0):
 garbage-first heap   total 131072K, used 9538K [0x0000000081e00000, 0x0000000100000000)
  region size 1024K, 2 young (2048K), 2 survivors (2048K)
 Metaspace       used 11797K, committed 12032K, reserved 1114112K
  class space    used 1377K, committed 1472K, reserved 1048576K
}
Event: 207.869 GC heap before
{Heap before GC invocations=20 (full 0):
 garbage-first heap   total 131072K, used 85314K [0x0000000081e00000, 0x0000000100000000)
  region size 1024K, 76 young (77824K), 2 survivors (2048K)
 Metaspace       used 11797K, committed 12032K, reserved 1114112K
  class space    used 1377K, committed 1472K, reserved 1048576K
}
Event: 207.873 GC heap after
{Heap after GC invocations=21 (full 0):
 garbage-first heap   total 131072K, used 9457K [0x0000000081e00000, 0x0000000100000000)
  region size 1024K, 2 young (2048K), 2 survivors (2048K)
 Metaspace       used 11797K, committed 12032K, reserved 1114112K
  class space    used 1377K, committed 1472K, reserved 1048576K
}
Event: 227.728 GC heap before
{Heap before GC invocations=21 (full 0):
 garbage-first heap   total 131072K, used 85233K [0x0000000081e00000, 0x0000000100000000)
  region size 1024K, 76 young (77824K), 2 survivors (2048K)
 Metaspace       used 11797K, committed 12032K, reserved 1114112K
  class space    used 1377K, committed 1472K, reserved 1048576K
}
Event: 227.731 GC heap after
{Heap after GC invocations=22 (full 0):
 garbage-first heap   total 131072K, used 9476K [0x0000000081e00000, 0x0000000100000000)
  region size 1024K, 2 young (2048K), 2 survivors (2048K)
 Metaspace       used 11797K, committed 12032K, reserved 1114112K
  class space    used 1377K, committed 1472K, reserved 1048576K
}
Event: 241.859 GC heap before
{Heap before GC invocations=22 (full 0):
 garbage-first heap   total 131072K, used 85252K [0x0000000081e00000, 0x0000000100000000)
  region size 1024K, 76 young (77824K), 2 survivors (2048K)
 Metaspace       used 11797K, committed 12032K, reserved 1114112K
  class space    used 1377K, committed 1472K, reserved 1048576K
}
Event: 241.862 GC heap after
{Heap after GC invocations=23 (full 0):
 garbage-first heap   total 131072K, used 9308K [0x0000000081e00000, 0x0000000100000000)
  region size 1024K, 2 young (2048K), 2 survivors (2048K)
 Metaspace       used 11797K, committed 12032K, reserved 1114112K
  class space    used 1377K, committed 1472K, reserved 1048576K
}
Event: 258.003 GC heap before
{Heap before GC invocations=23 (full 0):
 garbage-first heap   total 131072K, used 85084K [0x0000000081e00000, 0x0000000100000000)
  region size 1024K, 76 young (77824K), 2 survivors (2048K)
 Metaspace       used 11797K, committed 12032K, reserved 1114112K
  class space    used 1377K, committed 1472K, reserved 1048576K
}
Event: 258.006 GC heap after
{Heap after GC invocations=24 (full 0):
 garbage-first heap   total 131072K, used 9207K [0x0000000081e00000, 0x0000000100000000)
  region size 1024K, 2 young (2048K), 2 survivors (2048K)
 Metaspace       used 11797K, committed 12032K, reserved 1114112K
  class space    used 1377K, committed 1472K, reserved 1048576K
}
Event: 270.866 GC heap before
{Heap before GC invocations=24 (full 0):
 garbage-first heap   total 131072K, used 84983K [0x0000000081e00000, 0x0000000100000000)
  region size 1024K, 76 young (77824K), 2 survivors (2048K)
 Metaspace       used 11799K, committed 12032K, reserved 1114112K
  class space    used 1377K, committed 1472K, reserved 1048576K
}
Event: 270.869 GC heap after
{Heap after GC invocations=25 (full 0):
 garbage-first heap   total 131072K, used 9143K [0x0000000081e00000, 0x0000000100000000)
  region size 1024K, 2 young (2048K), 2 survivors (2048K)
 Metaspace       used 11799K, committed 12032K, reserved 1114112K
  class space    used 1377K, committed 1472K, reserved 1048576K
}
Event: 285.921 GC heap before
{Heap before GC invocations=25 (full 0):
 garbage-first heap   total 131072K, used 84919K [0x0000000081e00000, 0x0000000100000000)
  region size 1024K, 76 young (77824K), 2 survivors (2048K)
 Metaspace       used 11799K, committed 12032K, reserved 1114112K
  class space    used 1377K, committed 1472K, reserved 1048576K
}
Event: 285.924 GC heap after
{Heap after GC invocations=26 (full 0):
 garbage-first heap   total 131072K, used 9114K [0x0000000081e00000, 0x0000000100000000)
  region size 1024K, 1 young (1024K), 1 survivors (1024K)
 Metaspace       used 11799K, committed 12032K, reserved 1114112K
  class space    used 1377K, committed 1472K, reserved 1048576K
}
Event: 305.081 GC heap before
{Heap before GC invocations=26 (full 0):
 garbage-first heap   total 131072K, used 85914K [0x0000000081e00000, 0x0000000100000000)
  region size 1024K, 76 young (77824K), 1 survivors (1024K)
 Metaspace       used 11799K, committed 12032K, reserved 1114112K
  class space    used 1377K, committed 1472K, reserved 1048576K
}
Event: 305.085 GC heap after
{Heap after GC invocations=27 (full 0):
 garbage-first heap   total 131072K, used 9373K [0x0000000081e00000, 0x0000000100000000)
  region size 1024K, 2 young (2048K), 2 survivors (2048K)
 Metaspace       used 11799K, committed 12032K, reserved 1114112K
  class space    used 1377K, committed 1472K, reserved 1048576K
}
Event: 320.628 GC heap before
{Heap before GC invocations=27 (full 0):
 garbage-first heap   total 131072K, used 85149K [0x0000000081e00000, 0x0000000100000000)
  region size 1024K, 76 young (77824K), 2 survivors (2048K)
 Metaspace       used 11802K, committed 12032K, reserved 1114112K
  class space    used 1377K, committed 1472K, reserved 1048576K
}
Event: 320.631 GC heap after
{Heap after GC invocations=28 (full 0):
 garbage-first heap   total 131072K, used 9273K [0x0000000081e00000, 0x0000000100000000)
  region size 1024K, 2 young (2048K), 2 survivors (2048K)
 Metaspace       used 11802K, committed 12032K, reserved 1114112K
  class space    used 1377K, committed 1472K, reserved 1048576K
}
Event: 337.469 GC heap before
{Heap before GC invocations=28 (full 0):
 garbage-first heap   total 131072K, used 85049K [0x0000000081e00000, 0x0000000100000000)
  region size 1024K, 76 young (77824K), 2 survivors (2048K)
 Metaspace       used 11802K, committed 12032K, reserved 1114112K
  class space    used 1377K, committed 1472K, reserved 1048576K
}
Event: 337.472 GC heap after
{Heap after GC invocations=29 (full 0):
 garbage-first heap   total 131072K, used 9308K [0x0000000081e00000, 0x0000000100000000)
  region size 1024K, 2 young (2048K), 2 survivors (2048K)
 Metaspace       used 11802K, committed 12032K, reserved 1114112K
  class space    used 1377K, committed 1472K, reserved 1048576K
}

Dll operation events (20 events):
Event: 0.337 Loaded shared library C:\Java\javafx-sdk-19\bin\api-ms-win-crt-math-l1-1-0.dll
Event: 0.338 Loaded shared library C:\Java\javafx-sdk-19\bin\api-ms-win-crt-multibyte-l1-1-0.dll
Event: 0.339 Loaded shared library C:\Java\javafx-sdk-19\bin\api-ms-win-crt-private-l1-1-0.dll
Event: 0.340 Loaded shared library C:\Java\javafx-sdk-19\bin\api-ms-win-crt-process-l1-1-0.dll
Event: 0.341 Loaded shared library C:\Java\javafx-sdk-19\bin\api-ms-win-crt-runtime-l1-1-0.dll
Event: 0.342 Loaded shared library C:\Java\javafx-sdk-19\bin\api-ms-win-crt-stdio-l1-1-0.dll
Event: 0.343 Loaded shared library C:\Java\javafx-sdk-19\bin\api-ms-win-crt-string-l1-1-0.dll
Event: 0.344 Loaded shared library C:\Java\javafx-sdk-19\bin\api-ms-win-crt-time-l1-1-0.dll
Event: 0.345 Loaded shared library C:\Java\javafx-sdk-19\bin\api-ms-win-crt-utility-l1-1-0.dll
Event: 0.346 Loaded shared library C:\Java\javafx-sdk-19\bin\ucrtbase.dll
Event: 0.347 Loaded shared library C:\Java\javafx-sdk-19\bin\vcruntime140.dll
Event: 0.348 Loaded shared library C:\Java\javafx-sdk-19\bin\vcruntime140_1.dll
Event: 0.349 Loaded shared library C:\Java\javafx-sdk-19\bin\msvcp140.dll
Event: 0.350 Loaded shared library C:\Java\javafx-sdk-19\bin\msvcp140_1.dll
Event: 0.351 Loaded shared library C:\Java\javafx-sdk-19\bin\msvcp140_2.dll
Event: 0.387 Loaded shared library C:\Java\javafx-sdk-19\bin\prism_d3d.dll
Event: 0.415 Loaded shared library C:\Java\javafx-sdk-19\bin\glass.dll
Event: 0.551 Loaded shared library C:\Java\javafx-sdk-19\bin\javafx_font.dll
Event: 0.599 Loaded shared library C:\Users\Admin\.jdks\openjdk-19.0.1\bin\jimage.dll
Event: 0.824 Loaded shared library C:\Users\Admin\.jdks\openjdk-19.0.1\bin\awt.dll

Deoptimization events (20 events):
Event: 356.348 Thread 0x00000147c5ea7f50 Uncommon trap: trap_request=0xffffff45 fr.pc=0x00000147b1ef98b8 relative=0x00000000000006f8
Event: 356.348 Thread 0x00000147c5ea7f50 Uncommon trap: reason=unstable_if action=reinterpret pc=0x00000147b1ef98b8 method=com.sun.javafx.sg.prism.NGCanvas.updateRendering(Lcom/sun/javafx/sg/prism/GrowableDataBuffer;)Z @ 48 c2
Event: 356.348 Thread 0x00000147c5ea7f50 DEOPT PACKING pc=0x00000147b1ef98b8 sp=0x00000013141fe680
Event: 356.348 Thread 0x00000147c5ea7f50 DEOPT UNPACKING pc=0x00000147b17e6da3 sp=0x00000013141fe440 mode 2
Event: 356.348 Thread 0x00000147c5f28140 Uncommon trap: trap_request=0xffffff45 fr.pc=0x00000147b1ed3b28 relative=0x0000000000000268
Event: 356.348 Thread 0x00000147c5f28140 Uncommon trap: reason=unstable_if action=reinterpret pc=0x00000147b1ed3b28 method=com.sun.javafx.sg.prism.NGCanvas$RenderBuf.validate(Lcom/sun/prism/Graphics;II)Z @ 289 c2
Event: 356.348 Thread 0x00000147c5f28140 DEOPT PACKING pc=0x00000147b1ed3b28 sp=0x0000001313ffee50
Event: 356.348 Thread 0x00000147c5f28140 DEOPT UNPACKING pc=0x00000147b17e6da3 sp=0x0000001313ffede0 mode 2
Event: 356.363 Thread 0x00000147c5f28140 Uncommon trap: trap_request=0xfffffff6 fr.pc=0x00000147b1df32bc relative=0x000000000000089c
Event: 356.363 Thread 0x00000147c5f28140 Uncommon trap: reason=null_check action=maybe_recompile pc=0x00000147b1df32bc method=com.sun.javafx.sg.prism.NGCanvas.handleRenderOp(ILcom/sun/javafx/sg/prism/GrowableDataBuffer;Lcom/sun/prism/Graphics;Lcom/sun/javafx/geom/RectBounds;)V @ 964 c2
Event: 356.363 Thread 0x00000147c5f28140 DEOPT PACKING pc=0x00000147b1df32bc sp=0x0000001313ffedd0
Event: 356.363 Thread 0x00000147c5f28140 DEOPT UNPACKING pc=0x00000147b17e6da3 sp=0x0000001313ffed10 mode 2
Event: 356.365 Thread 0x00000147c5f28140 Uncommon trap: trap_request=0xffffff45 fr.pc=0x00000147b1e66288 relative=0x00000000000003c8
Event: 356.365 Thread 0x00000147c5f28140 Uncommon trap: reason=unstable_if action=reinterpret pc=0x00000147b1e66288 method=com.sun.prism.impl.ManagedResource.isLocked()Z @ 4 c2
Event: 356.365 Thread 0x00000147c5f28140 DEOPT PACKING pc=0x00000147b1e66288 sp=0x0000001313fff170
Event: 356.365 Thread 0x00000147c5f28140 DEOPT UNPACKING pc=0x00000147b17e6da3 sp=0x0000001313fff0c0 mode 2
Event: 356.382 Thread 0x00000147c5f28140 Uncommon trap: trap_request=0xfffffff6 fr.pc=0x00000147b1df32bc relative=0x000000000000089c
Event: 356.382 Thread 0x00000147c5f28140 Uncommon trap: reason=null_check action=maybe_recompile pc=0x00000147b1df32bc method=com.sun.javafx.sg.prism.NGCanvas.handleRenderOp(ILcom/sun/javafx/sg/prism/GrowableDataBuffer;Lcom/sun/prism/Graphics;Lcom/sun/javafx/geom/RectBounds;)V @ 964 c2
Event: 356.382 Thread 0x00000147c5f28140 DEOPT PACKING pc=0x00000147b1df32bc sp=0x0000001313ffedd0
Event: 356.382 Thread 0x00000147c5f28140 DEOPT UNPACKING pc=0x00000147b17e6da3 sp=0x0000001313ffed10 mode 2

Classes loaded (20 events):
Event: 1.045 Loading class java/lang/invoke/MethodHandle$1
Event: 1.045 Loading class java/lang/invoke/MethodHandle$1 done
Event: 1.083 Loading class java/nio/BufferOverflowException
Event: 1.083 Loading class java/nio/BufferOverflowException done
Event: 1.100 Loading class java/text/CharacterIterator
Event: 1.100 Loading class java/text/CharacterIterator done
Event: 5.699 Loading class java/lang/foreign/MemorySegment
Event: 5.699 Loading class java/lang/foreign/Addressable
Event: 5.699 Loading class java/lang/foreign/Addressable done
Event: 5.699 Loading class java/lang/foreign/MemorySegment done
Event: 343.853 Loading class java/util/EnumMap$Values
Event: 343.853 Loading class java/util/EnumMap$Values done
Event: 343.853 Loading class java/util/EnumMap$ValueIterator
Event: 343.853 Loading class java/util/EnumMap$EnumMapIterator
Event: 343.853 Loading class java/util/EnumMap$EnumMapIterator done
Event: 343.853 Loading class java/util/EnumMap$ValueIterator done
Event: 356.346 Loading class java/lang/Throwable$WrappedPrintStream
Event: 356.346 Loading class java/lang/Throwable$PrintStreamOrWriter
Event: 356.346 Loading class java/lang/Throwable$PrintStreamOrWriter done
Event: 356.346 Loading class java/lang/Throwable$WrappedPrintStream done

Classes unloaded (0 events):
No events

Classes redefined (0 events):
No events

Internal exceptions (20 events):
Event: 0.565 Thread 0x00000147c5ea7f50 Exception <a 'java/lang/NullPointerException'{0x00000000888d4650}> (0x00000000888d4650) 
thrown [s\open\src\hotspot\share\interpreter\linkResolver.cpp, line 1374]
Event: 0.745 Thread 0x00000147c5ea7f50 Exception <a 'java/lang/NoSuchMethodError'{0x00000000896c2508}: 'java.lang.Object java.lang.invoke.DirectMethodHandle$Holder.newInvokeSpecial(java.lang.Object, java.lang.Object, int)'> (0x00000000896c2508) 
thrown [s\open\src\hotspot\share\interpreter\linkResolver.cpp, line 774]
Event: 0.819 Thread 0x00000147c5ea7f50 Exception <a 'java/lang/ClassNotFoundException'{0x00000000895f8850}: sun/awt/resources/spi/awtProvider> (0x00000000895f8850) 
thrown [s\open\src\hotspot\share\classfile\systemDictionary.cpp, line 255]
Event: 0.825 Thread 0x00000147c5ea7f50 Exception <a 'java/io/FileNotFoundException'{0x00000000895ff6d0}> (0x00000000895ff6d0) 
thrown [s\open\src\hotspot\share\prims\jni.cpp, line 517]
Event: 0.825 Thread 0x00000147c5ea7f50 Exception <a 'java/io/FileNotFoundException'{0x0000000089441250}> (0x0000000089441250) 
thrown [s\open\src\hotspot\share\prims\jni.cpp, line 517]
Event: 0.849 Thread 0x00000147c5ea7f50 Exception <a 'java/lang/NoSuchMethodError'{0x000000008949aef0}: 'java.lang.Object java.lang.invoke.DirectMethodHandle$Holder.invokeStaticInit(java.lang.Object, int, int, int, int)'> (0x000000008949aef0) 
thrown [s\open\src\hotspot\share\interpreter\linkResolver.cpp, line 774]
Event: 0.903 Thread 0x00000147c5ea7f50 Exception <a 'java/lang/NoSuchMethodError'{0x00000000894d4b50}: 'java.lang.Object java.lang.invoke.DirectMethodHandle$Holder.invokeStaticInit(java.lang.Object, java.lang.Object, int, int, int, int)'> (0x00000000894d4b50) 
thrown [s\open\src\hotspot\share\interpreter\linkResolver.cpp, line 774]
Event: 1.038 Thread 0x00000147c12a0030 Exception <a 'java/lang/NoSuchMethodError'{0x00000000890c83d0}: 'java.lang.Object java.lang.invoke.DirectMethodHandle$Holder.invokeStaticInit(java.lang.Object, int)'> (0x00000000890c83d0) 
thrown [s\open\src\hotspot\share\interpreter\linkResolver.cpp, line 774]
Event: 1.041 Thread 0x00000147c5ea7f50 Exception <a 'java/lang/NoSuchMethodError'{0x0000000088fae958}: 'long java.lang.invoke.DirectMethodHandle$Holder.invokeStatic(java.lang.Object, java.lang.Object, java.lang.Object)'> (0x0000000088fae958) 
thrown [s\open\src\hotspot\share\interpreter\linkResolver.cpp, line 774]
Event: 1.042 Thread 0x00000147c5ea7f50 Exception <a 'java/lang/NoSuchMethodError'{0x0000000088fb1fd0}: 'long java.lang.invoke.DirectMethodHandle$Holder.invokeStaticInit(java.lang.Object, java.lang.Object, java.lang.Object)'> (0x0000000088fb1fd0) 
thrown [s\open\src\hotspot\share\interpreter\linkResolver.cpp, line 774]
Event: 1.056 Thread 0x00000147c5ea7f50 Exception <a 'java/lang/NoSuchMethodError'{0x0000000088fced10}: 'java.lang.Object java.lang.invoke.DirectMethodHandle$Holder.newInvokeSpecial(java.lang.Object, java.lang.Object, long)'> (0x0000000088fced10) 
thrown [s\open\src\hotspot\share\interpreter\linkResolver.cpp, line 774]
Event: 1.058 Thread 0x00000147c5ea7f50 Exception <a 'java/lang/NoSuchMethodError'{0x0000000088fd2898}: 'java.lang.Object java.lang.invoke.Invokers$Holder.linkToTargetMethod(java.lang.Object, long, java.lang.Object)'> (0x0000000088fd2898) 
thrown [s\open\src\hotspot\share\interpreter\linkResolver.cpp, line 774]
Event: 1.108 Thread 0x00000147c5f28140 Exception <a 'java/lang/NoSuchMethodError'{0x0000000088d5d130}: 'int java.lang.invoke.DirectMethodHandle$Holder.invokeStaticInit(java.lang.Object, java.lang.Object)'> (0x0000000088d5d130) 
thrown [s\open\src\hotspot\share\interpreter\linkResolver.cpp, line 774]
Event: 11.735 Thread 0x00000147c5f28140 Implicit null exception at 0x00000147b1e1bb90 to 0x00000147b1e1bd8c
Event: 11.736 Thread 0x00000147c5f28140 Implicit null exception at 0x00000147b1dcf72c to 0x00000147b1dcf7ac
Event: 11.736 Thread 0x00000147c5f28140 Implicit null exception at 0x00000147b1dcc9e0 to 0x00000147b1dcca54
Event: 356.346 Thread 0x00000147c5f28140 Implicit null exception at 0x00000147b1e0b82c to 0x00000147b1e0c9c0
Event: 356.346 Thread 0x00000147c5f28140 Implicit null exception at 0x00000147b1df2cb4 to 0x00000147b1df32b0
Event: 356.363 Thread 0x00000147c5f28140 Implicit null exception at 0x00000147b1df2cb4 to 0x00000147b1df32b0
Event: 356.382 Thread 0x00000147c5f28140 Implicit null exception at 0x00000147b1df2cb4 to 0x00000147b1df32b0

VM Operations (20 events):
Event: 241.859 Executing VM operation: G1CollectForAllocation
Event: 241.862 Executing VM operation: G1CollectForAllocation done
Event: 258.003 Executing VM operation: G1CollectForAllocation
Event: 258.006 Executing VM operation: G1CollectForAllocation done
Event: 270.866 Executing VM operation: G1CollectForAllocation
Event: 270.869 Executing VM operation: G1CollectForAllocation done
Event: 285.921 Executing VM operation: G1CollectForAllocation
Event: 285.924 Executing VM operation: G1CollectForAllocation done
Event: 305.081 Executing VM operation: G1CollectForAllocation
Event: 305.085 Executing VM operation: G1CollectForAllocation done
Event: 320.628 Executing VM operation: G1CollectForAllocation
Event: 320.631 Executing VM operation: G1CollectForAllocation done
Event: 337.469 Executing VM operation: G1CollectForAllocation
Event: 337.472 Executing VM operation: G1CollectForAllocation done
Event: 343.854 Executing VM operation: HandshakeAllThreads
Event: 343.854 Executing VM operation: HandshakeAllThreads done
Event: 343.854 Executing VM operation: Cleanup
Event: 343.854 Executing VM operation: Cleanup done
Event: 345.855 Executing VM operation: Cleanup
Event: 345.855 Executing VM operation: Cleanup done

Events (20 events):
Event: 0.038 Thread 0x00000147c12a96b0 Thread added: 0x00000147c12a96b0
Event: 0.038 Thread 0x00000147c12b2030 Thread added: 0x00000147c12b2030
Event: 0.038 Thread 0x00000147c12b29a0 Thread added: 0x00000147c12b29a0
Event: 0.068 Thread 0x00000147c54e0270 Thread added: 0x00000147c54e0270
Event: 0.134 Thread 0x00000147c55b0830 Thread added: 0x00000147c55b0830
Event: 0.139 Thread 0x00000147c5547ea0 Thread added: 0x00000147c5547ea0
Event: 0.212 Thread 0x00000147c5aba2b0 Thread added: 0x00000147c5aba2b0
Event: 0.212 Thread 0x00000147c5af18b0 Thread added: 0x00000147c5af18b0
Event: 0.381 Thread 0x00000147c5f28140 Thread added: 0x00000147c5f28140
Event: 0.417 Thread 0x00000147c5ea4170 Thread added: 0x00000147c5ea4170
Event: 0.423 Thread 0x00000147c5ea7f50 Thread added: 0x00000147c5ea7f50
Event: 0.499 Thread 0x00000147c5c6f000 Thread added: 0x00000147c5c6f000
Event: 0.499 Thread 0x00000147c5c73fb0 Thread added: 0x00000147c5c73fb0
Event: 0.790 Thread 0x00000147c5547ea0 Thread exited: 0x00000147c5547ea0
Event: 0.908 Thread 0x00000147cab325a0 Thread added: 0x00000147cab325a0
Event: 0.947 Thread 0x00000147cac2afe0 Thread added: 0x00000147cac2afe0
Event: 1.763 Thread 0x00000147c55b0830 Thread exited: 0x00000147c55b0830
Event: 1.763 Thread 0x00000147cac2afe0 Thread exited: 0x00000147cac2afe0
Event: 15.782 Thread 0x00000147c5529040 Thread added: 0x00000147c5529040
Event: 16.148 Thread 0x00000147c5529040 Thread exited: 0x00000147c5529040


Dynamic libraries:
0x00007ff70f690000 - 0x00007ff70f69e000 	C:\Users\Admin\.jdks\openjdk-19.0.1\bin\java.exe
0x00007ffd7ca50000 - 0x00007ffd7cc64000 	C:\WINDOWS\SYSTEM32\ntdll.dll
0x00007ffd7b310000 - 0x00007ffd7b3d2000 	C:\WINDOWS\System32\KERNEL32.DLL
0x00007ffd7a420000 - 0x00007ffd7a7bc000 	C:\WINDOWS\System32\KERNELBASE.dll
0x00007ffd79fe0000 - 0x00007ffd7a0f1000 	C:\WINDOWS\System32\ucrtbase.dll
0x00007ffd70810000 - 0x00007ffd7082b000 	C:\Users\Admin\.jdks\openjdk-19.0.1\bin\VCRUNTIME140.dll
0x00007ffd70980000 - 0x00007ffd70997000 	C:\Users\Admin\.jdks\openjdk-19.0.1\bin\jli.dll
0x00007ffd7b4e0000 - 0x00007ffd7b68b000 	C:\WINDOWS\System32\USER32.dll
0x00007ffd5f800000 - 0x00007ffd5fa8e000 	C:\WINDOWS\WinSxS\amd64_microsoft.windows.common-controls_6595b64144ccf1df_6.0.22621.317_none_a9434687c10c9fa2\COMCTL32.dll
0x00007ffd79e90000 - 0x00007ffd79eb6000 	C:\WINDOWS\System32\win32u.dll
0x00007ffd7ae90000 - 0x00007ffd7af37000 	C:\WINDOWS\System32\msvcrt.dll
0x00007ffd7b430000 - 0x00007ffd7b459000 	C:\WINDOWS\System32\GDI32.dll
0x00007ffd79ec0000 - 0x00007ffd79fd2000 	C:\WINDOWS\System32\gdi32full.dll
0x00007ffd7a7c0000 - 0x00007ffd7a85a000 	C:\WINDOWS\System32\msvcp_win.dll
0x00007ffd7abd0000 - 0x00007ffd7ac01000 	C:\WINDOWS\System32\IMM32.DLL
0x00007ffd714c0000 - 0x00007ffd714cc000 	C:\Users\Admin\.jdks\openjdk-19.0.1\bin\vcruntime140_1.dll
0x00007ffd654f0000 - 0x00007ffd6557e000 	C:\Users\Admin\.jdks\openjdk-19.0.1\bin\msvcp140.dll
0x00007ffd3fe00000 - 0x00007ffd40ac0000 	C:\Users\Admin\.jdks\openjdk-19.0.1\bin\server\jvm.dll
0x00007ffd7b690000 - 0x00007ffd7b73e000 	C:\WINDOWS\System32\ADVAPI32.dll
0x00007ffd7af40000 - 0x00007ffd7afe4000 	C:\WINDOWS\System32\sechost.dll
0x00007ffd7c8f0000 - 0x00007ffd7ca05000 	C:\WINDOWS\System32\RPCRT4.dll
0x00007ffd772c0000 - 0x00007ffd772c9000 	C:\WINDOWS\SYSTEM32\WSOCK32.dll
0x00007ffd73590000 - 0x00007ffd735c4000 	C:\WINDOWS\SYSTEM32\WINMM.dll
0x00007ffd7ac90000 - 0x00007ffd7ad01000 	C:\WINDOWS\System32\WS2_32.dll
0x00007ffd70940000 - 0x00007ffd7094a000 	C:\WINDOWS\SYSTEM32\VERSION.dll
0x00007ffd78ed0000 - 0x00007ffd78ee8000 	C:\WINDOWS\SYSTEM32\kernel.appcore.dll
0x00007ffd70970000 - 0x00007ffd7097a000 	C:\Users\Admin\.jdks\openjdk-19.0.1\bin\jimage.dll
0x00007ffd5edc0000 - 0x00007ffd5efee000 	C:\WINDOWS\SYSTEM32\DBGHELP.DLL
0x00007ffd7c0e0000 - 0x00007ffd7c469000 	C:\WINDOWS\System32\combase.dll
0x00007ffd7adb0000 - 0x00007ffd7ae87000 	C:\WINDOWS\System32\OLEAUT32.dll
0x00007ffd5e6d0000 - 0x00007ffd5e702000 	C:\WINDOWS\SYSTEM32\dbgcore.DLL
0x00007ffd7a270000 - 0x00007ffd7a2eb000 	C:\WINDOWS\System32\bcryptPrimitives.dll
0x00007ffd65b00000 - 0x00007ffd65b0e000 	C:\Users\Admin\.jdks\openjdk-19.0.1\bin\instrument.dll
0x00007ffd6e080000 - 0x00007ffd6e0a6000 	C:\Users\Admin\.jdks\openjdk-19.0.1\bin\java.dll
0x00007ffd4b9f0000 - 0x00007ffd4bac7000 	C:\Users\Admin\.jdks\openjdk-19.0.1\bin\jsvml.dll
0x00007ffd7b900000 - 0x00007ffd7c0db000 	C:\WINDOWS\System32\SHELL32.dll
0x00007ffd77ea0000 - 0x00007ffd78755000 	C:\WINDOWS\SYSTEM32\windows.storage.dll
0x00007ffd77d60000 - 0x00007ffd77e9d000 	C:\WINDOWS\SYSTEM32\wintypes.dll
0x00007ffd7b200000 - 0x00007ffd7b2f1000 	C:\WINDOWS\System32\SHCORE.dll
0x00007ffd7ac10000 - 0x00007ffd7ac6e000 	C:\WINDOWS\System32\shlwapi.dll
0x00007ffd79dc0000 - 0x00007ffd79de1000 	C:\WINDOWS\SYSTEM32\profapi.dll
0x00007ffd6ead0000 - 0x00007ffd6eae3000 	C:\Users\Admin\.jdks\openjdk-19.0.1\bin\net.dll
0x00007ffd73740000 - 0x00007ffd7386f000 	C:\WINDOWS\SYSTEM32\WINHTTP.dll
0x00007ffd79320000 - 0x00007ffd79389000 	C:\WINDOWS\system32\mswsock.dll
0x00007ffd6af60000 - 0x00007ffd6af76000 	C:\Users\Admin\.jdks\openjdk-19.0.1\bin\nio.dll
0x00007ffd65b30000 - 0x00007ffd65b48000 	C:\Users\Admin\.jdks\openjdk-19.0.1\bin\zip.dll
0x00007ffd65760000 - 0x00007ffd6577a000 	C:\Program Files\JetBrains\IntelliJ IDEA Community Edition 2022.2.1\bin\breakgen64.dll
0x00007ffd70800000 - 0x00007ffd70808000 	C:\Users\Admin\.jdks\openjdk-19.0.1\bin\extnet.dll
0x00000147c6030000 - 0x00000147c6033000 	C:\Java\javafx-sdk-19\bin\api-ms-win-core-console-l1-1-0.dll
0x00000147c6040000 - 0x00000147c6043000 	C:\Java\javafx-sdk-19\bin\api-ms-win-core-console-l1-2-0.dll
0x00000147c6050000 - 0x00000147c6053000 	C:\Java\javafx-sdk-19\bin\api-ms-win-core-datetime-l1-1-0.dll
0x00000147c6060000 - 0x00000147c6063000 	C:\Java\javafx-sdk-19\bin\api-ms-win-core-debug-l1-1-0.dll
0x00000147c6070000 - 0x00000147c6073000 	C:\Java\javafx-sdk-19\bin\api-ms-win-core-errorhandling-l1-1-0.dll
0x00000147c6080000 - 0x00000147c6084000 	C:\Java\javafx-sdk-19\bin\api-ms-win-core-file-l1-1-0.dll
0x00000147c6090000 - 0x00000147c6093000 	C:\Java\javafx-sdk-19\bin\api-ms-win-core-file-l1-2-0.dll
0x00000147c60a0000 - 0x00000147c60a3000 	C:\Java\javafx-sdk-19\bin\api-ms-win-core-file-l2-1-0.dll
0x00000147c60b0000 - 0x00000147c60b3000 	C:\Java\javafx-sdk-19\bin\api-ms-win-core-handle-l1-1-0.dll
0x00000147c60c0000 - 0x00000147c60c3000 	C:\Java\javafx-sdk-19\bin\api-ms-win-core-heap-l1-1-0.dll
0x00000147c60d0000 - 0x00000147c60d3000 	C:\Java\javafx-sdk-19\bin\api-ms-win-core-interlocked-l1-1-0.dll
0x00000147c60e0000 - 0x00000147c60e3000 	C:\Java\javafx-sdk-19\bin\api-ms-win-core-libraryloader-l1-1-0.dll
0x00000147c60f0000 - 0x00000147c60f3000 	C:\Java\javafx-sdk-19\bin\api-ms-win-core-localization-l1-2-0.dll
0x00000147c6100000 - 0x00000147c6103000 	C:\Java\javafx-sdk-19\bin\api-ms-win-core-memory-l1-1-0.dll
0x00000147c6110000 - 0x00000147c6113000 	C:\Java\javafx-sdk-19\bin\api-ms-win-core-namedpipe-l1-1-0.dll
0x00000147c6120000 - 0x00000147c6123000 	C:\Java\javafx-sdk-19\bin\api-ms-win-core-processenvironment-l1-1-0.dll
0x00000147c6130000 - 0x00000147c6133000 	C:\Java\javafx-sdk-19\bin\api-ms-win-core-processthreads-l1-1-0.dll
0x00000147c6140000 - 0x00000147c6143000 	C:\Java\javafx-sdk-19\bin\api-ms-win-core-processthreads-l1-1-1.dll
0x00000147c6150000 - 0x00000147c6153000 	C:\Java\javafx-sdk-19\bin\api-ms-win-core-profile-l1-1-0.dll
0x00000147c6160000 - 0x00000147c6163000 	C:\Java\javafx-sdk-19\bin\api-ms-win-core-rtlsupport-l1-1-0.dll
0x00000147c6170000 - 0x00000147c6173000 	C:\Java\javafx-sdk-19\bin\api-ms-win-core-string-l1-1-0.dll
0x00000147c6180000 - 0x00000147c6183000 	C:\Java\javafx-sdk-19\bin\api-ms-win-core-synch-l1-1-0.dll
0x00000147c6190000 - 0x00000147c6193000 	C:\Java\javafx-sdk-19\bin\api-ms-win-core-synch-l1-2-0.dll
0x00000147c61a0000 - 0x00000147c61a3000 	C:\Java\javafx-sdk-19\bin\api-ms-win-core-sysinfo-l1-1-0.dll
0x00000147c61b0000 - 0x00000147c61b3000 	C:\Java\javafx-sdk-19\bin\api-ms-win-core-timezone-l1-1-0.dll
0x00000147c61c0000 - 0x00000147c61c3000 	C:\Java\javafx-sdk-19\bin\api-ms-win-core-util-l1-1-0.dll
0x00000147c61d0000 - 0x00000147c61d3000 	C:\Java\javafx-sdk-19\bin\api-ms-win-crt-conio-l1-1-0.dll
0x00000147c61e0000 - 0x00000147c61e4000 	C:\Java\javafx-sdk-19\bin\api-ms-win-crt-convert-l1-1-0.dll
0x00000147c61f0000 - 0x00000147c61f3000 	C:\Java\javafx-sdk-19\bin\api-ms-win-crt-environment-l1-1-0.dll
0x00000147c6200000 - 0x00000147c6203000 	C:\Java\javafx-sdk-19\bin\api-ms-win-crt-filesystem-l1-1-0.dll
0x00000147c6210000 - 0x00000147c6213000 	C:\Java\javafx-sdk-19\bin\api-ms-win-crt-heap-l1-1-0.dll
0x00000147c6220000 - 0x00000147c6223000 	C:\Java\javafx-sdk-19\bin\api-ms-win-crt-locale-l1-1-0.dll
0x00000147c6230000 - 0x00000147c6235000 	C:\Java\javafx-sdk-19\bin\api-ms-win-crt-math-l1-1-0.dll
0x00000147c6240000 - 0x00000147c6245000 	C:\Java\javafx-sdk-19\bin\api-ms-win-crt-multibyte-l1-1-0.dll
0x00000147c6250000 - 0x00000147c6260000 	C:\Java\javafx-sdk-19\bin\api-ms-win-crt-private-l1-1-0.dll
0x00000147c6260000 - 0x00000147c6263000 	C:\Java\javafx-sdk-19\bin\api-ms-win-crt-process-l1-1-0.dll
0x00000147c6270000 - 0x00000147c6274000 	C:\Java\javafx-sdk-19\bin\api-ms-win-crt-runtime-l1-1-0.dll
0x00000147c6280000 - 0x00000147c6284000 	C:\Java\javafx-sdk-19\bin\api-ms-win-crt-stdio-l1-1-0.dll
0x00000147c6290000 - 0x00000147c6294000 	C:\Java\javafx-sdk-19\bin\api-ms-win-crt-string-l1-1-0.dll
0x00000147c62a0000 - 0x00000147c62a3000 	C:\Java\javafx-sdk-19\bin\api-ms-win-crt-time-l1-1-0.dll
0x00000147c62b0000 - 0x00000147c62b3000 	C:\Java\javafx-sdk-19\bin\api-ms-win-crt-utility-l1-1-0.dll
0x00007ffd4b8f0000 - 0x00007ffd4b9ec000 	C:\Java\javafx-sdk-19\bin\ucrtbase.dll
0x00007ffd65740000 - 0x00007ffd6575b000 	C:\Java\javafx-sdk-19\bin\vcruntime140.dll
0x00007ffd65af0000 - 0x00007ffd65afc000 	C:\Java\javafx-sdk-19\bin\vcruntime140_1.dll
0x00007ffd4df10000 - 0x00007ffd4df9e000 	C:\Java\javafx-sdk-19\bin\msvcp140.dll
0x00007ffd654e0000 - 0x00007ffd654e9000 	C:\Java\javafx-sdk-19\bin\msvcp140_1.dll
0x00007ffd654b0000 - 0x00007ffd654e0000 	C:\Java\javafx-sdk-19\bin\msvcp140_2.dll
0x00007ffd64a40000 - 0x00007ffd64a6c000 	C:\Java\javafx-sdk-19\bin\prism_d3d.dll
0x00007ffd4b3f0000 - 0x00007ffd4b598000 	C:\WINDOWS\system32\d3d9.dll
0x00007ffd77c20000 - 0x00007ffd77c4b000 	C:\WINDOWS\SYSTEM32\dwmapi.dll
0x00007ffd775c0000 - 0x00007ffd775f6000 	C:\WINDOWS\SYSTEM32\dxcore.dll
0x00007ffd774e0000 - 0x00007ffd7758b000 	C:\WINDOWS\system32\uxtheme.dll
0x00007ffd49a30000 - 0x00007ffd49c1f000 	C:\WINDOWS\System32\DriverStore\FileRepository\igdlh64.inf_amd64_ceddadac8a2b489e\igdumdim64.dll
0x00007ffd3b0d0000 - 0x00007ffd3e344000 	C:\WINDOWS\System32\DriverStore\FileRepository\igdlh64.inf_amd64_ceddadac8a2b489e\igd9dxva64.dll
0x00007ffd7b000000 - 0x00007ffd7b19c000 	C:\WINDOWS\System32\ole32.dll
0x00007ffd73040000 - 0x00007ffd73089000 	C:\WINDOWS\SYSTEM32\directxdatabasehelper.dll
0x00007ffd5ffc0000 - 0x00007ffd60002000 	C:\Java\javafx-sdk-19\bin\glass.dll
0x00007ffd7aaa0000 - 0x00007ffd7ab95000 	C:\WINDOWS\System32\COMDLG32.dll
0x00007ffd7a860000 - 0x00007ffd7a97e000 	C:\WINDOWS\System32\MSCTF.dll
0x00007ffd68f60000 - 0x00007ffd6ad40000 	C:\WINDOWS\System32\DriverStore\FileRepository\igdlh64.inf_amd64_ceddadac8a2b489e\igc64.dll
0x00007ffd607a0000 - 0x00007ffd607b4000 	C:\Java\javafx-sdk-19\bin\javafx_font.dll
0x00007ffd75bc0000 - 0x00007ffd75e27000 	C:\WINDOWS\SYSTEM32\dwrite.dll
0x00007ffd7a9f0000 - 0x00007ffd7aaa0000 	C:\WINDOWS\System32\clbcatq.dll
0x00007ffd75970000 - 0x00007ffd75b20000 	C:\WINDOWS\SYSTEM32\WindowsCodecs.dll
0x00007ffd528c0000 - 0x00007ffd5291e000 	C:\WINDOWS\system32\dataexchange.dll
0x00007ffd6eb80000 - 0x00007ffd6edea000 	C:\WINDOWS\system32\twinapi.appcore.dll
0x00007ffd5e4c0000 - 0x00007ffd5e4f2000 	C:\Program Files\Common Files\Microsoft Shared\Ink\rtscom.dll
0x00007ffd6e780000 - 0x00007ffd6e8ad000 	C:\WINDOWS\SYSTEM32\textinputframework.dll
0x00007ffd76ef0000 - 0x00007ffd77023000 	C:\WINDOWS\SYSTEM32\CoreMessaging.dll
0x00007ffd726d0000 - 0x00007ffd72a3c000 	C:\WINDOWS\SYSTEM32\CoreUIComponents.dll
0x00007ffd79610000 - 0x00007ffd7961c000 	C:\WINDOWS\SYSTEM32\CRYPTBASE.DLL
0x00007ffd49690000 - 0x00007ffd49820000 	C:\Users\Admin\.jdks\openjdk-19.0.1\bin\awt.dll
0x00007ffd772e0000 - 0x00007ffd77377000 	C:\WINDOWS\SYSTEM32\apphelp.dll
0x00007ffd79630000 - 0x00007ffd7964b000 	C:\WINDOWS\SYSTEM32\CRYPTSP.dll
0x00007ffd78e40000 - 0x00007ffd78e75000 	C:\WINDOWS\system32\rsaenh.dll
0x00007ffd793c0000 - 0x00007ffd793e8000 	C:\WINDOWS\SYSTEM32\USERENV.dll
0x00007ffd79770000 - 0x00007ffd79798000 	C:\WINDOWS\SYSTEM32\bcrypt.dll
0x00007ffd789b0000 - 0x00007ffd789dd000 	C:\WINDOWS\SYSTEM32\IPHLPAPI.DLL
0x00007ffd7abc0000 - 0x00007ffd7abc9000 	C:\WINDOWS\System32\NSI.dll
0x00007ffd73440000 - 0x00007ffd73459000 	C:\WINDOWS\SYSTEM32\dhcpcsvc6.DLL

dbghelp: loaded successfully - version: 4.0.5 - missing functions: none
symbol engine: initialized successfully - sym options: 0x614 - pdb path: .;C:\Users\Admin\.jdks\openjdk-19.0.1\bin;C:\WINDOWS\SYSTEM32;C:\WINDOWS\WinSxS\amd64_microsoft.windows.common-controls_6595b64144ccf1df_6.0.22621.317_none_a9434687c10c9fa2;C:\Users\Admin\.jdks\openjdk-19.0.1\bin\server;C:\Program Files\JetBrains\IntelliJ IDEA Community Edition 2022.2.1\bin;C:\Java\javafx-sdk-19\bin;C:\WINDOWS\System32\DriverStore\FileRepository\igdlh64.inf_amd64_ceddadac8a2b489e;C:\Program Files\Common Files\Microsoft Shared\Ink

VM Arguments:
jvm_args: --module-path=C:\Java\javafx-sdk-19\lib --add-modules=javafx.controls,javafx.fxml -javaagent:C:\Program Files\JetBrains\IntelliJ IDEA Community Edition 2022.2.1\lib\idea_rt.jar=52176:C:\Program Files\JetBrains\IntelliJ IDEA Community Edition 2022.2.1\bin -Dfile.encoding=UTF-8 -Dsun.stdout.encoding=UTF-8 -Dsun.stderr.encoding=UTF-8 
java_command: Game.MainGame
java_class_path (initial): D:\BTL\bomberman-game\target\classes;C:\Users\Admin\.m2\repository\org\openjfx\javafx-controls\19-ea+7\javafx-controls-19-ea+7.jar;C:\Users\Admin\.m2\repository\org\openjfx\javafx-controls\19-ea+7\javafx-controls-19-ea+7-win.jar;C:\Users\Admin\.m2\repository\org\openjfx\javafx-graphics\19-ea+7\javafx-graphics-19-ea+7.jar;C:\Users\Admin\.m2\repository\org\openjfx\javafx-graphics\19-ea+7\javafx-graphics-19-ea+7-win.jar;C:\Users\Admin\.m2\repository\org\openjfx\javafx-base\19-ea+7\javafx-base-19-ea+7.jar;C:\Users\Admin\.m2\repository\org\openjfx\javafx-base\19-ea+7\javafx-base-19-ea+7-win.jar;C:\Users\Admin\.m2\repository\org\openjfx\javafx-fxml\19-ea+7\javafx-fxml-19-ea+7.jar;C:\Users\Admin\.m2\repository\org\openjfx\javafx-fxml\19-ea+7\javafx-fxml-19-ea+7-win.jar;C:\Users\Admin\.m2\repository\org\controlsfx\controlsfx\11.1.1\controlsfx-11.1.1.jar;C:\Users\Admin\.m2\repository\org\kordamp\bootstrapfx\bootstrapfx-core\0.4.0\bootstrapfx-core-0.4.0.jar
Launcher Type: SUN_STANDARD

[Global flags]
     intx CICompilerCount                          = 4                                         {product} {ergonomic}
     uint ConcGCThreads                            = 2                                         {product} {ergonomic}
     uint G1ConcRefinementThreads                  = 8                                         {product} {ergonomic}
   size_t G1HeapRegionSize                         = 1048576                                   {product} {ergonomic}
    uintx GCDrainStackTargetSize                   = 64                                        {product} {ergonomic}
   size_t InitialHeapSize                          = 134217728                                 {product} {ergonomic}
   size_t MarkStackSize                            = 4194304                                   {product} {ergonomic}
   size_t MaxHeapSize                              = 2116026368                                {product} {ergonomic}
   size_t MaxNewSize                               = 1268776960                                {product} {ergonomic}
   size_t MinHeapDeltaBytes                        = 1048576                                   {product} {ergonomic}
   size_t MinHeapSize                              = 8388608                                   {product} {ergonomic}
    uintx NonNMethodCodeHeapSize                   = 5839372                                {pd product} {ergonomic}
    uintx NonProfiledCodeHeapSize                  = 122909434                              {pd product} {ergonomic}
    uintx ProfiledCodeHeapSize                     = 122909434                              {pd product} {ergonomic}
    uintx ReservedCodeCacheSize                    = 251658240                              {pd product} {ergonomic}
     bool SegmentedCodeCache                       = true                                      {product} {ergonomic}
   size_t SoftMaxHeapSize                          = 2116026368                             {manageable} {ergonomic}
     bool UseCompressedClassPointers               = true                           {product lp64_product} {ergonomic}
     bool UseCompressedOops                        = true                           {product lp64_product} {ergonomic}
     bool UseG1GC                                  = true                                      {product} {ergonomic}
     bool UseLargePagesIndividualAllocation        = false                                  {pd product} {ergonomic}

Logging:
Log output configuration:
 #0: stdout all=warning uptime,level,tags foldmultilines=false
 #1: stderr all=off uptime,level,tags foldmultilines=false

Environment Variables:
JAVA_HOME=C:\Program Files\Java\jdk-18.0.2.1
PATH=C:\Python310\Scripts\;C:\Python310\;C:\Program Files\Eclipse Adoptium\jdk-17.0.4.101-hotspot\bin;C:\Program Files\Common Files\Oracle\Java\javapath;C:\WINDOWS\system32;C:\WINDOWS;C:\WINDOWS\System32\Wbem;C:\WINDOWS\System32\WindowsPowerShell\v1.0\;C:\WINDOWS\System32\OpenSSH\;C:\Program Files\CodeBlocks\MinGW\bin;C:\Program Files\Git\cmd;C:\Program Files\Cloudflare\Cloudflare WARP\;C:\Program Files\nodejs\;C:\ProgramData\chocolatey\bin;C:\Program Files\SQLite\sqlite3;C:\Users\Admin\AppData\Local\Microsoft\WindowsApps;C:\Program Files\JetBrains\PyCharm 2022.1.2\bin;;C:\Users\Admin\AppData\Local\GitHubDesktop\bin;;C:\Program Files\JetBrains\IntelliJ IDEA Community Edition 2022.2.1\bin;;C:\Users\Admin\AppData\Roaming\npm;C:\Users\Admin\AppData\Local\Programs\Microsoft VS Code\bin
USERNAME=Admin
OS=Windows_NT
PROCESSOR_IDENTIFIER=Intel64 Family 6 Model 142 Stepping 10, GenuineIntel
TMP=C:\Users\Admin\AppData\Local\Temp
TEMP=C:\Users\Admin\AppData\Local\Temp



---------------  S Y S T E M  ---------------

OS:
 Windows 11 , 64 bit Build 22621 (10.0.22621.457)
OS uptime: 0 days 4:52 hours
Hyper-V role detected

CPU: total 8 (initial active 8) (4 cores per cpu, 2 threads per core) family 6 model 142 stepping 10 microcode 0xe0, cx8, cmov, fxsr, ht, mmx, 3dnowpref, sse, sse2, sse3, ssse3, sse4.1, sse4.2, popcnt, lzcnt, tsc, tscinvbit, avx, avx2, aes, erms, clmul, bmi1, bmi2, adx, fma, vzeroupper, clflush, clflushopt, hv, rdtscp

Memory: 4k page, system-wide physical 8069M (1079M free)
TotalPageFile size 8069M (AvailPageFile size 0M)
current process WorkingSet (physical memory assigned to process): 242M, peak: 286M
current process commit charge ("private bytes"): 331M, peak: 369M

vm_info: OpenJDK 64-Bit Server VM (19.0.1+10-21) for windows-amd64 JRE (19.0.1+10-21), built on 2022-09-14T12:45:06Z by "mach5one" with MS VC++ 17.1 (VS2022)

END.
