#
# There is insufficient memory for the Java Runtime Environment to continue.
# Native memory allocation (malloc) failed to allocate 212016 bytes for Chunk::new
# Possible reasons:
#   The system is out of physical RAM or swap space
#   The process is running with CompressedOops enabled, and the Java Heap may be blocking the growth of the native heap
# Possible solutions:
#   Reduce memory load on the system
#   Increase physical memory or swap space
#   Check if swap backing store is full
#   Decrease Java heap size (-Xmx/-Xms)
#   Decrease number of Java threads
#   Decrease Java thread stack sizes (-Xss)
#   Set larger code cache with -XX:ReservedCodeCacheSize=
#   JVM is running with Unscaled Compressed Oops mode in which the Java heap is
#     placed in the first 4GB address space. The Java Heap base address is the
#     maximum limit for the native heap growth. Please use -XX:HeapBaseMinAddress
#     to set the Java Heap base and to place the Java Heap above 4GB virtual address.
# This output file may be truncated or incomplete.
#
#  Out of Memory Error (arena.cpp:184), pid=11896, tid=12400
#
# JRE version: OpenJDK Runtime Environment (19.0.1+10) (build 19.0.1+10-21)
# Java VM: OpenJDK 64-Bit Server VM (19.0.1+10-21, mixed mode, sharing, tiered, compressed oops, compressed class ptrs, g1 gc, windows-amd64)
# No core dump will be written. Minidumps are not enabled by default on client versions of Windows
#

---------------  S U M M A R Y ------------

Command Line: --module-path=C:\Java\javafx-sdk-19\lib --add-modules=javafx.controls,javafx.fxml -javaagent:C:\Program Files\JetBrains\IntelliJ IDEA Community Edition 2022.2.1\lib\idea_rt.jar=51357:C:\Program Files\JetBrains\IntelliJ IDEA Community Edition 2022.2.1\bin -Dfile.encoding=UTF-8 -Dsun.stdout.encoding=UTF-8 -Dsun.stderr.encoding=UTF-8 Game.MainGame

Host: Intel(R) Core(TM) i5-8250U CPU @ 1.60GHz, 8 cores, 7G,  Windows 11 , 64 bit Build 22621 (10.0.22621.457)
Time: Fri Oct 28 04:29:28 2022 SE Asia Standard Time elapsed time: 0.436699 seconds (0d 0h 0m 0s)

---------------  T H R E A D  ---------------

Current thread (0x00000265e5e62850):  JavaThread "C2 CompilerThread1" daemon [_thread_in_native, id=12400, stack(0x0000006a0e800000,0x0000006a0e900000)]


Current CompileTask:
C2:    436  736       4       java.util.zip.ZipFile::getZipEntry (322 bytes)

Stack: [0x0000006a0e800000,0x0000006a0e900000]
Native frames: (J=compiled Java code, j=interpreted, Vv=VM code, C=native code)
V  [jvm.dll+0x6ee8fa]
V  [jvm.dll+0x857a1e]
V  [jvm.dll+0x85940e]
V  [jvm.dll+0x859ac3]
V  [jvm.dll+0x28291f]
V  [jvm.dll+0xc9b5f]
V  [jvm.dll+0xc9ee5]
V  [jvm.dll+0x3bcb72]
V  [jvm.dll+0x386201]
V  [jvm.dll+0x38567a]
V  [jvm.dll+0x24c2c9]
V  [jvm.dll+0x24b671]
V  [jvm.dll+0x1d6d61]
V  [jvm.dll+0x25b0fa]
V  [jvm.dll+0x259588]
V  [jvm.dll+0x807928]
V  [jvm.dll+0x8015fa]
V  [jvm.dll+0x6ed5eb]
C  [ucrtbase.dll+0x29363]
C  [KERNEL32.DLL+0x1244d]
C  [ntdll.dll+0x5df78]


---------------  P R O C E S S  ---------------

Threads class SMR info:
_java_thread_list=0x00000265e63e86d0, length=18, elements={
0x00000265c30db3b0, 0x00000265e18a6210, 0x00000265e18acc70, 0x00000265e18af910,
0x00000265e18b0240, 0x00000265e18b1180, 0x00000265e18b1ab0, 0x00000265e18b8030,
0x00000265e18c25d0, 0x00000265e18cab40, 0x00000265e5cc4dd0, 0x00000265e5e62850,
0x00000265e5e62dd0, 0x00000265e5cc5320, 0x00000265e5cc28a0, 0x00000265e5cc1e00,
0x00000265e5cc2df0, 0x00000265e5cc2350
}

Java Threads: ( => current thread )
  0x00000265c30db3b0 JavaThread "main" [_thread_blocked, id=10520, stack(0x0000006a0d700000,0x0000006a0d800000)]
  0x00000265e18a6210 JavaThread "Reference Handler" daemon [_thread_blocked, id=12928, stack(0x0000006a0de00000,0x0000006a0df00000)]
  0x00000265e18acc70 JavaThread "Finalizer" daemon [_thread_blocked, id=8260, stack(0x0000006a0df00000,0x0000006a0e000000)]
  0x00000265e18af910 JavaThread "Signal Dispatcher" daemon [_thread_blocked, id=10328, stack(0x0000006a0e000000,0x0000006a0e100000)]
  0x00000265e18b0240 JavaThread "Attach Listener" daemon [_thread_blocked, id=10500, stack(0x0000006a0e100000,0x0000006a0e200000)]
  0x00000265e18b1180 JavaThread "Service Thread" daemon [_thread_blocked, id=11068, stack(0x0000006a0e200000,0x0000006a0e300000)]
  0x00000265e18b1ab0 JavaThread "Monitor Deflation Thread" daemon [_thread_blocked, id=7604, stack(0x0000006a0e300000,0x0000006a0e400000)]
  0x00000265e18b8030 JavaThread "C2 CompilerThread0" daemon [_thread_blocked, id=5508, stack(0x0000006a0e400000,0x0000006a0e500000)]
  0x00000265e18c25d0 JavaThread "C1 CompilerThread0" daemon [_thread_in_vm, id=12292, stack(0x0000006a0e500000,0x0000006a0e600000)]
  0x00000265e18cab40 JavaThread "Sweeper thread" daemon [_thread_blocked, id=13040, stack(0x0000006a0e600000,0x0000006a0e700000)]
  0x00000265e5cc4dd0 JavaThread "Common-Cleaner" daemon [_thread_blocked, id=5724, stack(0x0000006a0e700000,0x0000006a0e800000)]
=>0x00000265e5e62850 JavaThread "C2 CompilerThread1" daemon [_thread_in_native, id=12400, stack(0x0000006a0e800000,0x0000006a0e900000)]
  0x00000265e5e62dd0 JavaThread "C2 CompilerThread2" daemon [_thread_blocked, id=8788, stack(0x0000006a0e900000,0x0000006a0ea00000)]
  0x00000265e5cc5320 JavaThread "Monitor Ctrl-Break" daemon [_thread_in_native, id=9252, stack(0x0000006a0ea00000,0x0000006a0eb00000)]
  0x00000265e5cc28a0 JavaThread "Notification Thread" daemon [_thread_blocked, id=9040, stack(0x0000006a0eb00000,0x0000006a0ec00000)]
  0x00000265e5cc1e00 JavaThread "QuantumRenderer-0" daemon [_thread_blocked, id=10428, stack(0x0000006a0ed00000,0x0000006a0ee00000)]
  0x00000265e5cc2df0 JavaThread "InvokeLaterDispatcher" daemon [_thread_blocked, id=1848, stack(0x0000006a0ee00000,0x0000006a0ef00000)]
  0x00000265e5cc2350 JavaThread "JavaFX Application Thread" [_thread_in_Java, id=10288, stack(0x0000006a0ef00000,0x0000006a0f000000)]

Other Threads:
  0x00000265e188bdd0 VMThread "VM Thread" [stack: 0x0000006a0dd00000,0x0000006a0de00000] [id=13248]
  0x00000265e5ddea40 WatcherThread "VM Periodic Task Thread" [stack: 0x0000006a0ec00000,0x0000006a0ed00000] [id=7584]
  0x00000265c31397f0 WorkerThread "GC Thread#0" [stack: 0x0000006a0d800000,0x0000006a0d900000] [id=13080]
  0x00000265c314a690 ConcurrentGCThread "G1 Main Marker" [stack: 0x0000006a0d900000,0x0000006a0da00000] [id=10996]
  0x00000265c314c710 WorkerThread "G1 Conc#0" [stack: 0x0000006a0da00000,0x0000006a0db00000] [id=8016]
  0x00000265e1742550 ConcurrentGCThread "G1 Refine#0" [stack: 0x0000006a0db00000,0x0000006a0dc00000] [id=10512]
  0x00000265e1742d40 ConcurrentGCThread "G1 Service" [stack: 0x0000006a0dc00000,0x0000006a0dd00000] [id=3932]

Threads with active compile tasks:
C2 CompilerThread1      465  736       4       java.util.zip.ZipFile::getZipEntry (322 bytes)

VM state: not at safepoint (normal execution)

VM Mutex/Monitor currently owned by a thread: None

Heap address: 0x0000000081e00000, size: 2018 MB, Compressed Oops mode: 32-bit

CDS archive(s) mapped at: [0x0000000800000000-0x0000000800c30000-0x0000000800c30000), size 12779520, SharedBaseAddress: 0x0000000800000000, ArchiveRelocationMode: 0.
Compressed class space mapped at: 0x0000000801000000-0x0000000841000000, reserved size: 1073741824
Narrow klass base: 0x0000000800000000, Narrow klass shift: 0, Narrow klass range: 0x100000000

GC Precious Log:
 CardTable entry size: 512
 Card Set container configuration: InlinePtr #cards 5 size 8 Array Of Cards #cards 12 size 40 Howl #buckets 4 coarsen threshold 1843 Howl Bitmap #cards 512 size 80 coarsen threshold 460 Card regions per heap region 1 cards per card region 2048
 CPUs: 8 total, 8 available
 Memory: 8069M
 Large Page Support: Disabled
 NUMA Support: Disabled
 Compressed Oops: Enabled (32-bit)
 Heap Region Size: 1M
 Heap Min Capacity: 8M
 Heap Initial Capacity: 128M
 Heap Max Capacity: 2018M
 Pre-touch: Disabled
 Parallel Workers: 8
 Concurrent Workers: 2
 Concurrent Refinement Workers: 8
 Periodic GC: Disabled

Heap:
 garbage-first heap   total 131072K, used 14336K [0x0000000081e00000, 0x0000000100000000)
  region size 1024K, 16 young (16384K), 0 survivors (0K)
 Metaspace       used 3189K, committed 3392K, reserved 1114112K
  class space    used 342K, committed 448K, reserved 1048576K

Heap Regions: E=young(eden), S=young(survivor), O=old, HS=humongous(starts), HC=humongous(continues), CS=collection set, F=free, OA=open archive, CA=closed archive, TAMS=top-at-mark-start (previous, next)
|   0|0x0000000081e00000, 0x0000000081e00000, 0x0000000081f00000|  0%| F|  |TAMS 0x0000000081e00000, 0x0000000081e00000| Untracked 
|   1|0x0000000081f00000, 0x0000000081f00000, 0x0000000082000000|  0%| F|  |TAMS 0x0000000081f00000, 0x0000000081f00000| Untracked 
|   2|0x0000000082000000, 0x0000000082000000, 0x0000000082100000|  0%| F|  |TAMS 0x0000000082000000, 0x0000000082000000| Untracked 
|   3|0x0000000082100000, 0x0000000082100000, 0x0000000082200000|  0%| F|  |TAMS 0x0000000082100000, 0x0000000082100000| Untracked 
|   4|0x0000000082200000, 0x0000000082200000, 0x0000000082300000|  0%| F|  |TAMS 0x0000000082200000, 0x0000000082200000| Untracked 
|   5|0x0000000082300000, 0x0000000082300000, 0x0000000082400000|  0%| F|  |TAMS 0x0000000082300000, 0x0000000082300000| Untracked 
|   6|0x0000000082400000, 0x0000000082400000, 0x0000000082500000|  0%| F|  |TAMS 0x0000000082400000, 0x0000000082400000| Untracked 
|   7|0x0000000082500000, 0x0000000082500000, 0x0000000082600000|  0%| F|  |TAMS 0x0000000082500000, 0x0000000082500000| Untracked 
|   8|0x0000000082600000, 0x0000000082600000, 0x0000000082700000|  0%| F|  |TAMS 0x0000000082600000, 0x0000000082600000| Untracked 
|   9|0x0000000082700000, 0x0000000082700000, 0x0000000082800000|  0%| F|  |TAMS 0x0000000082700000, 0x0000000082700000| Untracked 
|  10|0x0000000082800000, 0x0000000082800000, 0x0000000082900000|  0%| F|  |TAMS 0x0000000082800000, 0x0000000082800000| Untracked 
|  11|0x0000000082900000, 0x0000000082900000, 0x0000000082a00000|  0%| F|  |TAMS 0x0000000082900000, 0x0000000082900000| Untracked 
|  12|0x0000000082a00000, 0x0000000082a00000, 0x0000000082b00000|  0%| F|  |TAMS 0x0000000082a00000, 0x0000000082a00000| Untracked 
|  13|0x0000000082b00000, 0x0000000082b00000, 0x0000000082c00000|  0%| F|  |TAMS 0x0000000082b00000, 0x0000000082b00000| Untracked 
|  14|0x0000000082c00000, 0x0000000082c00000, 0x0000000082d00000|  0%| F|  |TAMS 0x0000000082c00000, 0x0000000082c00000| Untracked 
|  15|0x0000000082d00000, 0x0000000082d00000, 0x0000000082e00000|  0%| F|  |TAMS 0x0000000082d00000, 0x0000000082d00000| Untracked 
|  16|0x0000000082e00000, 0x0000000082e00000, 0x0000000082f00000|  0%| F|  |TAMS 0x0000000082e00000, 0x0000000082e00000| Untracked 
|  17|0x0000000082f00000, 0x0000000082f00000, 0x0000000083000000|  0%| F|  |TAMS 0x0000000082f00000, 0x0000000082f00000| Untracked 
|  18|0x0000000083000000, 0x0000000083000000, 0x0000000083100000|  0%| F|  |TAMS 0x0000000083000000, 0x0000000083000000| Untracked 
|  19|0x0000000083100000, 0x0000000083100000, 0x0000000083200000|  0%| F|  |TAMS 0x0000000083100000, 0x0000000083100000| Untracked 
|  20|0x0000000083200000, 0x0000000083200000, 0x0000000083300000|  0%| F|  |TAMS 0x0000000083200000, 0x0000000083200000| Untracked 
|  21|0x0000000083300000, 0x0000000083300000, 0x0000000083400000|  0%| F|  |TAMS 0x0000000083300000, 0x0000000083300000| Untracked 
|  22|0x0000000083400000, 0x0000000083400000, 0x0000000083500000|  0%| F|  |TAMS 0x0000000083400000, 0x0000000083400000| Untracked 
|  23|0x0000000083500000, 0x0000000083500000, 0x0000000083600000|  0%| F|  |TAMS 0x0000000083500000, 0x0000000083500000| Untracked 
|  24|0x0000000083600000, 0x0000000083600000, 0x0000000083700000|  0%| F|  |TAMS 0x0000000083600000, 0x0000000083600000| Untracked 
|  25|0x0000000083700000, 0x0000000083700000, 0x0000000083800000|  0%| F|  |TAMS 0x0000000083700000, 0x0000000083700000| Untracked 
|  26|0x0000000083800000, 0x0000000083800000, 0x0000000083900000|  0%| F|  |TAMS 0x0000000083800000, 0x0000000083800000| Untracked 
|  27|0x0000000083900000, 0x0000000083900000, 0x0000000083a00000|  0%| F|  |TAMS 0x0000000083900000, 0x0000000083900000| Untracked 
|  28|0x0000000083a00000, 0x0000000083a00000, 0x0000000083b00000|  0%| F|  |TAMS 0x0000000083a00000, 0x0000000083a00000| Untracked 
|  29|0x0000000083b00000, 0x0000000083b00000, 0x0000000083c00000|  0%| F|  |TAMS 0x0000000083b00000, 0x0000000083b00000| Untracked 
|  30|0x0000000083c00000, 0x0000000083c00000, 0x0000000083d00000|  0%| F|  |TAMS 0x0000000083c00000, 0x0000000083c00000| Untracked 
|  31|0x0000000083d00000, 0x0000000083d00000, 0x0000000083e00000|  0%| F|  |TAMS 0x0000000083d00000, 0x0000000083d00000| Untracked 
|  32|0x0000000083e00000, 0x0000000083e00000, 0x0000000083f00000|  0%| F|  |TAMS 0x0000000083e00000, 0x0000000083e00000| Untracked 
|  33|0x0000000083f00000, 0x0000000083f00000, 0x0000000084000000|  0%| F|  |TAMS 0x0000000083f00000, 0x0000000083f00000| Untracked 
|  34|0x0000000084000000, 0x0000000084000000, 0x0000000084100000|  0%| F|  |TAMS 0x0000000084000000, 0x0000000084000000| Untracked 
|  35|0x0000000084100000, 0x0000000084100000, 0x0000000084200000|  0%| F|  |TAMS 0x0000000084100000, 0x0000000084100000| Untracked 
|  36|0x0000000084200000, 0x0000000084200000, 0x0000000084300000|  0%| F|  |TAMS 0x0000000084200000, 0x0000000084200000| Untracked 
|  37|0x0000000084300000, 0x0000000084300000, 0x0000000084400000|  0%| F|  |TAMS 0x0000000084300000, 0x0000000084300000| Untracked 
|  38|0x0000000084400000, 0x0000000084400000, 0x0000000084500000|  0%| F|  |TAMS 0x0000000084400000, 0x0000000084400000| Untracked 
|  39|0x0000000084500000, 0x0000000084500000, 0x0000000084600000|  0%| F|  |TAMS 0x0000000084500000, 0x0000000084500000| Untracked 
|  40|0x0000000084600000, 0x0000000084600000, 0x0000000084700000|  0%| F|  |TAMS 0x0000000084600000, 0x0000000084600000| Untracked 
|  41|0x0000000084700000, 0x0000000084700000, 0x0000000084800000|  0%| F|  |TAMS 0x0000000084700000, 0x0000000084700000| Untracked 
|  42|0x0000000084800000, 0x0000000084800000, 0x0000000084900000|  0%| F|  |TAMS 0x0000000084800000, 0x0000000084800000| Untracked 
|  43|0x0000000084900000, 0x0000000084900000, 0x0000000084a00000|  0%| F|  |TAMS 0x0000000084900000, 0x0000000084900000| Untracked 
|  44|0x0000000084a00000, 0x0000000084a00000, 0x0000000084b00000|  0%| F|  |TAMS 0x0000000084a00000, 0x0000000084a00000| Untracked 
|  45|0x0000000084b00000, 0x0000000084b00000, 0x0000000084c00000|  0%| F|  |TAMS 0x0000000084b00000, 0x0000000084b00000| Untracked 
|  46|0x0000000084c00000, 0x0000000084c00000, 0x0000000084d00000|  0%| F|  |TAMS 0x0000000084c00000, 0x0000000084c00000| Untracked 
|  47|0x0000000084d00000, 0x0000000084d00000, 0x0000000084e00000|  0%| F|  |TAMS 0x0000000084d00000, 0x0000000084d00000| Untracked 
|  48|0x0000000084e00000, 0x0000000084e00000, 0x0000000084f00000|  0%| F|  |TAMS 0x0000000084e00000, 0x0000000084e00000| Untracked 
|  49|0x0000000084f00000, 0x0000000084f00000, 0x0000000085000000|  0%| F|  |TAMS 0x0000000084f00000, 0x0000000084f00000| Untracked 
|  50|0x0000000085000000, 0x0000000085000000, 0x0000000085100000|  0%| F|  |TAMS 0x0000000085000000, 0x0000000085000000| Untracked 
|  51|0x0000000085100000, 0x0000000085100000, 0x0000000085200000|  0%| F|  |TAMS 0x0000000085100000, 0x0000000085100000| Untracked 
|  52|0x0000000085200000, 0x0000000085200000, 0x0000000085300000|  0%| F|  |TAMS 0x0000000085200000, 0x0000000085200000| Untracked 
|  53|0x0000000085300000, 0x0000000085300000, 0x0000000085400000|  0%| F|  |TAMS 0x0000000085300000, 0x0000000085300000| Untracked 
|  54|0x0000000085400000, 0x0000000085400000, 0x0000000085500000|  0%| F|  |TAMS 0x0000000085400000, 0x0000000085400000| Untracked 
|  55|0x0000000085500000, 0x0000000085500000, 0x0000000085600000|  0%| F|  |TAMS 0x0000000085500000, 0x0000000085500000| Untracked 
|  56|0x0000000085600000, 0x0000000085600000, 0x0000000085700000|  0%| F|  |TAMS 0x0000000085600000, 0x0000000085600000| Untracked 
|  57|0x0000000085700000, 0x0000000085700000, 0x0000000085800000|  0%| F|  |TAMS 0x0000000085700000, 0x0000000085700000| Untracked 
|  58|0x0000000085800000, 0x0000000085800000, 0x0000000085900000|  0%| F|  |TAMS 0x0000000085800000, 0x0000000085800000| Untracked 
|  59|0x0000000085900000, 0x0000000085900000, 0x0000000085a00000|  0%| F|  |TAMS 0x0000000085900000, 0x0000000085900000| Untracked 
|  60|0x0000000085a00000, 0x0000000085a00000, 0x0000000085b00000|  0%| F|  |TAMS 0x0000000085a00000, 0x0000000085a00000| Untracked 
|  61|0x0000000085b00000, 0x0000000085b00000, 0x0000000085c00000|  0%| F|  |TAMS 0x0000000085b00000, 0x0000000085b00000| Untracked 
|  62|0x0000000085c00000, 0x0000000085c00000, 0x0000000085d00000|  0%| F|  |TAMS 0x0000000085c00000, 0x0000000085c00000| Untracked 
|  63|0x0000000085d00000, 0x0000000085d00000, 0x0000000085e00000|  0%| F|  |TAMS 0x0000000085d00000, 0x0000000085d00000| Untracked 
|  64|0x0000000085e00000, 0x0000000085e00000, 0x0000000085f00000|  0%| F|  |TAMS 0x0000000085e00000, 0x0000000085e00000| Untracked 
|  65|0x0000000085f00000, 0x0000000085f00000, 0x0000000086000000|  0%| F|  |TAMS 0x0000000085f00000, 0x0000000085f00000| Untracked 
|  66|0x0000000086000000, 0x0000000086000000, 0x0000000086100000|  0%| F|  |TAMS 0x0000000086000000, 0x0000000086000000| Untracked 
|  67|0x0000000086100000, 0x0000000086100000, 0x0000000086200000|  0%| F|  |TAMS 0x0000000086100000, 0x0000000086100000| Untracked 
|  68|0x0000000086200000, 0x0000000086200000, 0x0000000086300000|  0%| F|  |TAMS 0x0000000086200000, 0x0000000086200000| Untracked 
|  69|0x0000000086300000, 0x0000000086300000, 0x0000000086400000|  0%| F|  |TAMS 0x0000000086300000, 0x0000000086300000| Untracked 
|  70|0x0000000086400000, 0x0000000086400000, 0x0000000086500000|  0%| F|  |TAMS 0x0000000086400000, 0x0000000086400000| Untracked 
|  71|0x0000000086500000, 0x0000000086500000, 0x0000000086600000|  0%| F|  |TAMS 0x0000000086500000, 0x0000000086500000| Untracked 
|  72|0x0000000086600000, 0x0000000086600000, 0x0000000086700000|  0%| F|  |TAMS 0x0000000086600000, 0x0000000086600000| Untracked 
|  73|0x0000000086700000, 0x0000000086700000, 0x0000000086800000|  0%| F|  |TAMS 0x0000000086700000, 0x0000000086700000| Untracked 
|  74|0x0000000086800000, 0x0000000086800000, 0x0000000086900000|  0%| F|  |TAMS 0x0000000086800000, 0x0000000086800000| Untracked 
|  75|0x0000000086900000, 0x0000000086900000, 0x0000000086a00000|  0%| F|  |TAMS 0x0000000086900000, 0x0000000086900000| Untracked 
|  76|0x0000000086a00000, 0x0000000086a00000, 0x0000000086b00000|  0%| F|  |TAMS 0x0000000086a00000, 0x0000000086a00000| Untracked 
|  77|0x0000000086b00000, 0x0000000086b00000, 0x0000000086c00000|  0%| F|  |TAMS 0x0000000086b00000, 0x0000000086b00000| Untracked 
|  78|0x0000000086c00000, 0x0000000086c00000, 0x0000000086d00000|  0%| F|  |TAMS 0x0000000086c00000, 0x0000000086c00000| Untracked 
|  79|0x0000000086d00000, 0x0000000086d00000, 0x0000000086e00000|  0%| F|  |TAMS 0x0000000086d00000, 0x0000000086d00000| Untracked 
|  80|0x0000000086e00000, 0x0000000086e00000, 0x0000000086f00000|  0%| F|  |TAMS 0x0000000086e00000, 0x0000000086e00000| Untracked 
|  81|0x0000000086f00000, 0x0000000086f00000, 0x0000000087000000|  0%| F|  |TAMS 0x0000000086f00000, 0x0000000086f00000| Untracked 
|  82|0x0000000087000000, 0x0000000087000000, 0x0000000087100000|  0%| F|  |TAMS 0x0000000087000000, 0x0000000087000000| Untracked 
|  83|0x0000000087100000, 0x0000000087100000, 0x0000000087200000|  0%| F|  |TAMS 0x0000000087100000, 0x0000000087100000| Untracked 
|  84|0x0000000087200000, 0x0000000087200000, 0x0000000087300000|  0%| F|  |TAMS 0x0000000087200000, 0x0000000087200000| Untracked 
|  85|0x0000000087300000, 0x0000000087300000, 0x0000000087400000|  0%| F|  |TAMS 0x0000000087300000, 0x0000000087300000| Untracked 
|  86|0x0000000087400000, 0x0000000087400000, 0x0000000087500000|  0%| F|  |TAMS 0x0000000087400000, 0x0000000087400000| Untracked 
|  87|0x0000000087500000, 0x0000000087500000, 0x0000000087600000|  0%| F|  |TAMS 0x0000000087500000, 0x0000000087500000| Untracked 
|  88|0x0000000087600000, 0x0000000087600000, 0x0000000087700000|  0%| F|  |TAMS 0x0000000087600000, 0x0000000087600000| Untracked 
|  89|0x0000000087700000, 0x0000000087700000, 0x0000000087800000|  0%| F|  |TAMS 0x0000000087700000, 0x0000000087700000| Untracked 
|  90|0x0000000087800000, 0x0000000087800000, 0x0000000087900000|  0%| F|  |TAMS 0x0000000087800000, 0x0000000087800000| Untracked 
|  91|0x0000000087900000, 0x0000000087900000, 0x0000000087a00000|  0%| F|  |TAMS 0x0000000087900000, 0x0000000087900000| Untracked 
|  92|0x0000000087a00000, 0x0000000087a00000, 0x0000000087b00000|  0%| F|  |TAMS 0x0000000087a00000, 0x0000000087a00000| Untracked 
|  93|0x0000000087b00000, 0x0000000087b00000, 0x0000000087c00000|  0%| F|  |TAMS 0x0000000087b00000, 0x0000000087b00000| Untracked 
|  94|0x0000000087c00000, 0x0000000087c00000, 0x0000000087d00000|  0%| F|  |TAMS 0x0000000087c00000, 0x0000000087c00000| Untracked 
|  95|0x0000000087d00000, 0x0000000087d00000, 0x0000000087e00000|  0%| F|  |TAMS 0x0000000087d00000, 0x0000000087d00000| Untracked 
|  96|0x0000000087e00000, 0x0000000087e00000, 0x0000000087f00000|  0%| F|  |TAMS 0x0000000087e00000, 0x0000000087e00000| Untracked 
|  97|0x0000000087f00000, 0x0000000087f00000, 0x0000000088000000|  0%| F|  |TAMS 0x0000000087f00000, 0x0000000087f00000| Untracked 
|  98|0x0000000088000000, 0x0000000088000000, 0x0000000088100000|  0%| F|  |TAMS 0x0000000088000000, 0x0000000088000000| Untracked 
|  99|0x0000000088100000, 0x0000000088100000, 0x0000000088200000|  0%| F|  |TAMS 0x0000000088100000, 0x0000000088100000| Untracked 
| 100|0x0000000088200000, 0x0000000088200000, 0x0000000088300000|  0%| F|  |TAMS 0x0000000088200000, 0x0000000088200000| Untracked 
| 101|0x0000000088300000, 0x0000000088300000, 0x0000000088400000|  0%| F|  |TAMS 0x0000000088300000, 0x0000000088300000| Untracked 
| 102|0x0000000088400000, 0x0000000088400000, 0x0000000088500000|  0%| F|  |TAMS 0x0000000088400000, 0x0000000088400000| Untracked 
| 103|0x0000000088500000, 0x0000000088500000, 0x0000000088600000|  0%| F|  |TAMS 0x0000000088500000, 0x0000000088500000| Untracked 
| 104|0x0000000088600000, 0x0000000088600000, 0x0000000088700000|  0%| F|  |TAMS 0x0000000088600000, 0x0000000088600000| Untracked 
| 105|0x0000000088700000, 0x0000000088700000, 0x0000000088800000|  0%| F|  |TAMS 0x0000000088700000, 0x0000000088700000| Untracked 
| 106|0x0000000088800000, 0x0000000088800000, 0x0000000088900000|  0%| F|  |TAMS 0x0000000088800000, 0x0000000088800000| Untracked 
| 107|0x0000000088900000, 0x0000000088900000, 0x0000000088a00000|  0%| F|  |TAMS 0x0000000088900000, 0x0000000088900000| Untracked 
| 108|0x0000000088a00000, 0x0000000088a00000, 0x0000000088b00000|  0%| F|  |TAMS 0x0000000088a00000, 0x0000000088a00000| Untracked 
| 109|0x0000000088b00000, 0x0000000088b00000, 0x0000000088c00000|  0%| F|  |TAMS 0x0000000088b00000, 0x0000000088b00000| Untracked 
| 110|0x0000000088c00000, 0x0000000088c00000, 0x0000000088d00000|  0%| F|  |TAMS 0x0000000088c00000, 0x0000000088c00000| Untracked 
| 111|0x0000000088d00000, 0x0000000088d00000, 0x0000000088e00000|  0%| F|  |TAMS 0x0000000088d00000, 0x0000000088d00000| Untracked 
| 112|0x0000000088e00000, 0x0000000088e8fda8, 0x0000000088f00000| 56%| E|  |TAMS 0x0000000088e00000, 0x0000000088e00000| Complete 
| 113|0x0000000088f00000, 0x0000000089000000, 0x0000000089000000|100%| E|CS|TAMS 0x0000000088f00000, 0x0000000088f00000| Complete 
| 114|0x0000000089000000, 0x0000000089100000, 0x0000000089100000|100%| E|CS|TAMS 0x0000000089000000, 0x0000000089000000| Complete 
| 115|0x0000000089100000, 0x0000000089200000, 0x0000000089200000|100%| E|CS|TAMS 0x0000000089100000, 0x0000000089100000| Complete 
| 116|0x0000000089200000, 0x0000000089300000, 0x0000000089300000|100%| E|CS|TAMS 0x0000000089200000, 0x0000000089200000| Complete 
| 117|0x0000000089300000, 0x0000000089400000, 0x0000000089400000|100%| E|CS|TAMS 0x0000000089300000, 0x0000000089300000| Complete 
| 118|0x0000000089400000, 0x0000000089500000, 0x0000000089500000|100%| E|CS|TAMS 0x0000000089400000, 0x0000000089400000| Complete 
| 119|0x0000000089500000, 0x0000000089600000, 0x0000000089600000|100%| E|CS|TAMS 0x0000000089500000, 0x0000000089500000| Complete 
| 120|0x0000000089600000, 0x0000000089700000, 0x0000000089700000|100%| E|CS|TAMS 0x0000000089600000, 0x0000000089600000| Complete 
| 121|0x0000000089700000, 0x0000000089800000, 0x0000000089800000|100%| E|CS|TAMS 0x0000000089700000, 0x0000000089700000| Complete 
| 122|0x0000000089800000, 0x0000000089900000, 0x0000000089900000|100%| E|CS|TAMS 0x0000000089800000, 0x0000000089800000| Complete 
| 123|0x0000000089900000, 0x0000000089a00000, 0x0000000089a00000|100%| E|CS|TAMS 0x0000000089900000, 0x0000000089900000| Complete 
| 124|0x0000000089a00000, 0x0000000089b00000, 0x0000000089b00000|100%| E|  |TAMS 0x0000000089a00000, 0x0000000089a00000| Complete 
| 125|0x0000000089b00000, 0x0000000089c00000, 0x0000000089c00000|100%| E|CS|TAMS 0x0000000089b00000, 0x0000000089b00000| Complete 
| 126|0x0000000089c00000, 0x0000000089d00000, 0x0000000089d00000|100%| E|CS|TAMS 0x0000000089c00000, 0x0000000089c00000| Complete 
| 127|0x0000000089d00000, 0x0000000089e00000, 0x0000000089e00000|100%| E|CS|TAMS 0x0000000089d00000, 0x0000000089d00000| Complete 

Card table byte_map: [0x00000265da760000,0x00000265dab60000] _byte_map_base: 0x00000265da351000

Marking Bits (Prev, Next): (CMBitMap*) 0x00000265c3139e20, (CMBitMap*) 0x00000265c3139e60
 Prev Bits: [0x00000265daf60000, 0x00000265dcee8000)
 Next Bits: [0x00000265dcef0000, 0x00000265dee78000)

Polling page: 0x00000265c1020000

Metaspace:

Usage:
  Non-class:      2.84 MB used.
      Class:    342.85 KB used.
       Both:      3.18 MB used.

Virtual space:
  Non-class space:       64.00 MB reserved,       2.94 MB (  5%) committed,  1 nodes.
      Class space:        1.00 GB reserved,     448.00 KB ( <1%) committed,  1 nodes.
             Both:        1.06 GB reserved,       3.38 MB ( <1%) committed. 

Chunk freelists:
   Non-Class:  2.56 MB
       Class:  3.50 MB
        Both:  6.06 MB

MaxMetaspaceSize: unlimited
CompressedClassSpaceSize: 1.00 GB
Initial GC threshold: 21.00 MB
Current GC threshold: 21.00 MB
CDS: on
MetaspaceReclaimPolicy: balanced
 - commit_granule_bytes: 65536.
 - commit_granule_words: 8192.
 - virtual_space_node_default_size: 8388608.
 - enlarge_chunks_in_place: 1.
 - new_chunks_are_fully_committed: 0.
 - uncommit_free_chunks: 1.
 - use_allocation_guard: 0.


Internal statistics:

num_allocs_failed_limit: 0.
num_arena_births: 122.
num_arena_deaths: 0.
num_vsnodes_births: 2.
num_vsnodes_deaths: 0.
num_space_committed: 54.
num_space_uncommitted: 0.
num_chunks_returned_to_freelist: 0.
num_chunks_taken_from_freelist: 210.
num_chunk_merges: 0.
num_chunk_splits: 134.
num_chunks_enlarged: 94.
num_inconsistent_stats: 0.

CodeHeap 'non-profiled nmethods': size=120000Kb used=286Kb max_used=286Kb free=119714Kb
 bounds [0x00000265d2b00000, 0x00000265d2d70000, 0x00000265da030000]
CodeHeap 'profiled nmethods': size=120000Kb used=1065Kb max_used=1065Kb free=118934Kb
 bounds [0x00000265cb030000, 0x00000265cb2a0000, 0x00000265d2560000]
CodeHeap 'non-nmethods': size=5760Kb used=1257Kb max_used=1270Kb free=4503Kb
 bounds [0x00000265d2560000, 0x00000265d27d0000, 0x00000265d2b00000]
 total_blobs=1245 nmethods=774 adapters=382
 compilation: enabled
              stopped_count=0, restarted_count=0
 full_count=0

Compilation events (20 events):
Event: 0.415 Thread 0x00000265e18c25d0  727       3       jdk.internal.org.objectweb.asm.MethodWriter::visitTypeInsn (116 bytes)
Event: 0.415 Thread 0x00000265e18c25d0 nmethod 727 0x00000265cb122690 code [0x00000265cb122880, 0x00000265cb122c88]
Event: 0.415 Thread 0x00000265e18c25d0  728       3       jdk.internal.org.objectweb.asm.MethodVisitor::<init> (78 bytes)
Event: 0.416 Thread 0x00000265e18c25d0 nmethod 728 0x00000265cb122e90 code [0x00000265cb1230c0, 0x00000265cb123888]
Event: 0.416 Thread 0x00000265e18c25d0  729       3       java.util.concurrent.ConcurrentHashMap$Traverser::advance (188 bytes)
Event: 0.417 Thread 0x00000265e18c25d0 nmethod 729 0x00000265cb123b90 code [0x00000265cb123de0, 0x00000265cb1249c8]
Event: 0.420 Thread 0x00000265e18c25d0  730       3       jdk.internal.org.objectweb.asm.MethodWriter::endCurrentBasicBlockWithNoSuccessor (94 bytes)
Event: 0.420 Thread 0x00000265e18c25d0 nmethod 730 0x00000265cb124c90 code [0x00000265cb124e80, 0x00000265cb125508]
Event: 0.420 Thread 0x00000265e18c25d0  731       3       java.util.concurrent.ConcurrentHashMap$BaseIterator::hasNext (13 bytes)
Event: 0.420 Thread 0x00000265e18c25d0 nmethod 731 0x00000265cb125710 code [0x00000265cb1258a0, 0x00000265cb125a18]
Event: 0.420 Thread 0x00000265e18c25d0  732       3       java.util.concurrent.ConcurrentHashMap$ValueIterator::next (34 bytes)
Event: 0.420 Thread 0x00000265e18c25d0 nmethod 732 0x00000265cb125a90 code [0x00000265cb125c60, 0x00000265cb125eb8]
Event: 0.421 Thread 0x00000265e18c25d0  733       3       java.lang.ref.SoftReference::get (29 bytes)
Event: 0.421 Thread 0x00000265e18c25d0 nmethod 733 0x00000265cb126010 code [0x00000265cb1261c0, 0x00000265cb126398]
Event: 0.421 Thread 0x00000265e18c25d0  735       3       java.lang.invoke.MethodHandles$Lookup::checkSecurityManager (97 bytes)
Event: 0.422 Thread 0x00000265e5e62850 nmethod 707 0x00000265d2b44910 code [0x00000265d2b44b20, 0x00000265d2b456b0]
Event: 0.422 Thread 0x00000265e18c25d0 nmethod 735 0x00000265cb126410 code [0x00000265cb126600, 0x00000265cb126b18]
Event: 0.425 Thread 0x00000265e5e62850  736       4       java.util.zip.ZipFile::getZipEntry (322 bytes)
Event: 0.425 Thread 0x00000265e18b8030  737       4       java.util.zip.ZipEntry::<init> (84 bytes)
Event: 0.426 Thread 0x00000265e18b8030 nmethod 737 0x00000265d2b45e10 code [0x00000265d2b45fa0, 0x00000265d2b46178]

GC Heap History (0 events):
No events

Dll operation events (20 events):
Event: 0.321 Loaded shared library C:\Java\javafx-sdk-19\bin\api-ms-win-crt-filesystem-l1-1-0.dll
Event: 0.322 Loaded shared library C:\Java\javafx-sdk-19\bin\api-ms-win-crt-heap-l1-1-0.dll
Event: 0.323 Loaded shared library C:\Java\javafx-sdk-19\bin\api-ms-win-crt-locale-l1-1-0.dll
Event: 0.324 Loaded shared library C:\Java\javafx-sdk-19\bin\api-ms-win-crt-math-l1-1-0.dll
Event: 0.325 Loaded shared library C:\Java\javafx-sdk-19\bin\api-ms-win-crt-multibyte-l1-1-0.dll
Event: 0.326 Loaded shared library C:\Java\javafx-sdk-19\bin\api-ms-win-crt-private-l1-1-0.dll
Event: 0.328 Loaded shared library C:\Java\javafx-sdk-19\bin\api-ms-win-crt-process-l1-1-0.dll
Event: 0.328 Loaded shared library C:\Java\javafx-sdk-19\bin\api-ms-win-crt-runtime-l1-1-0.dll
Event: 0.329 Loaded shared library C:\Java\javafx-sdk-19\bin\api-ms-win-crt-stdio-l1-1-0.dll
Event: 0.331 Loaded shared library C:\Java\javafx-sdk-19\bin\api-ms-win-crt-string-l1-1-0.dll
Event: 0.332 Loaded shared library C:\Java\javafx-sdk-19\bin\api-ms-win-crt-time-l1-1-0.dll
Event: 0.333 Loaded shared library C:\Java\javafx-sdk-19\bin\api-ms-win-crt-utility-l1-1-0.dll
Event: 0.334 Loaded shared library C:\Java\javafx-sdk-19\bin\ucrtbase.dll
Event: 0.335 Loaded shared library C:\Java\javafx-sdk-19\bin\vcruntime140.dll
Event: 0.336 Loaded shared library C:\Java\javafx-sdk-19\bin\vcruntime140_1.dll
Event: 0.337 Loaded shared library C:\Java\javafx-sdk-19\bin\msvcp140.dll
Event: 0.338 Loaded shared library C:\Java\javafx-sdk-19\bin\msvcp140_1.dll
Event: 0.339 Loaded shared library C:\Java\javafx-sdk-19\bin\msvcp140_2.dll
Event: 0.378 Loaded shared library C:\Java\javafx-sdk-19\bin\prism_d3d.dll
Event: 0.407 Loaded shared library C:\Java\javafx-sdk-19\bin\glass.dll

Deoptimization events (20 events):
Event: 0.404 Thread 0x00000265c30db3b0 Uncommon trap: trap_request=0xffffffc6 fr.pc=0x00000265d2b1fdd4 relative=0x0000000000000f94
Event: 0.404 Thread 0x00000265c30db3b0 Uncommon trap: reason=bimorphic_or_optimized_type_check action=maybe_recompile pc=0x00000265d2b1fdd4 method=java.util.HashMap.putVal(ILjava/lang/Object;Ljava/lang/Object;ZZ)Ljava/lang/Object; @ 56 c2
Event: 0.404 Thread 0x00000265c30db3b0 DEOPT PACKING pc=0x00000265d2b1fdd4 sp=0x0000006a0d7fd9a0
Event: 0.404 Thread 0x00000265c30db3b0 DEOPT UNPACKING pc=0x00000265d25c6da3 sp=0x0000006a0d7fd938 mode 2
Event: 0.404 Thread 0x00000265c30db3b0 Uncommon trap: trap_request=0xffffffc6 fr.pc=0x00000265d2b1fdd4 relative=0x0000000000000f94
Event: 0.404 Thread 0x00000265c30db3b0 Uncommon trap: reason=bimorphic_or_optimized_type_check action=maybe_recompile pc=0x00000265d2b1fdd4 method=java.util.HashMap.putVal(ILjava/lang/Object;Ljava/lang/Object;ZZ)Ljava/lang/Object; @ 56 c2
Event: 0.404 Thread 0x00000265c30db3b0 DEOPT PACKING pc=0x00000265d2b1fdd4 sp=0x0000006a0d7fd9a0
Event: 0.404 Thread 0x00000265c30db3b0 DEOPT UNPACKING pc=0x00000265d25c6da3 sp=0x0000006a0d7fd938 mode 2
Event: 0.404 Thread 0x00000265c30db3b0 Uncommon trap: trap_request=0xffffffc6 fr.pc=0x00000265d2b1fdd4 relative=0x0000000000000f94
Event: 0.404 Thread 0x00000265c30db3b0 Uncommon trap: reason=bimorphic_or_optimized_type_check action=maybe_recompile pc=0x00000265d2b1fdd4 method=java.util.HashMap.putVal(ILjava/lang/Object;Ljava/lang/Object;ZZ)Ljava/lang/Object; @ 56 c2
Event: 0.404 Thread 0x00000265c30db3b0 DEOPT PACKING pc=0x00000265d2b1fdd4 sp=0x0000006a0d7fd9a0
Event: 0.404 Thread 0x00000265c30db3b0 DEOPT UNPACKING pc=0x00000265d25c6da3 sp=0x0000006a0d7fd938 mode 2
Event: 0.404 Thread 0x00000265c30db3b0 Uncommon trap: trap_request=0xffffffc6 fr.pc=0x00000265d2b1fe18 relative=0x0000000000000fd8
Event: 0.404 Thread 0x00000265c30db3b0 Uncommon trap: reason=bimorphic_or_optimized_type_check action=maybe_recompile pc=0x00000265d2b1fe18 method=java.util.HashMap.putVal(ILjava/lang/Object;Ljava/lang/Object;ZZ)Ljava/lang/Object; @ 152 c2
Event: 0.404 Thread 0x00000265c30db3b0 DEOPT PACKING pc=0x00000265d2b1fe18 sp=0x0000006a0d7fd9a0
Event: 0.404 Thread 0x00000265c30db3b0 DEOPT UNPACKING pc=0x00000265d25c6da3 sp=0x0000006a0d7fd940 mode 2
Event: 0.404 Thread 0x00000265c30db3b0 Uncommon trap: trap_request=0xffffffc6 fr.pc=0x00000265d2b1fdd4 relative=0x0000000000000f94
Event: 0.404 Thread 0x00000265c30db3b0 Uncommon trap: reason=bimorphic_or_optimized_type_check action=maybe_recompile pc=0x00000265d2b1fdd4 method=java.util.HashMap.putVal(ILjava/lang/Object;Ljava/lang/Object;ZZ)Ljava/lang/Object; @ 56 c2
Event: 0.404 Thread 0x00000265c30db3b0 DEOPT PACKING pc=0x00000265d2b1fdd4 sp=0x0000006a0d7fd9a0
Event: 0.404 Thread 0x00000265c30db3b0 DEOPT UNPACKING pc=0x00000265d25c6da3 sp=0x0000006a0d7fd938 mode 2

Classes loaded (20 events):
Event: 0.405 Loading class java/lang/ProcessEnvironment$CheckedEntrySet
Event: 0.405 Loading class java/lang/ProcessEnvironment$CheckedEntrySet done
Event: 0.405 Loading class java/lang/ProcessEnvironment$CheckedEntrySet$1
Event: 0.405 Loading class java/lang/ProcessEnvironment$CheckedEntrySet$1 done
Event: 0.405 Loading class java/lang/ProcessEnvironment$CheckedEntry
Event: 0.405 Loading class java/lang/ProcessEnvironment$CheckedEntry done
Event: 0.409 Loading class java/util/concurrent/BlockingDeque
Event: 0.409 Loading class java/util/concurrent/BlockingDeque done
Event: 0.409 Loading class java/util/concurrent/LinkedBlockingDeque
Event: 0.410 Loading class java/util/concurrent/LinkedBlockingDeque done
Event: 0.421 Loading class java/util/concurrent/FutureTask
Event: 0.421 Loading class java/util/concurrent/FutureTask done
Event: 0.422 Loading class java/util/concurrent/CancellationException
Event: 0.422 Loading class java/util/concurrent/CancellationException done
Event: 0.422 Loading class java/util/concurrent/ExecutionException
Event: 0.422 Loading class java/util/concurrent/ExecutionException done
Event: 0.422 Loading class java/util/concurrent/FutureTask$WaitNode
Event: 0.422 Loading class java/util/concurrent/FutureTask$WaitNode done
Event: 0.422 Loading class java/util/concurrent/Executors$RunnableAdapter
Event: 0.422 Loading class java/util/concurrent/Executors$RunnableAdapter done

Classes unloaded (0 events):
No events

Classes redefined (0 events):
No events

Internal exceptions (13 events):
Event: 0.092 Thread 0x00000265c30db3b0 Exception <a 'sun/nio/fs/WindowsException'{0x0000000089c456f0}> (0x0000000089c456f0) 
thrown [s\open\src\hotspot\share\prims\jni.cpp, line 517]
Event: 0.092 Thread 0x00000265c30db3b0 Exception <a 'sun/nio/fs/WindowsException'{0x0000000089c45b28}> (0x0000000089c45b28) 
thrown [s\open\src\hotspot\share\prims\jni.cpp, line 517]
Event: 0.204 Thread 0x00000265c30db3b0 Exception <a 'java/lang/NoSuchMethodError'{0x00000000896f3e60}: 'void java.lang.invoke.DirectMethodHandle$Holder.invokeStatic(java.lang.Object, java.lang.Object, java.lang.Object)'> (0x00000000896f3e60) 
thrown [s\open\src\hotspot\share\interpreter\linkResolver.cpp, line 774]
Event: 0.210 Thread 0x00000265c30db3b0 Exception <a 'java/lang/NoSuchMethodError'{0x000000008950bf50}: 'java.lang.Object java.lang.invoke.Invokers$Holder.invokeExact_MT(java.lang.Object, java.lang.Object, java.lang.Object, java.lang.Object, java.lang.Object)'> (0x000000008950bf50) 
thrown [s\open\src\hotspot\share\interpreter\linkResolver.cpp, line 774]
Event: 0.224 Thread 0x00000265c30db3b0 Exception <a 'java/lang/NoSuchMethodError'{0x0000000089412698}: 'java.lang.Object java.lang.invoke.DirectMethodHandle$Holder.invokeStaticInit(java.lang.Object)'> (0x0000000089412698) 
thrown [s\open\src\hotspot\share\interpreter\linkResolver.cpp, line 774]
Event: 0.226 Thread 0x00000265c30db3b0 Exception <a 'java/lang/NoSuchMethodError'{0x0000000089418f08}: 'void java.lang.invoke.DirectMethodHandle$Holder.invokeStatic(java.lang.Object, java.lang.Object, java.lang.Object, java.lang.Object)'> (0x0000000089418f08) 
thrown [s\open\src\hotspot\share\interpreter\linkResolver.cpp, line 774]
Event: 0.227 Thread 0x00000265c30db3b0 Exception <a 'java/lang/NoSuchMethodError'{0x000000008941cc50}: 'void java.lang.invoke.DirectMethodHandle$Holder.invokeSpecial(java.lang.Object, java.lang.Object, java.lang.Object, java.lang.Object, java.lang.Object)'> (0x000000008941cc50) 
thrown [s\open\src\hotspot\share\interpreter\linkResolver.cpp, line 774]
Event: 0.227 Thread 0x00000265e5cc5320 Exception <a 'java/lang/NoSuchMethodError'{0x000000008957dbe8}: 'void java.lang.invoke.DirectMethodHandle$Holder.invokeStatic(java.lang.Object, java.lang.Object)'> (0x000000008957dbe8) 
thrown [s\open\src\hotspot\share\interpreter\linkResolver.cpp, line 774]
Event: 0.231 Thread 0x00000265c30db3b0 Exception <a 'java/lang/NoSuchMethodError'{0x000000008942f420}: 'java.lang.Object java.lang.invoke.Invokers$Holder.invokeExact_MT(java.lang.Object, java.lang.Object, java.lang.Object, java.lang.Object, java.lang.Object, java.lang.Object)'> (0x000000008942f420) 
thrown [s\open\src\hotspot\share\interpreter\linkResolver.cpp, line 774]
Event: 0.363 Thread 0x00000265c30db3b0 Exception <a 'java/lang/NoSuchMethodError'{0x0000000089136760}: 'void java.lang.invoke.DirectMethodHandle$Holder.invokeSpecial(java.lang.Object, java.lang.Object, java.lang.Object)'> (0x0000000089136760) 
thrown [s\open\src\hotspot\share\interpreter\linkResolver.cpp, line 774]
Event: 0.392 Thread 0x00000265c30db3b0 Exception <a 'java/lang/NoSuchMethodError'{0x00000000891fd9f8}: 'int java.lang.invoke.DirectMethodHandle$Holder.invokeStaticInit(java.lang.Object, java.lang.Object, java.lang.Object)'> (0x00000000891fd9f8) 
thrown [s\open\src\hotspot\share\interpreter\linkResolver.cpp, line 774]
Event: 0.413 Thread 0x00000265c30db3b0 Exception <a 'java/lang/NoSuchMethodError'{0x00000000890ac858}: 'java.lang.Object java.lang.invoke.DirectMethodHandle$Holder.newInvokeSpecial(java.lang.Object, java.lang.Object, int, java.lang.Object)'> (0x00000000890ac858) 
thrown [s\open\src\hotspot\share\interpreter\linkResolver.cpp, line 774]
Event: 0.414 Thread 0x00000265c30db3b0 Exception <a 'java/lang/NoSuchMethodError'{0x00000000890b0c50}: 'java.lang.Object java.lang.invoke.DirectMethodHandle$Holder.invokeSpecial(java.lang.Object, java.lang.Object, java.lang.Object, int, java.lang.Object)'> (0x00000000890b0c50) 
thrown [s\open\src\hotspot\share\interpreter\linkResolver.cpp, line 774]

VM Operations (8 events):
Event: 0.098 Executing VM operation: HandshakeAllThreads
Event: 0.098 Executing VM operation: HandshakeAllThreads done
Event: 0.171 Executing VM operation: HandshakeAllThreads
Event: 0.171 Executing VM operation: HandshakeAllThreads done
Event: 0.219 Executing VM operation: HandshakeAllThreads
Event: 0.219 Executing VM operation: HandshakeAllThreads done
Event: 0.404 Executing VM operation: HandshakeAllThreads
Event: 0.404 Executing VM operation: HandshakeAllThreads done

Events (18 events):
Event: 0.020 Thread 0x00000265c30db3b0 Thread added: 0x00000265c30db3b0
Event: 0.037 Thread 0x00000265e18a6210 Thread added: 0x00000265e18a6210
Event: 0.037 Thread 0x00000265e18acc70 Thread added: 0x00000265e18acc70
Event: 0.037 Thread 0x00000265e18af910 Thread added: 0x00000265e18af910
Event: 0.037 Thread 0x00000265e18b0240 Thread added: 0x00000265e18b0240
Event: 0.037 Thread 0x00000265e18b1180 Thread added: 0x00000265e18b1180
Event: 0.037 Thread 0x00000265e18b1ab0 Thread added: 0x00000265e18b1ab0
Event: 0.038 Thread 0x00000265e18b8030 Thread added: 0x00000265e18b8030
Event: 0.038 Thread 0x00000265e18c25d0 Thread added: 0x00000265e18c25d0
Event: 0.038 Thread 0x00000265e18cab40 Thread added: 0x00000265e18cab40
Event: 0.075 Thread 0x00000265e5cc4dd0 Thread added: 0x00000265e5cc4dd0
Event: 0.139 Thread 0x00000265e5e62850 Thread added: 0x00000265e5e62850
Event: 0.139 Thread 0x00000265e5e62dd0 Thread added: 0x00000265e5e62dd0
Event: 0.216 Thread 0x00000265e5cc5320 Thread added: 0x00000265e5cc5320
Event: 0.216 Thread 0x00000265e5cc28a0 Thread added: 0x00000265e5cc28a0
Event: 0.372 Thread 0x00000265e5cc1e00 Thread added: 0x00000265e5cc1e00
Event: 0.410 Thread 0x00000265e5cc2df0 Thread added: 0x00000265e5cc2df0
Event: 0.415 Thread 0x00000265e5cc2350 Thread added: 0x00000265e5cc2350


Dynamic libraries:
0x00007ff70f690000 - 0x00007ff70f69e000 	C:\Users\Admin\.jdks\openjdk-19.0.1\bin\java.exe
0x00007ffd7ca50000 - 0x00007ffd7cc64000 	C:\WINDOWS\SYSTEM32\ntdll.dll
0x00007ffd7b310000 - 0x00007ffd7b3d2000 	C:\WINDOWS\System32\KERNEL32.DLL
0x00007ffd7a420000 - 0x00007ffd7a7bc000 	C:\WINDOWS\System32\KERNELBASE.dll
0x00007ffd79fe0000 - 0x00007ffd7a0f1000 	C:\WINDOWS\System32\ucrtbase.dll
0x00007ffd6b050000 - 0x00007ffd6b06b000 	C:\Users\Admin\.jdks\openjdk-19.0.1\bin\VCRUNTIME140.dll
0x00007ffd6e090000 - 0x00007ffd6e0a7000 	C:\Users\Admin\.jdks\openjdk-19.0.1\bin\jli.dll
0x00007ffd7b4e0000 - 0x00007ffd7b68b000 	C:\WINDOWS\System32\USER32.dll
0x00007ffd5f800000 - 0x00007ffd5fa8e000 	C:\WINDOWS\WinSxS\amd64_microsoft.windows.common-controls_6595b64144ccf1df_6.0.22621.317_none_a9434687c10c9fa2\COMCTL32.dll
0x00007ffd79e90000 - 0x00007ffd79eb6000 	C:\WINDOWS\System32\win32u.dll
0x00007ffd7b430000 - 0x00007ffd7b459000 	C:\WINDOWS\System32\GDI32.dll
0x00007ffd7ae90000 - 0x00007ffd7af37000 	C:\WINDOWS\System32\msvcrt.dll
0x00007ffd79ec0000 - 0x00007ffd79fd2000 	C:\WINDOWS\System32\gdi32full.dll
0x00007ffd7a7c0000 - 0x00007ffd7a85a000 	C:\WINDOWS\System32\msvcp_win.dll
0x00007ffd7abd0000 - 0x00007ffd7ac01000 	C:\WINDOWS\System32\IMM32.DLL
0x00007ffd772c0000 - 0x00007ffd772cc000 	C:\Users\Admin\.jdks\openjdk-19.0.1\bin\vcruntime140_1.dll
0x00007ffd60000000 - 0x00007ffd6008e000 	C:\Users\Admin\.jdks\openjdk-19.0.1\bin\msvcp140.dll
0x00007ffd3ed30000 - 0x00007ffd3f9f0000 	C:\Users\Admin\.jdks\openjdk-19.0.1\bin\server\jvm.dll
0x00007ffd7b690000 - 0x00007ffd7b73e000 	C:\WINDOWS\System32\ADVAPI32.dll
0x00007ffd7af40000 - 0x00007ffd7afe4000 	C:\WINDOWS\System32\sechost.dll
0x00007ffd7c8f0000 - 0x00007ffd7ca05000 	C:\WINDOWS\System32\RPCRT4.dll
0x00007ffd77260000 - 0x00007ffd77269000 	C:\WINDOWS\SYSTEM32\WSOCK32.dll
0x00007ffd70940000 - 0x00007ffd7094a000 	C:\WINDOWS\SYSTEM32\VERSION.dll
0x00007ffd73590000 - 0x00007ffd735c4000 	C:\WINDOWS\SYSTEM32\WINMM.dll
0x00007ffd7ac90000 - 0x00007ffd7ad01000 	C:\WINDOWS\System32\WS2_32.dll
0x00007ffd78ed0000 - 0x00007ffd78ee8000 	C:\WINDOWS\SYSTEM32\kernel.appcore.dll
0x00007ffd70970000 - 0x00007ffd7097a000 	C:\Users\Admin\.jdks\openjdk-19.0.1\bin\jimage.dll
0x00007ffd5edc0000 - 0x00007ffd5efee000 	C:\WINDOWS\SYSTEM32\DBGHELP.DLL
0x00007ffd7c0e0000 - 0x00007ffd7c469000 	C:\WINDOWS\System32\combase.dll
0x00007ffd7adb0000 - 0x00007ffd7ae87000 	C:\WINDOWS\System32\OLEAUT32.dll
0x00007ffd5e6d0000 - 0x00007ffd5e702000 	C:\WINDOWS\SYSTEM32\dbgcore.DLL
0x00007ffd7a270000 - 0x00007ffd7a2eb000 	C:\WINDOWS\System32\bcryptPrimitives.dll
0x00007ffd760f0000 - 0x00007ffd760fe000 	C:\Users\Admin\.jdks\openjdk-19.0.1\bin\instrument.dll
0x00007ffd6ae70000 - 0x00007ffd6ae96000 	C:\Users\Admin\.jdks\openjdk-19.0.1\bin\java.dll
0x00007ffd4b480000 - 0x00007ffd4b557000 	C:\Users\Admin\.jdks\openjdk-19.0.1\bin\jsvml.dll
0x00007ffd7b900000 - 0x00007ffd7c0db000 	C:\WINDOWS\System32\SHELL32.dll
0x00007ffd77ea0000 - 0x00007ffd78755000 	C:\WINDOWS\SYSTEM32\windows.storage.dll
0x00007ffd77d60000 - 0x00007ffd77e9d000 	C:\WINDOWS\SYSTEM32\wintypes.dll
0x00007ffd7b200000 - 0x00007ffd7b2f1000 	C:\WINDOWS\System32\SHCORE.dll
0x00007ffd7ac10000 - 0x00007ffd7ac6e000 	C:\WINDOWS\System32\shlwapi.dll
0x00007ffd79dc0000 - 0x00007ffd79de1000 	C:\WINDOWS\SYSTEM32\profapi.dll
0x00007ffd65b30000 - 0x00007ffd65b43000 	C:\Users\Admin\.jdks\openjdk-19.0.1\bin\net.dll
0x00007ffd73740000 - 0x00007ffd7386f000 	C:\WINDOWS\SYSTEM32\WINHTTP.dll
0x00007ffd79320000 - 0x00007ffd79389000 	C:\WINDOWS\system32\mswsock.dll
0x00007ffd65b10000 - 0x00007ffd65b26000 	C:\Users\Admin\.jdks\openjdk-19.0.1\bin\nio.dll
0x00007ffd65af0000 - 0x00007ffd65b08000 	C:\Users\Admin\.jdks\openjdk-19.0.1\bin\zip.dll
0x00007ffd65a90000 - 0x00007ffd65aaa000 	C:\Program Files\JetBrains\IntelliJ IDEA Community Edition 2022.2.1\bin\breakgen64.dll
0x00007ffd70800000 - 0x00007ffd70808000 	C:\Users\Admin\.jdks\openjdk-19.0.1\bin\extnet.dll
0x00000265c3000000 - 0x00000265c3003000 	C:\Java\javafx-sdk-19\bin\api-ms-win-core-console-l1-1-0.dll
0x00000265c3010000 - 0x00000265c3013000 	C:\Java\javafx-sdk-19\bin\api-ms-win-core-console-l1-2-0.dll
0x00000265c3020000 - 0x00000265c3023000 	C:\Java\javafx-sdk-19\bin\api-ms-win-core-datetime-l1-1-0.dll
0x00000265c3030000 - 0x00000265c3033000 	C:\Java\javafx-sdk-19\bin\api-ms-win-core-debug-l1-1-0.dll
0x00000265c3040000 - 0x00000265c3043000 	C:\Java\javafx-sdk-19\bin\api-ms-win-core-errorhandling-l1-1-0.dll
0x00000265c3050000 - 0x00000265c3054000 	C:\Java\javafx-sdk-19\bin\api-ms-win-core-file-l1-1-0.dll
0x00000265c3060000 - 0x00000265c3063000 	C:\Java\javafx-sdk-19\bin\api-ms-win-core-file-l1-2-0.dll
0x00000265c3070000 - 0x00000265c3073000 	C:\Java\javafx-sdk-19\bin\api-ms-win-core-file-l2-1-0.dll
0x00000265c3080000 - 0x00000265c3083000 	C:\Java\javafx-sdk-19\bin\api-ms-win-core-handle-l1-1-0.dll
0x00000265c3090000 - 0x00000265c3093000 	C:\Java\javafx-sdk-19\bin\api-ms-win-core-heap-l1-1-0.dll
0x00000265e1a00000 - 0x00000265e1a03000 	C:\Java\javafx-sdk-19\bin\api-ms-win-core-interlocked-l1-1-0.dll
0x00000265e1a10000 - 0x00000265e1a13000 	C:\Java\javafx-sdk-19\bin\api-ms-win-core-libraryloader-l1-1-0.dll
0x00000265e1a20000 - 0x00000265e1a23000 	C:\Java\javafx-sdk-19\bin\api-ms-win-core-localization-l1-2-0.dll
0x00000265e1a30000 - 0x00000265e1a33000 	C:\Java\javafx-sdk-19\bin\api-ms-win-core-memory-l1-1-0.dll
0x00000265e1a40000 - 0x00000265e1a43000 	C:\Java\javafx-sdk-19\bin\api-ms-win-core-namedpipe-l1-1-0.dll
0x00000265e1a50000 - 0x00000265e1a53000 	C:\Java\javafx-sdk-19\bin\api-ms-win-core-processenvironment-l1-1-0.dll
0x00000265e1a60000 - 0x00000265e1a63000 	C:\Java\javafx-sdk-19\bin\api-ms-win-core-processthreads-l1-1-0.dll
0x00000265e1a70000 - 0x00000265e1a73000 	C:\Java\javafx-sdk-19\bin\api-ms-win-core-processthreads-l1-1-1.dll
0x00000265e1a80000 - 0x00000265e1a83000 	C:\Java\javafx-sdk-19\bin\api-ms-win-core-profile-l1-1-0.dll
0x00000265e1a90000 - 0x00000265e1a93000 	C:\Java\javafx-sdk-19\bin\api-ms-win-core-rtlsupport-l1-1-0.dll
0x00000265e1aa0000 - 0x00000265e1aa3000 	C:\Java\javafx-sdk-19\bin\api-ms-win-core-string-l1-1-0.dll
0x00000265e1ab0000 - 0x00000265e1ab3000 	C:\Java\javafx-sdk-19\bin\api-ms-win-core-synch-l1-1-0.dll
0x00000265e1ac0000 - 0x00000265e1ac3000 	C:\Java\javafx-sdk-19\bin\api-ms-win-core-synch-l1-2-0.dll
0x00000265e1ad0000 - 0x00000265e1ad3000 	C:\Java\javafx-sdk-19\bin\api-ms-win-core-sysinfo-l1-1-0.dll
0x00000265e1ae0000 - 0x00000265e1ae3000 	C:\Java\javafx-sdk-19\bin\api-ms-win-core-timezone-l1-1-0.dll
0x00000265e1af0000 - 0x00000265e1af3000 	C:\Java\javafx-sdk-19\bin\api-ms-win-core-util-l1-1-0.dll
0x00000265e1b00000 - 0x00000265e1b03000 	C:\Java\javafx-sdk-19\bin\api-ms-win-crt-conio-l1-1-0.dll
0x00000265e1b10000 - 0x00000265e1b14000 	C:\Java\javafx-sdk-19\bin\api-ms-win-crt-convert-l1-1-0.dll
0x00000265e1b20000 - 0x00000265e1b23000 	C:\Java\javafx-sdk-19\bin\api-ms-win-crt-environment-l1-1-0.dll
0x00000265e1b30000 - 0x00000265e1b33000 	C:\Java\javafx-sdk-19\bin\api-ms-win-crt-filesystem-l1-1-0.dll
0x00000265e1b40000 - 0x00000265e1b43000 	C:\Java\javafx-sdk-19\bin\api-ms-win-crt-heap-l1-1-0.dll
0x00000265e1b50000 - 0x00000265e1b53000 	C:\Java\javafx-sdk-19\bin\api-ms-win-crt-locale-l1-1-0.dll
0x00000265e1b60000 - 0x00000265e1b65000 	C:\Java\javafx-sdk-19\bin\api-ms-win-crt-math-l1-1-0.dll
0x00000265e1b70000 - 0x00000265e1b75000 	C:\Java\javafx-sdk-19\bin\api-ms-win-crt-multibyte-l1-1-0.dll
0x00000265e1b80000 - 0x00000265e1b90000 	C:\Java\javafx-sdk-19\bin\api-ms-win-crt-private-l1-1-0.dll
0x00000265e1b90000 - 0x00000265e1b93000 	C:\Java\javafx-sdk-19\bin\api-ms-win-crt-process-l1-1-0.dll
0x00000265e1ba0000 - 0x00000265e1ba4000 	C:\Java\javafx-sdk-19\bin\api-ms-win-crt-runtime-l1-1-0.dll
0x00000265e1bb0000 - 0x00000265e1bb4000 	C:\Java\javafx-sdk-19\bin\api-ms-win-crt-stdio-l1-1-0.dll
0x00000265e1bc0000 - 0x00000265e1bc4000 	C:\Java\javafx-sdk-19\bin\api-ms-win-crt-string-l1-1-0.dll
0x00000265e1bd0000 - 0x00000265e1bd3000 	C:\Java\javafx-sdk-19\bin\api-ms-win-crt-time-l1-1-0.dll
0x00000265e1be0000 - 0x00000265e1be3000 	C:\Java\javafx-sdk-19\bin\api-ms-win-crt-utility-l1-1-0.dll
0x00007ffd49940000 - 0x00007ffd49a3c000 	C:\Java\javafx-sdk-19\bin\ucrtbase.dll
0x00007ffd659a0000 - 0x00007ffd659bb000 	C:\Java\javafx-sdk-19\bin\vcruntime140.dll
0x00007ffd760e0000 - 0x00007ffd760ec000 	C:\Java\javafx-sdk-19\bin\vcruntime140_1.dll
0x00007ffd4d640000 - 0x00007ffd4d6ce000 	C:\Java\javafx-sdk-19\bin\msvcp140.dll
0x00007ffd6b100000 - 0x00007ffd6b109000 	C:\Java\javafx-sdk-19\bin\msvcp140_1.dll
0x00007ffd65740000 - 0x00007ffd65770000 	C:\Java\javafx-sdk-19\bin\msvcp140_2.dll
0x00007ffd654a0000 - 0x00007ffd654cc000 	C:\Java\javafx-sdk-19\bin\prism_d3d.dll
0x00007ffd49670000 - 0x00007ffd49818000 	C:\WINDOWS\system32\d3d9.dll
0x00007ffd77c20000 - 0x00007ffd77c4b000 	C:\WINDOWS\SYSTEM32\dwmapi.dll
0x00007ffd775c0000 - 0x00007ffd775f6000 	C:\WINDOWS\SYSTEM32\dxcore.dll
0x00007ffd774e0000 - 0x00007ffd7758b000 	C:\WINDOWS\system32\uxtheme.dll
0x00007ffd490c0000 - 0x00007ffd492af000 	C:\WINDOWS\System32\DriverStore\FileRepository\igdlh64.inf_amd64_ceddadac8a2b489e\igdumdim64.dll
0x00007ffd38c70000 - 0x00007ffd3bee4000 	C:\WINDOWS\System32\DriverStore\FileRepository\igdlh64.inf_amd64_ceddadac8a2b489e\igd9dxva64.dll
0x00007ffd7b000000 - 0x00007ffd7b19c000 	C:\WINDOWS\System32\ole32.dll
0x00007ffd73040000 - 0x00007ffd73089000 	C:\WINDOWS\SYSTEM32\directxdatabasehelper.dll
0x00007ffd5e2d0000 - 0x00007ffd5e312000 	C:\Java\javafx-sdk-19\bin\glass.dll
0x00007ffd7aaa0000 - 0x00007ffd7ab95000 	C:\WINDOWS\System32\COMDLG32.dll
0x00007ffd7a860000 - 0x00007ffd7a97e000 	C:\WINDOWS\System32\MSCTF.dll

dbghelp: loaded successfully - version: 4.0.5 - missing functions: none
symbol engine: initialized successfully - sym options: 0x614 - pdb path: .;C:\Users\Admin\.jdks\openjdk-19.0.1\bin;C:\WINDOWS\SYSTEM32;C:\WINDOWS\WinSxS\amd64_microsoft.windows.common-controls_6595b64144ccf1df_6.0.22621.317_none_a9434687c10c9fa2;C:\Users\Admin\.jdks\openjdk-19.0.1\bin\server;C:\Program Files\JetBrains\IntelliJ IDEA Community Edition 2022.2.1\bin;C:\Java\javafx-sdk-19\bin;C:\WINDOWS\System32\DriverStore\FileRepository\igdlh64.inf_amd64_ceddadac8a2b489e

VM Arguments:
jvm_args: --module-path=C:\Java\javafx-sdk-19\lib --add-modules=javafx.controls,javafx.fxml -javaagent:C:\Program Files\JetBrains\IntelliJ IDEA Community Edition 2022.2.1\lib\idea_rt.jar=51357:C:\Program Files\JetBrains\IntelliJ IDEA Community Edition 2022.2.1\bin -Dfile.encoding=UTF-8 -Dsun.stdout.encoding=UTF-8 -Dsun.stderr.encoding=UTF-8 
java_command: Game.MainGame
java_class_path (initial): D:\BTL\bomberman-game\target\classes;C:\Users\Admin\.m2\repository\org\openjfx\javafx-controls\19-ea+7\javafx-controls-19-ea+7.jar;C:\Users\Admin\.m2\repository\org\openjfx\javafx-controls\19-ea+7\javafx-controls-19-ea+7-win.jar;C:\Users\Admin\.m2\repository\org\openjfx\javafx-graphics\19-ea+7\javafx-graphics-19-ea+7.jar;C:\Users\Admin\.m2\repository\org\openjfx\javafx-graphics\19-ea+7\javafx-graphics-19-ea+7-win.jar;C:\Users\Admin\.m2\repository\org\openjfx\javafx-base\19-ea+7\javafx-base-19-ea+7.jar;C:\Users\Admin\.m2\repository\org\openjfx\javafx-base\19-ea+7\javafx-base-19-ea+7-win.jar;C:\Users\Admin\.m2\repository\org\openjfx\javafx-fxml\19-ea+7\javafx-fxml-19-ea+7.jar;C:\Users\Admin\.m2\repository\org\openjfx\javafx-fxml\19-ea+7\javafx-fxml-19-ea+7-win.jar;C:\Users\Admin\.m2\repository\org\controlsfx\controlsfx\11.1.1\controlsfx-11.1.1.jar;C:\Users\Admin\.m2\repository\org\kordamp\bootstrapfx\bootstrapfx-core\0.4.0\bootstrapfx-core-0.4.0.jar
Launcher Type: SUN_STANDARD

[Global flags]
     intx CICompilerCount                          = 4                                         {product} {ergonomic}
     uint ConcGCThreads                            = 2                                         {product} {ergonomic}
     uint G1ConcRefinementThreads                  = 8                                         {product} {ergonomic}
   size_t G1HeapRegionSize                         = 1048576                                   {product} {ergonomic}
    uintx GCDrainStackTargetSize                   = 64                                        {product} {ergonomic}
   size_t InitialHeapSize                          = 134217728                                 {product} {ergonomic}
   size_t MarkStackSize                            = 4194304                                   {product} {ergonomic}
   size_t MaxHeapSize                              = 2116026368                                {product} {ergonomic}
   size_t MaxNewSize                               = 1268776960                                {product} {ergonomic}
   size_t MinHeapDeltaBytes                        = 1048576                                   {product} {ergonomic}
   size_t MinHeapSize                              = 8388608                                   {product} {ergonomic}
    uintx NonNMethodCodeHeapSize                   = 5839372                                {pd product} {ergonomic}
    uintx NonProfiledCodeHeapSize                  = 122909434                              {pd product} {ergonomic}
    uintx ProfiledCodeHeapSize                     = 122909434                              {pd product} {ergonomic}
    uintx ReservedCodeCacheSize                    = 251658240                              {pd product} {ergonomic}
     bool SegmentedCodeCache                       = true                                      {product} {ergonomic}
   size_t SoftMaxHeapSize                          = 2116026368                             {manageable} {ergonomic}
     bool UseCompressedClassPointers               = true                           {product lp64_product} {ergonomic}
     bool UseCompressedOops                        = true                           {product lp64_product} {ergonomic}
     bool UseG1GC                                  = true                                      {product} {ergonomic}
     bool UseLargePagesIndividualAllocation        = false                                  {pd product} {ergonomic}

Logging:
Log output configuration:
 #0: stdout all=warning uptime,level,tags foldmultilines=false
 #1: stderr all=off uptime,level,tags foldmultilines=false

Environment Variables:
JAVA_HOME=C:\Program Files\Java\jdk-18.0.2.1
PATH=C:\Python310\Scripts\;C:\Python310\;C:\Program Files\Eclipse Adoptium\jdk-17.0.4.101-hotspot\bin;C:\Program Files\Common Files\Oracle\Java\javapath;C:\WINDOWS\system32;C:\WINDOWS;C:\WINDOWS\System32\Wbem;C:\WINDOWS\System32\WindowsPowerShell\v1.0\;C:\WINDOWS\System32\OpenSSH\;C:\Program Files\CodeBlocks\MinGW\bin;C:\Program Files\Git\cmd;C:\Program Files\Cloudflare\Cloudflare WARP\;C:\Program Files\nodejs\;C:\ProgramData\chocolatey\bin;C:\Program Files\SQLite\sqlite3;C:\Users\Admin\AppData\Local\Microsoft\WindowsApps;C:\Program Files\JetBrains\PyCharm 2022.1.2\bin;;C:\Users\Admin\AppData\Local\GitHubDesktop\bin;;C:\Program Files\JetBrains\IntelliJ IDEA Community Edition 2022.2.1\bin;;C:\Users\Admin\AppData\Roaming\npm;C:\Users\Admin\AppData\Local\Programs\Microsoft VS Code\bin
USERNAME=Admin
OS=Windows_NT
PROCESSOR_IDENTIFIER=Intel64 Family 6 Model 142 Stepping 10, GenuineIntel
TMP=C:\Users\Admin\AppData\Local\Temp
TEMP=C:\Users\Admin\AppData\Local\Temp



---------------  S Y S T E M  ---------------

OS:
 Windows 11 , 64 bit Build 22621 (10.0.22621.457)
OS uptime: 0 days 3:10 hours
Hyper-V role detected

CPU: total 8 (initial active 8) (4 cores per cpu, 2 threads per core) family 6 model 142 stepping 10 microcode 0xe0, cx8, cmov, fxsr, ht, mmx, 3dnowpref, sse, sse2, sse3, ssse3, sse4.1, sse4.2, popcnt, lzcnt, tsc, tscinvbit, avx, avx2, aes, erms, clmul, bmi1, bmi2, adx, fma, vzeroupper, clflush, clflushopt, hv, rdtscp

Memory: 4k page, system-wide physical 8069M (1098M free)
TotalPageFile size 8069M (AvailPageFile size 5M)
current process WorkingSet (physical memory assigned to process): 66M, peak: 66M
current process commit charge ("private bytes"): 235M, peak: 242M

vm_info: OpenJDK 64-Bit Server VM (19.0.1+10-21) for windows-amd64 JRE (19.0.1+10-21), built on 2022-09-14T12:45:06Z by "mach5one" with MS VC++ 17.1 (VS2022)

END.
