#
# There is insufficient memory for the Java Runtime Environment to continue.
# Native memory allocation (malloc) failed to allocate 32744 bytes for Chunk::new
# Possible reasons:
#   The system is out of physical RAM or swap space
#   The process is running with CompressedOops enabled, and the Java Heap may be blocking the growth of the native heap
# Possible solutions:
#   Reduce memory load on the system
#   Increase physical memory or swap space
#   Check if swap backing store is full
#   Decrease Java heap size (-Xmx/-Xms)
#   Decrease number of Java threads
#   Decrease Java thread stack sizes (-Xss)
#   Set larger code cache with -XX:ReservedCodeCacheSize=
#   JVM is running with Unscaled Compressed Oops mode in which the Java heap is
#     placed in the first 4GB address space. The Java Heap base address is the
#     maximum limit for the native heap growth. Please use -XX:HeapBaseMinAddress
#     to set the Java Heap base and to place the Java Heap above 4GB virtual address.
# This output file may be truncated or incomplete.
#
#  Out of Memory Error (arena.cpp:184), pid=8808, tid=3724
#
# JRE version: OpenJDK Runtime Environment (19.0.1+10) (build 19.0.1+10-21)
# Java VM: OpenJDK 64-Bit Server VM (19.0.1+10-21, mixed mode, sharing, tiered, compressed oops, compressed class ptrs, g1 gc, windows-amd64)
# No core dump will be written. Minidumps are not enabled by default on client versions of Windows
#

---------------  S U M M A R Y ------------

Command Line: --module-path=C:\Java\javafx-sdk-19\lib --add-modules=javafx.controls,javafx.fxml -javaagent:C:\Program Files\JetBrains\IntelliJ IDEA Community Edition 2022.2.1\lib\idea_rt.jar=50403:C:\Program Files\JetBrains\IntelliJ IDEA Community Edition 2022.2.1\bin -Dfile.encoding=UTF-8 -Dsun.stdout.encoding=UTF-8 -Dsun.stderr.encoding=UTF-8 Game.MainGame

Host: Intel(R) Core(TM) i5-8250U CPU @ 1.60GHz, 8 cores, 7G,  Windows 11 , 64 bit Build 22621 (10.0.22621.457)
Time: Mon Oct 24 23:47:23 2022 SE Asia Standard Time elapsed time: 17.648171 seconds (0d 0h 0m 17s)

---------------  T H R E A D  ---------------

Current thread (0x000001b9c01ae7a0):  JavaThread "C2 CompilerThread0" daemon [_thread_in_native, id=3724, stack(0x0000000a4e300000,0x0000000a4e400000)]


Current CompileTask:
C2:  17648 2713       4       Entity.Animate.Character.Character::move (89 bytes)

Stack: [0x0000000a4e300000,0x0000000a4e400000]
Native frames: (J=compiled Java code, j=interpreted, Vv=VM code, C=native code)
V  [jvm.dll+0x6ee8fa]
V  [jvm.dll+0x857a1e]
V  [jvm.dll+0x85940e]
V  [jvm.dll+0x859ac3]
V  [jvm.dll+0x28291f]
V  [jvm.dll+0xc9b5f]
V  [jvm.dll+0xc9ee5]
V  [jvm.dll+0x211c2c]
V  [jvm.dll+0x21327c]
V  [jvm.dll+0x2112ae]
V  [jvm.dll+0x210a7c]
V  [jvm.dll+0x211991]
V  [jvm.dll+0x210cde]
V  [jvm.dll+0x200b20]
V  [jvm.dll+0x152c51]
V  [jvm.dll+0x2f50a2]
V  [jvm.dll+0x2f6e21]
V  [jvm.dll+0x709232]
V  [jvm.dll+0x701356]
V  [jvm.dll+0x7009a1]
V  [jvm.dll+0x6fe883]
V  [jvm.dll+0x1d9eec]
V  [jvm.dll+0x1daa7b]
V  [jvm.dll+0x1daa7b]
V  [jvm.dll+0x2f6e9d]
V  [jvm.dll+0x709232]
V  [jvm.dll+0x701356]
V  [jvm.dll+0x7009a1]
V  [jvm.dll+0x6fe883]
V  [jvm.dll+0x1d9eec]
V  [jvm.dll+0x1daa7b]
V  [jvm.dll+0x2f6e9d]
V  [jvm.dll+0x709232]
V  [jvm.dll+0x701356]
V  [jvm.dll+0x7009a1]
V  [jvm.dll+0x6fe883]
V  [jvm.dll+0x1d9eec]
V  [jvm.dll+0x1daa7b]
V  [jvm.dll+0x2f6e9d]
V  [jvm.dll+0x709232]
V  [jvm.dll+0x701356]
V  [jvm.dll+0x7009a1]
V  [jvm.dll+0x6fe883]
V  [jvm.dll+0x1d9eec]
V  [jvm.dll+0x1daa7b]
V  [jvm.dll+0x1daa7b]
V  [jvm.dll+0x2f6e9d]
V  [jvm.dll+0x709232]
V  [jvm.dll+0x701356]
V  [jvm.dll+0x7009a1]
V  [jvm.dll+0x6fe883]
V  [jvm.dll+0x1d9eec]
V  [jvm.dll+0x1daa7b]
V  [jvm.dll+0x2f6e9d]
V  [jvm.dll+0x709232]
V  [jvm.dll+0x701356]
V  [jvm.dll+0x7009a1]
V  [jvm.dll+0x6fe883]
V  [jvm.dll+0x1d9eec]
V  [jvm.dll+0x1daa7b]
V  [jvm.dll+0x1daa7b]
V  [jvm.dll+0x2f6e9d]
V  [jvm.dll+0x709232]
V  [jvm.dll+0x701356]
V  [jvm.dll+0x7009a1]
V  [jvm.dll+0x6fe883]
V  [jvm.dll+0x1d9eec]
V  [jvm.dll+0x1daa7b]
V  [jvm.dll+0x2f6e9d]
V  [jvm.dll+0x709232]
V  [jvm.dll+0x701356]
V  [jvm.dll+0x7009a1]
V  [jvm.dll+0x6fe883]
V  [jvm.dll+0x1d9eec]
V  [jvm.dll+0x1daa7b]
V  [jvm.dll+0x2f6e9d]
V  [jvm.dll+0x709232]
V  [jvm.dll+0x701356]
V  [jvm.dll+0x7009a1]
V  [jvm.dll+0x6fe883]
V  [jvm.dll+0x1d9eec]
V  [jvm.dll+0x1daa7b]
V  [jvm.dll+0x2f6e9d]
V  [jvm.dll+0x709232]
V  [jvm.dll+0x701356]
V  [jvm.dll+0x7009a1]
V  [jvm.dll+0x6fe883]
V  [jvm.dll+0x1d9eec]
V  [jvm.dll+0x1daa7b]
V  [jvm.dll+0x2f6e9d]
V  [jvm.dll+0x709232]
V  [jvm.dll+0x701356]
V  [jvm.dll+0x7009a1]
V  [jvm.dll+0x6fe883]
V  [jvm.dll+0x1d9eec]
V  [jvm.dll+0x1daa7b]
V  [jvm.dll+0x2f6e9d]
V  [jvm.dll+0x709232]
V  [jvm.dll+0x701356]
...<more frames>...


---------------  P R O C E S S  ---------------

Threads class SMR info:
_java_thread_list=0x000001b9c47cb890, length=20, elements={
0x000001b9a19bd970, 0x000001b9c0198b90, 0x000001b9c019d6f0, 0x000001b9c019ffc0,
0x000001b9c01a08f0, 0x000001b9c01a1220, 0x000001b9c01a1b50, 0x000001b9c01ae7a0,
0x000001b9c01b8d40, 0x000001b9c01d92d0, 0x000001b9c44b0000, 0x000001b9c4c5ed90,
0x000001b9c4cd4ea0, 0x000001b9c4c45af0, 0x000001b9c5313830, 0x000001b9c5239420,
0x000001b9c5a6a7b0, 0x000001b9c57832b0, 0x000001b9c5782d60, 0x000001b9c4c6c5a0
}

Java Threads: ( => current thread )
  0x000001b9a19bd970 JavaThread "main" [_thread_blocked, id=9880, stack(0x0000000a4d600000,0x0000000a4d700000)]
  0x000001b9c0198b90 JavaThread "Reference Handler" daemon [_thread_blocked, id=2372, stack(0x0000000a4dd00000,0x0000000a4de00000)]
  0x000001b9c019d6f0 JavaThread "Finalizer" daemon [_thread_blocked, id=8788, stack(0x0000000a4de00000,0x0000000a4df00000)]
  0x000001b9c019ffc0 JavaThread "Signal Dispatcher" daemon [_thread_blocked, id=9188, stack(0x0000000a4df00000,0x0000000a4e000000)]
  0x000001b9c01a08f0 JavaThread "Attach Listener" daemon [_thread_blocked, id=10008, stack(0x0000000a4e000000,0x0000000a4e100000)]
  0x000001b9c01a1220 JavaThread "Service Thread" daemon [_thread_blocked, id=12940, stack(0x0000000a4e100000,0x0000000a4e200000)]
  0x000001b9c01a1b50 JavaThread "Monitor Deflation Thread" daemon [_thread_blocked, id=12512, stack(0x0000000a4e200000,0x0000000a4e300000)]
=>0x000001b9c01ae7a0 JavaThread "C2 CompilerThread0" daemon [_thread_in_native, id=3724, stack(0x0000000a4e300000,0x0000000a4e400000)]
  0x000001b9c01b8d40 JavaThread "C1 CompilerThread0" daemon [_thread_blocked, id=3368, stack(0x0000000a4e400000,0x0000000a4e500000)]
  0x000001b9c01d92d0 JavaThread "Sweeper thread" daemon [_thread_blocked, id=3788, stack(0x0000000a4e500000,0x0000000a4e600000)]
  0x000001b9c44b0000 JavaThread "Common-Cleaner" daemon [_thread_blocked, id=2428, stack(0x0000000a4e600000,0x0000000a4e700000)]
  0x000001b9c4c5ed90 JavaThread "Monitor Ctrl-Break" daemon [_thread_in_native, id=12428, stack(0x0000000a4e900000,0x0000000a4ea00000)]
  0x000001b9c4cd4ea0 JavaThread "Notification Thread" daemon [_thread_blocked, id=10948, stack(0x0000000a4ea00000,0x0000000a4eb00000)]
  0x000001b9c4c45af0 JavaThread "QuantumRenderer-0" daemon [_thread_in_Java, id=4184, stack(0x0000000a4ec00000,0x0000000a4ed00000)]
  0x000001b9c5313830 JavaThread "InvokeLaterDispatcher" daemon [_thread_blocked, id=12420, stack(0x0000000a4ed00000,0x0000000a4ee00000)]
  0x000001b9c5239420 JavaThread "JavaFX Application Thread" [_thread_blocked, id=2116, stack(0x0000000a4ee00000,0x0000000a4ef00000)]
  0x000001b9c5a6a7b0 JavaThread "JavaFX-Launcher" [_thread_blocked, id=9560, stack(0x0000000a4f300000,0x0000000a4f400000)]
  0x000001b9c57832b0 JavaThread "Thread-2" daemon [_thread_in_native, id=4556, stack(0x0000000a4f200000,0x0000000a4f300000)]
  0x000001b9c5782d60 JavaThread "Java2D Disposer" daemon [_thread_blocked, id=8376, stack(0x0000000a4fc00000,0x0000000a4fd00000)]
  0x000001b9c4c6c5a0 JavaThread "C2 CompilerThread1" daemon [_thread_blocked, id=5232, stack(0x0000000a4fe00000,0x0000000a4ff00000)]

Other Threads:
  0x000001b9c017b7f0 VMThread "VM Thread" [stack: 0x0000000a4dc00000,0x0000000a4dd00000] [id=9952]
  0x000001b9c482c370 WatcherThread "VM Periodic Task Thread" [stack: 0x0000000a4eb00000,0x0000000a4ec00000] [id=13268]
  0x000001b9a1a1b9e0 WorkerThread "GC Thread#0" [stack: 0x0000000a4d700000,0x0000000a4d800000] [id=11936]
  0x000001b9c5ca9ce0 WorkerThread "GC Thread#1" [stack: 0x0000000a4f400000,0x0000000a4f500000] [id=13044]
  0x000001b9c54493a0 WorkerThread "GC Thread#2" [stack: 0x0000000a4f500000,0x0000000a4f600000] [id=4280]
  0x000001b9c47e1610 WorkerThread "GC Thread#3" [stack: 0x0000000a4f600000,0x0000000a4f700000] [id=2628]
  0x000001b9c47e1bb0 WorkerThread "GC Thread#4" [stack: 0x0000000a4f700000,0x0000000a4f800000] [id=2120]
  0x000001b9c47e2150 WorkerThread "GC Thread#5" [stack: 0x0000000a4f800000,0x0000000a4f900000] [id=11540]
  0x000001b9c47e18e0 WorkerThread "GC Thread#6" [stack: 0x0000000a4e700000,0x0000000a4e800000] [id=11984]
  0x000001b9c47e2c90 WorkerThread "GC Thread#7" [stack: 0x0000000a4e800000,0x0000000a4e900000] [id=11208]
  0x000001b9a1a2cd90 ConcurrentGCThread "G1 Main Marker" [stack: 0x0000000a4d800000,0x0000000a4d900000] [id=5068]
  0x000001b9a1a2ed10 WorkerThread "G1 Conc#0" [stack: 0x0000000a4d900000,0x0000000a4da00000] [id=136]
  0x000001b9a1a7d900 ConcurrentGCThread "G1 Refine#0" [stack: 0x0000000a4da00000,0x0000000a4db00000] [id=11892]
  0x000001b9a1a7e1e0 ConcurrentGCThread "G1 Service" [stack: 0x0000000a4db00000,0x0000000a4dc00000] [id=10620]

Threads with active compile tasks:
C2 CompilerThread0    17756 2713       4       Entity.Animate.Character.Character::move (89 bytes)

VM state: not at safepoint (normal execution)

VM Mutex/Monitor currently owned by a thread: None

Heap address: 0x0000000081e00000, size: 2018 MB, Compressed Oops mode: 32-bit

CDS archive(s) mapped at: [0x0000000800000000-0x0000000800c30000-0x0000000800c30000), size 12779520, SharedBaseAddress: 0x0000000800000000, ArchiveRelocationMode: 0.
Compressed class space mapped at: 0x0000000801000000-0x0000000841000000, reserved size: 1073741824
Narrow klass base: 0x0000000800000000, Narrow klass shift: 0, Narrow klass range: 0x100000000

GC Precious Log:
 CardTable entry size: 512
 Card Set container configuration: InlinePtr #cards 5 size 8 Array Of Cards #cards 12 size 40 Howl #buckets 4 coarsen threshold 1843 Howl Bitmap #cards 512 size 80 coarsen threshold 460 Card regions per heap region 1 cards per card region 2048
 CPUs: 8 total, 8 available
 Memory: 8069M
 Large Page Support: Disabled
 NUMA Support: Disabled
 Compressed Oops: Enabled (32-bit)
 Heap Region Size: 1M
 Heap Min Capacity: 8M
 Heap Initial Capacity: 128M
 Heap Max Capacity: 2018M
 Pre-touch: Disabled
 Parallel Workers: 8
 Concurrent Workers: 2
 Concurrent Refinement Workers: 8
 Periodic GC: Disabled

Heap:
 garbage-first heap   total 131072K, used 65643K [0x0000000081e00000, 0x0000000100000000)
  region size 1024K, 62 young (63488K), 5 survivors (5120K)
 Metaspace       used 11445K, committed 11712K, reserved 1114112K
  class space    used 1290K, committed 1408K, reserved 1048576K

Heap Regions: E=young(eden), S=young(survivor), O=old, HS=humongous(starts), HC=humongous(continues), CS=collection set, F=free, OA=open archive, CA=closed archive, TAMS=top-at-mark-start (previous, next)
|   0|0x0000000081e00000, 0x0000000081f00000, 0x0000000081f00000|100%| O|  |TAMS 0x0000000081e00000, 0x0000000081e00000| Untracked 
|   1|0x0000000081f00000, 0x0000000082000000, 0x0000000082000000|100%| O|  |TAMS 0x0000000081f00000, 0x0000000081f00000| Untracked 
|   2|0x0000000082000000, 0x0000000082100000, 0x0000000082100000|100%| O|  |TAMS 0x0000000082000000, 0x0000000082000000| Untracked 
|   3|0x0000000082100000, 0x00000000821aa400, 0x0000000082200000| 66%| O|  |TAMS 0x0000000082100000, 0x0000000082100000| Untracked 
|   4|0x0000000082200000, 0x0000000082200000, 0x0000000082300000|  0%| F|  |TAMS 0x0000000082200000, 0x0000000082200000| Untracked 
|   5|0x0000000082300000, 0x0000000082300000, 0x0000000082400000|  0%| F|  |TAMS 0x0000000082300000, 0x0000000082300000| Untracked 
|   6|0x0000000082400000, 0x0000000082400000, 0x0000000082500000|  0%| F|  |TAMS 0x0000000082400000, 0x0000000082400000| Untracked 
|   7|0x0000000082500000, 0x0000000082500000, 0x0000000082600000|  0%| F|  |TAMS 0x0000000082500000, 0x0000000082500000| Untracked 
|   8|0x0000000082600000, 0x0000000082600000, 0x0000000082700000|  0%| F|  |TAMS 0x0000000082600000, 0x0000000082600000| Untracked 
|   9|0x0000000082700000, 0x0000000082700000, 0x0000000082800000|  0%| F|  |TAMS 0x0000000082700000, 0x0000000082700000| Untracked 
|  10|0x0000000082800000, 0x0000000082800000, 0x0000000082900000|  0%| F|  |TAMS 0x0000000082800000, 0x0000000082800000| Untracked 
|  11|0x0000000082900000, 0x0000000082900000, 0x0000000082a00000|  0%| F|  |TAMS 0x0000000082900000, 0x0000000082900000| Untracked 
|  12|0x0000000082a00000, 0x0000000082a00000, 0x0000000082b00000|  0%| F|  |TAMS 0x0000000082a00000, 0x0000000082a00000| Untracked 
|  13|0x0000000082b00000, 0x0000000082b00000, 0x0000000082c00000|  0%| F|  |TAMS 0x0000000082b00000, 0x0000000082b00000| Untracked 
|  14|0x0000000082c00000, 0x0000000082c00000, 0x0000000082d00000|  0%| F|  |TAMS 0x0000000082c00000, 0x0000000082c00000| Untracked 
|  15|0x0000000082d00000, 0x0000000082d00000, 0x0000000082e00000|  0%| F|  |TAMS 0x0000000082d00000, 0x0000000082d00000| Untracked 
|  16|0x0000000082e00000, 0x0000000082e00000, 0x0000000082f00000|  0%| F|  |TAMS 0x0000000082e00000, 0x0000000082e00000| Untracked 
|  17|0x0000000082f00000, 0x0000000082f00000, 0x0000000083000000|  0%| F|  |TAMS 0x0000000082f00000, 0x0000000082f00000| Untracked 
|  18|0x0000000083000000, 0x0000000083000000, 0x0000000083100000|  0%| F|  |TAMS 0x0000000083000000, 0x0000000083000000| Untracked 
|  19|0x0000000083100000, 0x0000000083100000, 0x0000000083200000|  0%| F|  |TAMS 0x0000000083100000, 0x0000000083100000| Untracked 
|  20|0x0000000083200000, 0x0000000083200000, 0x0000000083300000|  0%| F|  |TAMS 0x0000000083200000, 0x0000000083200000| Untracked 
|  21|0x0000000083300000, 0x0000000083300000, 0x0000000083400000|  0%| F|  |TAMS 0x0000000083300000, 0x0000000083300000| Untracked 
|  22|0x0000000083400000, 0x0000000083400000, 0x0000000083500000|  0%| F|  |TAMS 0x0000000083400000, 0x0000000083400000| Untracked 
|  23|0x0000000083500000, 0x0000000083500000, 0x0000000083600000|  0%| F|  |TAMS 0x0000000083500000, 0x0000000083500000| Untracked 
|  24|0x0000000083600000, 0x0000000083600000, 0x0000000083700000|  0%| F|  |TAMS 0x0000000083600000, 0x0000000083600000| Untracked 
|  25|0x0000000083700000, 0x0000000083700000, 0x0000000083800000|  0%| F|  |TAMS 0x0000000083700000, 0x0000000083700000| Untracked 
|  26|0x0000000083800000, 0x0000000083800000, 0x0000000083900000|  0%| F|  |TAMS 0x0000000083800000, 0x0000000083800000| Untracked 
|  27|0x0000000083900000, 0x0000000083900000, 0x0000000083a00000|  0%| F|  |TAMS 0x0000000083900000, 0x0000000083900000| Untracked 
|  28|0x0000000083a00000, 0x0000000083a00000, 0x0000000083b00000|  0%| F|  |TAMS 0x0000000083a00000, 0x0000000083a00000| Untracked 
|  29|0x0000000083b00000, 0x0000000083b00000, 0x0000000083c00000|  0%| F|  |TAMS 0x0000000083b00000, 0x0000000083b00000| Untracked 
|  30|0x0000000083c00000, 0x0000000083c00000, 0x0000000083d00000|  0%| F|  |TAMS 0x0000000083c00000, 0x0000000083c00000| Untracked 
|  31|0x0000000083d00000, 0x0000000083d00000, 0x0000000083e00000|  0%| F|  |TAMS 0x0000000083d00000, 0x0000000083d00000| Untracked 
|  32|0x0000000083e00000, 0x0000000083e00000, 0x0000000083f00000|  0%| F|  |TAMS 0x0000000083e00000, 0x0000000083e00000| Untracked 
|  33|0x0000000083f00000, 0x0000000083f00000, 0x0000000084000000|  0%| F|  |TAMS 0x0000000083f00000, 0x0000000083f00000| Untracked 
|  34|0x0000000084000000, 0x0000000084000000, 0x0000000084100000|  0%| F|  |TAMS 0x0000000084000000, 0x0000000084000000| Untracked 
|  35|0x0000000084100000, 0x0000000084100000, 0x0000000084200000|  0%| F|  |TAMS 0x0000000084100000, 0x0000000084100000| Untracked 
|  36|0x0000000084200000, 0x0000000084200000, 0x0000000084300000|  0%| F|  |TAMS 0x0000000084200000, 0x0000000084200000| Untracked 
|  37|0x0000000084300000, 0x0000000084300000, 0x0000000084400000|  0%| F|  |TAMS 0x0000000084300000, 0x0000000084300000| Untracked 
|  38|0x0000000084400000, 0x0000000084400000, 0x0000000084500000|  0%| F|  |TAMS 0x0000000084400000, 0x0000000084400000| Untracked 
|  39|0x0000000084500000, 0x0000000084500000, 0x0000000084600000|  0%| F|  |TAMS 0x0000000084500000, 0x0000000084500000| Untracked 
|  40|0x0000000084600000, 0x0000000084600000, 0x0000000084700000|  0%| F|  |TAMS 0x0000000084600000, 0x0000000084600000| Untracked 
|  41|0x0000000084700000, 0x0000000084700000, 0x0000000084800000|  0%| F|  |TAMS 0x0000000084700000, 0x0000000084700000| Untracked 
|  42|0x0000000084800000, 0x0000000084800000, 0x0000000084900000|  0%| F|  |TAMS 0x0000000084800000, 0x0000000084800000| Untracked 
|  43|0x0000000084900000, 0x0000000084900000, 0x0000000084a00000|  0%| F|  |TAMS 0x0000000084900000, 0x0000000084900000| Untracked 
|  44|0x0000000084a00000, 0x0000000084a00000, 0x0000000084b00000|  0%| F|  |TAMS 0x0000000084a00000, 0x0000000084a00000| Untracked 
|  45|0x0000000084b00000, 0x0000000084b00000, 0x0000000084c00000|  0%| F|  |TAMS 0x0000000084b00000, 0x0000000084b00000| Untracked 
|  46|0x0000000084c00000, 0x0000000084c00000, 0x0000000084d00000|  0%| F|  |TAMS 0x0000000084c00000, 0x0000000084c00000| Untracked 
|  47|0x0000000084d00000, 0x0000000084d00000, 0x0000000084e00000|  0%| F|  |TAMS 0x0000000084d00000, 0x0000000084d00000| Untracked 
|  48|0x0000000084e00000, 0x0000000084e00000, 0x0000000084f00000|  0%| F|  |TAMS 0x0000000084e00000, 0x0000000084e00000| Untracked 
|  49|0x0000000084f00000, 0x0000000084f00000, 0x0000000085000000|  0%| F|  |TAMS 0x0000000084f00000, 0x0000000084f00000| Untracked 
|  50|0x0000000085000000, 0x0000000085000000, 0x0000000085100000|  0%| F|  |TAMS 0x0000000085000000, 0x0000000085000000| Untracked 
|  51|0x0000000085100000, 0x0000000085100000, 0x0000000085200000|  0%| F|  |TAMS 0x0000000085100000, 0x0000000085100000| Untracked 
|  52|0x0000000085200000, 0x0000000085200000, 0x0000000085300000|  0%| F|  |TAMS 0x0000000085200000, 0x0000000085200000| Untracked 
|  53|0x0000000085300000, 0x0000000085300000, 0x0000000085400000|  0%| F|  |TAMS 0x0000000085300000, 0x0000000085300000| Untracked 
|  54|0x0000000085400000, 0x0000000085400000, 0x0000000085500000|  0%| F|  |TAMS 0x0000000085400000, 0x0000000085400000| Untracked 
|  55|0x0000000085500000, 0x0000000085500000, 0x0000000085600000|  0%| F|  |TAMS 0x0000000085500000, 0x0000000085500000| Untracked 
|  56|0x0000000085600000, 0x0000000085600000, 0x0000000085700000|  0%| F|  |TAMS 0x0000000085600000, 0x0000000085600000| Untracked 
|  57|0x0000000085700000, 0x0000000085700000, 0x0000000085800000|  0%| F|  |TAMS 0x0000000085700000, 0x0000000085700000| Untracked 
|  58|0x0000000085800000, 0x0000000085800000, 0x0000000085900000|  0%| F|  |TAMS 0x0000000085800000, 0x0000000085800000| Untracked 
|  59|0x0000000085900000, 0x0000000085900000, 0x0000000085a00000|  0%| F|  |TAMS 0x0000000085900000, 0x0000000085900000| Untracked 
|  60|0x0000000085a00000, 0x0000000085a00000, 0x0000000085b00000|  0%| F|  |TAMS 0x0000000085a00000, 0x0000000085a00000| Untracked 
|  61|0x0000000085b00000, 0x0000000085b00000, 0x0000000085c00000|  0%| F|  |TAMS 0x0000000085b00000, 0x0000000085b00000| Untracked 
|  62|0x0000000085c00000, 0x0000000085c00000, 0x0000000085d00000|  0%| F|  |TAMS 0x0000000085c00000, 0x0000000085c00000| Untracked 
|  63|0x0000000085d00000, 0x0000000085d00000, 0x0000000085e00000|  0%| F|  |TAMS 0x0000000085d00000, 0x0000000085d00000| Untracked 
|  64|0x0000000085e00000, 0x0000000085e00000, 0x0000000085f00000|  0%| F|  |TAMS 0x0000000085e00000, 0x0000000085e00000| Untracked 
|  65|0x0000000085f00000, 0x0000000085f00000, 0x0000000086000000|  0%| F|  |TAMS 0x0000000085f00000, 0x0000000085f00000| Untracked 
|  66|0x0000000086000000, 0x0000000086100000, 0x0000000086100000|100%| E|  |TAMS 0x0000000086000000, 0x0000000086000000| Complete 
|  67|0x0000000086100000, 0x0000000086200000, 0x0000000086200000|100%| E|CS|TAMS 0x0000000086100000, 0x0000000086100000| Complete 
|  68|0x0000000086200000, 0x0000000086300000, 0x0000000086300000|100%| E|CS|TAMS 0x0000000086200000, 0x0000000086200000| Complete 
|  69|0x0000000086300000, 0x0000000086400000, 0x0000000086400000|100%| E|CS|TAMS 0x0000000086300000, 0x0000000086300000| Complete 
|  70|0x0000000086400000, 0x0000000086500000, 0x0000000086500000|100%| E|CS|TAMS 0x0000000086400000, 0x0000000086400000| Complete 
|  71|0x0000000086500000, 0x0000000086600000, 0x0000000086600000|100%| E|CS|TAMS 0x0000000086500000, 0x0000000086500000| Complete 
|  72|0x0000000086600000, 0x0000000086700000, 0x0000000086700000|100%| E|CS|TAMS 0x0000000086600000, 0x0000000086600000| Complete 
|  73|0x0000000086700000, 0x0000000086800000, 0x0000000086800000|100%| E|CS|TAMS 0x0000000086700000, 0x0000000086700000| Complete 
|  74|0x0000000086800000, 0x0000000086900000, 0x0000000086900000|100%| E|CS|TAMS 0x0000000086800000, 0x0000000086800000| Complete 
|  75|0x0000000086900000, 0x0000000086a00000, 0x0000000086a00000|100%| E|CS|TAMS 0x0000000086900000, 0x0000000086900000| Complete 
|  76|0x0000000086a00000, 0x0000000086b00000, 0x0000000086b00000|100%| E|CS|TAMS 0x0000000086a00000, 0x0000000086a00000| Complete 
|  77|0x0000000086b00000, 0x0000000086c00000, 0x0000000086c00000|100%| E|CS|TAMS 0x0000000086b00000, 0x0000000086b00000| Complete 
|  78|0x0000000086c00000, 0x0000000086d00000, 0x0000000086d00000|100%| E|CS|TAMS 0x0000000086c00000, 0x0000000086c00000| Complete 
|  79|0x0000000086d00000, 0x0000000086e00000, 0x0000000086e00000|100%| E|CS|TAMS 0x0000000086d00000, 0x0000000086d00000| Complete 
|  80|0x0000000086e00000, 0x0000000086f00000, 0x0000000086f00000|100%| E|CS|TAMS 0x0000000086e00000, 0x0000000086e00000| Complete 
|  81|0x0000000086f00000, 0x0000000087000000, 0x0000000087000000|100%| E|CS|TAMS 0x0000000086f00000, 0x0000000086f00000| Complete 
|  82|0x0000000087000000, 0x0000000087100000, 0x0000000087100000|100%| E|CS|TAMS 0x0000000087000000, 0x0000000087000000| Complete 
|  83|0x0000000087100000, 0x0000000087200000, 0x0000000087200000|100%| E|CS|TAMS 0x0000000087100000, 0x0000000087100000| Complete 
|  84|0x0000000087200000, 0x0000000087300000, 0x0000000087300000|100%| E|CS|TAMS 0x0000000087200000, 0x0000000087200000| Complete 
|  85|0x0000000087300000, 0x0000000087400000, 0x0000000087400000|100%| E|CS|TAMS 0x0000000087300000, 0x0000000087300000| Complete 
|  86|0x0000000087400000, 0x0000000087500000, 0x0000000087500000|100%| E|CS|TAMS 0x0000000087400000, 0x0000000087400000| Complete 
|  87|0x0000000087500000, 0x00000000875709c8, 0x0000000087600000| 43%| S|CS|TAMS 0x0000000087500000, 0x0000000087500000| Complete 
|  88|0x0000000087600000, 0x0000000087700000, 0x0000000087700000|100%| S|CS|TAMS 0x0000000087600000, 0x0000000087600000| Complete 
|  89|0x0000000087700000, 0x0000000087800000, 0x0000000087800000|100%| S|CS|TAMS 0x0000000087700000, 0x0000000087700000| Complete 
|  90|0x0000000087800000, 0x0000000087900000, 0x0000000087900000|100%| S|CS|TAMS 0x0000000087800000, 0x0000000087800000| Complete 
|  91|0x0000000087900000, 0x0000000087a00000, 0x0000000087a00000|100%| S|CS|TAMS 0x0000000087900000, 0x0000000087900000| Complete 
|  92|0x0000000087a00000, 0x0000000087b00000, 0x0000000087b00000|100%| E|CS|TAMS 0x0000000087a00000, 0x0000000087a00000| Complete 
|  93|0x0000000087b00000, 0x0000000087c00000, 0x0000000087c00000|100%| E|CS|TAMS 0x0000000087b00000, 0x0000000087b00000| Complete 
|  94|0x0000000087c00000, 0x0000000087d00000, 0x0000000087d00000|100%| E|CS|TAMS 0x0000000087c00000, 0x0000000087c00000| Complete 
|  95|0x0000000087d00000, 0x0000000087e00000, 0x0000000087e00000|100%| E|CS|TAMS 0x0000000087d00000, 0x0000000087d00000| Complete 
|  96|0x0000000087e00000, 0x0000000087f00000, 0x0000000087f00000|100%| E|CS|TAMS 0x0000000087e00000, 0x0000000087e00000| Complete 
|  97|0x0000000087f00000, 0x0000000088000000, 0x0000000088000000|100%| E|CS|TAMS 0x0000000087f00000, 0x0000000087f00000| Complete 
|  98|0x0000000088000000, 0x0000000088100000, 0x0000000088100000|100%| E|CS|TAMS 0x0000000088000000, 0x0000000088000000| Complete 
|  99|0x0000000088100000, 0x0000000088200000, 0x0000000088200000|100%| E|CS|TAMS 0x0000000088100000, 0x0000000088100000| Complete 
| 100|0x0000000088200000, 0x0000000088300000, 0x0000000088300000|100%| E|CS|TAMS 0x0000000088200000, 0x0000000088200000| Complete 
| 101|0x0000000088300000, 0x0000000088400000, 0x0000000088400000|100%| E|CS|TAMS 0x0000000088300000, 0x0000000088300000| Complete 
| 102|0x0000000088400000, 0x0000000088500000, 0x0000000088500000|100%| E|CS|TAMS 0x0000000088400000, 0x0000000088400000| Complete 
| 103|0x0000000088500000, 0x0000000088600000, 0x0000000088600000|100%| E|CS|TAMS 0x0000000088500000, 0x0000000088500000| Complete 
| 104|0x0000000088600000, 0x0000000088700000, 0x0000000088700000|100%| E|CS|TAMS 0x0000000088600000, 0x0000000088600000| Complete 
| 105|0x0000000088700000, 0x0000000088800000, 0x0000000088800000|100%| E|CS|TAMS 0x0000000088700000, 0x0000000088700000| Complete 
| 106|0x0000000088800000, 0x0000000088900000, 0x0000000088900000|100%| E|CS|TAMS 0x0000000088800000, 0x0000000088800000| Complete 
| 107|0x0000000088900000, 0x0000000088a00000, 0x0000000088a00000|100%| E|CS|TAMS 0x0000000088900000, 0x0000000088900000| Complete 
| 108|0x0000000088a00000, 0x0000000088b00000, 0x0000000088b00000|100%| E|CS|TAMS 0x0000000088a00000, 0x0000000088a00000| Complete 
| 109|0x0000000088b00000, 0x0000000088c00000, 0x0000000088c00000|100%| E|CS|TAMS 0x0000000088b00000, 0x0000000088b00000| Complete 
| 110|0x0000000088c00000, 0x0000000088d00000, 0x0000000088d00000|100%| E|CS|TAMS 0x0000000088c00000, 0x0000000088c00000| Complete 
| 111|0x0000000088d00000, 0x0000000088e00000, 0x0000000088e00000|100%| E|CS|TAMS 0x0000000088d00000, 0x0000000088d00000| Complete 
| 112|0x0000000088e00000, 0x0000000088f00000, 0x0000000088f00000|100%| E|CS|TAMS 0x0000000088e00000, 0x0000000088e00000| Complete 
| 113|0x0000000088f00000, 0x0000000089000000, 0x0000000089000000|100%| E|CS|TAMS 0x0000000088f00000, 0x0000000088f00000| Complete 
| 114|0x0000000089000000, 0x0000000089100000, 0x0000000089100000|100%| E|CS|TAMS 0x0000000089000000, 0x0000000089000000| Complete 
| 115|0x0000000089100000, 0x0000000089200000, 0x0000000089200000|100%| E|CS|TAMS 0x0000000089100000, 0x0000000089100000| Complete 
| 116|0x0000000089200000, 0x0000000089300000, 0x0000000089300000|100%| E|CS|TAMS 0x0000000089200000, 0x0000000089200000| Complete 
| 117|0x0000000089300000, 0x0000000089400000, 0x0000000089400000|100%| E|CS|TAMS 0x0000000089300000, 0x0000000089300000| Complete 
| 118|0x0000000089400000, 0x0000000089500000, 0x0000000089500000|100%| E|CS|TAMS 0x0000000089400000, 0x0000000089400000| Complete 
| 119|0x0000000089500000, 0x0000000089600000, 0x0000000089600000|100%| E|CS|TAMS 0x0000000089500000, 0x0000000089500000| Complete 
| 120|0x0000000089600000, 0x0000000089700000, 0x0000000089700000|100%| E|CS|TAMS 0x0000000089600000, 0x0000000089600000| Complete 
| 121|0x0000000089700000, 0x0000000089800000, 0x0000000089800000|100%| E|CS|TAMS 0x0000000089700000, 0x0000000089700000| Complete 
| 122|0x0000000089800000, 0x0000000089900000, 0x0000000089900000|100%| E|CS|TAMS 0x0000000089800000, 0x0000000089800000| Complete 
| 123|0x0000000089900000, 0x0000000089a00000, 0x0000000089a00000|100%| E|CS|TAMS 0x0000000089900000, 0x0000000089900000| Complete 
| 124|0x0000000089a00000, 0x0000000089b00000, 0x0000000089b00000|100%| E|CS|TAMS 0x0000000089a00000, 0x0000000089a00000| Complete 
| 125|0x0000000089b00000, 0x0000000089c00000, 0x0000000089c00000|100%| E|CS|TAMS 0x0000000089b00000, 0x0000000089b00000| Complete 
| 126|0x0000000089c00000, 0x0000000089d00000, 0x0000000089d00000|100%| E|CS|TAMS 0x0000000089c00000, 0x0000000089c00000| Complete 
| 127|0x0000000089d00000, 0x0000000089e00000, 0x0000000089e00000|100%| E|CS|TAMS 0x0000000089d00000, 0x0000000089d00000| Complete 

Card table byte_map: [0x000001b9b9040000,0x000001b9b9440000] _byte_map_base: 0x000001b9b8c31000

Marking Bits (Prev, Next): (CMBitMap*) 0x000001b9a1a1bf10, (CMBitMap*) 0x000001b9a1a1bf50
 Prev Bits: [0x000001b9b9840000, 0x000001b9bb7c8000)
 Next Bits: [0x000001b9bb7d0000, 0x000001b9bd758000)

Polling page: 0x000001b99f990000

Metaspace:

Usage:
  Non-class:      9.92 MB used.
      Class:      1.26 MB used.
       Both:     11.18 MB used.

Virtual space:
  Non-class space:       64.00 MB reserved,      10.06 MB ( 16%) committed,  1 nodes.
      Class space:        1.00 GB reserved,       1.38 MB ( <1%) committed,  1 nodes.
             Both:        1.06 GB reserved,      11.44 MB (  1%) committed. 

Chunk freelists:
   Non-Class:  1.86 MB
       Class:  2.55 MB
        Both:  4.41 MB

MaxMetaspaceSize: unlimited
CompressedClassSpaceSize: 1.00 GB
Initial GC threshold: 21.00 MB
Current GC threshold: 21.00 MB
CDS: on
MetaspaceReclaimPolicy: balanced
 - commit_granule_bytes: 65536.
 - commit_granule_words: 8192.
 - virtual_space_node_default_size: 8388608.
 - enlarge_chunks_in_place: 1.
 - new_chunks_are_fully_committed: 0.
 - uncommit_free_chunks: 1.
 - use_allocation_guard: 0.


Internal statistics:

num_allocs_failed_limit: 0.
num_arena_births: 200.
num_arena_deaths: 0.
num_vsnodes_births: 2.
num_vsnodes_deaths: 0.
num_space_committed: 183.
num_space_uncommitted: 0.
num_chunks_returned_to_freelist: 0.
num_chunks_taken_from_freelist: 511.
num_chunk_merges: 0.
num_chunk_splits: 350.
num_chunks_enlarged: 271.
num_inconsistent_stats: 0.

CodeHeap 'non-profiled nmethods': size=120000Kb used=1166Kb max_used=1166Kb free=118833Kb
 bounds [0x000001b9b13e0000, 0x000001b9b1650000, 0x000001b9b8910000]
CodeHeap 'profiled nmethods': size=120000Kb used=4868Kb max_used=4868Kb free=115132Kb
 bounds [0x000001b9a9910000, 0x000001b9a9de0000, 0x000001b9b0e40000]
CodeHeap 'non-nmethods': size=5760Kb used=1474Kb max_used=1524Kb free=4285Kb
 bounds [0x000001b9b0e40000, 0x000001b9b10b0000, 0x000001b9b13e0000]
 total_blobs=3452 nmethods=2712 adapters=649
 compilation: enabled
              stopped_count=0, restarted_count=0
 full_count=0

Compilation events (20 events):
Event: 17.560 Thread 0x000001b9c01b8d40 nmethod 2703 0x000001b9a9dcaf90 code [0x000001b9a9dcb140, 0x000001b9a9dcb288]
Event: 17.560 Thread 0x000001b9c01b8d40 2704       3       javafx.scene.Scene$ScenePeerListener::keyEvent (9 bytes)
Event: 17.560 Thread 0x000001b9c01b8d40 nmethod 2704 0x000001b9a9dcb310 code [0x000001b9a9dcb560, 0x000001b9a9dcbfe8]
Event: 17.560 Thread 0x000001b9c01b8d40 2705       3       javafx.scene.Scene::processKeyEvent (32 bytes)
Event: 17.561 Thread 0x000001b9c01b8d40 nmethod 2705 0x000001b9a9dcc390 code [0x000001b9a9dcc5e0, 0x000001b9a9dccf88]
Event: 17.561 Thread 0x000001b9c01b8d40 2706       3       javafx.scene.Scene$KeyHandler::process (38 bytes)
Event: 17.561 Thread 0x000001b9c01b8d40 nmethod 2706 0x000001b9a9dcd290 code [0x000001b9a9dcd4e0, 0x000001b9a9dce028]
Event: 17.597 Thread 0x000001b9c01ae7a0 2707       4       java.util.AbstractList::add (11 bytes)
Event: 17.598 Thread 0x000001b9c01ae7a0 nmethod 2707 0x000001b9b1502010 code [0x000001b9b15021a0, 0x000001b9b15022a8]
Event: 17.598 Thread 0x000001b9c01ae7a0 2708       4       javafx.scene.Node::doGeomChanged (45 bytes)
Event: 17.599 Thread 0x000001b9c4c6c5a0 2709       4       javafx.scene.Node::doNotifyLayoutBoundsChanged (47 bytes)
Event: 17.601 Thread 0x000001b9c4c6c5a0 nmethod 2709 0x000001b9b1502410 code [0x000001b9b15025a0, 0x000001b9b15026f8]
Event: 17.601 Thread 0x000001b9c4c6c5a0 2710       4       javafx.scene.Node::layoutBoundsChanged (47 bytes)
Event: 17.601 Thread 0x000001b9c4c6c5a0 nmethod 2710 0x000001b9b1502890 code [0x000001b9b1502a20, 0x000001b9b1502ad8]
Event: 17.601 Thread 0x000001b9c4c6c5a0 2711       4       javafx.scene.Node::transformedBoundsChanged (43 bytes)
Event: 17.603 Thread 0x000001b9c01ae7a0 nmethod 2708 0x000001b9b1502b90 code [0x000001b9b1502d40, 0x000001b9b1503018]
Event: 17.603 Thread 0x000001b9c4c6c5a0 nmethod 2711 0x000001b9b1503410 code [0x000001b9b15035a0, 0x000001b9b15036f8]
Event: 17.606 Thread 0x000001b9c01b8d40 2712   !   3       com.sun.javafx.tk.quantum.GlassViewEventHandler$KeyEventNotification::run (434 bytes)
Event: 17.608 Thread 0x000001b9c01b8d40 nmethod 2712 0x000001b9a9dce390 code [0x000001b9a9dce720, 0x000001b9a9dd0338]
Event: 17.629 Thread 0x000001b9c01ae7a0 2713       4       Entity.Animate.Character.Character::move (89 bytes)

GC Heap History (4 events):
Event: 0.595 GC heap before
{Heap before GC invocations=0 (full 0):
 garbage-first heap   total 131072K, used 22528K [0x0000000081e00000, 0x0000000100000000)
  region size 1024K, 23 young (23552K), 0 survivors (0K)
 Metaspace       used 5612K, committed 5760K, reserved 1114112K
  class space    used 710K, committed 768K, reserved 1048576K
}
Event: 0.598 GC heap after
{Heap after GC invocations=1 (full 0):
 garbage-first heap   total 131072K, used 3449K [0x0000000081e00000, 0x0000000100000000)
  region size 1024K, 3 young (3072K), 3 survivors (3072K)
 Metaspace       used 5612K, committed 5760K, reserved 1114112K
  class space    used 710K, committed 768K, reserved 1048576K
}
Event: 4.526 GC heap before
{Heap before GC invocations=1 (full 0):
 garbage-first heap   total 131072K, used 36217K [0x0000000081e00000, 0x0000000100000000)
  region size 1024K, 36 young (36864K), 3 survivors (3072K)
 Metaspace       used 10999K, committed 11264K, reserved 1114112K
  class space    used 1289K, committed 1408K, reserved 1048576K
}
Event: 4.533 GC heap after
{Heap after GC invocations=2 (full 0):
 garbage-first heap   total 131072K, used 8299K [0x0000000081e00000, 0x0000000100000000)
  region size 1024K, 5 young (5120K), 5 survivors (5120K)
 Metaspace       used 10999K, committed 11264K, reserved 1114112K
  class space    used 1289K, committed 1408K, reserved 1048576K
}

Dll operation events (20 events):
Event: 0.333 Loaded shared library C:\Java\javafx-sdk-19\bin\api-ms-win-crt-math-l1-1-0.dll
Event: 0.334 Loaded shared library C:\Java\javafx-sdk-19\bin\api-ms-win-crt-multibyte-l1-1-0.dll
Event: 0.336 Loaded shared library C:\Java\javafx-sdk-19\bin\api-ms-win-crt-private-l1-1-0.dll
Event: 0.337 Loaded shared library C:\Java\javafx-sdk-19\bin\api-ms-win-crt-process-l1-1-0.dll
Event: 0.338 Loaded shared library C:\Java\javafx-sdk-19\bin\api-ms-win-crt-runtime-l1-1-0.dll
Event: 0.339 Loaded shared library C:\Java\javafx-sdk-19\bin\api-ms-win-crt-stdio-l1-1-0.dll
Event: 0.340 Loaded shared library C:\Java\javafx-sdk-19\bin\api-ms-win-crt-string-l1-1-0.dll
Event: 0.341 Loaded shared library C:\Java\javafx-sdk-19\bin\api-ms-win-crt-time-l1-1-0.dll
Event: 0.342 Loaded shared library C:\Java\javafx-sdk-19\bin\api-ms-win-crt-utility-l1-1-0.dll
Event: 0.343 Loaded shared library C:\Java\javafx-sdk-19\bin\ucrtbase.dll
Event: 0.344 Loaded shared library C:\Java\javafx-sdk-19\bin\vcruntime140.dll
Event: 0.345 Loaded shared library C:\Java\javafx-sdk-19\bin\vcruntime140_1.dll
Event: 0.347 Loaded shared library C:\Java\javafx-sdk-19\bin\msvcp140.dll
Event: 0.348 Loaded shared library C:\Java\javafx-sdk-19\bin\msvcp140_1.dll
Event: 0.349 Loaded shared library C:\Java\javafx-sdk-19\bin\msvcp140_2.dll
Event: 0.390 Loaded shared library C:\Java\javafx-sdk-19\bin\prism_d3d.dll
Event: 0.421 Loaded shared library C:\Java\javafx-sdk-19\bin\glass.dll
Event: 0.563 Loaded shared library C:\Java\javafx-sdk-19\bin\javafx_font.dll
Event: 0.605 Loaded shared library C:\Users\Admin\.jdks\openjdk-19.0.1\bin\jimage.dll
Event: 0.777 Loaded shared library C:\Users\Admin\.jdks\openjdk-19.0.1\bin\awt.dll

Deoptimization events (20 events):
Event: 5.731 Thread 0x000001b9c5239420 DEOPT PACKING pc=0x000001b9b14e2448 sp=0x0000000a4eefde10
Event: 5.731 Thread 0x000001b9c5239420 DEOPT UNPACKING pc=0x000001b9b0ea6da3 sp=0x0000000a4eefdd98 mode 2
Event: 15.230 Thread 0x000001b9c5239420 Uncommon trap: trap_request=0xffffff45 fr.pc=0x000001b9b14bf628 relative=0x0000000000000188
Event: 15.230 Thread 0x000001b9c5239420 Uncommon trap: reason=unstable_if action=reinterpret pc=0x000001b9b14bf628 method=Entity.Animate.Character.Character.checkCollision()V @ 70 c2
Event: 15.230 Thread 0x000001b9c5239420 DEOPT PACKING pc=0x000001b9b14bf628 sp=0x0000000a4eefe600
Event: 15.230 Thread 0x000001b9c5239420 DEOPT UNPACKING pc=0x000001b9b0ea6da3 sp=0x0000000a4eefe5d0 mode 2
Event: 15.230 Thread 0x000001b9c5239420 Uncommon trap: trap_request=0xffffff45 fr.pc=0x000001b9b14800b4 relative=0x0000000000000114
Event: 15.230 Thread 0x000001b9c5239420 Uncommon trap: reason=unstable_if action=reinterpret pc=0x000001b9b14800b4 method=javafx.geometry.Rectangle2D.intersects(Ljavafx/geometry/Rectangle2D;)Z @ 51 c2
Event: 15.230 Thread 0x000001b9c5239420 DEOPT PACKING pc=0x000001b9b14800b4 sp=0x0000000a4eefe580
Event: 15.230 Thread 0x000001b9c5239420 DEOPT UNPACKING pc=0x000001b9b0ea6da3 sp=0x0000000a4eefe4f8 mode 2
Event: 15.230 Thread 0x000001b9c5239420 Uncommon trap: trap_request=0xffffff45 fr.pc=0x000001b9b14beacc relative=0x00000000000003ac
Event: 15.230 Thread 0x000001b9c5239420 Uncommon trap: reason=unstable_if action=reinterpret pc=0x000001b9b14beacc method=Entity.Animate.Character.Character.checkCollision()V @ 109 c2
Event: 15.230 Thread 0x000001b9c5239420 DEOPT PACKING pc=0x000001b9b14beacc sp=0x0000000a4eefe5e0
Event: 15.230 Thread 0x000001b9c5239420 DEOPT UNPACKING pc=0x000001b9b0ea6da3 sp=0x0000000a4eefe5c8 mode 2
Event: 15.230 Thread 0x000001b9c5239420 Uncommon trap: trap_request=0xffffff45 fr.pc=0x000001b9b14b02e0 relative=0x0000000000000340
Event: 15.230 Thread 0x000001b9c5239420 Uncommon trap: reason=unstable_if action=reinterpret pc=0x000001b9b14b02e0 method=Entity.Animate.Character.Character.checkCollision()V @ 95 c2
Event: 15.230 Thread 0x000001b9c5239420 DEOPT PACKING pc=0x000001b9b14b02e0 sp=0x0000000a4eefe5e0
Event: 15.230 Thread 0x000001b9c5239420 DEOPT UNPACKING pc=0x000001b9b0ea6da3 sp=0x0000000a4eefe5c8 mode 2
Event: 15.262 Thread 0x000001b9c5239420 DEOPT PACKING pc=0x000001b9a9dc8305 sp=0x0000000a4eefe610
Event: 15.262 Thread 0x000001b9c5239420 DEOPT UNPACKING pc=0x000001b9b0ea7543 sp=0x0000000a4eefdac8 mode 0

Classes loaded (20 events):
Event: 1.113 Loading class java/util/Comparators$NaturalOrderComparator
Event: 1.113 Loading class java/util/Comparators$NaturalOrderComparator done
Event: 1.115 Loading class java/util/stream/SortedOps$SizedRefSortingSink
Event: 1.115 Loading class java/util/stream/SortedOps$AbstractRefSortingSink
Event: 1.115 Loading class java/util/stream/SortedOps$AbstractRefSortingSink done
Event: 1.115 Loading class java/util/stream/SortedOps$SizedRefSortingSink done
Event: 1.116 Loading class java/util/Collections$UnmodifiableMap$UnmodifiableEntrySet
Event: 1.116 Loading class java/util/Collections$UnmodifiableMap$UnmodifiableEntrySet done
Event: 1.116 Loading class java/util/Collections$UnmodifiableMap$UnmodifiableEntrySet$1
Event: 1.116 Loading class java/util/Collections$UnmodifiableMap$UnmodifiableEntrySet$1 done
Event: 1.116 Loading class java/util/Collections$UnmodifiableMap$UnmodifiableEntrySet$UnmodifiableEntry
Event: 1.117 Loading class java/util/Collections$UnmodifiableMap$UnmodifiableEntrySet$UnmodifiableEntry done
Event: 1.117 Loading class sun/util/resources/TimeZoneNames
Event: 1.118 Loading class sun/util/resources/TimeZoneNames done
Event: 1.118 Loading class sun/util/resources/TimeZoneNames_en
Event: 1.118 Loading class sun/util/resources/TimeZoneNames_en done
Event: 4.702 Loading class java/lang/foreign/MemorySegment
Event: 4.702 Loading class java/lang/foreign/Addressable
Event: 4.702 Loading class java/lang/foreign/Addressable done
Event: 4.702 Loading class java/lang/foreign/MemorySegment done

Classes unloaded (0 events):
No events

Classes redefined (0 events):
No events

Internal exceptions (20 events):
Event: 0.406 Thread 0x000001b9a19bd970 Exception <a 'java/lang/NoSuchMethodError'{0x00000000891fd9f8}: 'int java.lang.invoke.DirectMethodHandle$Holder.invokeStaticInit(java.lang.Object, java.lang.Object, java.lang.Object)'> (0x00000000891fd9f8) 
thrown [s\open\src\hotspot\share\interpreter\linkResolver.cpp, line 774]
Event: 0.428 Thread 0x000001b9a19bd970 Exception <a 'java/lang/NoSuchMethodError'{0x00000000890ac858}: 'java.lang.Object java.lang.invoke.DirectMethodHandle$Holder.newInvokeSpecial(java.lang.Object, java.lang.Object, int, java.lang.Object)'> (0x00000000890ac858) 
thrown [s\open\src\hotspot\share\interpreter\linkResolver.cpp, line 774]
Event: 0.429 Thread 0x000001b9a19bd970 Exception <a 'java/lang/NoSuchMethodError'{0x00000000890b0c50}: 'java.lang.Object java.lang.invoke.DirectMethodHandle$Holder.invokeSpecial(java.lang.Object, java.lang.Object, java.lang.Object, int, java.lang.Object)'> (0x00000000890b0c50) 
thrown [s\open\src\hotspot\share\interpreter\linkResolver.cpp, line 774]
Event: 0.488 Thread 0x000001b9c5239420 Exception <a 'java/lang/NoSuchMethodError'{0x0000000088d15bf0}: 'void java.lang.invoke.DirectMethodHandle$Holder.invokeStaticInit(java.lang.Object)'> (0x0000000088d15bf0) 
thrown [s\open\src\hotspot\share\interpreter\linkResolver.cpp, line 774]
Event: 0.491 Thread 0x000001b9a19bd970 Exception <a 'java/lang/NoSuchMethodError'{0x00000000890c5900}: 'java.lang.Object java.lang.invoke.DirectMethodHandle$Holder.newInvokeSpecial(java.lang.Object, java.lang.Object, java.lang.Object, java.lang.Object, java.lang.Object, java.lang.Object)'> (0x00000000890c5900) 
thrown [s\open\src\hotspot\share\interpreter\linkResolver.cpp, line 774]
Event: 0.502 Thread 0x000001b9a19bd970 Exception <a 'java/lang/NoSuchMethodError'{0x0000000088c0eee0}: 'java.lang.Object java.lang.invoke.DirectMethodHandle$Holder.newInvokeSpecial(java.lang.Object, java.lang.Object, java.lang.Object, java.lang.Object, java.lang.Object)'> (0x0000000088c0eee0) 
thrown [s\open\src\hotspot\share\interpreter\linkResolver.cpp, line 774]
Event: 0.547 Thread 0x000001b9c5239420 Exception <a 'java/lang/NoSuchMethodError'{0x0000000088913ea8}: 'java.lang.Object java.lang.invoke.DirectMethodHandle$Holder.invokeStaticInit(java.lang.Object, java.lang.Object, java.lang.Object, java.lang.Object)'> (0x0000000088913ea8) 
thrown [s\open\src\hotspot\share\interpreter\linkResolver.cpp, line 774]
Event: 0.575 Thread 0x000001b9c5239420 Exception <a 'java/lang/NullPointerException'{0x0000000088840ad8}> (0x0000000088840ad8) 
thrown [s\open\src\hotspot\share\interpreter\linkResolver.cpp, line 1374]
Event: 0.711 Thread 0x000001b9c5239420 Exception <a 'java/lang/NoSuchMethodError'{0x0000000089866c00}: 'java.lang.Object java.lang.invoke.DirectMethodHandle$Holder.newInvokeSpecial(java.lang.Object, java.lang.Object, int)'> (0x0000000089866c00) 
thrown [s\open\src\hotspot\share\interpreter\linkResolver.cpp, line 774]
Event: 0.772 Thread 0x000001b9c5239420 Exception <a 'java/lang/ClassNotFoundException'{0x0000000089743a70}: sun/awt/resources/spi/awtProvider> (0x0000000089743a70) 
thrown [s\open\src\hotspot\share\classfile\systemDictionary.cpp, line 255]
Event: 0.778 Thread 0x000001b9c5239420 Exception <a 'java/io/FileNotFoundException'{0x000000008974a8f0}> (0x000000008974a8f0) 
thrown [s\open\src\hotspot\share\prims\jni.cpp, line 517]
Event: 0.779 Thread 0x000001b9c5239420 Exception <a 'java/io/FileNotFoundException'{0x000000008974c1a8}> (0x000000008974c1a8) 
thrown [s\open\src\hotspot\share\prims\jni.cpp, line 517]
Event: 0.810 Thread 0x000001b9c5239420 Exception <a 'java/lang/NoSuchMethodError'{0x00000000897a6840}: 'java.lang.Object java.lang.invoke.DirectMethodHandle$Holder.invokeStaticInit(java.lang.Object, int, int, int, int)'> (0x00000000897a6840) 
thrown [s\open\src\hotspot\share\interpreter\linkResolver.cpp, line 774]
Event: 0.862 Thread 0x000001b9c5239420 Exception <a 'java/lang/NoSuchMethodError'{0x00000000897d68d0}: 'java.lang.Object java.lang.invoke.DirectMethodHandle$Holder.invokeStaticInit(java.lang.Object, java.lang.Object, int, int, int, int)'> (0x00000000897d68d0) 
thrown [s\open\src\hotspot\share\interpreter\linkResolver.cpp, line 774]
Event: 1.002 Thread 0x000001b9c5239420 Exception <a 'java/lang/NoSuchMethodError'{0x00000000893fe468}: 'long java.lang.invoke.DirectMethodHandle$Holder.invokeStatic(java.lang.Object, java.lang.Object, java.lang.Object)'> (0x00000000893fe468) 
thrown [s\open\src\hotspot\share\interpreter\linkResolver.cpp, line 774]
Event: 1.003 Thread 0x000001b9c5239420 Exception <a 'java/lang/NoSuchMethodError'{0x0000000089235868}: 'long java.lang.invoke.DirectMethodHandle$Holder.invokeStaticInit(java.lang.Object, java.lang.Object, java.lang.Object)'> (0x0000000089235868) 
thrown [s\open\src\hotspot\share\interpreter\linkResolver.cpp, line 774]
Event: 1.009 Thread 0x000001b9c5239420 Exception <a 'java/lang/NoSuchMethodError'{0x000000008924e080}: 'java.lang.Object java.lang.invoke.DirectMethodHandle$Holder.newInvokeSpecial(java.lang.Object, java.lang.Object, long)'> (0x000000008924e080) 
thrown [s\open\src\hotspot\share\interpreter\linkResolver.cpp, line 774]
Event: 1.010 Thread 0x000001b9c5239420 Exception <a 'java/lang/NoSuchMethodError'{0x0000000089251c08}: 'java.lang.Object java.lang.invoke.Invokers$Holder.linkToTargetMethod(java.lang.Object, long, java.lang.Object)'> (0x0000000089251c08) 
thrown [s\open\src\hotspot\share\interpreter\linkResolver.cpp, line 774]
Event: 1.054 Thread 0x000001b9c4c45af0 Exception <a 'java/lang/NoSuchMethodError'{0x000000008915cf40}: 'int java.lang.invoke.DirectMethodHandle$Holder.invokeStaticInit(java.lang.Object, java.lang.Object)'> (0x000000008915cf40) 
thrown [s\open\src\hotspot\share\interpreter\linkResolver.cpp, line 774]
Event: 1.113 Thread 0x000001b9c01a08f0 Exception <a 'java/lang/NoSuchMethodError'{0x00000000890ec648}: 'java.lang.Object java.lang.invoke.DirectMethodHandle$Holder.invokeStaticInit(java.lang.Object, int)'> (0x00000000890ec648) 
thrown [s\open\src\hotspot\share\interpreter\linkResolver.cpp, line 774]

VM Operations (20 events):
Event: 5.534 Executing VM operation: Cleanup
Event: 5.534 Executing VM operation: Cleanup done
Event: 6.534 Executing VM operation: Cleanup
Event: 6.535 Executing VM operation: Cleanup done
Event: 7.535 Executing VM operation: Cleanup
Event: 7.535 Executing VM operation: Cleanup done
Event: 8.536 Executing VM operation: Cleanup
Event: 8.536 Executing VM operation: Cleanup done
Event: 9.536 Executing VM operation: Cleanup
Event: 9.536 Executing VM operation: Cleanup done
Event: 10.536 Executing VM operation: Cleanup
Event: 10.537 Executing VM operation: Cleanup done
Event: 11.537 Executing VM operation: Cleanup
Event: 11.538 Executing VM operation: Cleanup done
Event: 13.538 Executing VM operation: Cleanup
Event: 13.538 Executing VM operation: Cleanup done
Event: 14.539 Executing VM operation: Cleanup
Event: 14.539 Executing VM operation: Cleanup done
Event: 16.540 Executing VM operation: Cleanup
Event: 16.540 Executing VM operation: Cleanup done

Events (20 events):
Event: 0.049 Thread 0x000001b9c01a08f0 Thread added: 0x000001b9c01a08f0
Event: 0.049 Thread 0x000001b9c01a1220 Thread added: 0x000001b9c01a1220
Event: 0.049 Thread 0x000001b9c01a1b50 Thread added: 0x000001b9c01a1b50
Event: 0.049 Thread 0x000001b9c01ae7a0 Thread added: 0x000001b9c01ae7a0
Event: 0.049 Thread 0x000001b9c01b8d40 Thread added: 0x000001b9c01b8d40
Event: 0.049 Thread 0x000001b9c01d92d0 Thread added: 0x000001b9c01d92d0
Event: 0.082 Thread 0x000001b9c44b0000 Thread added: 0x000001b9c44b0000
Event: 0.140 Thread 0x000001b9c45e4820 Thread added: 0x000001b9c45e4820
Event: 0.141 Thread 0x000001b9c45e55c0 Thread added: 0x000001b9c45e55c0
Event: 0.218 Thread 0x000001b9c4c5ed90 Thread added: 0x000001b9c4c5ed90
Event: 0.218 Thread 0x000001b9c4cd4ea0 Thread added: 0x000001b9c4cd4ea0
Event: 0.383 Thread 0x000001b9c4c45af0 Thread added: 0x000001b9c4c45af0
Event: 0.424 Thread 0x000001b9c5313830 Thread added: 0x000001b9c5313830
Event: 0.431 Thread 0x000001b9c5239420 Thread added: 0x000001b9c5239420
Event: 0.503 Thread 0x000001b9c5a6a7b0 Thread added: 0x000001b9c5a6a7b0
Event: 0.509 Thread 0x000001b9c57832b0 Thread added: 0x000001b9c57832b0
Event: 0.867 Thread 0x000001b9c5782d60 Thread added: 0x000001b9c5782d60
Event: 1.678 Thread 0x000001b9c45e55c0 Thread exited: 0x000001b9c45e55c0
Event: 1.678 Thread 0x000001b9c45e4820 Thread exited: 0x000001b9c45e4820
Event: 17.598 Thread 0x000001b9c4c6c5a0 Thread added: 0x000001b9c4c6c5a0


Dynamic libraries:
0x00007ff7bd130000 - 0x00007ff7bd13e000 	C:\Users\Admin\.jdks\openjdk-19.0.1\bin\java.exe
0x00007ffef3470000 - 0x00007ffef3684000 	C:\WINDOWS\SYSTEM32\ntdll.dll
0x00007ffef2ca0000 - 0x00007ffef2d62000 	C:\WINDOWS\System32\KERNEL32.DLL
0x00007ffef0c80000 - 0x00007ffef101c000 	C:\WINDOWS\System32\KERNELBASE.dll
0x00007ffef1020000 - 0x00007ffef1131000 	C:\WINDOWS\System32\ucrtbase.dll
0x00007ffec6f50000 - 0x00007ffec6f6b000 	C:\Users\Admin\.jdks\openjdk-19.0.1\bin\VCRUNTIME140.dll
0x00007ffec88b0000 - 0x00007ffec88c7000 	C:\Users\Admin\.jdks\openjdk-19.0.1\bin\jli.dll
0x00007ffef15f0000 - 0x00007ffef179b000 	C:\WINDOWS\System32\USER32.dll
0x00007ffed2fe0000 - 0x00007ffed326e000 	C:\WINDOWS\WinSxS\amd64_microsoft.windows.common-controls_6595b64144ccf1df_6.0.22621.317_none_a9434687c10c9fa2\COMCTL32.dll
0x00007ffef0950000 - 0x00007ffef0976000 	C:\WINDOWS\System32\win32u.dll
0x00007ffef1d00000 - 0x00007ffef1da7000 	C:\WINDOWS\System32\msvcrt.dll
0x00007ffef1280000 - 0x00007ffef12a9000 	C:\WINDOWS\System32\GDI32.dll
0x00007ffef0980000 - 0x00007ffef0a92000 	C:\WINDOWS\System32\gdi32full.dll
0x00007ffef08b0000 - 0x00007ffef094a000 	C:\WINDOWS\System32\msvcp_win.dll
0x00007ffef2b50000 - 0x00007ffef2b81000 	C:\WINDOWS\System32\IMM32.DLL
0x00007ffec7c30000 - 0x00007ffec7c3c000 	C:\Users\Admin\.jdks\openjdk-19.0.1\bin\vcruntime140_1.dll
0x00007ffea3780000 - 0x00007ffea380e000 	C:\Users\Admin\.jdks\openjdk-19.0.1\bin\msvcp140.dll
0x00007ffe9a4c0000 - 0x00007ffe9b180000 	C:\Users\Admin\.jdks\openjdk-19.0.1\bin\server\jvm.dll
0x00007ffef2590000 - 0x00007ffef263e000 	C:\WINDOWS\System32\ADVAPI32.dll
0x00007ffef2f10000 - 0x00007ffef2fb4000 	C:\WINDOWS\System32\sechost.dll
0x00007ffef2df0000 - 0x00007ffef2f05000 	C:\WINDOWS\System32\RPCRT4.dll
0x00007ffeedcd0000 - 0x00007ffeedcd9000 	C:\WINDOWS\SYSTEM32\WSOCK32.dll
0x00007ffee9f30000 - 0x00007ffee9f64000 	C:\WINDOWS\SYSTEM32\WINMM.dll
0x00007ffee8f70000 - 0x00007ffee8f7a000 	C:\WINDOWS\SYSTEM32\VERSION.dll
0x00007ffef2b90000 - 0x00007ffef2c01000 	C:\WINDOWS\System32\WS2_32.dll
0x00007ffeef8f0000 - 0x00007ffeef908000 	C:\WINDOWS\SYSTEM32\kernel.appcore.dll
0x00007ffec6a70000 - 0x00007ffec6a7a000 	C:\Users\Admin\.jdks\openjdk-19.0.1\bin\jimage.dll
0x00007ffed5a80000 - 0x00007ffed5cae000 	C:\WINDOWS\SYSTEM32\DBGHELP.DLL
0x00007ffef1950000 - 0x00007ffef1cd9000 	C:\WINDOWS\System32\combase.dll
0x00007ffef31d0000 - 0x00007ffef32a7000 	C:\WINDOWS\System32\OLEAUT32.dll
0x00007ffed56d0000 - 0x00007ffed5702000 	C:\WINDOWS\SYSTEM32\dbgcore.DLL
0x00007ffef1140000 - 0x00007ffef11bb000 	C:\WINDOWS\System32\bcryptPrimitives.dll
0x00007ffeedc90000 - 0x00007ffeedc9e000 	C:\Users\Admin\.jdks\openjdk-19.0.1\bin\instrument.dll
0x00007ffea35f0000 - 0x00007ffea3616000 	C:\Users\Admin\.jdks\openjdk-19.0.1\bin\java.dll
0x00007ffe9a3e0000 - 0x00007ffe9a4b7000 	C:\Users\Admin\.jdks\openjdk-19.0.1\bin\jsvml.dll
0x00007ffef1db0000 - 0x00007ffef258b000 	C:\WINDOWS\System32\SHELL32.dll
0x00007ffeee8c0000 - 0x00007ffeef175000 	C:\WINDOWS\SYSTEM32\windows.storage.dll
0x00007ffeee780000 - 0x00007ffeee8bd000 	C:\WINDOWS\SYSTEM32\wintypes.dll
0x00007ffef3070000 - 0x00007ffef3161000 	C:\WINDOWS\System32\SHCORE.dll
0x00007ffef33d0000 - 0x00007ffef342e000 	C:\WINDOWS\System32\shlwapi.dll
0x00007ffef07e0000 - 0x00007ffef0801000 	C:\WINDOWS\SYSTEM32\profapi.dll
0x00007ffeb8180000 - 0x00007ffeb8193000 	C:\Users\Admin\.jdks\openjdk-19.0.1\bin\net.dll
0x00007ffee9f70000 - 0x00007ffeea09f000 	C:\WINDOWS\SYSTEM32\WINHTTP.dll
0x00007ffeefd40000 - 0x00007ffeefda9000 	C:\WINDOWS\system32\mswsock.dll
0x00007ffeb6f40000 - 0x00007ffeb6f56000 	C:\Users\Admin\.jdks\openjdk-19.0.1\bin\nio.dll
0x00007ffea2280000 - 0x00007ffea2298000 	C:\Users\Admin\.jdks\openjdk-19.0.1\bin\zip.dll
0x00007ffeebc20000 - 0x00007ffeebc3a000 	C:\Program Files\JetBrains\IntelliJ IDEA Community Edition 2022.2.1\bin\breakgen64.dll
0x00007ffed4390000 - 0x00007ffed4398000 	C:\Users\Admin\.jdks\openjdk-19.0.1\bin\extnet.dll
0x000001b9c02f0000 - 0x000001b9c02f3000 	C:\Java\javafx-sdk-19\bin\api-ms-win-core-console-l1-1-0.dll
0x000001b9c0300000 - 0x000001b9c0303000 	C:\Java\javafx-sdk-19\bin\api-ms-win-core-console-l1-2-0.dll
0x000001b9c0310000 - 0x000001b9c0313000 	C:\Java\javafx-sdk-19\bin\api-ms-win-core-datetime-l1-1-0.dll
0x000001b9c0320000 - 0x000001b9c0323000 	C:\Java\javafx-sdk-19\bin\api-ms-win-core-debug-l1-1-0.dll
0x000001b9c0330000 - 0x000001b9c0333000 	C:\Java\javafx-sdk-19\bin\api-ms-win-core-errorhandling-l1-1-0.dll
0x000001b9c0340000 - 0x000001b9c0344000 	C:\Java\javafx-sdk-19\bin\api-ms-win-core-file-l1-1-0.dll
0x000001b9c0350000 - 0x000001b9c0353000 	C:\Java\javafx-sdk-19\bin\api-ms-win-core-file-l1-2-0.dll
0x000001b9c0360000 - 0x000001b9c0363000 	C:\Java\javafx-sdk-19\bin\api-ms-win-core-file-l2-1-0.dll
0x000001b9c0370000 - 0x000001b9c0373000 	C:\Java\javafx-sdk-19\bin\api-ms-win-core-handle-l1-1-0.dll
0x000001b9c0380000 - 0x000001b9c0383000 	C:\Java\javafx-sdk-19\bin\api-ms-win-core-heap-l1-1-0.dll
0x000001b9c0390000 - 0x000001b9c0393000 	C:\Java\javafx-sdk-19\bin\api-ms-win-core-interlocked-l1-1-0.dll
0x000001b9c03a0000 - 0x000001b9c03a3000 	C:\Java\javafx-sdk-19\bin\api-ms-win-core-libraryloader-l1-1-0.dll
0x000001b9c03b0000 - 0x000001b9c03b3000 	C:\Java\javafx-sdk-19\bin\api-ms-win-core-localization-l1-2-0.dll
0x000001b9c03c0000 - 0x000001b9c03c3000 	C:\Java\javafx-sdk-19\bin\api-ms-win-core-memory-l1-1-0.dll
0x000001b9c03d0000 - 0x000001b9c03d3000 	C:\Java\javafx-sdk-19\bin\api-ms-win-core-namedpipe-l1-1-0.dll
0x000001b9c03e0000 - 0x000001b9c03e3000 	C:\Java\javafx-sdk-19\bin\api-ms-win-core-processenvironment-l1-1-0.dll
0x000001b9c03f0000 - 0x000001b9c03f3000 	C:\Java\javafx-sdk-19\bin\api-ms-win-core-processthreads-l1-1-0.dll
0x000001b9c5fd0000 - 0x000001b9c5fd3000 	C:\Java\javafx-sdk-19\bin\api-ms-win-core-processthreads-l1-1-1.dll
0x000001b9c5fe0000 - 0x000001b9c5fe3000 	C:\Java\javafx-sdk-19\bin\api-ms-win-core-profile-l1-1-0.dll
0x000001b9c5ff0000 - 0x000001b9c5ff3000 	C:\Java\javafx-sdk-19\bin\api-ms-win-core-rtlsupport-l1-1-0.dll
0x000001b9c6000000 - 0x000001b9c6003000 	C:\Java\javafx-sdk-19\bin\api-ms-win-core-string-l1-1-0.dll
0x000001b9c6010000 - 0x000001b9c6013000 	C:\Java\javafx-sdk-19\bin\api-ms-win-core-synch-l1-1-0.dll
0x000001b9c6020000 - 0x000001b9c6023000 	C:\Java\javafx-sdk-19\bin\api-ms-win-core-synch-l1-2-0.dll
0x000001b9c6030000 - 0x000001b9c6033000 	C:\Java\javafx-sdk-19\bin\api-ms-win-core-sysinfo-l1-1-0.dll
0x000001b9c6040000 - 0x000001b9c6043000 	C:\Java\javafx-sdk-19\bin\api-ms-win-core-timezone-l1-1-0.dll
0x000001b9c6050000 - 0x000001b9c6053000 	C:\Java\javafx-sdk-19\bin\api-ms-win-core-util-l1-1-0.dll
0x000001b9c6060000 - 0x000001b9c6063000 	C:\Java\javafx-sdk-19\bin\api-ms-win-crt-conio-l1-1-0.dll
0x000001b9c6070000 - 0x000001b9c6074000 	C:\Java\javafx-sdk-19\bin\api-ms-win-crt-convert-l1-1-0.dll
0x000001b9c6080000 - 0x000001b9c6083000 	C:\Java\javafx-sdk-19\bin\api-ms-win-crt-environment-l1-1-0.dll
0x000001b9c6090000 - 0x000001b9c6093000 	C:\Java\javafx-sdk-19\bin\api-ms-win-crt-filesystem-l1-1-0.dll
0x000001b9c60a0000 - 0x000001b9c60a3000 	C:\Java\javafx-sdk-19\bin\api-ms-win-crt-heap-l1-1-0.dll
0x000001b9c61e0000 - 0x000001b9c61e3000 	C:\Java\javafx-sdk-19\bin\api-ms-win-crt-locale-l1-1-0.dll
0x000001b9c60b0000 - 0x000001b9c60b5000 	C:\Java\javafx-sdk-19\bin\api-ms-win-crt-math-l1-1-0.dll
0x000001b9c60c0000 - 0x000001b9c60c5000 	C:\Java\javafx-sdk-19\bin\api-ms-win-crt-multibyte-l1-1-0.dll
0x000001b9c60d0000 - 0x000001b9c60e0000 	C:\Java\javafx-sdk-19\bin\api-ms-win-crt-private-l1-1-0.dll
0x000001b9c60e0000 - 0x000001b9c60e3000 	C:\Java\javafx-sdk-19\bin\api-ms-win-crt-process-l1-1-0.dll
0x000001b9c60f0000 - 0x000001b9c60f4000 	C:\Java\javafx-sdk-19\bin\api-ms-win-crt-runtime-l1-1-0.dll
0x000001b9c6100000 - 0x000001b9c6104000 	C:\Java\javafx-sdk-19\bin\api-ms-win-crt-stdio-l1-1-0.dll
0x000001b9c6110000 - 0x000001b9c6114000 	C:\Java\javafx-sdk-19\bin\api-ms-win-crt-string-l1-1-0.dll
0x000001b9c6120000 - 0x000001b9c6123000 	C:\Java\javafx-sdk-19\bin\api-ms-win-crt-time-l1-1-0.dll
0x000001b9c6130000 - 0x000001b9c6133000 	C:\Java\javafx-sdk-19\bin\api-ms-win-crt-utility-l1-1-0.dll
0x00007ffeeb1a0000 - 0x00007ffeeb29c000 	C:\Java\javafx-sdk-19\bin\ucrtbase.dll
0x00007ffeeb3e0000 - 0x00007ffeeb3fb000 	C:\Java\javafx-sdk-19\bin\vcruntime140.dll
0x00007ffeec060000 - 0x00007ffeec06c000 	C:\Java\javafx-sdk-19\bin\vcruntime140_1.dll
0x00007ffeeb110000 - 0x00007ffeeb19e000 	C:\Java\javafx-sdk-19\bin\msvcp140.dll
0x00007ffeeb880000 - 0x00007ffeeb889000 	C:\Java\javafx-sdk-19\bin\msvcp140_1.dll
0x00007ffeeb0e0000 - 0x00007ffeeb110000 	C:\Java\javafx-sdk-19\bin\msvcp140_2.dll
0x00007ffeea330000 - 0x00007ffeea35c000 	C:\Java\javafx-sdk-19\bin\prism_d3d.dll
0x00007ffeb89f0000 - 0x00007ffeb8b98000 	C:\WINDOWS\system32\d3d9.dll
0x00007ffeee310000 - 0x00007ffeee33b000 	C:\WINDOWS\SYSTEM32\dwmapi.dll
0x00007ffeedfe0000 - 0x00007ffeee016000 	C:\WINDOWS\SYSTEM32\dxcore.dll
0x00007ffeedf00000 - 0x00007ffeedfab000 	C:\WINDOWS\system32\uxtheme.dll
0x00007ffea92f0000 - 0x00007ffea94df000 	C:\WINDOWS\System32\DriverStore\FileRepository\igdlh64.inf_amd64_ceddadac8a2b489e\igdumdim64.dll
0x00007ffe895e0000 - 0x00007ffe8c854000 	C:\WINDOWS\System32\DriverStore\FileRepository\igdlh64.inf_amd64_ceddadac8a2b489e\igd9dxva64.dll
0x00007ffef17b0000 - 0x00007ffef194c000 	C:\WINDOWS\System32\ole32.dll
0x00007ffee9d10000 - 0x00007ffee9d59000 	C:\WINDOWS\SYSTEM32\directxdatabasehelper.dll
0x00007ffed8490000 - 0x00007ffed84d2000 	C:\Java\javafx-sdk-19\bin\glass.dll
0x00007ffef32b0000 - 0x00007ffef33a5000 	C:\WINDOWS\System32\COMDLG32.dll
0x00007ffef1310000 - 0x00007ffef142e000 	C:\WINDOWS\System32\MSCTF.dll
0x00007ffedfcb0000 - 0x00007ffee1a90000 	C:\WINDOWS\System32\DriverStore\FileRepository\igdlh64.inf_amd64_ceddadac8a2b489e\igc64.dll
0x00007ffeea310000 - 0x00007ffeea324000 	C:\Java\javafx-sdk-19\bin\javafx_font.dll
0x00007ffeec800000 - 0x00007ffeeca67000 	C:\WINDOWS\SYSTEM32\dwrite.dll
0x00007ffef2fc0000 - 0x00007ffef3070000 	C:\WINDOWS\System32\clbcatq.dll
0x00007ffeec5a0000 - 0x00007ffeec750000 	C:\WINDOWS\SYSTEM32\WindowsCodecs.dll
0x00007ffec6a10000 - 0x00007ffec6a6e000 	C:\WINDOWS\system32\dataexchange.dll
0x00007ffee5c00000 - 0x00007ffee5e6a000 	C:\WINDOWS\system32\twinapi.appcore.dll
0x00007ffed7ad0000 - 0x00007ffed7b02000 	C:\Program Files\Common Files\Microsoft Shared\Ink\rtscom.dll
0x00007ffee5610000 - 0x00007ffee573d000 	C:\WINDOWS\SYSTEM32\textinputframework.dll
0x00007ffeed4f0000 - 0x00007ffeed623000 	C:\WINDOWS\SYSTEM32\CoreMessaging.dll
0x00007ffee9290000 - 0x00007ffee95fc000 	C:\WINDOWS\SYSTEM32\CoreUIComponents.dll
0x00007ffef0030000 - 0x00007ffef003c000 	C:\WINDOWS\SYSTEM32\CRYPTBASE.DLL
0x00007ffeb6510000 - 0x00007ffeb66a0000 	C:\Users\Admin\.jdks\openjdk-19.0.1\bin\awt.dll
0x00007ffeedd30000 - 0x00007ffeeddc7000 	C:\WINDOWS\SYSTEM32\apphelp.dll
0x00007ffef0050000 - 0x00007ffef006b000 	C:\WINDOWS\SYSTEM32\CRYPTSP.dll
0x00007ffeef860000 - 0x00007ffeef895000 	C:\WINDOWS\system32\rsaenh.dll
0x00007ffeefde0000 - 0x00007ffeefe08000 	C:\WINDOWS\SYSTEM32\USERENV.dll
0x00007ffef0190000 - 0x00007ffef01b8000 	C:\WINDOWS\SYSTEM32\bcrypt.dll
0x00007ffeef3d0000 - 0x00007ffeef3fd000 	C:\WINDOWS\SYSTEM32\IPHLPAPI.DLL
0x00007ffef17a0000 - 0x00007ffef17a9000 	C:\WINDOWS\System32\NSI.dll
0x00007ffee9e50000 - 0x00007ffee9e69000 	C:\WINDOWS\SYSTEM32\dhcpcsvc6.DLL

dbghelp: loaded successfully - version: 4.0.5 - missing functions: none
symbol engine: initialized successfully - sym options: 0x614 - pdb path: .;C:\Users\Admin\.jdks\openjdk-19.0.1\bin;C:\WINDOWS\SYSTEM32;C:\WINDOWS\WinSxS\amd64_microsoft.windows.common-controls_6595b64144ccf1df_6.0.22621.317_none_a9434687c10c9fa2;C:\Users\Admin\.jdks\openjdk-19.0.1\bin\server;C:\Program Files\JetBrains\IntelliJ IDEA Community Edition 2022.2.1\bin;C:\Java\javafx-sdk-19\bin;C:\WINDOWS\System32\DriverStore\FileRepository\igdlh64.inf_amd64_ceddadac8a2b489e;C:\Program Files\Common Files\Microsoft Shared\Ink

VM Arguments:
jvm_args: --module-path=C:\Java\javafx-sdk-19\lib --add-modules=javafx.controls,javafx.fxml -javaagent:C:\Program Files\JetBrains\IntelliJ IDEA Community Edition 2022.2.1\lib\idea_rt.jar=50403:C:\Program Files\JetBrains\IntelliJ IDEA Community Edition 2022.2.1\bin -Dfile.encoding=UTF-8 -Dsun.stdout.encoding=UTF-8 -Dsun.stderr.encoding=UTF-8 
java_command: Game.MainGame
java_class_path (initial): D:\BTL\bomberman-game\target\classes;C:\Users\Admin\.m2\repository\org\openjfx\javafx-controls\19-ea+7\javafx-controls-19-ea+7.jar;C:\Users\Admin\.m2\repository\org\openjfx\javafx-controls\19-ea+7\javafx-controls-19-ea+7-win.jar;C:\Users\Admin\.m2\repository\org\openjfx\javafx-graphics\19-ea+7\javafx-graphics-19-ea+7.jar;C:\Users\Admin\.m2\repository\org\openjfx\javafx-graphics\19-ea+7\javafx-graphics-19-ea+7-win.jar;C:\Users\Admin\.m2\repository\org\openjfx\javafx-base\19-ea+7\javafx-base-19-ea+7.jar;C:\Users\Admin\.m2\repository\org\openjfx\javafx-base\19-ea+7\javafx-base-19-ea+7-win.jar;C:\Users\Admin\.m2\repository\org\openjfx\javafx-fxml\19-ea+7\javafx-fxml-19-ea+7.jar;C:\Users\Admin\.m2\repository\org\openjfx\javafx-fxml\19-ea+7\javafx-fxml-19-ea+7-win.jar;C:\Users\Admin\.m2\repository\org\controlsfx\controlsfx\11.1.1\controlsfx-11.1.1.jar;C:\Users\Admin\.m2\repository\org\kordamp\bootstrapfx\bootstrapfx-core\0.4.0\bootstrapfx-core-0.4.0.jar
Launcher Type: SUN_STANDARD

[Global flags]
     intx CICompilerCount                          = 4                                         {product} {ergonomic}
     uint ConcGCThreads                            = 2                                         {product} {ergonomic}
     uint G1ConcRefinementThreads                  = 8                                         {product} {ergonomic}
   size_t G1HeapRegionSize                         = 1048576                                   {product} {ergonomic}
    uintx GCDrainStackTargetSize                   = 64                                        {product} {ergonomic}
   size_t InitialHeapSize                          = 134217728                                 {product} {ergonomic}
   size_t MarkStackSize                            = 4194304                                   {product} {ergonomic}
   size_t MaxHeapSize                              = 2116026368                                {product} {ergonomic}
   size_t MaxNewSize                               = 1268776960                                {product} {ergonomic}
   size_t MinHeapDeltaBytes                        = 1048576                                   {product} {ergonomic}
   size_t MinHeapSize                              = 8388608                                   {product} {ergonomic}
    uintx NonNMethodCodeHeapSize                   = 5839372                                {pd product} {ergonomic}
    uintx NonProfiledCodeHeapSize                  = 122909434                              {pd product} {ergonomic}
    uintx ProfiledCodeHeapSize                     = 122909434                              {pd product} {ergonomic}
    uintx ReservedCodeCacheSize                    = 251658240                              {pd product} {ergonomic}
     bool SegmentedCodeCache                       = true                                      {product} {ergonomic}
   size_t SoftMaxHeapSize                          = 2116026368                             {manageable} {ergonomic}
     bool UseCompressedClassPointers               = true                           {product lp64_product} {ergonomic}
     bool UseCompressedOops                        = true                           {product lp64_product} {ergonomic}
     bool UseG1GC                                  = true                                      {product} {ergonomic}
     bool UseLargePagesIndividualAllocation        = false                                  {pd product} {ergonomic}

Logging:
Log output configuration:
 #0: stdout all=warning uptime,level,tags foldmultilines=false
 #1: stderr all=off uptime,level,tags foldmultilines=false

Environment Variables:
JAVA_HOME=C:\Program Files\Java\jdk-18.0.2.1
PATH=C:\Python310\Scripts\;C:\Python310\;C:\Program Files\Eclipse Adoptium\jdk-17.0.4.101-hotspot\bin;C:\Program Files\Common Files\Oracle\Java\javapath;C:\WINDOWS\system32;C:\WINDOWS;C:\WINDOWS\System32\Wbem;C:\WINDOWS\System32\WindowsPowerShell\v1.0\;C:\WINDOWS\System32\OpenSSH\;C:\Program Files\CodeBlocks\MinGW\bin;C:\Program Files\Git\cmd;C:\Program Files\Cloudflare\Cloudflare WARP\;C:\Program Files\nodejs\;C:\ProgramData\chocolatey\bin;C:\Program Files\SQLite\sqlite3;C:\Users\Admin\AppData\Local\Microsoft\WindowsApps;C:\Program Files\JetBrains\PyCharm 2022.1.2\bin;;C:\Users\Admin\AppData\Local\GitHubDesktop\bin;;C:\Program Files\JetBrains\IntelliJ IDEA Community Edition 2022.2.1\bin;;C:\Users\Admin\AppData\Roaming\npm;C:\Users\Admin\AppData\Local\Programs\Microsoft VS Code\bin
USERNAME=Admin
OS=Windows_NT
PROCESSOR_IDENTIFIER=Intel64 Family 6 Model 142 Stepping 10, GenuineIntel
TMP=C:\Users\Admin\AppData\Local\Temp
TEMP=C:\Users\Admin\AppData\Local\Temp



---------------  S Y S T E M  ---------------

OS:
 Windows 11 , 64 bit Build 22621 (10.0.22621.457)
OS uptime: 0 days 1:56 hours
Hyper-V role detected

CPU: total 8 (initial active 8) (4 cores per cpu, 2 threads per core) family 6 model 142 stepping 10 microcode 0xe0, cx8, cmov, fxsr, ht, mmx, 3dnowpref, sse, sse2, sse3, ssse3, sse4.1, sse4.2, popcnt, lzcnt, tsc, tscinvbit, avx, avx2, aes, erms, clmul, bmi1, bmi2, adx, fma, vzeroupper, clflush, clflushopt, hv, rdtscp

Memory: 4k page, system-wide physical 8069M (1660M free)
TotalPageFile size 8069M (AvailPageFile size 1M)
current process WorkingSet (physical memory assigned to process): 222M, peak: 222M
current process commit charge ("private bytes"): 330M, peak: 333M

vm_info: OpenJDK 64-Bit Server VM (19.0.1+10-21) for windows-amd64 JRE (19.0.1+10-21), built on 2022-09-14T12:45:06Z by "mach5one" with MS VC++ 17.1 (VS2022)

END.
