#
# There is insufficient memory for the Java Runtime Environment to continue.
# Native memory allocation (malloc) failed to allocate 195552 bytes for Chunk::new
# Possible reasons:
#   The system is out of physical RAM or swap space
#   The process is running with CompressedOops enabled, and the Java Heap may be blocking the growth of the native heap
# Possible solutions:
#   Reduce memory load on the system
#   Increase physical memory or swap space
#   Check if swap backing store is full
#   Decrease Java heap size (-Xmx/-Xms)
#   Decrease number of Java threads
#   Decrease Java thread stack sizes (-Xss)
#   Set larger code cache with -XX:ReservedCodeCacheSize=
#   JVM is running with Unscaled Compressed Oops mode in which the Java heap is
#     placed in the first 4GB address space. The Java Heap base address is the
#     maximum limit for the native heap growth. Please use -XX:HeapBaseMinAddress
#     to set the Java Heap base and to place the Java Heap above 4GB virtual address.
# This output file may be truncated or incomplete.
#
#  Out of Memory Error (arena.cpp:184), pid=10824, tid=8512
#
# JRE version: OpenJDK Runtime Environment (19.0.1+10) (build 19.0.1+10-21)
# Java VM: OpenJDK 64-Bit Server VM (19.0.1+10-21, mixed mode, sharing, tiered, compressed oops, compressed class ptrs, g1 gc, windows-amd64)
# No core dump will be written. Minidumps are not enabled by default on client versions of Windows
#

---------------  S U M M A R Y ------------

Command Line: --module-path=C:\Java\javafx-sdk-19\lib --add-modules=javafx.controls,javafx.fxml -javaagent:C:\Program Files\JetBrains\IntelliJ IDEA Community Edition 2022.2.1\lib\idea_rt.jar=50407:C:\Program Files\JetBrains\IntelliJ IDEA Community Edition 2022.2.1\bin -Dfile.encoding=UTF-8 -Dsun.stdout.encoding=UTF-8 -Dsun.stderr.encoding=UTF-8 Game.MainGame

Host: Intel(R) Core(TM) i5-8250U CPU @ 1.60GHz, 8 cores, 7G,  Windows 11 , 64 bit Build 22621 (10.0.22621.457)
Time: Mon Oct 24 23:48:01 2022 SE Asia Standard Time elapsed time: 18.920587 seconds (0d 0h 0m 18s)

---------------  T H R E A D  ---------------

Current thread (0x0000021e69c28090):  JavaThread "C2 CompilerThread0" daemon [_thread_in_native, id=8512, stack(0x00000048e3b00000,0x00000048e3c00000)]


Current CompileTask:
C2:  18920 2634       4       java.util.WeakHashMap$HashIterator::<init> (41 bytes)

Stack: [0x00000048e3b00000,0x00000048e3c00000]
Native frames: (J=compiled Java code, j=interpreted, Vv=VM code, C=native code)
V  [jvm.dll+0x6ee8fa]
V  [jvm.dll+0x857a1e]
V  [jvm.dll+0x85940e]
V  [jvm.dll+0x859ac3]
V  [jvm.dll+0x28291f]
V  [jvm.dll+0xc9b5f]
V  [jvm.dll+0xc9ee5]
V  [jvm.dll+0x3bcbac]
V  [jvm.dll+0x1ee12a]
V  [jvm.dll+0x24c41b]
V  [jvm.dll+0x24b671]
V  [jvm.dll+0x1d6d61]
V  [jvm.dll+0x25b0fa]
V  [jvm.dll+0x259588]
V  [jvm.dll+0x807928]
V  [jvm.dll+0x8015fa]
V  [jvm.dll+0x6ed5eb]
C  [ucrtbase.dll+0x29363]
C  [KERNEL32.DLL+0x1244d]
C  [ntdll.dll+0x5df78]


---------------  P R O C E S S  ---------------

Threads class SMR info:
_java_thread_list=0x0000021e7014a900, length=19, elements={
0x0000021e472de550, 0x0000021e656a49b0, 0x0000021e656a9300, 0x0000021e656ab2d0,
0x0000021e656abc00, 0x0000021e656ae540, 0x0000021e656aee70, 0x0000021e69c28090,
0x0000021e656b6050, 0x0000021e656b69c0, 0x0000021e69d1ea50, 0x0000021e6a528110,
0x0000021e69f613d0, 0x0000021e6a33c5b0, 0x0000021e6a194420, 0x0000021e6a330b30,
0x0000021e6a5eef50, 0x0000021e6a5f1270, 0x0000021e6f4dd840
}

Java Threads: ( => current thread )
  0x0000021e472de550 JavaThread "main" [_thread_blocked, id=9136, stack(0x00000048e2e00000,0x00000048e2f00000)]
  0x0000021e656a49b0 JavaThread "Reference Handler" daemon [_thread_blocked, id=12472, stack(0x00000048e3500000,0x00000048e3600000)]
  0x0000021e656a9300 JavaThread "Finalizer" daemon [_thread_blocked, id=4816, stack(0x00000048e3600000,0x00000048e3700000)]
  0x0000021e656ab2d0 JavaThread "Signal Dispatcher" daemon [_thread_blocked, id=13008, stack(0x00000048e3700000,0x00000048e3800000)]
  0x0000021e656abc00 JavaThread "Attach Listener" daemon [_thread_blocked, id=68, stack(0x00000048e3800000,0x00000048e3900000)]
  0x0000021e656ae540 JavaThread "Service Thread" daemon [_thread_blocked, id=3204, stack(0x00000048e3900000,0x00000048e3a00000)]
  0x0000021e656aee70 JavaThread "Monitor Deflation Thread" daemon [_thread_blocked, id=5452, stack(0x00000048e3a00000,0x00000048e3b00000)]
=>0x0000021e69c28090 JavaThread "C2 CompilerThread0" daemon [_thread_in_native, id=8512, stack(0x00000048e3b00000,0x00000048e3c00000)]
  0x0000021e656b6050 JavaThread "C1 CompilerThread0" daemon [_thread_blocked, id=4004, stack(0x00000048e3c00000,0x00000048e3d00000)]
  0x0000021e656b69c0 JavaThread "Sweeper thread" daemon [_thread_blocked, id=11340, stack(0x00000048e3d00000,0x00000048e3e00000)]
  0x0000021e69d1ea50 JavaThread "Common-Cleaner" daemon [_thread_blocked, id=13196, stack(0x00000048e3e00000,0x00000048e3f00000)]
  0x0000021e6a528110 JavaThread "Monitor Ctrl-Break" daemon [_thread_in_native, id=13284, stack(0x00000048e4100000,0x00000048e4200000)]
  0x0000021e69f613d0 JavaThread "Notification Thread" daemon [_thread_blocked, id=9716, stack(0x00000048e4200000,0x00000048e4300000)]
  0x0000021e6a33c5b0 JavaThread "QuantumRenderer-0" daemon [_thread_in_native, id=2260, stack(0x00000048e4400000,0x00000048e4500000)]
  0x0000021e6a194420 JavaThread "InvokeLaterDispatcher" daemon [_thread_blocked, id=6340, stack(0x00000048e4500000,0x00000048e4600000)]
  0x0000021e6a330b30 JavaThread "JavaFX Application Thread" [_thread_blocked, id=860, stack(0x00000048e4600000,0x00000048e4700000)]
  0x0000021e6a5eef50 JavaThread "JavaFX-Launcher" [_thread_blocked, id=11184, stack(0x00000048e4b00000,0x00000048e4c00000)]
  0x0000021e6a5f1270 JavaThread "Thread-2" daemon [_thread_in_native, id=1872, stack(0x00000048e4a00000,0x00000048e4b00000)]
  0x0000021e6f4dd840 JavaThread "Java2D Disposer" daemon [_thread_blocked, id=3932, stack(0x00000048e5200000,0x00000048e5300000)]

Other Threads:
  0x0000021e6568ead0 VMThread "VM Thread" [stack: 0x00000048e3400000,0x00000048e3500000] [id=7124]
  0x0000021e6a29abc0 WatcherThread "VM Periodic Task Thread" [stack: 0x00000048e4300000,0x00000048e4400000] [id=13148]
  0x0000021e4733c3a0 WorkerThread "GC Thread#0" [stack: 0x00000048e2f00000,0x00000048e3000000] [id=1648]
  0x0000021e6a71e670 WorkerThread "GC Thread#1" [stack: 0x00000048e3f00000,0x00000048e4000000] [id=3252]
  0x0000021e6a73fbc0 WorkerThread "GC Thread#2" [stack: 0x00000048e4000000,0x00000048e4100000] [id=11008]
  0x0000021e6a7a7c40 WorkerThread "GC Thread#3" [stack: 0x00000048e4c00000,0x00000048e4d00000] [id=12308]
  0x0000021e6a7a92c0 WorkerThread "GC Thread#4" [stack: 0x00000048e4d00000,0x00000048e4e00000] [id=10148]
  0x0000021e6a7a84b0 WorkerThread "GC Thread#5" [stack: 0x00000048e4e00000,0x00000048e4f00000] [id=2872]
  0x0000021e6a7a8d20 WorkerThread "GC Thread#6" [stack: 0x00000048e5300000,0x00000048e5400000] [id=7588]
  0x0000021e6a7a7f10 WorkerThread "GC Thread#7" [stack: 0x00000048e5400000,0x00000048e5500000] [id=2796]
  0x0000021e4738b010 ConcurrentGCThread "G1 Main Marker" [stack: 0x00000048e3000000,0x00000048e3100000] [id=3264]
  0x0000021e4738d2b0 WorkerThread "G1 Conc#0" [stack: 0x00000048e3100000,0x00000048e3200000] [id=1448]
  0x0000021e65542480 ConcurrentGCThread "G1 Refine#0" [stack: 0x00000048e3200000,0x00000048e3300000] [id=12064]
  0x0000021e65542c70 ConcurrentGCThread "G1 Service" [stack: 0x00000048e3300000,0x00000048e3400000] [id=9388]

Threads with active compile tasks:
C2 CompilerThread0    18950 2634       4       java.util.WeakHashMap$HashIterator::<init> (41 bytes)

VM state: not at safepoint (normal execution)

VM Mutex/Monitor currently owned by a thread: None

Heap address: 0x0000000081e00000, size: 2018 MB, Compressed Oops mode: 32-bit

CDS archive(s) mapped at: [0x0000000800000000-0x0000000800c30000-0x0000000800c30000), size 12779520, SharedBaseAddress: 0x0000000800000000, ArchiveRelocationMode: 0.
Compressed class space mapped at: 0x0000000801000000-0x0000000841000000, reserved size: 1073741824
Narrow klass base: 0x0000000800000000, Narrow klass shift: 0, Narrow klass range: 0x100000000

GC Precious Log:
 CardTable entry size: 512
 Card Set container configuration: InlinePtr #cards 5 size 8 Array Of Cards #cards 12 size 40 Howl #buckets 4 coarsen threshold 1843 Howl Bitmap #cards 512 size 80 coarsen threshold 460 Card regions per heap region 1 cards per card region 2048
 CPUs: 8 total, 8 available
 Memory: 8069M
 Large Page Support: Disabled
 NUMA Support: Disabled
 Compressed Oops: Enabled (32-bit)
 Heap Region Size: 1M
 Heap Min Capacity: 8M
 Heap Initial Capacity: 128M
 Heap Max Capacity: 2018M
 Pre-touch: Disabled
 Parallel Workers: 8
 Concurrent Workers: 2
 Concurrent Refinement Workers: 8
 Periodic GC: Disabled

Heap:
 garbage-first heap   total 131072K, used 56245K [0x0000000081e00000, 0x0000000100000000)
  region size 1024K, 53 young (54272K), 5 survivors (5120K)
 Metaspace       used 11403K, committed 11648K, reserved 1114112K
  class space    used 1293K, committed 1408K, reserved 1048576K

Heap Regions: E=young(eden), S=young(survivor), O=old, HS=humongous(starts), HC=humongous(continues), CS=collection set, F=free, OA=open archive, CA=closed archive, TAMS=top-at-mark-start (previous, next)
|   0|0x0000000081e00000, 0x0000000081f00000, 0x0000000081f00000|100%| O|  |TAMS 0x0000000081e00000, 0x0000000081e00000| Untracked 
|   1|0x0000000081f00000, 0x0000000082000000, 0x0000000082000000|100%| O|  |TAMS 0x0000000081f00000, 0x0000000081f00000| Untracked 
|   2|0x0000000082000000, 0x0000000082100000, 0x0000000082100000|100%| O|  |TAMS 0x0000000082000000, 0x0000000082000000| Untracked 
|   3|0x0000000082100000, 0x000000008218aa00, 0x0000000082200000| 54%| O|  |TAMS 0x0000000082100000, 0x0000000082100000| Untracked 
|   4|0x0000000082200000, 0x0000000082200000, 0x0000000082300000|  0%| F|  |TAMS 0x0000000082200000, 0x0000000082200000| Untracked 
|   5|0x0000000082300000, 0x0000000082300000, 0x0000000082400000|  0%| F|  |TAMS 0x0000000082300000, 0x0000000082300000| Untracked 
|   6|0x0000000082400000, 0x0000000082400000, 0x0000000082500000|  0%| F|  |TAMS 0x0000000082400000, 0x0000000082400000| Untracked 
|   7|0x0000000082500000, 0x0000000082500000, 0x0000000082600000|  0%| F|  |TAMS 0x0000000082500000, 0x0000000082500000| Untracked 
|   8|0x0000000082600000, 0x0000000082600000, 0x0000000082700000|  0%| F|  |TAMS 0x0000000082600000, 0x0000000082600000| Untracked 
|   9|0x0000000082700000, 0x0000000082700000, 0x0000000082800000|  0%| F|  |TAMS 0x0000000082700000, 0x0000000082700000| Untracked 
|  10|0x0000000082800000, 0x0000000082800000, 0x0000000082900000|  0%| F|  |TAMS 0x0000000082800000, 0x0000000082800000| Untracked 
|  11|0x0000000082900000, 0x0000000082900000, 0x0000000082a00000|  0%| F|  |TAMS 0x0000000082900000, 0x0000000082900000| Untracked 
|  12|0x0000000082a00000, 0x0000000082a00000, 0x0000000082b00000|  0%| F|  |TAMS 0x0000000082a00000, 0x0000000082a00000| Untracked 
|  13|0x0000000082b00000, 0x0000000082b00000, 0x0000000082c00000|  0%| F|  |TAMS 0x0000000082b00000, 0x0000000082b00000| Untracked 
|  14|0x0000000082c00000, 0x0000000082c00000, 0x0000000082d00000|  0%| F|  |TAMS 0x0000000082c00000, 0x0000000082c00000| Untracked 
|  15|0x0000000082d00000, 0x0000000082d00000, 0x0000000082e00000|  0%| F|  |TAMS 0x0000000082d00000, 0x0000000082d00000| Untracked 
|  16|0x0000000082e00000, 0x0000000082e00000, 0x0000000082f00000|  0%| F|  |TAMS 0x0000000082e00000, 0x0000000082e00000| Untracked 
|  17|0x0000000082f00000, 0x0000000082f00000, 0x0000000083000000|  0%| F|  |TAMS 0x0000000082f00000, 0x0000000082f00000| Untracked 
|  18|0x0000000083000000, 0x0000000083000000, 0x0000000083100000|  0%| F|  |TAMS 0x0000000083000000, 0x0000000083000000| Untracked 
|  19|0x0000000083100000, 0x0000000083100000, 0x0000000083200000|  0%| F|  |TAMS 0x0000000083100000, 0x0000000083100000| Untracked 
|  20|0x0000000083200000, 0x0000000083200000, 0x0000000083300000|  0%| F|  |TAMS 0x0000000083200000, 0x0000000083200000| Untracked 
|  21|0x0000000083300000, 0x0000000083300000, 0x0000000083400000|  0%| F|  |TAMS 0x0000000083300000, 0x0000000083300000| Untracked 
|  22|0x0000000083400000, 0x0000000083400000, 0x0000000083500000|  0%| F|  |TAMS 0x0000000083400000, 0x0000000083400000| Untracked 
|  23|0x0000000083500000, 0x0000000083500000, 0x0000000083600000|  0%| F|  |TAMS 0x0000000083500000, 0x0000000083500000| Untracked 
|  24|0x0000000083600000, 0x0000000083600000, 0x0000000083700000|  0%| F|  |TAMS 0x0000000083600000, 0x0000000083600000| Untracked 
|  25|0x0000000083700000, 0x0000000083700000, 0x0000000083800000|  0%| F|  |TAMS 0x0000000083700000, 0x0000000083700000| Untracked 
|  26|0x0000000083800000, 0x0000000083800000, 0x0000000083900000|  0%| F|  |TAMS 0x0000000083800000, 0x0000000083800000| Untracked 
|  27|0x0000000083900000, 0x0000000083900000, 0x0000000083a00000|  0%| F|  |TAMS 0x0000000083900000, 0x0000000083900000| Untracked 
|  28|0x0000000083a00000, 0x0000000083a00000, 0x0000000083b00000|  0%| F|  |TAMS 0x0000000083a00000, 0x0000000083a00000| Untracked 
|  29|0x0000000083b00000, 0x0000000083b00000, 0x0000000083c00000|  0%| F|  |TAMS 0x0000000083b00000, 0x0000000083b00000| Untracked 
|  30|0x0000000083c00000, 0x0000000083c00000, 0x0000000083d00000|  0%| F|  |TAMS 0x0000000083c00000, 0x0000000083c00000| Untracked 
|  31|0x0000000083d00000, 0x0000000083d00000, 0x0000000083e00000|  0%| F|  |TAMS 0x0000000083d00000, 0x0000000083d00000| Untracked 
|  32|0x0000000083e00000, 0x0000000083e00000, 0x0000000083f00000|  0%| F|  |TAMS 0x0000000083e00000, 0x0000000083e00000| Untracked 
|  33|0x0000000083f00000, 0x0000000083f00000, 0x0000000084000000|  0%| F|  |TAMS 0x0000000083f00000, 0x0000000083f00000| Untracked 
|  34|0x0000000084000000, 0x0000000084000000, 0x0000000084100000|  0%| F|  |TAMS 0x0000000084000000, 0x0000000084000000| Untracked 
|  35|0x0000000084100000, 0x0000000084100000, 0x0000000084200000|  0%| F|  |TAMS 0x0000000084100000, 0x0000000084100000| Untracked 
|  36|0x0000000084200000, 0x0000000084200000, 0x0000000084300000|  0%| F|  |TAMS 0x0000000084200000, 0x0000000084200000| Untracked 
|  37|0x0000000084300000, 0x0000000084300000, 0x0000000084400000|  0%| F|  |TAMS 0x0000000084300000, 0x0000000084300000| Untracked 
|  38|0x0000000084400000, 0x0000000084400000, 0x0000000084500000|  0%| F|  |TAMS 0x0000000084400000, 0x0000000084400000| Untracked 
|  39|0x0000000084500000, 0x0000000084500000, 0x0000000084600000|  0%| F|  |TAMS 0x0000000084500000, 0x0000000084500000| Untracked 
|  40|0x0000000084600000, 0x0000000084600000, 0x0000000084700000|  0%| F|  |TAMS 0x0000000084600000, 0x0000000084600000| Untracked 
|  41|0x0000000084700000, 0x0000000084700000, 0x0000000084800000|  0%| F|  |TAMS 0x0000000084700000, 0x0000000084700000| Untracked 
|  42|0x0000000084800000, 0x0000000084800000, 0x0000000084900000|  0%| F|  |TAMS 0x0000000084800000, 0x0000000084800000| Untracked 
|  43|0x0000000084900000, 0x0000000084900000, 0x0000000084a00000|  0%| F|  |TAMS 0x0000000084900000, 0x0000000084900000| Untracked 
|  44|0x0000000084a00000, 0x0000000084a00000, 0x0000000084b00000|  0%| F|  |TAMS 0x0000000084a00000, 0x0000000084a00000| Untracked 
|  45|0x0000000084b00000, 0x0000000084b00000, 0x0000000084c00000|  0%| F|  |TAMS 0x0000000084b00000, 0x0000000084b00000| Untracked 
|  46|0x0000000084c00000, 0x0000000084c00000, 0x0000000084d00000|  0%| F|  |TAMS 0x0000000084c00000, 0x0000000084c00000| Untracked 
|  47|0x0000000084d00000, 0x0000000084d00000, 0x0000000084e00000|  0%| F|  |TAMS 0x0000000084d00000, 0x0000000084d00000| Untracked 
|  48|0x0000000084e00000, 0x0000000084e00000, 0x0000000084f00000|  0%| F|  |TAMS 0x0000000084e00000, 0x0000000084e00000| Untracked 
|  49|0x0000000084f00000, 0x0000000084f00000, 0x0000000085000000|  0%| F|  |TAMS 0x0000000084f00000, 0x0000000084f00000| Untracked 
|  50|0x0000000085000000, 0x0000000085000000, 0x0000000085100000|  0%| F|  |TAMS 0x0000000085000000, 0x0000000085000000| Untracked 
|  51|0x0000000085100000, 0x0000000085100000, 0x0000000085200000|  0%| F|  |TAMS 0x0000000085100000, 0x0000000085100000| Untracked 
|  52|0x0000000085200000, 0x0000000085200000, 0x0000000085300000|  0%| F|  |TAMS 0x0000000085200000, 0x0000000085200000| Untracked 
|  53|0x0000000085300000, 0x0000000085300000, 0x0000000085400000|  0%| F|  |TAMS 0x0000000085300000, 0x0000000085300000| Untracked 
|  54|0x0000000085400000, 0x0000000085400000, 0x0000000085500000|  0%| F|  |TAMS 0x0000000085400000, 0x0000000085400000| Untracked 
|  55|0x0000000085500000, 0x0000000085500000, 0x0000000085600000|  0%| F|  |TAMS 0x0000000085500000, 0x0000000085500000| Untracked 
|  56|0x0000000085600000, 0x0000000085600000, 0x0000000085700000|  0%| F|  |TAMS 0x0000000085600000, 0x0000000085600000| Untracked 
|  57|0x0000000085700000, 0x0000000085700000, 0x0000000085800000|  0%| F|  |TAMS 0x0000000085700000, 0x0000000085700000| Untracked 
|  58|0x0000000085800000, 0x0000000085800000, 0x0000000085900000|  0%| F|  |TAMS 0x0000000085800000, 0x0000000085800000| Untracked 
|  59|0x0000000085900000, 0x0000000085900000, 0x0000000085a00000|  0%| F|  |TAMS 0x0000000085900000, 0x0000000085900000| Untracked 
|  60|0x0000000085a00000, 0x0000000085a00000, 0x0000000085b00000|  0%| F|  |TAMS 0x0000000085a00000, 0x0000000085a00000| Untracked 
|  61|0x0000000085b00000, 0x0000000085b00000, 0x0000000085c00000|  0%| F|  |TAMS 0x0000000085b00000, 0x0000000085b00000| Untracked 
|  62|0x0000000085c00000, 0x0000000085c00000, 0x0000000085d00000|  0%| F|  |TAMS 0x0000000085c00000, 0x0000000085c00000| Untracked 
|  63|0x0000000085d00000, 0x0000000085d00000, 0x0000000085e00000|  0%| F|  |TAMS 0x0000000085d00000, 0x0000000085d00000| Untracked 
|  64|0x0000000085e00000, 0x0000000085e00000, 0x0000000085f00000|  0%| F|  |TAMS 0x0000000085e00000, 0x0000000085e00000| Untracked 
|  65|0x0000000085f00000, 0x0000000085f00000, 0x0000000086000000|  0%| F|  |TAMS 0x0000000085f00000, 0x0000000085f00000| Untracked 
|  66|0x0000000086000000, 0x0000000086000000, 0x0000000086100000|  0%| F|  |TAMS 0x0000000086000000, 0x0000000086000000| Untracked 
|  67|0x0000000086100000, 0x0000000086100000, 0x0000000086200000|  0%| F|  |TAMS 0x0000000086100000, 0x0000000086100000| Untracked 
|  68|0x0000000086200000, 0x0000000086200000, 0x0000000086300000|  0%| F|  |TAMS 0x0000000086200000, 0x0000000086200000| Untracked 
|  69|0x0000000086300000, 0x0000000086300000, 0x0000000086400000|  0%| F|  |TAMS 0x0000000086300000, 0x0000000086300000| Untracked 
|  70|0x0000000086400000, 0x0000000086400000, 0x0000000086500000|  0%| F|  |TAMS 0x0000000086400000, 0x0000000086400000| Untracked 
|  71|0x0000000086500000, 0x0000000086500000, 0x0000000086600000|  0%| F|  |TAMS 0x0000000086500000, 0x0000000086500000| Untracked 
|  72|0x0000000086600000, 0x0000000086600000, 0x0000000086700000|  0%| F|  |TAMS 0x0000000086600000, 0x0000000086600000| Untracked 
|  73|0x0000000086700000, 0x0000000086700000, 0x0000000086800000|  0%| F|  |TAMS 0x0000000086700000, 0x0000000086700000| Untracked 
|  74|0x0000000086800000, 0x0000000086800000, 0x0000000086900000|  0%| F|  |TAMS 0x0000000086800000, 0x0000000086800000| Untracked 
|  75|0x0000000086900000, 0x00000000869ad4b8, 0x0000000086a00000| 67%| E|  |TAMS 0x0000000086900000, 0x0000000086900000| Complete 
|  76|0x0000000086a00000, 0x0000000086b00000, 0x0000000086b00000|100%| E|CS|TAMS 0x0000000086a00000, 0x0000000086a00000| Complete 
|  77|0x0000000086b00000, 0x0000000086c00000, 0x0000000086c00000|100%| E|CS|TAMS 0x0000000086b00000, 0x0000000086b00000| Complete 
|  78|0x0000000086c00000, 0x0000000086d00000, 0x0000000086d00000|100%| E|CS|TAMS 0x0000000086c00000, 0x0000000086c00000| Complete 
|  79|0x0000000086d00000, 0x0000000086e00000, 0x0000000086e00000|100%| E|CS|TAMS 0x0000000086d00000, 0x0000000086d00000| Complete 
|  80|0x0000000086e00000, 0x0000000086f00000, 0x0000000086f00000|100%| E|CS|TAMS 0x0000000086e00000, 0x0000000086e00000| Complete 
|  81|0x0000000086f00000, 0x0000000087000000, 0x0000000087000000|100%| E|CS|TAMS 0x0000000086f00000, 0x0000000086f00000| Complete 
|  82|0x0000000087000000, 0x0000000087100000, 0x0000000087100000|100%| E|CS|TAMS 0x0000000087000000, 0x0000000087000000| Complete 
|  83|0x0000000087100000, 0x0000000087200000, 0x0000000087200000|100%| E|CS|TAMS 0x0000000087100000, 0x0000000087100000| Complete 
|  84|0x0000000087200000, 0x0000000087300000, 0x0000000087300000|100%| E|CS|TAMS 0x0000000087200000, 0x0000000087200000| Complete 
|  85|0x0000000087300000, 0x0000000087400000, 0x0000000087400000|100%| E|CS|TAMS 0x0000000087300000, 0x0000000087300000| Complete 
|  86|0x0000000087400000, 0x0000000087500000, 0x0000000087500000|100%| E|CS|TAMS 0x0000000087400000, 0x0000000087400000| Complete 
|  87|0x0000000087500000, 0x0000000087562b30, 0x0000000087600000| 38%| S|CS|TAMS 0x0000000087500000, 0x0000000087500000| Complete 
|  88|0x0000000087600000, 0x0000000087700000, 0x0000000087700000|100%| S|CS|TAMS 0x0000000087600000, 0x0000000087600000| Complete 
|  89|0x0000000087700000, 0x0000000087800000, 0x0000000087800000|100%| S|CS|TAMS 0x0000000087700000, 0x0000000087700000| Complete 
|  90|0x0000000087800000, 0x0000000087900000, 0x0000000087900000|100%| S|CS|TAMS 0x0000000087800000, 0x0000000087800000| Complete 
|  91|0x0000000087900000, 0x0000000087a00000, 0x0000000087a00000|100%| S|CS|TAMS 0x0000000087900000, 0x0000000087900000| Complete 
|  92|0x0000000087a00000, 0x0000000087b00000, 0x0000000087b00000|100%| E|CS|TAMS 0x0000000087a00000, 0x0000000087a00000| Complete 
|  93|0x0000000087b00000, 0x0000000087c00000, 0x0000000087c00000|100%| E|CS|TAMS 0x0000000087b00000, 0x0000000087b00000| Complete 
|  94|0x0000000087c00000, 0x0000000087d00000, 0x0000000087d00000|100%| E|CS|TAMS 0x0000000087c00000, 0x0000000087c00000| Complete 
|  95|0x0000000087d00000, 0x0000000087e00000, 0x0000000087e00000|100%| E|CS|TAMS 0x0000000087d00000, 0x0000000087d00000| Complete 
|  96|0x0000000087e00000, 0x0000000087f00000, 0x0000000087f00000|100%| E|CS|TAMS 0x0000000087e00000, 0x0000000087e00000| Complete 
|  97|0x0000000087f00000, 0x0000000088000000, 0x0000000088000000|100%| E|CS|TAMS 0x0000000087f00000, 0x0000000087f00000| Complete 
|  98|0x0000000088000000, 0x0000000088100000, 0x0000000088100000|100%| E|CS|TAMS 0x0000000088000000, 0x0000000088000000| Complete 
|  99|0x0000000088100000, 0x0000000088200000, 0x0000000088200000|100%| E|CS|TAMS 0x0000000088100000, 0x0000000088100000| Complete 
| 100|0x0000000088200000, 0x0000000088300000, 0x0000000088300000|100%| E|CS|TAMS 0x0000000088200000, 0x0000000088200000| Complete 
| 101|0x0000000088300000, 0x0000000088400000, 0x0000000088400000|100%| E|CS|TAMS 0x0000000088300000, 0x0000000088300000| Complete 
| 102|0x0000000088400000, 0x0000000088500000, 0x0000000088500000|100%| E|CS|TAMS 0x0000000088400000, 0x0000000088400000| Complete 
| 103|0x0000000088500000, 0x0000000088600000, 0x0000000088600000|100%| E|CS|TAMS 0x0000000088500000, 0x0000000088500000| Complete 
| 104|0x0000000088600000, 0x0000000088700000, 0x0000000088700000|100%| E|CS|TAMS 0x0000000088600000, 0x0000000088600000| Complete 
| 105|0x0000000088700000, 0x0000000088800000, 0x0000000088800000|100%| E|CS|TAMS 0x0000000088700000, 0x0000000088700000| Complete 
| 106|0x0000000088800000, 0x0000000088900000, 0x0000000088900000|100%| E|CS|TAMS 0x0000000088800000, 0x0000000088800000| Complete 
| 107|0x0000000088900000, 0x0000000088a00000, 0x0000000088a00000|100%| E|CS|TAMS 0x0000000088900000, 0x0000000088900000| Complete 
| 108|0x0000000088a00000, 0x0000000088b00000, 0x0000000088b00000|100%| E|CS|TAMS 0x0000000088a00000, 0x0000000088a00000| Complete 
| 109|0x0000000088b00000, 0x0000000088c00000, 0x0000000088c00000|100%| E|CS|TAMS 0x0000000088b00000, 0x0000000088b00000| Complete 
| 110|0x0000000088c00000, 0x0000000088d00000, 0x0000000088d00000|100%| E|CS|TAMS 0x0000000088c00000, 0x0000000088c00000| Complete 
| 111|0x0000000088d00000, 0x0000000088e00000, 0x0000000088e00000|100%| E|CS|TAMS 0x0000000088d00000, 0x0000000088d00000| Complete 
| 112|0x0000000088e00000, 0x0000000088f00000, 0x0000000088f00000|100%| E|CS|TAMS 0x0000000088e00000, 0x0000000088e00000| Complete 
| 113|0x0000000088f00000, 0x0000000089000000, 0x0000000089000000|100%| E|CS|TAMS 0x0000000088f00000, 0x0000000088f00000| Complete 
| 114|0x0000000089000000, 0x0000000089100000, 0x0000000089100000|100%| E|CS|TAMS 0x0000000089000000, 0x0000000089000000| Complete 
| 115|0x0000000089100000, 0x0000000089200000, 0x0000000089200000|100%| E|CS|TAMS 0x0000000089100000, 0x0000000089100000| Complete 
| 116|0x0000000089200000, 0x0000000089300000, 0x0000000089300000|100%| E|CS|TAMS 0x0000000089200000, 0x0000000089200000| Complete 
| 117|0x0000000089300000, 0x0000000089400000, 0x0000000089400000|100%| E|CS|TAMS 0x0000000089300000, 0x0000000089300000| Complete 
| 118|0x0000000089400000, 0x0000000089500000, 0x0000000089500000|100%| E|CS|TAMS 0x0000000089400000, 0x0000000089400000| Complete 
| 119|0x0000000089500000, 0x0000000089600000, 0x0000000089600000|100%| E|CS|TAMS 0x0000000089500000, 0x0000000089500000| Complete 
| 120|0x0000000089600000, 0x0000000089700000, 0x0000000089700000|100%| E|CS|TAMS 0x0000000089600000, 0x0000000089600000| Complete 
| 121|0x0000000089700000, 0x0000000089800000, 0x0000000089800000|100%| E|CS|TAMS 0x0000000089700000, 0x0000000089700000| Complete 
| 122|0x0000000089800000, 0x0000000089900000, 0x0000000089900000|100%| E|CS|TAMS 0x0000000089800000, 0x0000000089800000| Complete 
| 123|0x0000000089900000, 0x0000000089a00000, 0x0000000089a00000|100%| E|CS|TAMS 0x0000000089900000, 0x0000000089900000| Complete 
| 124|0x0000000089a00000, 0x0000000089b00000, 0x0000000089b00000|100%| E|CS|TAMS 0x0000000089a00000, 0x0000000089a00000| Complete 
| 125|0x0000000089b00000, 0x0000000089c00000, 0x0000000089c00000|100%| E|CS|TAMS 0x0000000089b00000, 0x0000000089b00000| Complete 
| 126|0x0000000089c00000, 0x0000000089d00000, 0x0000000089d00000|100%| E|CS|TAMS 0x0000000089c00000, 0x0000000089c00000| Complete 
| 127|0x0000000089d00000, 0x0000000089e00000, 0x0000000089e00000|100%| E|CS|TAMS 0x0000000089d00000, 0x0000000089d00000| Complete 

Card table byte_map: [0x0000021e5e960000,0x0000021e5ed60000] _byte_map_base: 0x0000021e5e551000

Marking Bits (Prev, Next): (CMBitMap*) 0x0000021e4733c7e0, (CMBitMap*) 0x0000021e4733c820
 Prev Bits: [0x0000021e5f160000, 0x0000021e610e8000)
 Next Bits: [0x0000021e610f0000, 0x0000021e63078000)

Polling page: 0x0000021e46aa0000

Metaspace:

Usage:
  Non-class:      9.87 MB used.
      Class:      1.26 MB used.
       Both:     11.14 MB used.

Virtual space:
  Non-class space:       64.00 MB reserved,      10.00 MB ( 16%) committed,  1 nodes.
      Class space:        1.00 GB reserved,       1.38 MB ( <1%) committed,  1 nodes.
             Both:        1.06 GB reserved,      11.38 MB (  1%) committed. 

Chunk freelists:
   Non-Class:  1.89 MB
       Class:  2.54 MB
        Both:  4.43 MB

MaxMetaspaceSize: unlimited
CompressedClassSpaceSize: 1.00 GB
Initial GC threshold: 21.00 MB
Current GC threshold: 21.00 MB
CDS: on
MetaspaceReclaimPolicy: balanced
 - commit_granule_bytes: 65536.
 - commit_granule_words: 8192.
 - virtual_space_node_default_size: 8388608.
 - enlarge_chunks_in_place: 1.
 - new_chunks_are_fully_committed: 0.
 - uncommit_free_chunks: 1.
 - use_allocation_guard: 0.


Internal statistics:

num_allocs_failed_limit: 0.
num_arena_births: 200.
num_arena_deaths: 0.
num_vsnodes_births: 2.
num_vsnodes_deaths: 0.
num_space_committed: 182.
num_space_uncommitted: 0.
num_chunks_returned_to_freelist: 0.
num_chunks_taken_from_freelist: 513.
num_chunk_merges: 0.
num_chunk_splits: 347.
num_chunks_enlarged: 270.
num_inconsistent_stats: 0.

CodeHeap 'non-profiled nmethods': size=120000Kb used=1137Kb max_used=1137Kb free=118862Kb
 bounds [0x0000021e56d00000, 0x0000021e56f70000, 0x0000021e5e230000]
CodeHeap 'profiled nmethods': size=120000Kb used=4724Kb max_used=4724Kb free=115275Kb
 bounds [0x0000021e4f230000, 0x0000021e4f6d0000, 0x0000021e56760000]
CodeHeap 'non-nmethods': size=5760Kb used=1477Kb max_used=1507Kb free=4282Kb
 bounds [0x0000021e56760000, 0x0000021e569d0000, 0x0000021e56d00000]
 total_blobs=3373 nmethods=2633 adapters=649
 compilation: enabled
              stopped_count=0, restarted_count=0
 full_count=0

Compilation events (20 events):
Event: 16.757 Thread 0x0000021e656b6050 nmethod 2624 0x0000021e4f6cb890 code [0x0000021e4f6cba40, 0x0000021e4f6cbc58]
Event: 18.108 Thread 0x0000021e69c28090 2625       4       com.sun.prism.impl.VertexBuffer::flush (32 bytes)
Event: 18.109 Thread 0x0000021e69c28090 nmethod 2625 0x0000021e56e1a110 code [0x0000021e56e1a2a0, 0x0000021e56e1a3c8]
Event: 18.139 Thread 0x0000021e656b6050 2626       3       com.sun.prism.impl.ManagedResource::bumpAge (18 bytes)
Event: 18.140 Thread 0x0000021e656b6050 nmethod 2626 0x0000021e4f6cbd10 code [0x0000021e4f6cbea0, 0x0000021e4f6cbff8]
Event: 18.159 Thread 0x0000021e656b6050 2627       3       com.sun.prism.impl.BaseResourcePool::freeDisposalRequestedAndCheckResources (156 bytes)
Event: 18.159 Thread 0x0000021e656b6050 nmethod 2627 0x0000021e4f6cc090 code [0x0000021e4f6cc300, 0x0000021e4f6ccec8]
Event: 18.356 Thread 0x0000021e69c28090 2628 %     4       com.sun.prism.impl.BaseResourcePool::freeDisposalRequestedAndCheckResources @ 13 (156 bytes)
Event: 18.361 Thread 0x0000021e69c28090 nmethod 2628% 0x0000021e56e1a590 code [0x0000021e56e1a740, 0x0000021e56e1ab18]
Event: 18.388 Thread 0x0000021e69c28090 2629       4       com.sun.prism.impl.BaseResourcePool::freeDisposalRequestedAndCheckResources (156 bytes)
Event: 18.393 Thread 0x0000021e69c28090 nmethod 2629 0x0000021e56e1ae90 code [0x0000021e56e1b020, 0x0000021e56e1b2f8]
Event: 18.393 Thread 0x0000021e69c28090 2630       4       com.sun.prism.impl.ManagedResource::bumpAge (18 bytes)
Event: 18.393 Thread 0x0000021e69c28090 nmethod 2630 0x0000021e56e1b610 code [0x0000021e56e1b780, 0x0000021e56e1b818]
Event: 18.581 Thread 0x0000021e69c28090 2631       4       javafx.scene.Node::accessibleRoleProperty (30 bytes)
Event: 18.583 Thread 0x0000021e69c28090 nmethod 2631 0x0000021e56e1b910 code [0x0000021e56e1baa0, 0x0000021e56e1bd18]
Event: 18.583 Thread 0x0000021e69c28090 2632       4       javafx.scene.Node::nodeOrientationProperty (27 bytes)
Event: 18.584 Thread 0x0000021e69c28090 nmethod 2632 0x0000021e56e1be10 code [0x0000021e56e1bfa0, 0x0000021e56e1c198]
Event: 18.584 Thread 0x0000021e69c28090 2633       4       javafx.scene.image.ImageView::imageProperty (24 bytes)
Event: 18.586 Thread 0x0000021e69c28090 nmethod 2633 0x0000021e56e1c290 code [0x0000021e56e1c420, 0x0000021e56e1c618]
Event: 18.889 Thread 0x0000021e69c28090 2634       4       java.util.WeakHashMap$HashIterator::<init> (41 bytes)

GC Heap History (4 events):
Event: 0.562 GC heap before
{Heap before GC invocations=0 (full 0):
 garbage-first heap   total 131072K, used 22528K [0x0000000081e00000, 0x0000000100000000)
  region size 1024K, 23 young (23552K), 0 survivors (0K)
 Metaspace       used 5616K, committed 5760K, reserved 1114112K
  class space    used 711K, committed 768K, reserved 1048576K
}
Event: 0.565 GC heap after
{Heap after GC invocations=1 (full 0):
 garbage-first heap   total 131072K, used 3504K [0x0000000081e00000, 0x0000000100000000)
  region size 1024K, 3 young (3072K), 3 survivors (3072K)
 Metaspace       used 5616K, committed 5760K, reserved 1114112K
  class space    used 711K, committed 768K, reserved 1048576K
}
Event: 4.478 GC heap before
{Heap before GC invocations=1 (full 0):
 garbage-first heap   total 131072K, used 36272K [0x0000000081e00000, 0x0000000100000000)
  region size 1024K, 36 young (36864K), 3 survivors (3072K)
 Metaspace       used 11000K, committed 11264K, reserved 1114112K
  class space    used 1292K, committed 1408K, reserved 1048576K
}
Event: 4.483 GC heap after
{Heap after GC invocations=2 (full 0):
 garbage-first heap   total 131072K, used 8117K [0x0000000081e00000, 0x0000000100000000)
  region size 1024K, 5 young (5120K), 5 survivors (5120K)
 Metaspace       used 11000K, committed 11264K, reserved 1114112K
  class space    used 1292K, committed 1408K, reserved 1048576K
}

Dll operation events (20 events):
Event: 0.323 Loaded shared library C:\Java\javafx-sdk-19\bin\api-ms-win-crt-math-l1-1-0.dll
Event: 0.324 Loaded shared library C:\Java\javafx-sdk-19\bin\api-ms-win-crt-multibyte-l1-1-0.dll
Event: 0.325 Loaded shared library C:\Java\javafx-sdk-19\bin\api-ms-win-crt-private-l1-1-0.dll
Event: 0.326 Loaded shared library C:\Java\javafx-sdk-19\bin\api-ms-win-crt-process-l1-1-0.dll
Event: 0.327 Loaded shared library C:\Java\javafx-sdk-19\bin\api-ms-win-crt-runtime-l1-1-0.dll
Event: 0.329 Loaded shared library C:\Java\javafx-sdk-19\bin\api-ms-win-crt-stdio-l1-1-0.dll
Event: 0.330 Loaded shared library C:\Java\javafx-sdk-19\bin\api-ms-win-crt-string-l1-1-0.dll
Event: 0.331 Loaded shared library C:\Java\javafx-sdk-19\bin\api-ms-win-crt-time-l1-1-0.dll
Event: 0.332 Loaded shared library C:\Java\javafx-sdk-19\bin\api-ms-win-crt-utility-l1-1-0.dll
Event: 0.333 Loaded shared library C:\Java\javafx-sdk-19\bin\ucrtbase.dll
Event: 0.334 Loaded shared library C:\Java\javafx-sdk-19\bin\vcruntime140.dll
Event: 0.335 Loaded shared library C:\Java\javafx-sdk-19\bin\vcruntime140_1.dll
Event: 0.336 Loaded shared library C:\Java\javafx-sdk-19\bin\msvcp140.dll
Event: 0.337 Loaded shared library C:\Java\javafx-sdk-19\bin\msvcp140_1.dll
Event: 0.338 Loaded shared library C:\Java\javafx-sdk-19\bin\msvcp140_2.dll
Event: 0.374 Loaded shared library C:\Java\javafx-sdk-19\bin\prism_d3d.dll
Event: 0.403 Loaded shared library C:\Java\javafx-sdk-19\bin\glass.dll
Event: 0.534 Loaded shared library C:\Java\javafx-sdk-19\bin\javafx_font.dll
Event: 0.572 Loaded shared library C:\Users\Admin\.jdks\openjdk-19.0.1\bin\jimage.dll
Event: 0.742 Loaded shared library C:\Users\Admin\.jdks\openjdk-19.0.1\bin\awt.dll

Deoptimization events (20 events):
Event: 5.877 Thread 0x0000021e6a330b30 Uncommon trap: trap_request=0xffffff45 fr.pc=0x0000021e56da34b4 relative=0x0000000000000114
Event: 5.877 Thread 0x0000021e6a330b30 Uncommon trap: reason=unstable_if action=reinterpret pc=0x0000021e56da34b4 method=javafx.geometry.Rectangle2D.intersects(Ljavafx/geometry/Rectangle2D;)Z @ 51 c2
Event: 5.877 Thread 0x0000021e6a330b30 DEOPT PACKING pc=0x0000021e56da34b4 sp=0x00000048e46fe410
Event: 5.877 Thread 0x0000021e6a330b30 DEOPT UNPACKING pc=0x0000021e567c6da3 sp=0x00000048e46fe388 mode 2
Event: 6.229 Thread 0x0000021e6a330b30 DEOPT PACKING pc=0x0000021e4f5ef7e4 sp=0x00000048e46fe4b0
Event: 6.229 Thread 0x0000021e6a330b30 DEOPT UNPACKING pc=0x0000021e567c7543 sp=0x00000048e46fd968 mode 0
Event: 18.139 Thread 0x0000021e6a33c5b0 Uncommon trap: trap_request=0xffffff45 fr.pc=0x0000021e56def85c relative=0x000000000000013c
Event: 18.139 Thread 0x0000021e6a33c5b0 Uncommon trap: reason=unstable_if action=reinterpret pc=0x0000021e56def85c method=com.sun.prism.impl.ManagedResource.bumpAge(I)V @ 7 c2
Event: 18.139 Thread 0x0000021e6a33c5b0 DEOPT PACKING pc=0x0000021e56def85c sp=0x00000048e44febc0
Event: 18.139 Thread 0x0000021e6a33c5b0 DEOPT UNPACKING pc=0x0000021e567c6da3 sp=0x00000048e44feaf8 mode 2
Event: 18.139 Thread 0x0000021e6a33c5b0 Uncommon trap: trap_request=0xffffff45 fr.pc=0x0000021e56db3e88 relative=0x0000000000000068
Event: 18.139 Thread 0x0000021e6a33c5b0 Uncommon trap: reason=unstable_if action=reinterpret pc=0x0000021e56db3e88 method=com.sun.prism.impl.ManagedResource.bumpAge(I)V @ 7 c2
Event: 18.139 Thread 0x0000021e6a33c5b0 DEOPT PACKING pc=0x0000021e56db3e88 sp=0x00000048e44feb60
Event: 18.139 Thread 0x0000021e6a33c5b0 DEOPT UNPACKING pc=0x0000021e567c6da3 sp=0x00000048e44feaf0 mode 2
Event: 18.159 Thread 0x0000021e6a33c5b0 Uncommon trap: trap_request=0xffffff45 fr.pc=0x0000021e56deeb6c relative=0x00000000000001ac
Event: 18.159 Thread 0x0000021e6a33c5b0 Uncommon trap: reason=unstable_if action=reinterpret pc=0x0000021e56deeb6c method=com.sun.prism.impl.ManagedResource.bumpAge(I)V @ 7 c2
Event: 18.159 Thread 0x0000021e6a33c5b0 DEOPT PACKING pc=0x0000021e56deeb6c sp=0x00000048e44febc0
Event: 18.159 Thread 0x0000021e6a33c5b0 DEOPT UNPACKING pc=0x0000021e567c6da3 sp=0x00000048e44feaf8 mode 2
Event: 18.388 Thread 0x0000021e6a33c5b0 DEOPT PACKING pc=0x0000021e4f6ccdce sp=0x00000048e44febb0
Event: 18.389 Thread 0x0000021e6a33c5b0 DEOPT UNPACKING pc=0x0000021e567c7543 sp=0x00000048e44fe068 mode 0

Classes loaded (20 events):
Event: 1.136 Loading class java/util/Comparators$NaturalOrderComparator
Event: 1.136 Loading class java/util/Comparators$NaturalOrderComparator done
Event: 1.138 Loading class java/util/stream/SortedOps$SizedRefSortingSink
Event: 1.138 Loading class java/util/stream/SortedOps$AbstractRefSortingSink
Event: 1.138 Loading class java/util/stream/SortedOps$AbstractRefSortingSink done
Event: 1.138 Loading class java/util/stream/SortedOps$SizedRefSortingSink done
Event: 1.140 Loading class java/util/Collections$UnmodifiableMap$UnmodifiableEntrySet
Event: 1.140 Loading class java/util/Collections$UnmodifiableMap$UnmodifiableEntrySet done
Event: 1.140 Loading class java/util/Collections$UnmodifiableMap$UnmodifiableEntrySet$1
Event: 1.140 Loading class java/util/Collections$UnmodifiableMap$UnmodifiableEntrySet$1 done
Event: 1.140 Loading class java/util/Collections$UnmodifiableMap$UnmodifiableEntrySet$UnmodifiableEntry
Event: 1.140 Loading class java/util/Collections$UnmodifiableMap$UnmodifiableEntrySet$UnmodifiableEntry done
Event: 1.141 Loading class sun/util/resources/TimeZoneNames
Event: 1.142 Loading class sun/util/resources/TimeZoneNames done
Event: 1.142 Loading class sun/util/resources/TimeZoneNames_en
Event: 1.142 Loading class sun/util/resources/TimeZoneNames_en done
Event: 5.045 Loading class java/lang/foreign/MemorySegment
Event: 5.045 Loading class java/lang/foreign/Addressable
Event: 5.045 Loading class java/lang/foreign/Addressable done
Event: 5.045 Loading class java/lang/foreign/MemorySegment done

Classes unloaded (0 events):
No events

Classes redefined (0 events):
No events

Internal exceptions (20 events):
Event: 0.389 Thread 0x0000021e472de550 Exception <a 'java/lang/NoSuchMethodError'{0x00000000891fac78}: 'int java.lang.invoke.DirectMethodHandle$Holder.invokeStaticInit(java.lang.Object, java.lang.Object, java.lang.Object)'> (0x00000000891fac78) 
thrown [s\open\src\hotspot\share\interpreter\linkResolver.cpp, line 774]
Event: 0.407 Thread 0x0000021e472de550 Exception <a 'java/lang/NoSuchMethodError'{0x00000000890a9950}: 'java.lang.Object java.lang.invoke.DirectMethodHandle$Holder.newInvokeSpecial(java.lang.Object, java.lang.Object, int, java.lang.Object)'> (0x00000000890a9950) 
thrown [s\open\src\hotspot\share\interpreter\linkResolver.cpp, line 774]
Event: 0.408 Thread 0x0000021e472de550 Exception <a 'java/lang/NoSuchMethodError'{0x00000000890add48}: 'java.lang.Object java.lang.invoke.DirectMethodHandle$Holder.invokeSpecial(java.lang.Object, java.lang.Object, java.lang.Object, int, java.lang.Object)'> (0x00000000890add48) 
thrown [s\open\src\hotspot\share\interpreter\linkResolver.cpp, line 774]
Event: 0.464 Thread 0x0000021e6a330b30 Exception <a 'java/lang/NoSuchMethodError'{0x0000000088d15bf0}: 'void java.lang.invoke.DirectMethodHandle$Holder.invokeStaticInit(java.lang.Object)'> (0x0000000088d15bf0) 
thrown [s\open\src\hotspot\share\interpreter\linkResolver.cpp, line 774]
Event: 0.467 Thread 0x0000021e472de550 Exception <a 'java/lang/NoSuchMethodError'{0x00000000890c29f8}: 'java.lang.Object java.lang.invoke.DirectMethodHandle$Holder.newInvokeSpecial(java.lang.Object, java.lang.Object, java.lang.Object, java.lang.Object, java.lang.Object, java.lang.Object)'> (0x00000000890c29f8) 
thrown [s\open\src\hotspot\share\interpreter\linkResolver.cpp, line 774]
Event: 0.484 Thread 0x0000021e472de550 Exception <a 'java/lang/NoSuchMethodError'{0x0000000088c074a8}: 'java.lang.Object java.lang.invoke.DirectMethodHandle$Holder.newInvokeSpecial(java.lang.Object, java.lang.Object, java.lang.Object, java.lang.Object, java.lang.Object)'> (0x0000000088c074a8) 
thrown [s\open\src\hotspot\share\interpreter\linkResolver.cpp, line 774]
Event: 0.521 Thread 0x0000021e6a330b30 Exception <a 'java/lang/NoSuchMethodError'{0x00000000889156d0}: 'java.lang.Object java.lang.invoke.DirectMethodHandle$Holder.invokeStaticInit(java.lang.Object, java.lang.Object, java.lang.Object, java.lang.Object)'> (0x00000000889156d0) 
thrown [s\open\src\hotspot\share\interpreter\linkResolver.cpp, line 774]
Event: 0.543 Thread 0x0000021e6a330b30 Exception <a 'java/lang/NullPointerException'{0x00000000888435d0}> (0x00000000888435d0) 
thrown [s\open\src\hotspot\share\interpreter\linkResolver.cpp, line 1374]
Event: 0.684 Thread 0x0000021e6a330b30 Exception <a 'java/lang/NoSuchMethodError'{0x000000008986bc50}: 'java.lang.Object java.lang.invoke.DirectMethodHandle$Holder.newInvokeSpecial(java.lang.Object, java.lang.Object, int)'> (0x000000008986bc50) 
thrown [s\open\src\hotspot\share\interpreter\linkResolver.cpp, line 774]
Event: 0.738 Thread 0x0000021e6a330b30 Exception <a 'java/lang/ClassNotFoundException'{0x00000000897088b0}: sun/awt/resources/spi/awtProvider> (0x00000000897088b0) 
thrown [s\open\src\hotspot\share\classfile\systemDictionary.cpp, line 255]
Event: 0.744 Thread 0x0000021e6a330b30 Exception <a 'java/io/FileNotFoundException'{0x000000008970f730}> (0x000000008970f730) 
thrown [s\open\src\hotspot\share\prims\jni.cpp, line 517]
Event: 0.744 Thread 0x0000021e6a330b30 Exception <a 'java/io/FileNotFoundException'{0x0000000089711018}> (0x0000000089711018) 
thrown [s\open\src\hotspot\share\prims\jni.cpp, line 517]
Event: 0.772 Thread 0x0000021e6a330b30 Exception <a 'java/lang/NoSuchMethodError'{0x00000000897ab6c0}: 'java.lang.Object java.lang.invoke.DirectMethodHandle$Holder.invokeStaticInit(java.lang.Object, int, int, int, int)'> (0x00000000897ab6c0) 
thrown [s\open\src\hotspot\share\interpreter\linkResolver.cpp, line 774]
Event: 0.825 Thread 0x0000021e6a330b30 Exception <a 'java/lang/NoSuchMethodError'{0x00000000897db980}: 'java.lang.Object java.lang.invoke.DirectMethodHandle$Holder.invokeStaticInit(java.lang.Object, java.lang.Object, int, int, int, int)'> (0x00000000897db980) 
thrown [s\open\src\hotspot\share\interpreter\linkResolver.cpp, line 774]
Event: 0.963 Thread 0x0000021e6a330b30 Exception <a 'java/lang/NoSuchMethodError'{0x0000000089234508}: 'long java.lang.invoke.DirectMethodHandle$Holder.invokeStatic(java.lang.Object, java.lang.Object, java.lang.Object)'> (0x0000000089234508) 
thrown [s\open\src\hotspot\share\interpreter\linkResolver.cpp, line 774]
Event: 0.963 Thread 0x0000021e6a330b30 Exception <a 'java/lang/NoSuchMethodError'{0x0000000089237b80}: 'long java.lang.invoke.DirectMethodHandle$Holder.invokeStaticInit(java.lang.Object, java.lang.Object, java.lang.Object)'> (0x0000000089237b80) 
thrown [s\open\src\hotspot\share\interpreter\linkResolver.cpp, line 774]
Event: 0.967 Thread 0x0000021e6a330b30 Exception <a 'java/lang/NoSuchMethodError'{0x0000000089250398}: 'java.lang.Object java.lang.invoke.DirectMethodHandle$Holder.newInvokeSpecial(java.lang.Object, java.lang.Object, long)'> (0x0000000089250398) 
thrown [s\open\src\hotspot\share\interpreter\linkResolver.cpp, line 774]
Event: 0.968 Thread 0x0000021e6a330b30 Exception <a 'java/lang/NoSuchMethodError'{0x0000000089253f20}: 'java.lang.Object java.lang.invoke.Invokers$Holder.linkToTargetMethod(java.lang.Object, long, java.lang.Object)'> (0x0000000089253f20) 
thrown [s\open\src\hotspot\share\interpreter\linkResolver.cpp, line 774]
Event: 1.003 Thread 0x0000021e6a33c5b0 Exception <a 'java/lang/NoSuchMethodError'{0x000000008915be50}: 'int java.lang.invoke.DirectMethodHandle$Holder.invokeStaticInit(java.lang.Object, java.lang.Object)'> (0x000000008915be50) 
thrown [s\open\src\hotspot\share\interpreter\linkResolver.cpp, line 774]
Event: 1.136 Thread 0x0000021e656abc00 Exception <a 'java/lang/NoSuchMethodError'{0x0000000088f64e28}: 'java.lang.Object java.lang.invoke.DirectMethodHandle$Holder.invokeStaticInit(java.lang.Object, int)'> (0x0000000088f64e28) 
thrown [s\open\src\hotspot\share\interpreter\linkResolver.cpp, line 774]

VM Operations (20 events):
Event: 8.485 Executing VM operation: Cleanup
Event: 8.486 Executing VM operation: Cleanup done
Event: 9.486 Executing VM operation: Cleanup
Event: 9.486 Executing VM operation: Cleanup done
Event: 10.486 Executing VM operation: Cleanup
Event: 10.487 Executing VM operation: Cleanup done
Event: 11.487 Executing VM operation: Cleanup
Event: 11.487 Executing VM operation: Cleanup done
Event: 12.489 Executing VM operation: Cleanup
Event: 12.489 Executing VM operation: Cleanup done
Event: 13.489 Executing VM operation: Cleanup
Event: 13.489 Executing VM operation: Cleanup done
Event: 14.489 Executing VM operation: Cleanup
Event: 14.489 Executing VM operation: Cleanup done
Event: 16.489 Executing VM operation: Cleanup
Event: 16.490 Executing VM operation: Cleanup done
Event: 17.490 Executing VM operation: Cleanup
Event: 17.490 Executing VM operation: Cleanup done
Event: 18.491 Executing VM operation: Cleanup
Event: 18.491 Executing VM operation: Cleanup done

Events (20 events):
Event: 0.038 Thread 0x0000021e656b69c0 Thread added: 0x0000021e656b69c0
Event: 0.072 Thread 0x0000021e69d1ea50 Thread added: 0x0000021e69d1ea50
Event: 0.124 Thread 0x0000021e69d5ab40 Thread added: 0x0000021e69d5ab40
Event: 0.127 Thread 0x0000021e69e70ac0 Thread added: 0x0000021e69e70ac0
Event: 0.207 Thread 0x0000021e6a528110 Thread added: 0x0000021e6a528110
Event: 0.207 Thread 0x0000021e69f613d0 Thread added: 0x0000021e69f613d0
Event: 0.366 Thread 0x0000021e6a33c5b0 Thread added: 0x0000021e6a33c5b0
Event: 0.405 Thread 0x0000021e6a194420 Thread added: 0x0000021e6a194420
Event: 0.409 Thread 0x0000021e6a330b30 Thread added: 0x0000021e6a330b30
Event: 0.484 Thread 0x0000021e6a5eef50 Thread added: 0x0000021e6a5eef50
Event: 0.485 Thread 0x0000021e6a5f1270 Thread added: 0x0000021e6a5f1270
Event: 0.521 Thread 0x0000021e69e70ac0 Thread exited: 0x0000021e69e70ac0
Event: 0.523 Thread 0x0000021e69d5ab40 Thread exited: 0x0000021e69d5ab40
Event: 0.831 Thread 0x0000021e6f4dd840 Thread added: 0x0000021e6f4dd840
Event: 0.849 Thread 0x0000021e6a334730 Thread added: 0x0000021e6a334730
Event: 0.873 Thread 0x0000021e6a332b60 Thread added: 0x0000021e6a332b60
Event: 1.580 Thread 0x0000021e6a332b60 Thread exited: 0x0000021e6a332b60
Event: 1.589 Thread 0x0000021e6a334730 Thread exited: 0x0000021e6a334730
Event: 4.484 Thread 0x0000021e6a333c10 Thread added: 0x0000021e6a333c10
Event: 4.598 Thread 0x0000021e6a333c10 Thread exited: 0x0000021e6a333c10


Dynamic libraries:
0x00007ff7bd130000 - 0x00007ff7bd13e000 	C:\Users\Admin\.jdks\openjdk-19.0.1\bin\java.exe
0x00007ffef3470000 - 0x00007ffef3684000 	C:\WINDOWS\SYSTEM32\ntdll.dll
0x00007ffef2ca0000 - 0x00007ffef2d62000 	C:\WINDOWS\System32\KERNEL32.DLL
0x00007ffef0c80000 - 0x00007ffef101c000 	C:\WINDOWS\System32\KERNELBASE.dll
0x00007ffef1020000 - 0x00007ffef1131000 	C:\WINDOWS\System32\ucrtbase.dll
0x00007ffec88b0000 - 0x00007ffec88c7000 	C:\Users\Admin\.jdks\openjdk-19.0.1\bin\jli.dll
0x00007ffec6f50000 - 0x00007ffec6f6b000 	C:\Users\Admin\.jdks\openjdk-19.0.1\bin\VCRUNTIME140.dll
0x00007ffef15f0000 - 0x00007ffef179b000 	C:\WINDOWS\System32\USER32.dll
0x00007ffed2fe0000 - 0x00007ffed326e000 	C:\WINDOWS\WinSxS\amd64_microsoft.windows.common-controls_6595b64144ccf1df_6.0.22621.317_none_a9434687c10c9fa2\COMCTL32.dll
0x00007ffef0950000 - 0x00007ffef0976000 	C:\WINDOWS\System32\win32u.dll
0x00007ffef1d00000 - 0x00007ffef1da7000 	C:\WINDOWS\System32\msvcrt.dll
0x00007ffef1280000 - 0x00007ffef12a9000 	C:\WINDOWS\System32\GDI32.dll
0x00007ffef0980000 - 0x00007ffef0a92000 	C:\WINDOWS\System32\gdi32full.dll
0x00007ffef08b0000 - 0x00007ffef094a000 	C:\WINDOWS\System32\msvcp_win.dll
0x00007ffef2b50000 - 0x00007ffef2b81000 	C:\WINDOWS\System32\IMM32.DLL
0x00007ffec7c30000 - 0x00007ffec7c3c000 	C:\Users\Admin\.jdks\openjdk-19.0.1\bin\vcruntime140_1.dll
0x00007ffea3780000 - 0x00007ffea380e000 	C:\Users\Admin\.jdks\openjdk-19.0.1\bin\msvcp140.dll
0x00007ffe9a4c0000 - 0x00007ffe9b180000 	C:\Users\Admin\.jdks\openjdk-19.0.1\bin\server\jvm.dll
0x00007ffef2590000 - 0x00007ffef263e000 	C:\WINDOWS\System32\ADVAPI32.dll
0x00007ffef2f10000 - 0x00007ffef2fb4000 	C:\WINDOWS\System32\sechost.dll
0x00007ffef2df0000 - 0x00007ffef2f05000 	C:\WINDOWS\System32\RPCRT4.dll
0x00007ffee9f30000 - 0x00007ffee9f64000 	C:\WINDOWS\SYSTEM32\WINMM.dll
0x00007ffee8f70000 - 0x00007ffee8f7a000 	C:\WINDOWS\SYSTEM32\VERSION.dll
0x00007ffeedcd0000 - 0x00007ffeedcd9000 	C:\WINDOWS\SYSTEM32\WSOCK32.dll
0x00007ffef2b90000 - 0x00007ffef2c01000 	C:\WINDOWS\System32\WS2_32.dll
0x00007ffeef8f0000 - 0x00007ffeef908000 	C:\WINDOWS\SYSTEM32\kernel.appcore.dll
0x00007ffec6a70000 - 0x00007ffec6a7a000 	C:\Users\Admin\.jdks\openjdk-19.0.1\bin\jimage.dll
0x00007ffed5a80000 - 0x00007ffed5cae000 	C:\WINDOWS\SYSTEM32\DBGHELP.DLL
0x00007ffef1950000 - 0x00007ffef1cd9000 	C:\WINDOWS\System32\combase.dll
0x00007ffef31d0000 - 0x00007ffef32a7000 	C:\WINDOWS\System32\OLEAUT32.dll
0x00007ffed56d0000 - 0x00007ffed5702000 	C:\WINDOWS\SYSTEM32\dbgcore.DLL
0x00007ffef1140000 - 0x00007ffef11bb000 	C:\WINDOWS\System32\bcryptPrimitives.dll
0x00007ffeedc90000 - 0x00007ffeedc9e000 	C:\Users\Admin\.jdks\openjdk-19.0.1\bin\instrument.dll
0x00007ffea35f0000 - 0x00007ffea3616000 	C:\Users\Admin\.jdks\openjdk-19.0.1\bin\java.dll
0x00007ffe9a3e0000 - 0x00007ffe9a4b7000 	C:\Users\Admin\.jdks\openjdk-19.0.1\bin\jsvml.dll
0x00007ffef1db0000 - 0x00007ffef258b000 	C:\WINDOWS\System32\SHELL32.dll
0x00007ffeee8c0000 - 0x00007ffeef175000 	C:\WINDOWS\SYSTEM32\windows.storage.dll
0x00007ffeee780000 - 0x00007ffeee8bd000 	C:\WINDOWS\SYSTEM32\wintypes.dll
0x00007ffef3070000 - 0x00007ffef3161000 	C:\WINDOWS\System32\SHCORE.dll
0x00007ffef33d0000 - 0x00007ffef342e000 	C:\WINDOWS\System32\shlwapi.dll
0x00007ffef07e0000 - 0x00007ffef0801000 	C:\WINDOWS\SYSTEM32\profapi.dll
0x00007ffeb8180000 - 0x00007ffeb8193000 	C:\Users\Admin\.jdks\openjdk-19.0.1\bin\net.dll
0x00007ffee9f70000 - 0x00007ffeea09f000 	C:\WINDOWS\SYSTEM32\WINHTTP.dll
0x00007ffeefd40000 - 0x00007ffeefda9000 	C:\WINDOWS\system32\mswsock.dll
0x00007ffeb6f40000 - 0x00007ffeb6f56000 	C:\Users\Admin\.jdks\openjdk-19.0.1\bin\nio.dll
0x00007ffea2280000 - 0x00007ffea2298000 	C:\Users\Admin\.jdks\openjdk-19.0.1\bin\zip.dll
0x00007ffeebc20000 - 0x00007ffeebc3a000 	C:\Program Files\JetBrains\IntelliJ IDEA Community Edition 2022.2.1\bin\breakgen64.dll
0x00007ffed4390000 - 0x00007ffed4398000 	C:\Users\Admin\.jdks\openjdk-19.0.1\bin\extnet.dll
0x0000021e6a830000 - 0x0000021e6a833000 	C:\Java\javafx-sdk-19\bin\api-ms-win-core-console-l1-1-0.dll
0x0000021e6a840000 - 0x0000021e6a843000 	C:\Java\javafx-sdk-19\bin\api-ms-win-core-console-l1-2-0.dll
0x0000021e6a850000 - 0x0000021e6a853000 	C:\Java\javafx-sdk-19\bin\api-ms-win-core-datetime-l1-1-0.dll
0x0000021e6a860000 - 0x0000021e6a863000 	C:\Java\javafx-sdk-19\bin\api-ms-win-core-debug-l1-1-0.dll
0x0000021e6a870000 - 0x0000021e6a873000 	C:\Java\javafx-sdk-19\bin\api-ms-win-core-errorhandling-l1-1-0.dll
0x0000021e6a880000 - 0x0000021e6a884000 	C:\Java\javafx-sdk-19\bin\api-ms-win-core-file-l1-1-0.dll
0x0000021e6a890000 - 0x0000021e6a893000 	C:\Java\javafx-sdk-19\bin\api-ms-win-core-file-l1-2-0.dll
0x0000021e6a8a0000 - 0x0000021e6a8a3000 	C:\Java\javafx-sdk-19\bin\api-ms-win-core-file-l2-1-0.dll
0x0000021e6a8b0000 - 0x0000021e6a8b3000 	C:\Java\javafx-sdk-19\bin\api-ms-win-core-handle-l1-1-0.dll
0x0000021e6a8c0000 - 0x0000021e6a8c3000 	C:\Java\javafx-sdk-19\bin\api-ms-win-core-heap-l1-1-0.dll
0x0000021e6a8d0000 - 0x0000021e6a8d3000 	C:\Java\javafx-sdk-19\bin\api-ms-win-core-interlocked-l1-1-0.dll
0x0000021e6a8e0000 - 0x0000021e6a8e3000 	C:\Java\javafx-sdk-19\bin\api-ms-win-core-libraryloader-l1-1-0.dll
0x0000021e6a8f0000 - 0x0000021e6a8f3000 	C:\Java\javafx-sdk-19\bin\api-ms-win-core-localization-l1-2-0.dll
0x0000021e6a900000 - 0x0000021e6a903000 	C:\Java\javafx-sdk-19\bin\api-ms-win-core-memory-l1-1-0.dll
0x0000021e6a910000 - 0x0000021e6a913000 	C:\Java\javafx-sdk-19\bin\api-ms-win-core-namedpipe-l1-1-0.dll
0x0000021e6a920000 - 0x0000021e6a923000 	C:\Java\javafx-sdk-19\bin\api-ms-win-core-processenvironment-l1-1-0.dll
0x0000021e6a930000 - 0x0000021e6a933000 	C:\Java\javafx-sdk-19\bin\api-ms-win-core-processthreads-l1-1-0.dll
0x0000021e6a940000 - 0x0000021e6a943000 	C:\Java\javafx-sdk-19\bin\api-ms-win-core-processthreads-l1-1-1.dll
0x0000021e6a950000 - 0x0000021e6a953000 	C:\Java\javafx-sdk-19\bin\api-ms-win-core-profile-l1-1-0.dll
0x0000021e6a960000 - 0x0000021e6a963000 	C:\Java\javafx-sdk-19\bin\api-ms-win-core-rtlsupport-l1-1-0.dll
0x0000021e6a970000 - 0x0000021e6a973000 	C:\Java\javafx-sdk-19\bin\api-ms-win-core-string-l1-1-0.dll
0x0000021e6a980000 - 0x0000021e6a983000 	C:\Java\javafx-sdk-19\bin\api-ms-win-core-synch-l1-1-0.dll
0x0000021e6a990000 - 0x0000021e6a993000 	C:\Java\javafx-sdk-19\bin\api-ms-win-core-synch-l1-2-0.dll
0x0000021e6a9a0000 - 0x0000021e6a9a3000 	C:\Java\javafx-sdk-19\bin\api-ms-win-core-sysinfo-l1-1-0.dll
0x0000021e6a9b0000 - 0x0000021e6a9b3000 	C:\Java\javafx-sdk-19\bin\api-ms-win-core-timezone-l1-1-0.dll
0x0000021e6a9c0000 - 0x0000021e6a9c3000 	C:\Java\javafx-sdk-19\bin\api-ms-win-core-util-l1-1-0.dll
0x0000021e6a9d0000 - 0x0000021e6a9d3000 	C:\Java\javafx-sdk-19\bin\api-ms-win-crt-conio-l1-1-0.dll
0x0000021e6a9e0000 - 0x0000021e6a9e4000 	C:\Java\javafx-sdk-19\bin\api-ms-win-crt-convert-l1-1-0.dll
0x0000021e6a9f0000 - 0x0000021e6a9f3000 	C:\Java\javafx-sdk-19\bin\api-ms-win-crt-environment-l1-1-0.dll
0x0000021e6aa00000 - 0x0000021e6aa03000 	C:\Java\javafx-sdk-19\bin\api-ms-win-crt-filesystem-l1-1-0.dll
0x0000021e6aa10000 - 0x0000021e6aa13000 	C:\Java\javafx-sdk-19\bin\api-ms-win-crt-heap-l1-1-0.dll
0x0000021e6aa20000 - 0x0000021e6aa23000 	C:\Java\javafx-sdk-19\bin\api-ms-win-crt-locale-l1-1-0.dll
0x0000021e6aa30000 - 0x0000021e6aa35000 	C:\Java\javafx-sdk-19\bin\api-ms-win-crt-math-l1-1-0.dll
0x0000021e6aa40000 - 0x0000021e6aa45000 	C:\Java\javafx-sdk-19\bin\api-ms-win-crt-multibyte-l1-1-0.dll
0x0000021e6aa50000 - 0x0000021e6aa60000 	C:\Java\javafx-sdk-19\bin\api-ms-win-crt-private-l1-1-0.dll
0x0000021e6aa60000 - 0x0000021e6aa63000 	C:\Java\javafx-sdk-19\bin\api-ms-win-crt-process-l1-1-0.dll
0x0000021e6aa70000 - 0x0000021e6aa74000 	C:\Java\javafx-sdk-19\bin\api-ms-win-crt-runtime-l1-1-0.dll
0x0000021e6aa80000 - 0x0000021e6aa84000 	C:\Java\javafx-sdk-19\bin\api-ms-win-crt-stdio-l1-1-0.dll
0x0000021e6aa90000 - 0x0000021e6aa94000 	C:\Java\javafx-sdk-19\bin\api-ms-win-crt-string-l1-1-0.dll
0x0000021e6aaa0000 - 0x0000021e6aaa3000 	C:\Java\javafx-sdk-19\bin\api-ms-win-crt-time-l1-1-0.dll
0x0000021e6aab0000 - 0x0000021e6aab3000 	C:\Java\javafx-sdk-19\bin\api-ms-win-crt-utility-l1-1-0.dll
0x00007ffeeb1a0000 - 0x00007ffeeb29c000 	C:\Java\javafx-sdk-19\bin\ucrtbase.dll
0x00007ffeeb3e0000 - 0x00007ffeeb3fb000 	C:\Java\javafx-sdk-19\bin\vcruntime140.dll
0x00007ffeec060000 - 0x00007ffeec06c000 	C:\Java\javafx-sdk-19\bin\vcruntime140_1.dll
0x00007ffeeb110000 - 0x00007ffeeb19e000 	C:\Java\javafx-sdk-19\bin\msvcp140.dll
0x00007ffeeb880000 - 0x00007ffeeb889000 	C:\Java\javafx-sdk-19\bin\msvcp140_1.dll
0x00007ffeeb0e0000 - 0x00007ffeeb110000 	C:\Java\javafx-sdk-19\bin\msvcp140_2.dll
0x00007ffeea330000 - 0x00007ffeea35c000 	C:\Java\javafx-sdk-19\bin\prism_d3d.dll
0x00007ffee1c00000 - 0x00007ffee1da8000 	C:\WINDOWS\system32\d3d9.dll
0x00007ffeee310000 - 0x00007ffeee33b000 	C:\WINDOWS\SYSTEM32\dwmapi.dll
0x00007ffeedfe0000 - 0x00007ffeee016000 	C:\WINDOWS\SYSTEM32\dxcore.dll
0x00007ffeedf00000 - 0x00007ffeedfab000 	C:\WINDOWS\system32\uxtheme.dll
0x00007ffea92f0000 - 0x00007ffea94df000 	C:\WINDOWS\System32\DriverStore\FileRepository\igdlh64.inf_amd64_ceddadac8a2b489e\igdumdim64.dll
0x00007ffe895e0000 - 0x00007ffe8c854000 	C:\WINDOWS\System32\DriverStore\FileRepository\igdlh64.inf_amd64_ceddadac8a2b489e\igd9dxva64.dll
0x00007ffef17b0000 - 0x00007ffef194c000 	C:\WINDOWS\System32\ole32.dll
0x00007ffee9d10000 - 0x00007ffee9d59000 	C:\WINDOWS\SYSTEM32\directxdatabasehelper.dll
0x00007ffed8490000 - 0x00007ffed84d2000 	C:\Java\javafx-sdk-19\bin\glass.dll
0x00007ffef32b0000 - 0x00007ffef33a5000 	C:\WINDOWS\System32\COMDLG32.dll
0x00007ffef1310000 - 0x00007ffef142e000 	C:\WINDOWS\System32\MSCTF.dll
0x00007ffedfcb0000 - 0x00007ffee1a90000 	C:\WINDOWS\System32\DriverStore\FileRepository\igdlh64.inf_amd64_ceddadac8a2b489e\igc64.dll
0x00007ffeea310000 - 0x00007ffeea324000 	C:\Java\javafx-sdk-19\bin\javafx_font.dll
0x00007ffeec800000 - 0x00007ffeeca67000 	C:\WINDOWS\SYSTEM32\dwrite.dll
0x00007ffef2fc0000 - 0x00007ffef3070000 	C:\WINDOWS\System32\clbcatq.dll
0x00007ffeec5a0000 - 0x00007ffeec750000 	C:\WINDOWS\SYSTEM32\WindowsCodecs.dll
0x00007ffec6a10000 - 0x00007ffec6a6e000 	C:\WINDOWS\system32\dataexchange.dll
0x00007ffee5c00000 - 0x00007ffee5e6a000 	C:\WINDOWS\system32\twinapi.appcore.dll
0x00007ffee4f90000 - 0x00007ffee4fc2000 	C:\Program Files\Common Files\Microsoft Shared\Ink\rtscom.dll
0x00007ffee5610000 - 0x00007ffee573d000 	C:\WINDOWS\SYSTEM32\textinputframework.dll
0x00007ffeed4f0000 - 0x00007ffeed623000 	C:\WINDOWS\SYSTEM32\CoreMessaging.dll
0x00007ffee9290000 - 0x00007ffee95fc000 	C:\WINDOWS\SYSTEM32\CoreUIComponents.dll
0x00007ffef0030000 - 0x00007ffef003c000 	C:\WINDOWS\SYSTEM32\CRYPTBASE.DLL
0x00007ffeb8a10000 - 0x00007ffeb8ba0000 	C:\Users\Admin\.jdks\openjdk-19.0.1\bin\awt.dll
0x00007ffeedd30000 - 0x00007ffeeddc7000 	C:\WINDOWS\SYSTEM32\apphelp.dll
0x00007ffef0050000 - 0x00007ffef006b000 	C:\WINDOWS\SYSTEM32\CRYPTSP.dll
0x00007ffeef860000 - 0x00007ffeef895000 	C:\WINDOWS\system32\rsaenh.dll
0x00007ffeefde0000 - 0x00007ffeefe08000 	C:\WINDOWS\SYSTEM32\USERENV.dll
0x00007ffef0190000 - 0x00007ffef01b8000 	C:\WINDOWS\SYSTEM32\bcrypt.dll
0x00007ffeef3d0000 - 0x00007ffeef3fd000 	C:\WINDOWS\SYSTEM32\IPHLPAPI.DLL
0x00007ffef17a0000 - 0x00007ffef17a9000 	C:\WINDOWS\System32\NSI.dll
0x00007ffee9e50000 - 0x00007ffee9e69000 	C:\WINDOWS\SYSTEM32\dhcpcsvc6.DLL

dbghelp: loaded successfully - version: 4.0.5 - missing functions: none
symbol engine: initialized successfully - sym options: 0x614 - pdb path: .;C:\Users\Admin\.jdks\openjdk-19.0.1\bin;C:\WINDOWS\SYSTEM32;C:\WINDOWS\WinSxS\amd64_microsoft.windows.common-controls_6595b64144ccf1df_6.0.22621.317_none_a9434687c10c9fa2;C:\Users\Admin\.jdks\openjdk-19.0.1\bin\server;C:\Program Files\JetBrains\IntelliJ IDEA Community Edition 2022.2.1\bin;C:\Java\javafx-sdk-19\bin;C:\WINDOWS\System32\DriverStore\FileRepository\igdlh64.inf_amd64_ceddadac8a2b489e;C:\Program Files\Common Files\Microsoft Shared\Ink

VM Arguments:
jvm_args: --module-path=C:\Java\javafx-sdk-19\lib --add-modules=javafx.controls,javafx.fxml -javaagent:C:\Program Files\JetBrains\IntelliJ IDEA Community Edition 2022.2.1\lib\idea_rt.jar=50407:C:\Program Files\JetBrains\IntelliJ IDEA Community Edition 2022.2.1\bin -Dfile.encoding=UTF-8 -Dsun.stdout.encoding=UTF-8 -Dsun.stderr.encoding=UTF-8 
java_command: Game.MainGame
java_class_path (initial): D:\BTL\bomberman-game\target\classes;C:\Users\Admin\.m2\repository\org\openjfx\javafx-controls\19-ea+7\javafx-controls-19-ea+7.jar;C:\Users\Admin\.m2\repository\org\openjfx\javafx-controls\19-ea+7\javafx-controls-19-ea+7-win.jar;C:\Users\Admin\.m2\repository\org\openjfx\javafx-graphics\19-ea+7\javafx-graphics-19-ea+7.jar;C:\Users\Admin\.m2\repository\org\openjfx\javafx-graphics\19-ea+7\javafx-graphics-19-ea+7-win.jar;C:\Users\Admin\.m2\repository\org\openjfx\javafx-base\19-ea+7\javafx-base-19-ea+7.jar;C:\Users\Admin\.m2\repository\org\openjfx\javafx-base\19-ea+7\javafx-base-19-ea+7-win.jar;C:\Users\Admin\.m2\repository\org\openjfx\javafx-fxml\19-ea+7\javafx-fxml-19-ea+7.jar;C:\Users\Admin\.m2\repository\org\openjfx\javafx-fxml\19-ea+7\javafx-fxml-19-ea+7-win.jar;C:\Users\Admin\.m2\repository\org\controlsfx\controlsfx\11.1.1\controlsfx-11.1.1.jar;C:\Users\Admin\.m2\repository\org\kordamp\bootstrapfx\bootstrapfx-core\0.4.0\bootstrapfx-core-0.4.0.jar
Launcher Type: SUN_STANDARD

[Global flags]
     intx CICompilerCount                          = 4                                         {product} {ergonomic}
     uint ConcGCThreads                            = 2                                         {product} {ergonomic}
     uint G1ConcRefinementThreads                  = 8                                         {product} {ergonomic}
   size_t G1HeapRegionSize                         = 1048576                                   {product} {ergonomic}
    uintx GCDrainStackTargetSize                   = 64                                        {product} {ergonomic}
   size_t InitialHeapSize                          = 134217728                                 {product} {ergonomic}
   size_t MarkStackSize                            = 4194304                                   {product} {ergonomic}
   size_t MaxHeapSize                              = 2116026368                                {product} {ergonomic}
   size_t MaxNewSize                               = 1268776960                                {product} {ergonomic}
   size_t MinHeapDeltaBytes                        = 1048576                                   {product} {ergonomic}
   size_t MinHeapSize                              = 8388608                                   {product} {ergonomic}
    uintx NonNMethodCodeHeapSize                   = 5839372                                {pd product} {ergonomic}
    uintx NonProfiledCodeHeapSize                  = 122909434                              {pd product} {ergonomic}
    uintx ProfiledCodeHeapSize                     = 122909434                              {pd product} {ergonomic}
    uintx ReservedCodeCacheSize                    = 251658240                              {pd product} {ergonomic}
     bool SegmentedCodeCache                       = true                                      {product} {ergonomic}
   size_t SoftMaxHeapSize                          = 2116026368                             {manageable} {ergonomic}
     bool UseCompressedClassPointers               = true                           {product lp64_product} {ergonomic}
     bool UseCompressedOops                        = true                           {product lp64_product} {ergonomic}
     bool UseG1GC                                  = true                                      {product} {ergonomic}
     bool UseLargePagesIndividualAllocation        = false                                  {pd product} {ergonomic}

Logging:
Log output configuration:
 #0: stdout all=warning uptime,level,tags foldmultilines=false
 #1: stderr all=off uptime,level,tags foldmultilines=false

Environment Variables:
JAVA_HOME=C:\Program Files\Java\jdk-18.0.2.1
PATH=C:\Python310\Scripts\;C:\Python310\;C:\Program Files\Eclipse Adoptium\jdk-17.0.4.101-hotspot\bin;C:\Program Files\Common Files\Oracle\Java\javapath;C:\WINDOWS\system32;C:\WINDOWS;C:\WINDOWS\System32\Wbem;C:\WINDOWS\System32\WindowsPowerShell\v1.0\;C:\WINDOWS\System32\OpenSSH\;C:\Program Files\CodeBlocks\MinGW\bin;C:\Program Files\Git\cmd;C:\Program Files\Cloudflare\Cloudflare WARP\;C:\Program Files\nodejs\;C:\ProgramData\chocolatey\bin;C:\Program Files\SQLite\sqlite3;C:\Users\Admin\AppData\Local\Microsoft\WindowsApps;C:\Program Files\JetBrains\PyCharm 2022.1.2\bin;;C:\Users\Admin\AppData\Local\GitHubDesktop\bin;;C:\Program Files\JetBrains\IntelliJ IDEA Community Edition 2022.2.1\bin;;C:\Users\Admin\AppData\Roaming\npm;C:\Users\Admin\AppData\Local\Programs\Microsoft VS Code\bin
USERNAME=Admin
OS=Windows_NT
PROCESSOR_IDENTIFIER=Intel64 Family 6 Model 142 Stepping 10, GenuineIntel
TMP=C:\Users\Admin\AppData\Local\Temp
TEMP=C:\Users\Admin\AppData\Local\Temp



---------------  S Y S T E M  ---------------

OS:
 Windows 11 , 64 bit Build 22621 (10.0.22621.457)
OS uptime: 0 days 1:57 hours
Hyper-V role detected

CPU: total 8 (initial active 8) (4 cores per cpu, 2 threads per core) family 6 model 142 stepping 10 microcode 0xe0, cx8, cmov, fxsr, ht, mmx, 3dnowpref, sse, sse2, sse3, ssse3, sse4.1, sse4.2, popcnt, lzcnt, tsc, tscinvbit, avx, avx2, aes, erms, clmul, bmi1, bmi2, adx, fma, vzeroupper, clflush, clflushopt, hv, rdtscp

Memory: 4k page, system-wide physical 8069M (1690M free)
TotalPageFile size 8069M (AvailPageFile size 5M)
current process WorkingSet (physical memory assigned to process): 218M, peak: 218M
current process commit charge ("private bytes"): 335M, peak: 336M

vm_info: OpenJDK 64-Bit Server VM (19.0.1+10-21) for windows-amd64 JRE (19.0.1+10-21), built on 2022-09-14T12:45:06Z by "mach5one" with MS VC++ 17.1 (VS2022)

END.
