#
# There is insufficient memory for the Java Runtime Environment to continue.
# Native memory allocation (malloc) failed to allocate 205296 bytes for Chunk::new
# Possible reasons:
#   The system is out of physical RAM or swap space
#   The process is running with CompressedOops enabled, and the Java Heap may be blocking the growth of the native heap
# Possible solutions:
#   Reduce memory load on the system
#   Increase physical memory or swap space
#   Check if swap backing store is full
#   Decrease Java heap size (-Xmx/-Xms)
#   Decrease number of Java threads
#   Decrease Java thread stack sizes (-Xss)
#   Set larger code cache with -XX:ReservedCodeCacheSize=
#   JVM is running with Unscaled Compressed Oops mode in which the Java heap is
#     placed in the first 4GB address space. The Java Heap base address is the
#     maximum limit for the native heap growth. Please use -XX:HeapBaseMinAddress
#     to set the Java Heap base and to place the Java Heap above 4GB virtual address.
# This output file may be truncated or incomplete.
#
#  Out of Memory Error (arena.cpp:184), pid=9788, tid=1788
#
# JRE version: OpenJDK Runtime Environment (19.0.1+10) (build 19.0.1+10-21)
# Java VM: OpenJDK 64-Bit Server VM (19.0.1+10-21, mixed mode, sharing, tiered, compressed oops, compressed class ptrs, g1 gc, windows-amd64)
# No core dump will be written. Minidumps are not enabled by default on client versions of Windows
#

---------------  S U M M A R Y ------------

Command Line: --module-path=C:\Java\javafx-sdk-19\lib --add-modules=javafx.controls,javafx.fxml -javaagent:C:\Program Files\JetBrains\IntelliJ IDEA Community Edition 2022.2.1\lib\idea_rt.jar=51496:C:\Program Files\JetBrains\IntelliJ IDEA Community Edition 2022.2.1\bin -Dfile.encoding=UTF-8 -Dsun.stdout.encoding=UTF-8 -Dsun.stderr.encoding=UTF-8 Game.MainGame

Host: Intel(R) Core(TM) i5-8250U CPU @ 1.60GHz, 8 cores, 7G,  Windows 11 , 64 bit Build 22621 (10.0.22621.457)
Time: Fri Oct 28 04:38:19 2022 SE Asia Standard Time elapsed time: 0.140673 seconds (0d 0h 0m 0s)

---------------  T H R E A D  ---------------

Current thread (0x000002c384a2bf50):  JavaThread "C2 CompilerThread1" daemon [_thread_in_native, id=1788, stack(0x000000e752c00000,0x000000e752d00000)]


Current CompileTask:
C2:    140  265       4       jdk.internal.module.Checks::isJavaIdentifier (76 bytes)

Stack: [0x000000e752c00000,0x000000e752d00000]
Native frames: (J=compiled Java code, j=interpreted, Vv=VM code, C=native code)
V  [jvm.dll+0x6ee8fa]
V  [jvm.dll+0x857a1e]
V  [jvm.dll+0x85940e]
V  [jvm.dll+0x859ac3]
V  [jvm.dll+0x28291f]
V  [jvm.dll+0xc9b5f]
V  [jvm.dll+0xc9ee5]
V  [jvm.dll+0x2f7c6f]
V  [jvm.dll+0x5f0c5b]
V  [jvm.dll+0x2551fc]
V  [jvm.dll+0x24e097]
V  [jvm.dll+0x24b563]
V  [jvm.dll+0x1d6d61]
V  [jvm.dll+0x25b0fa]
V  [jvm.dll+0x259588]
V  [jvm.dll+0x807928]
V  [jvm.dll+0x8015fa]
V  [jvm.dll+0x6ed5eb]
C  [ucrtbase.dll+0x29363]
C  [KERNEL32.DLL+0x1244d]
C  [ntdll.dll+0x5df78]


---------------  P R O C E S S  ---------------

Threads class SMR info:
_java_thread_list=0x000002c3849eb870, length=13, elements={
0x000002c3e1b9b950, 0x000002c3fff62140, 0x000002c3fff667a0, 0x000002c3fff6c3a0,
0x000002c3fff6e8f0, 0x000002c3fff70e40, 0x000002c3fff748f0, 0x000002c3fff7e1f0,
0x000002c3fff86b90, 0x000002c3fff73e50, 0x000002c3fff723c0, 0x000002c384a2bf50,
0x000002c384a2c4d0
}

Java Threads: ( => current thread )
  0x000002c3e1b9b950 JavaThread "main" [_thread_in_Java, id=10312, stack(0x000000e751b00000,0x000000e751c00000)]
  0x000002c3fff62140 JavaThread "Reference Handler" daemon [_thread_blocked, id=8344, stack(0x000000e752200000,0x000000e752300000)]
  0x000002c3fff667a0 JavaThread "Finalizer" daemon [_thread_blocked, id=10532, stack(0x000000e752300000,0x000000e752400000)]
  0x000002c3fff6c3a0 JavaThread "Signal Dispatcher" daemon [_thread_blocked, id=4452, stack(0x000000e752400000,0x000000e752500000)]
  0x000002c3fff6e8f0 JavaThread "Attach Listener" daemon [_thread_blocked, id=2928, stack(0x000000e752500000,0x000000e752600000)]
  0x000002c3fff70e40 JavaThread "Service Thread" daemon [_thread_blocked, id=6912, stack(0x000000e752600000,0x000000e752700000)]
  0x000002c3fff748f0 JavaThread "Monitor Deflation Thread" daemon [_thread_blocked, id=9200, stack(0x000000e752700000,0x000000e752800000)]
  0x000002c3fff7e1f0 JavaThread "C2 CompilerThread0" daemon [_thread_in_native, id=3200, stack(0x000000e752800000,0x000000e752900000)]
  0x000002c3fff86b90 JavaThread "C1 CompilerThread0" daemon [_thread_in_vm, id=12496, stack(0x000000e752900000,0x000000e752a00000)]
  0x000002c3fff73e50 JavaThread "Sweeper thread" daemon [_thread_blocked, id=8992, stack(0x000000e752a00000,0x000000e752b00000)]
  0x000002c3fff723c0 JavaThread "Common-Cleaner" daemon [_thread_blocked, id=12948, stack(0x000000e752b00000,0x000000e752c00000)]
=>0x000002c384a2bf50 JavaThread "C2 CompilerThread1" daemon [_thread_in_native, id=1788, stack(0x000000e752c00000,0x000000e752d00000)]
  0x000002c384a2c4d0 JavaThread "C2 CompilerThread2" daemon [_thread_in_native, id=11836, stack(0x000000e752d00000,0x000000e752e00000)]

Other Threads:
  0x000002c3fff4bde0 VMThread "VM Thread" [stack: 0x000000e752100000,0x000000e752200000] [id=4396]
  0x000002c3e1bf9cc0 WorkerThread "GC Thread#0" [stack: 0x000000e751c00000,0x000000e751d00000] [id=3932]
  0x000002c3e1c0ab60 ConcurrentGCThread "G1 Main Marker" [stack: 0x000000e751d00000,0x000000e751e00000] [id=6084]
  0x000002c3e1c0bd30 WorkerThread "G1 Conc#0" [stack: 0x000000e751e00000,0x000000e751f00000] [id=10584]
  0x000002c3e1c5e580 ConcurrentGCThread "G1 Refine#0" [stack: 0x000000e751f00000,0x000000e752000000] [id=13264]
  0x000002c3e1c5ea80 ConcurrentGCThread "G1 Service" [stack: 0x000000e752000000,0x000000e752100000] [id=1816]

Threads with active compile tasks:
C2 CompilerThread0      182  289       4       java.util.stream.ReferencePipeline$3$1::accept (23 bytes)
C2 CompilerThread1      182  265       4       jdk.internal.module.Checks::isJavaIdentifier (76 bytes)
C2 CompilerThread2      182  327       4       java.util.HashSet::add (20 bytes)

VM state: not at safepoint (normal execution)

VM Mutex/Monitor currently owned by a thread: None

Heap address: 0x0000000081e00000, size: 2018 MB, Compressed Oops mode: 32-bit

CDS archive(s) mapped at: [0x0000000800000000-0x0000000800c30000-0x0000000800c30000), size 12779520, SharedBaseAddress: 0x0000000800000000, ArchiveRelocationMode: 0.
Compressed class space mapped at: 0x0000000801000000-0x0000000841000000, reserved size: 1073741824
Narrow klass base: 0x0000000800000000, Narrow klass shift: 0, Narrow klass range: 0x100000000

GC Precious Log:
 CardTable entry size: 512
 Card Set container configuration: InlinePtr #cards 5 size 8 Array Of Cards #cards 12 size 40 Howl #buckets 4 coarsen threshold 1843 Howl Bitmap #cards 512 size 80 coarsen threshold 460 Card regions per heap region 1 cards per card region 2048
 CPUs: 8 total, 8 available
 Memory: 8069M
 Large Page Support: Disabled
 NUMA Support: Disabled
 Compressed Oops: Enabled (32-bit)
 Heap Region Size: 1M
 Heap Min Capacity: 8M
 Heap Initial Capacity: 128M
 Heap Max Capacity: 2018M
 Pre-touch: Disabled
 Parallel Workers: 8
 Concurrent Workers: 2
 Concurrent Refinement Workers: 8
 Periodic GC: Disabled

Heap:
 garbage-first heap   total 131072K, used 6144K [0x0000000081e00000, 0x0000000100000000)
  region size 1024K, 8 young (8192K), 0 survivors (0K)
 Metaspace       used 520K, committed 704K, reserved 1114112K
  class space    used 31K, committed 128K, reserved 1048576K

Heap Regions: E=young(eden), S=young(survivor), O=old, HS=humongous(starts), HC=humongous(continues), CS=collection set, F=free, OA=open archive, CA=closed archive, TAMS=top-at-mark-start (previous, next)
|   0|0x0000000081e00000, 0x0000000081e00000, 0x0000000081f00000|  0%| F|  |TAMS 0x0000000081e00000, 0x0000000081e00000| Untracked 
|   1|0x0000000081f00000, 0x0000000081f00000, 0x0000000082000000|  0%| F|  |TAMS 0x0000000081f00000, 0x0000000081f00000| Untracked 
|   2|0x0000000082000000, 0x0000000082000000, 0x0000000082100000|  0%| F|  |TAMS 0x0000000082000000, 0x0000000082000000| Untracked 
|   3|0x0000000082100000, 0x0000000082100000, 0x0000000082200000|  0%| F|  |TAMS 0x0000000082100000, 0x0000000082100000| Untracked 
|   4|0x0000000082200000, 0x0000000082200000, 0x0000000082300000|  0%| F|  |TAMS 0x0000000082200000, 0x0000000082200000| Untracked 
|   5|0x0000000082300000, 0x0000000082300000, 0x0000000082400000|  0%| F|  |TAMS 0x0000000082300000, 0x0000000082300000| Untracked 
|   6|0x0000000082400000, 0x0000000082400000, 0x0000000082500000|  0%| F|  |TAMS 0x0000000082400000, 0x0000000082400000| Untracked 
|   7|0x0000000082500000, 0x0000000082500000, 0x0000000082600000|  0%| F|  |TAMS 0x0000000082500000, 0x0000000082500000| Untracked 
|   8|0x0000000082600000, 0x0000000082600000, 0x0000000082700000|  0%| F|  |TAMS 0x0000000082600000, 0x0000000082600000| Untracked 
|   9|0x0000000082700000, 0x0000000082700000, 0x0000000082800000|  0%| F|  |TAMS 0x0000000082700000, 0x0000000082700000| Untracked 
|  10|0x0000000082800000, 0x0000000082800000, 0x0000000082900000|  0%| F|  |TAMS 0x0000000082800000, 0x0000000082800000| Untracked 
|  11|0x0000000082900000, 0x0000000082900000, 0x0000000082a00000|  0%| F|  |TAMS 0x0000000082900000, 0x0000000082900000| Untracked 
|  12|0x0000000082a00000, 0x0000000082a00000, 0x0000000082b00000|  0%| F|  |TAMS 0x0000000082a00000, 0x0000000082a00000| Untracked 
|  13|0x0000000082b00000, 0x0000000082b00000, 0x0000000082c00000|  0%| F|  |TAMS 0x0000000082b00000, 0x0000000082b00000| Untracked 
|  14|0x0000000082c00000, 0x0000000082c00000, 0x0000000082d00000|  0%| F|  |TAMS 0x0000000082c00000, 0x0000000082c00000| Untracked 
|  15|0x0000000082d00000, 0x0000000082d00000, 0x0000000082e00000|  0%| F|  |TAMS 0x0000000082d00000, 0x0000000082d00000| Untracked 
|  16|0x0000000082e00000, 0x0000000082e00000, 0x0000000082f00000|  0%| F|  |TAMS 0x0000000082e00000, 0x0000000082e00000| Untracked 
|  17|0x0000000082f00000, 0x0000000082f00000, 0x0000000083000000|  0%| F|  |TAMS 0x0000000082f00000, 0x0000000082f00000| Untracked 
|  18|0x0000000083000000, 0x0000000083000000, 0x0000000083100000|  0%| F|  |TAMS 0x0000000083000000, 0x0000000083000000| Untracked 
|  19|0x0000000083100000, 0x0000000083100000, 0x0000000083200000|  0%| F|  |TAMS 0x0000000083100000, 0x0000000083100000| Untracked 
|  20|0x0000000083200000, 0x0000000083200000, 0x0000000083300000|  0%| F|  |TAMS 0x0000000083200000, 0x0000000083200000| Untracked 
|  21|0x0000000083300000, 0x0000000083300000, 0x0000000083400000|  0%| F|  |TAMS 0x0000000083300000, 0x0000000083300000| Untracked 
|  22|0x0000000083400000, 0x0000000083400000, 0x0000000083500000|  0%| F|  |TAMS 0x0000000083400000, 0x0000000083400000| Untracked 
|  23|0x0000000083500000, 0x0000000083500000, 0x0000000083600000|  0%| F|  |TAMS 0x0000000083500000, 0x0000000083500000| Untracked 
|  24|0x0000000083600000, 0x0000000083600000, 0x0000000083700000|  0%| F|  |TAMS 0x0000000083600000, 0x0000000083600000| Untracked 
|  25|0x0000000083700000, 0x0000000083700000, 0x0000000083800000|  0%| F|  |TAMS 0x0000000083700000, 0x0000000083700000| Untracked 
|  26|0x0000000083800000, 0x0000000083800000, 0x0000000083900000|  0%| F|  |TAMS 0x0000000083800000, 0x0000000083800000| Untracked 
|  27|0x0000000083900000, 0x0000000083900000, 0x0000000083a00000|  0%| F|  |TAMS 0x0000000083900000, 0x0000000083900000| Untracked 
|  28|0x0000000083a00000, 0x0000000083a00000, 0x0000000083b00000|  0%| F|  |TAMS 0x0000000083a00000, 0x0000000083a00000| Untracked 
|  29|0x0000000083b00000, 0x0000000083b00000, 0x0000000083c00000|  0%| F|  |TAMS 0x0000000083b00000, 0x0000000083b00000| Untracked 
|  30|0x0000000083c00000, 0x0000000083c00000, 0x0000000083d00000|  0%| F|  |TAMS 0x0000000083c00000, 0x0000000083c00000| Untracked 
|  31|0x0000000083d00000, 0x0000000083d00000, 0x0000000083e00000|  0%| F|  |TAMS 0x0000000083d00000, 0x0000000083d00000| Untracked 
|  32|0x0000000083e00000, 0x0000000083e00000, 0x0000000083f00000|  0%| F|  |TAMS 0x0000000083e00000, 0x0000000083e00000| Untracked 
|  33|0x0000000083f00000, 0x0000000083f00000, 0x0000000084000000|  0%| F|  |TAMS 0x0000000083f00000, 0x0000000083f00000| Untracked 
|  34|0x0000000084000000, 0x0000000084000000, 0x0000000084100000|  0%| F|  |TAMS 0x0000000084000000, 0x0000000084000000| Untracked 
|  35|0x0000000084100000, 0x0000000084100000, 0x0000000084200000|  0%| F|  |TAMS 0x0000000084100000, 0x0000000084100000| Untracked 
|  36|0x0000000084200000, 0x0000000084200000, 0x0000000084300000|  0%| F|  |TAMS 0x0000000084200000, 0x0000000084200000| Untracked 
|  37|0x0000000084300000, 0x0000000084300000, 0x0000000084400000|  0%| F|  |TAMS 0x0000000084300000, 0x0000000084300000| Untracked 
|  38|0x0000000084400000, 0x0000000084400000, 0x0000000084500000|  0%| F|  |TAMS 0x0000000084400000, 0x0000000084400000| Untracked 
|  39|0x0000000084500000, 0x0000000084500000, 0x0000000084600000|  0%| F|  |TAMS 0x0000000084500000, 0x0000000084500000| Untracked 
|  40|0x0000000084600000, 0x0000000084600000, 0x0000000084700000|  0%| F|  |TAMS 0x0000000084600000, 0x0000000084600000| Untracked 
|  41|0x0000000084700000, 0x0000000084700000, 0x0000000084800000|  0%| F|  |TAMS 0x0000000084700000, 0x0000000084700000| Untracked 
|  42|0x0000000084800000, 0x0000000084800000, 0x0000000084900000|  0%| F|  |TAMS 0x0000000084800000, 0x0000000084800000| Untracked 
|  43|0x0000000084900000, 0x0000000084900000, 0x0000000084a00000|  0%| F|  |TAMS 0x0000000084900000, 0x0000000084900000| Untracked 
|  44|0x0000000084a00000, 0x0000000084a00000, 0x0000000084b00000|  0%| F|  |TAMS 0x0000000084a00000, 0x0000000084a00000| Untracked 
|  45|0x0000000084b00000, 0x0000000084b00000, 0x0000000084c00000|  0%| F|  |TAMS 0x0000000084b00000, 0x0000000084b00000| Untracked 
|  46|0x0000000084c00000, 0x0000000084c00000, 0x0000000084d00000|  0%| F|  |TAMS 0x0000000084c00000, 0x0000000084c00000| Untracked 
|  47|0x0000000084d00000, 0x0000000084d00000, 0x0000000084e00000|  0%| F|  |TAMS 0x0000000084d00000, 0x0000000084d00000| Untracked 
|  48|0x0000000084e00000, 0x0000000084e00000, 0x0000000084f00000|  0%| F|  |TAMS 0x0000000084e00000, 0x0000000084e00000| Untracked 
|  49|0x0000000084f00000, 0x0000000084f00000, 0x0000000085000000|  0%| F|  |TAMS 0x0000000084f00000, 0x0000000084f00000| Untracked 
|  50|0x0000000085000000, 0x0000000085000000, 0x0000000085100000|  0%| F|  |TAMS 0x0000000085000000, 0x0000000085000000| Untracked 
|  51|0x0000000085100000, 0x0000000085100000, 0x0000000085200000|  0%| F|  |TAMS 0x0000000085100000, 0x0000000085100000| Untracked 
|  52|0x0000000085200000, 0x0000000085200000, 0x0000000085300000|  0%| F|  |TAMS 0x0000000085200000, 0x0000000085200000| Untracked 
|  53|0x0000000085300000, 0x0000000085300000, 0x0000000085400000|  0%| F|  |TAMS 0x0000000085300000, 0x0000000085300000| Untracked 
|  54|0x0000000085400000, 0x0000000085400000, 0x0000000085500000|  0%| F|  |TAMS 0x0000000085400000, 0x0000000085400000| Untracked 
|  55|0x0000000085500000, 0x0000000085500000, 0x0000000085600000|  0%| F|  |TAMS 0x0000000085500000, 0x0000000085500000| Untracked 
|  56|0x0000000085600000, 0x0000000085600000, 0x0000000085700000|  0%| F|  |TAMS 0x0000000085600000, 0x0000000085600000| Untracked 
|  57|0x0000000085700000, 0x0000000085700000, 0x0000000085800000|  0%| F|  |TAMS 0x0000000085700000, 0x0000000085700000| Untracked 
|  58|0x0000000085800000, 0x0000000085800000, 0x0000000085900000|  0%| F|  |TAMS 0x0000000085800000, 0x0000000085800000| Untracked 
|  59|0x0000000085900000, 0x0000000085900000, 0x0000000085a00000|  0%| F|  |TAMS 0x0000000085900000, 0x0000000085900000| Untracked 
|  60|0x0000000085a00000, 0x0000000085a00000, 0x0000000085b00000|  0%| F|  |TAMS 0x0000000085a00000, 0x0000000085a00000| Untracked 
|  61|0x0000000085b00000, 0x0000000085b00000, 0x0000000085c00000|  0%| F|  |TAMS 0x0000000085b00000, 0x0000000085b00000| Untracked 
|  62|0x0000000085c00000, 0x0000000085c00000, 0x0000000085d00000|  0%| F|  |TAMS 0x0000000085c00000, 0x0000000085c00000| Untracked 
|  63|0x0000000085d00000, 0x0000000085d00000, 0x0000000085e00000|  0%| F|  |TAMS 0x0000000085d00000, 0x0000000085d00000| Untracked 
|  64|0x0000000085e00000, 0x0000000085e00000, 0x0000000085f00000|  0%| F|  |TAMS 0x0000000085e00000, 0x0000000085e00000| Untracked 
|  65|0x0000000085f00000, 0x0000000085f00000, 0x0000000086000000|  0%| F|  |TAMS 0x0000000085f00000, 0x0000000085f00000| Untracked 
|  66|0x0000000086000000, 0x0000000086000000, 0x0000000086100000|  0%| F|  |TAMS 0x0000000086000000, 0x0000000086000000| Untracked 
|  67|0x0000000086100000, 0x0000000086100000, 0x0000000086200000|  0%| F|  |TAMS 0x0000000086100000, 0x0000000086100000| Untracked 
|  68|0x0000000086200000, 0x0000000086200000, 0x0000000086300000|  0%| F|  |TAMS 0x0000000086200000, 0x0000000086200000| Untracked 
|  69|0x0000000086300000, 0x0000000086300000, 0x0000000086400000|  0%| F|  |TAMS 0x0000000086300000, 0x0000000086300000| Untracked 
|  70|0x0000000086400000, 0x0000000086400000, 0x0000000086500000|  0%| F|  |TAMS 0x0000000086400000, 0x0000000086400000| Untracked 
|  71|0x0000000086500000, 0x0000000086500000, 0x0000000086600000|  0%| F|  |TAMS 0x0000000086500000, 0x0000000086500000| Untracked 
|  72|0x0000000086600000, 0x0000000086600000, 0x0000000086700000|  0%| F|  |TAMS 0x0000000086600000, 0x0000000086600000| Untracked 
|  73|0x0000000086700000, 0x0000000086700000, 0x0000000086800000|  0%| F|  |TAMS 0x0000000086700000, 0x0000000086700000| Untracked 
|  74|0x0000000086800000, 0x0000000086800000, 0x0000000086900000|  0%| F|  |TAMS 0x0000000086800000, 0x0000000086800000| Untracked 
|  75|0x0000000086900000, 0x0000000086900000, 0x0000000086a00000|  0%| F|  |TAMS 0x0000000086900000, 0x0000000086900000| Untracked 
|  76|0x0000000086a00000, 0x0000000086a00000, 0x0000000086b00000|  0%| F|  |TAMS 0x0000000086a00000, 0x0000000086a00000| Untracked 
|  77|0x0000000086b00000, 0x0000000086b00000, 0x0000000086c00000|  0%| F|  |TAMS 0x0000000086b00000, 0x0000000086b00000| Untracked 
|  78|0x0000000086c00000, 0x0000000086c00000, 0x0000000086d00000|  0%| F|  |TAMS 0x0000000086c00000, 0x0000000086c00000| Untracked 
|  79|0x0000000086d00000, 0x0000000086d00000, 0x0000000086e00000|  0%| F|  |TAMS 0x0000000086d00000, 0x0000000086d00000| Untracked 
|  80|0x0000000086e00000, 0x0000000086e00000, 0x0000000086f00000|  0%| F|  |TAMS 0x0000000086e00000, 0x0000000086e00000| Untracked 
|  81|0x0000000086f00000, 0x0000000086f00000, 0x0000000087000000|  0%| F|  |TAMS 0x0000000086f00000, 0x0000000086f00000| Untracked 
|  82|0x0000000087000000, 0x0000000087000000, 0x0000000087100000|  0%| F|  |TAMS 0x0000000087000000, 0x0000000087000000| Untracked 
|  83|0x0000000087100000, 0x0000000087100000, 0x0000000087200000|  0%| F|  |TAMS 0x0000000087100000, 0x0000000087100000| Untracked 
|  84|0x0000000087200000, 0x0000000087200000, 0x0000000087300000|  0%| F|  |TAMS 0x0000000087200000, 0x0000000087200000| Untracked 
|  85|0x0000000087300000, 0x0000000087300000, 0x0000000087400000|  0%| F|  |TAMS 0x0000000087300000, 0x0000000087300000| Untracked 
|  86|0x0000000087400000, 0x0000000087400000, 0x0000000087500000|  0%| F|  |TAMS 0x0000000087400000, 0x0000000087400000| Untracked 
|  87|0x0000000087500000, 0x0000000087500000, 0x0000000087600000|  0%| F|  |TAMS 0x0000000087500000, 0x0000000087500000| Untracked 
|  88|0x0000000087600000, 0x0000000087600000, 0x0000000087700000|  0%| F|  |TAMS 0x0000000087600000, 0x0000000087600000| Untracked 
|  89|0x0000000087700000, 0x0000000087700000, 0x0000000087800000|  0%| F|  |TAMS 0x0000000087700000, 0x0000000087700000| Untracked 
|  90|0x0000000087800000, 0x0000000087800000, 0x0000000087900000|  0%| F|  |TAMS 0x0000000087800000, 0x0000000087800000| Untracked 
|  91|0x0000000087900000, 0x0000000087900000, 0x0000000087a00000|  0%| F|  |TAMS 0x0000000087900000, 0x0000000087900000| Untracked 
|  92|0x0000000087a00000, 0x0000000087a00000, 0x0000000087b00000|  0%| F|  |TAMS 0x0000000087a00000, 0x0000000087a00000| Untracked 
|  93|0x0000000087b00000, 0x0000000087b00000, 0x0000000087c00000|  0%| F|  |TAMS 0x0000000087b00000, 0x0000000087b00000| Untracked 
|  94|0x0000000087c00000, 0x0000000087c00000, 0x0000000087d00000|  0%| F|  |TAMS 0x0000000087c00000, 0x0000000087c00000| Untracked 
|  95|0x0000000087d00000, 0x0000000087d00000, 0x0000000087e00000|  0%| F|  |TAMS 0x0000000087d00000, 0x0000000087d00000| Untracked 
|  96|0x0000000087e00000, 0x0000000087e00000, 0x0000000087f00000|  0%| F|  |TAMS 0x0000000087e00000, 0x0000000087e00000| Untracked 
|  97|0x0000000087f00000, 0x0000000087f00000, 0x0000000088000000|  0%| F|  |TAMS 0x0000000087f00000, 0x0000000087f00000| Untracked 
|  98|0x0000000088000000, 0x0000000088000000, 0x0000000088100000|  0%| F|  |TAMS 0x0000000088000000, 0x0000000088000000| Untracked 
|  99|0x0000000088100000, 0x0000000088100000, 0x0000000088200000|  0%| F|  |TAMS 0x0000000088100000, 0x0000000088100000| Untracked 
| 100|0x0000000088200000, 0x0000000088200000, 0x0000000088300000|  0%| F|  |TAMS 0x0000000088200000, 0x0000000088200000| Untracked 
| 101|0x0000000088300000, 0x0000000088300000, 0x0000000088400000|  0%| F|  |TAMS 0x0000000088300000, 0x0000000088300000| Untracked 
| 102|0x0000000088400000, 0x0000000088400000, 0x0000000088500000|  0%| F|  |TAMS 0x0000000088400000, 0x0000000088400000| Untracked 
| 103|0x0000000088500000, 0x0000000088500000, 0x0000000088600000|  0%| F|  |TAMS 0x0000000088500000, 0x0000000088500000| Untracked 
| 104|0x0000000088600000, 0x0000000088600000, 0x0000000088700000|  0%| F|  |TAMS 0x0000000088600000, 0x0000000088600000| Untracked 
| 105|0x0000000088700000, 0x0000000088700000, 0x0000000088800000|  0%| F|  |TAMS 0x0000000088700000, 0x0000000088700000| Untracked 
| 106|0x0000000088800000, 0x0000000088800000, 0x0000000088900000|  0%| F|  |TAMS 0x0000000088800000, 0x0000000088800000| Untracked 
| 107|0x0000000088900000, 0x0000000088900000, 0x0000000088a00000|  0%| F|  |TAMS 0x0000000088900000, 0x0000000088900000| Untracked 
| 108|0x0000000088a00000, 0x0000000088a00000, 0x0000000088b00000|  0%| F|  |TAMS 0x0000000088a00000, 0x0000000088a00000| Untracked 
| 109|0x0000000088b00000, 0x0000000088b00000, 0x0000000088c00000|  0%| F|  |TAMS 0x0000000088b00000, 0x0000000088b00000| Untracked 
| 110|0x0000000088c00000, 0x0000000088c00000, 0x0000000088d00000|  0%| F|  |TAMS 0x0000000088c00000, 0x0000000088c00000| Untracked 
| 111|0x0000000088d00000, 0x0000000088d00000, 0x0000000088e00000|  0%| F|  |TAMS 0x0000000088d00000, 0x0000000088d00000| Untracked 
| 112|0x0000000088e00000, 0x0000000088e00000, 0x0000000088f00000|  0%| F|  |TAMS 0x0000000088e00000, 0x0000000088e00000| Untracked 
| 113|0x0000000088f00000, 0x0000000088f00000, 0x0000000089000000|  0%| F|  |TAMS 0x0000000088f00000, 0x0000000088f00000| Untracked 
| 114|0x0000000089000000, 0x0000000089000000, 0x0000000089100000|  0%| F|  |TAMS 0x0000000089000000, 0x0000000089000000| Untracked 
| 115|0x0000000089100000, 0x0000000089100000, 0x0000000089200000|  0%| F|  |TAMS 0x0000000089100000, 0x0000000089100000| Untracked 
| 116|0x0000000089200000, 0x0000000089200000, 0x0000000089300000|  0%| F|  |TAMS 0x0000000089200000, 0x0000000089200000| Untracked 
| 117|0x0000000089300000, 0x0000000089300000, 0x0000000089400000|  0%| F|  |TAMS 0x0000000089300000, 0x0000000089300000| Untracked 
| 118|0x0000000089400000, 0x0000000089400000, 0x0000000089500000|  0%| F|  |TAMS 0x0000000089400000, 0x0000000089400000| Untracked 
| 119|0x0000000089500000, 0x0000000089500000, 0x0000000089600000|  0%| F|  |TAMS 0x0000000089500000, 0x0000000089500000| Untracked 
| 120|0x0000000089600000, 0x0000000089676448, 0x0000000089700000| 46%| E|  |TAMS 0x0000000089600000, 0x0000000089600000| Complete 
| 121|0x0000000089700000, 0x0000000089800000, 0x0000000089800000|100%| E|CS|TAMS 0x0000000089700000, 0x0000000089700000| Complete 
| 122|0x0000000089800000, 0x0000000089900000, 0x0000000089900000|100%| E|CS|TAMS 0x0000000089800000, 0x0000000089800000| Complete 
| 123|0x0000000089900000, 0x0000000089a00000, 0x0000000089a00000|100%| E|CS|TAMS 0x0000000089900000, 0x0000000089900000| Complete 
| 124|0x0000000089a00000, 0x0000000089b00000, 0x0000000089b00000|100%| E|  |TAMS 0x0000000089a00000, 0x0000000089a00000| Complete 
| 125|0x0000000089b00000, 0x0000000089c00000, 0x0000000089c00000|100%| E|CS|TAMS 0x0000000089b00000, 0x0000000089b00000| Complete 
| 126|0x0000000089c00000, 0x0000000089d00000, 0x0000000089d00000|100%| E|CS|TAMS 0x0000000089c00000, 0x0000000089c00000| Complete 
| 127|0x0000000089d00000, 0x0000000089e00000, 0x0000000089e00000|100%| E|CS|TAMS 0x0000000089d00000, 0x0000000089d00000| Complete 

Card table byte_map: [0x000002c3f9230000,0x000002c3f9630000] _byte_map_base: 0x000002c3f8e21000

Marking Bits (Prev, Next): (CMBitMap*) 0x000002c3e1bfa2f0, (CMBitMap*) 0x000002c3e1bfa330
 Prev Bits: [0x000002c3f9a30000, 0x000002c3fb9b8000)
 Next Bits: [0x000002c3fb9c0000, 0x000002c3fd948000)

Polling page: 0x000002c3e1360000

Metaspace:

Usage:
  Non-class:    514.38 KB used.
      Class:     32.96 KB used.
       Both:    547.34 KB used.

Virtual space:
  Non-class space:       64.00 MB reserved,     576.00 KB ( <1%) committed,  1 nodes.
      Class space:        1.00 GB reserved,     128.00 KB ( <1%) committed,  1 nodes.
             Both:        1.06 GB reserved,     704.00 KB ( <1%) committed. 

Chunk freelists:
   Non-Class:  4.00 MB
       Class:  3.75 MB
        Both:  7.74 MB

MaxMetaspaceSize: unlimited
CompressedClassSpaceSize: 1.00 GB
Initial GC threshold: 21.00 MB
Current GC threshold: 21.00 MB
CDS: on
MetaspaceReclaimPolicy: balanced
 - commit_granule_bytes: 65536.
 - commit_granule_words: 8192.
 - virtual_space_node_default_size: 8388608.
 - enlarge_chunks_in_place: 1.
 - new_chunks_are_fully_committed: 0.
 - uncommit_free_chunks: 1.
 - use_allocation_guard: 0.


Internal statistics:

num_allocs_failed_limit: 0.
num_arena_births: 6.
num_arena_deaths: 0.
num_vsnodes_births: 2.
num_vsnodes_deaths: 0.
num_space_committed: 11.
num_space_uncommitted: 0.
num_chunks_returned_to_freelist: 0.
num_chunks_taken_from_freelist: 7.
num_chunk_merges: 0.
num_chunk_splits: 4.
num_chunks_enlarged: 2.
num_inconsistent_stats: 0.

CodeHeap 'non-profiled nmethods': size=120000Kb used=113Kb max_used=113Kb free=119886Kb
 bounds [0x000002c3f15c0000, 0x000002c3f1830000, 0x000002c3f8af0000]
CodeHeap 'profiled nmethods': size=120000Kb used=482Kb max_used=482Kb free=119517Kb
 bounds [0x000002c3e9af0000, 0x000002c3e9d60000, 0x000002c3f1020000]
CodeHeap 'non-nmethods': size=5760Kb used=1195Kb max_used=1213Kb free=4564Kb
 bounds [0x000002c3f1020000, 0x000002c3f1290000, 0x000002c3f15c0000]
 total_blobs=762 nmethods=371 adapters=302
 compilation: enabled
              stopped_count=0, restarted_count=0
 full_count=0

Compilation events (20 events):
Event: 0.134 Thread 0x000002c3fff86b90 nmethod 243 0x000002c3e9b48d90 code [0x000002c3e9b48f80, 0x000002c3e9b493d8]
Event: 0.134 Thread 0x000002c3fff86b90  244       3       java.lang.Byte::toUnsignedInt (6 bytes)
Event: 0.134 Thread 0x000002c3fff86b90 nmethod 244 0x000002c3e9b49590 code [0x000002c3e9b49720, 0x000002c3e9b49818]
Event: 0.134 Thread 0x000002c3fff86b90  255       3       java.util.stream.ReferencePipeline$Head::forEach (26 bytes)
Event: 0.135 Thread 0x000002c3fff86b90 nmethod 255 0x000002c3e9b49890 code [0x000002c3e9b49a80, 0x000002c3e9b49e18]
Event: 0.135 Thread 0x000002c3fff86b90  256       3       java.util.stream.AbstractPipeline::sourceStageSpliterator (112 bytes)
Event: 0.136 Thread 0x000002c3fff86b90 nmethod 256 0x000002c3e9b49f90 code [0x000002c3e9b4a1a0, 0x000002c3e9b4a798]
Event: 0.136 Thread 0x000002c3fff86b90  257       3       java.util.stream.Streams$StreamBuilderImpl::forEachRemaining (30 bytes)
Event: 0.136 Thread 0x000002c3fff86b90 nmethod 257 0x000002c3e9b4a990 code [0x000002c3e9b4ab60, 0x000002c3e9b4aed8]
Event: 0.136 Thread 0x000002c3fff86b90  270       3       java.lang.CharacterDataLatin1::toLowerCase (39 bytes)
Event: 0.136 Thread 0x000002c3fff86b90 nmethod 270 0x000002c3e9b4b010 code [0x000002c3e9b4b1c0, 0x000002c3e9b4b3f8]
Event: 0.137 Thread 0x000002c3fff86b90  261       3       jdk.internal.module.ModulePath$$Lambda$40/0x0000000801046e40::apply (12 bytes)
Event: 0.137 Thread 0x000002c3fff86b90 nmethod 261 0x000002c3e9b4b510 code [0x000002c3e9b4b6c0, 0x000002c3e9b4b908]
Event: 0.137 Thread 0x000002c3fff86b90  262       3       jdk.internal.module.ModulePath$$Lambda$41/0x0000000801047070::apply (8 bytes)
Event: 0.137 Thread 0x000002c3fff86b90 nmethod 262 0x000002c3e9b4ba10 code [0x000002c3e9b4bc20, 0x000002c3e9b4c338]
Event: 0.138 Thread 0x000002c3fff7e1f0 nmethod 226 0x000002c3f15d0790 code [0x000002c3f15d0940, 0x000002c3f15d0ec8]
Event: 0.138 Thread 0x000002c3fff7e1f0  264       4       java.lang.StringLatin1::lastIndexOf (125 bytes)
Event: 0.139 Thread 0x000002c384a2c4d0 nmethod 268% 0x000002c3f15d1190 code [0x000002c3f15d1320, 0x000002c3f15d1538]
Event: 0.139 Thread 0x000002c384a2c4d0  246       4       java.lang.CharacterDataLatin1::getProperties (11 bytes)
Event: 0.139 Thread 0x000002c3fff86b90  271       3       jdk.internal.module.ModuleInfo$CountingDataInput::readUnsignedShort (24 bytes)

GC Heap History (0 events):
No events

Dll operation events (5 events):
Event: 0.010 Loaded shared library C:\Users\Admin\.jdks\openjdk-19.0.1\bin\java.dll
Event: 0.020 Loaded shared library C:\Users\Admin\.jdks\openjdk-19.0.1\bin\jsvml.dll
Event: 0.085 Loaded shared library C:\Users\Admin\.jdks\openjdk-19.0.1\bin\net.dll
Event: 0.086 Loaded shared library C:\Users\Admin\.jdks\openjdk-19.0.1\bin\nio.dll
Event: 0.092 Loaded shared library C:\Users\Admin\.jdks\openjdk-19.0.1\bin\zip.dll

Deoptimization events (4 events):
Event: 0.119 Thread 0x000002c3e1b9b950 Uncommon trap: trap_request=0xffffff45 fr.pc=0x000002c3f15cf4a4 relative=0x0000000000000084
Event: 0.119 Thread 0x000002c3e1b9b950 Uncommon trap: reason=unstable_if action=reinterpret pc=0x000002c3f15cf4a4 method=java.lang.CharacterDataLatin1.isJavaIdentifierPart(I)Z @ 11 c2
Event: 0.119 Thread 0x000002c3e1b9b950 DEOPT PACKING pc=0x000002c3f15cf4a4 sp=0x000000e751bfdd80
Event: 0.119 Thread 0x000002c3e1b9b950 DEOPT UNPACKING pc=0x000002c3f1086da3 sp=0x000000e751bfdcf8 mode 2

Classes loaded (20 events):
Event: 0.089 Loading class sun/nio/fs/WindowsPath$WindowsPathWithAttributes
Event: 0.089 Loading class sun/nio/fs/BasicFileAttributesHolder
Event: 0.089 Loading class sun/nio/fs/BasicFileAttributesHolder done
Event: 0.089 Loading class sun/nio/fs/WindowsPath$WindowsPathWithAttributes done
Event: 0.105 Loading class jdk/internal/module/ModuleInfo
Event: 0.105 Loading class jdk/internal/module/ModuleInfo done
Event: 0.105 Loading class jdk/internal/module/ModuleInfo$CountingDataInput
Event: 0.105 Loading class jdk/internal/module/ModuleInfo$CountingDataInput done
Event: 0.105 Loading class jdk/internal/module/ModuleInfo$ConstantPool
Event: 0.105 Loading class jdk/internal/module/ModuleInfo$ConstantPool done
Event: 0.105 Loading class jdk/internal/module/ModuleInfo$ConstantPool$Entry
Event: 0.105 Loading class jdk/internal/module/ModuleInfo$ConstantPool$Entry done
Event: 0.105 Loading class jdk/internal/module/ModuleInfo$ConstantPool$IndexEntry
Event: 0.105 Loading class jdk/internal/module/ModuleInfo$ConstantPool$IndexEntry done
Event: 0.105 Loading class jdk/internal/module/ModuleInfo$ConstantPool$ValueEntry
Event: 0.105 Loading class jdk/internal/module/ModuleInfo$ConstantPool$ValueEntry done
Event: 0.119 Loading class java/util/WeakHashMap$KeyIterator
Event: 0.119 Loading class java/util/WeakHashMap$HashIterator
Event: 0.120 Loading class java/util/WeakHashMap$HashIterator done
Event: 0.120 Loading class java/util/WeakHashMap$KeyIterator done

Classes unloaded (0 events):
No events

Classes redefined (0 events):
No events

Internal exceptions (2 events):
Event: 0.088 Thread 0x000002c3e1b9b950 Exception <a 'sun/nio/fs/WindowsException'{0x0000000089c456f0}> (0x0000000089c456f0) 
thrown [s\open\src\hotspot\share\prims\jni.cpp, line 517]
Event: 0.088 Thread 0x000002c3e1b9b950 Exception <a 'sun/nio/fs/WindowsException'{0x0000000089c45b28}> (0x0000000089c45b28) 
thrown [s\open\src\hotspot\share\prims\jni.cpp, line 517]

VM Operations (2 events):
Event: 0.093 Executing VM operation: HandshakeAllThreads
Event: 0.093 Executing VM operation: HandshakeAllThreads done

Events (13 events):
Event: 0.020 Thread 0x000002c3e1b9b950 Thread added: 0x000002c3e1b9b950
Event: 0.036 Thread 0x000002c3fff62140 Thread added: 0x000002c3fff62140
Event: 0.037 Thread 0x000002c3fff667a0 Thread added: 0x000002c3fff667a0
Event: 0.037 Thread 0x000002c3fff6c3a0 Thread added: 0x000002c3fff6c3a0
Event: 0.037 Thread 0x000002c3fff6e8f0 Thread added: 0x000002c3fff6e8f0
Event: 0.037 Thread 0x000002c3fff70e40 Thread added: 0x000002c3fff70e40
Event: 0.037 Thread 0x000002c3fff748f0 Thread added: 0x000002c3fff748f0
Event: 0.037 Thread 0x000002c3fff7e1f0 Thread added: 0x000002c3fff7e1f0
Event: 0.038 Thread 0x000002c3fff86b90 Thread added: 0x000002c3fff86b90
Event: 0.038 Thread 0x000002c3fff73e50 Thread added: 0x000002c3fff73e50
Event: 0.069 Thread 0x000002c3fff723c0 Thread added: 0x000002c3fff723c0
Event: 0.123 Thread 0x000002c384a2bf50 Thread added: 0x000002c384a2bf50
Event: 0.125 Thread 0x000002c384a2c4d0 Thread added: 0x000002c384a2c4d0


Dynamic libraries:
0x00007ff70f690000 - 0x00007ff70f69e000 	C:\Users\Admin\.jdks\openjdk-19.0.1\bin\java.exe
0x00007ffd7ca50000 - 0x00007ffd7cc64000 	C:\WINDOWS\SYSTEM32\ntdll.dll
0x00007ffd7b310000 - 0x00007ffd7b3d2000 	C:\WINDOWS\System32\KERNEL32.DLL
0x00007ffd7a420000 - 0x00007ffd7a7bc000 	C:\WINDOWS\System32\KERNELBASE.dll
0x00007ffd79fe0000 - 0x00007ffd7a0f1000 	C:\WINDOWS\System32\ucrtbase.dll
0x00007ffd6e090000 - 0x00007ffd6e0a7000 	C:\Users\Admin\.jdks\openjdk-19.0.1\bin\jli.dll
0x00007ffd6b050000 - 0x00007ffd6b06b000 	C:\Users\Admin\.jdks\openjdk-19.0.1\bin\VCRUNTIME140.dll
0x00007ffd7b4e0000 - 0x00007ffd7b68b000 	C:\WINDOWS\System32\USER32.dll
0x00007ffd5f800000 - 0x00007ffd5fa8e000 	C:\WINDOWS\WinSxS\amd64_microsoft.windows.common-controls_6595b64144ccf1df_6.0.22621.317_none_a9434687c10c9fa2\COMCTL32.dll
0x00007ffd79e90000 - 0x00007ffd79eb6000 	C:\WINDOWS\System32\win32u.dll
0x00007ffd7b430000 - 0x00007ffd7b459000 	C:\WINDOWS\System32\GDI32.dll
0x00007ffd7ae90000 - 0x00007ffd7af37000 	C:\WINDOWS\System32\msvcrt.dll
0x00007ffd79ec0000 - 0x00007ffd79fd2000 	C:\WINDOWS\System32\gdi32full.dll
0x00007ffd7a7c0000 - 0x00007ffd7a85a000 	C:\WINDOWS\System32\msvcp_win.dll
0x00007ffd7abd0000 - 0x00007ffd7ac01000 	C:\WINDOWS\System32\IMM32.DLL
0x00007ffd772c0000 - 0x00007ffd772cc000 	C:\Users\Admin\.jdks\openjdk-19.0.1\bin\vcruntime140_1.dll
0x00007ffd60000000 - 0x00007ffd6008e000 	C:\Users\Admin\.jdks\openjdk-19.0.1\bin\msvcp140.dll
0x00007ffd3ed30000 - 0x00007ffd3f9f0000 	C:\Users\Admin\.jdks\openjdk-19.0.1\bin\server\jvm.dll
0x00007ffd7b690000 - 0x00007ffd7b73e000 	C:\WINDOWS\System32\ADVAPI32.dll
0x00007ffd7af40000 - 0x00007ffd7afe4000 	C:\WINDOWS\System32\sechost.dll
0x00007ffd7c8f0000 - 0x00007ffd7ca05000 	C:\WINDOWS\System32\RPCRT4.dll
0x00007ffd73590000 - 0x00007ffd735c4000 	C:\WINDOWS\SYSTEM32\WINMM.dll
0x00007ffd77260000 - 0x00007ffd77269000 	C:\WINDOWS\SYSTEM32\WSOCK32.dll
0x00007ffd70940000 - 0x00007ffd7094a000 	C:\WINDOWS\SYSTEM32\VERSION.dll
0x00007ffd7ac90000 - 0x00007ffd7ad01000 	C:\WINDOWS\System32\WS2_32.dll
0x00007ffd78ed0000 - 0x00007ffd78ee8000 	C:\WINDOWS\SYSTEM32\kernel.appcore.dll
0x00007ffd70970000 - 0x00007ffd7097a000 	C:\Users\Admin\.jdks\openjdk-19.0.1\bin\jimage.dll
0x00007ffd5edc0000 - 0x00007ffd5efee000 	C:\WINDOWS\SYSTEM32\DBGHELP.DLL
0x00007ffd7c0e0000 - 0x00007ffd7c469000 	C:\WINDOWS\System32\combase.dll
0x00007ffd7adb0000 - 0x00007ffd7ae87000 	C:\WINDOWS\System32\OLEAUT32.dll
0x00007ffd5e6d0000 - 0x00007ffd5e702000 	C:\WINDOWS\SYSTEM32\dbgcore.DLL
0x00007ffd7a270000 - 0x00007ffd7a2eb000 	C:\WINDOWS\System32\bcryptPrimitives.dll
0x00007ffd77270000 - 0x00007ffd7727e000 	C:\Users\Admin\.jdks\openjdk-19.0.1\bin\instrument.dll
0x00007ffd6ae70000 - 0x00007ffd6ae96000 	C:\Users\Admin\.jdks\openjdk-19.0.1\bin\java.dll
0x00007ffd4b480000 - 0x00007ffd4b557000 	C:\Users\Admin\.jdks\openjdk-19.0.1\bin\jsvml.dll
0x00007ffd7b900000 - 0x00007ffd7c0db000 	C:\WINDOWS\System32\SHELL32.dll
0x00007ffd77ea0000 - 0x00007ffd78755000 	C:\WINDOWS\SYSTEM32\windows.storage.dll
0x00007ffd77d60000 - 0x00007ffd77e9d000 	C:\WINDOWS\SYSTEM32\wintypes.dll
0x00007ffd7b200000 - 0x00007ffd7b2f1000 	C:\WINDOWS\System32\SHCORE.dll
0x00007ffd7ac10000 - 0x00007ffd7ac6e000 	C:\WINDOWS\System32\shlwapi.dll
0x00007ffd79dc0000 - 0x00007ffd79de1000 	C:\WINDOWS\SYSTEM32\profapi.dll
0x00007ffd65b30000 - 0x00007ffd65b43000 	C:\Users\Admin\.jdks\openjdk-19.0.1\bin\net.dll
0x00007ffd73740000 - 0x00007ffd7386f000 	C:\WINDOWS\SYSTEM32\WINHTTP.dll
0x00007ffd79320000 - 0x00007ffd79389000 	C:\WINDOWS\system32\mswsock.dll
0x00007ffd65b10000 - 0x00007ffd65b26000 	C:\Users\Admin\.jdks\openjdk-19.0.1\bin\nio.dll
0x00007ffd65af0000 - 0x00007ffd65b08000 	C:\Users\Admin\.jdks\openjdk-19.0.1\bin\zip.dll

dbghelp: loaded successfully - version: 4.0.5 - missing functions: none
symbol engine: initialized successfully - sym options: 0x614 - pdb path: .;C:\Users\Admin\.jdks\openjdk-19.0.1\bin;C:\WINDOWS\SYSTEM32;C:\WINDOWS\WinSxS\amd64_microsoft.windows.common-controls_6595b64144ccf1df_6.0.22621.317_none_a9434687c10c9fa2;C:\Users\Admin\.jdks\openjdk-19.0.1\bin\server

VM Arguments:
jvm_args: --module-path=C:\Java\javafx-sdk-19\lib --add-modules=javafx.controls,javafx.fxml -javaagent:C:\Program Files\JetBrains\IntelliJ IDEA Community Edition 2022.2.1\lib\idea_rt.jar=51496:C:\Program Files\JetBrains\IntelliJ IDEA Community Edition 2022.2.1\bin -Dfile.encoding=UTF-8 -Dsun.stdout.encoding=UTF-8 -Dsun.stderr.encoding=UTF-8 
java_command: Game.MainGame
java_class_path (initial): D:\BTL\bomberman-game\target\classes;C:\Users\Admin\.m2\repository\org\openjfx\javafx-controls\19-ea+7\javafx-controls-19-ea+7.jar;C:\Users\Admin\.m2\repository\org\openjfx\javafx-controls\19-ea+7\javafx-controls-19-ea+7-win.jar;C:\Users\Admin\.m2\repository\org\openjfx\javafx-graphics\19-ea+7\javafx-graphics-19-ea+7.jar;C:\Users\Admin\.m2\repository\org\openjfx\javafx-graphics\19-ea+7\javafx-graphics-19-ea+7-win.jar;C:\Users\Admin\.m2\repository\org\openjfx\javafx-base\19-ea+7\javafx-base-19-ea+7.jar;C:\Users\Admin\.m2\repository\org\openjfx\javafx-base\19-ea+7\javafx-base-19-ea+7-win.jar;C:\Users\Admin\.m2\repository\org\openjfx\javafx-fxml\19-ea+7\javafx-fxml-19-ea+7.jar;C:\Users\Admin\.m2\repository\org\openjfx\javafx-fxml\19-ea+7\javafx-fxml-19-ea+7-win.jar;C:\Users\Admin\.m2\repository\org\controlsfx\controlsfx\11.1.1\controlsfx-11.1.1.jar;C:\Users\Admin\.m2\repository\org\kordamp\bootstrapfx\bootstrapfx-core\0.4.0\bootstrapfx-core-0.4.0.jar
Launcher Type: SUN_STANDARD

[Global flags]
     intx CICompilerCount                          = 4                                         {product} {ergonomic}
     uint ConcGCThreads                            = 2                                         {product} {ergonomic}
     uint G1ConcRefinementThreads                  = 8                                         {product} {ergonomic}
   size_t G1HeapRegionSize                         = 1048576                                   {product} {ergonomic}
    uintx GCDrainStackTargetSize                   = 64                                        {product} {ergonomic}
   size_t InitialHeapSize                          = 134217728                                 {product} {ergonomic}
   size_t MarkStackSize                            = 4194304                                   {product} {ergonomic}
   size_t MaxHeapSize                              = 2116026368                                {product} {ergonomic}
   size_t MaxNewSize                               = 1268776960                                {product} {ergonomic}
   size_t MinHeapDeltaBytes                        = 1048576                                   {product} {ergonomic}
   size_t MinHeapSize                              = 8388608                                   {product} {ergonomic}
    uintx NonNMethodCodeHeapSize                   = 5839372                                {pd product} {ergonomic}
    uintx NonProfiledCodeHeapSize                  = 122909434                              {pd product} {ergonomic}
    uintx ProfiledCodeHeapSize                     = 122909434                              {pd product} {ergonomic}
    uintx ReservedCodeCacheSize                    = 251658240                              {pd product} {ergonomic}
     bool SegmentedCodeCache                       = true                                      {product} {ergonomic}
   size_t SoftMaxHeapSize                          = 2116026368                             {manageable} {ergonomic}
     bool UseCompressedClassPointers               = true                           {product lp64_product} {ergonomic}
     bool UseCompressedOops                        = true                           {product lp64_product} {ergonomic}
     bool UseG1GC                                  = true                                      {product} {ergonomic}
     bool UseLargePagesIndividualAllocation        = false                                  {pd product} {ergonomic}

Logging:
Log output configuration:
 #0: stdout all=warning uptime,level,tags foldmultilines=false
 #1: stderr all=off uptime,level,tags foldmultilines=false

Environment Variables:
JAVA_HOME=C:\Program Files\Java\jdk-18.0.2.1
PATH=C:\Python310\Scripts\;C:\Python310\;C:\Program Files\Eclipse Adoptium\jdk-17.0.4.101-hotspot\bin;C:\Program Files\Common Files\Oracle\Java\javapath;C:\WINDOWS\system32;C:\WINDOWS;C:\WINDOWS\System32\Wbem;C:\WINDOWS\System32\WindowsPowerShell\v1.0\;C:\WINDOWS\System32\OpenSSH\;C:\Program Files\CodeBlocks\MinGW\bin;C:\Program Files\Git\cmd;C:\Program Files\Cloudflare\Cloudflare WARP\;C:\Program Files\nodejs\;C:\ProgramData\chocolatey\bin;C:\Program Files\SQLite\sqlite3;C:\Users\Admin\AppData\Local\Microsoft\WindowsApps;C:\Program Files\JetBrains\PyCharm 2022.1.2\bin;;C:\Users\Admin\AppData\Local\GitHubDesktop\bin;;C:\Program Files\JetBrains\IntelliJ IDEA Community Edition 2022.2.1\bin;;C:\Users\Admin\AppData\Roaming\npm;C:\Users\Admin\AppData\Local\Programs\Microsoft VS Code\bin
USERNAME=Admin
OS=Windows_NT
PROCESSOR_IDENTIFIER=Intel64 Family 6 Model 142 Stepping 10, GenuineIntel
TMP=C:\Users\Admin\AppData\Local\Temp
TEMP=C:\Users\Admin\AppData\Local\Temp



---------------  S Y S T E M  ---------------

OS:
 Windows 11 , 64 bit Build 22621 (10.0.22621.457)
OS uptime: 0 days 3:19 hours
Hyper-V role detected

CPU: total 8 (initial active 8) (4 cores per cpu, 2 threads per core) family 6 model 142 stepping 10 microcode 0xe0, cx8, cmov, fxsr, ht, mmx, 3dnowpref, sse, sse2, sse3, ssse3, sse4.1, sse4.2, popcnt, lzcnt, tsc, tscinvbit, avx, avx2, aes, erms, clmul, bmi1, bmi2, adx, fma, vzeroupper, clflush, clflushopt, hv, rdtscp

Memory: 4k page, system-wide physical 8069M (1098M free)
TotalPageFile size 8069M (AvailPageFile size 3M)
current process WorkingSet (physical memory assigned to process): 41M, peak: 41M
current process commit charge ("private bytes"): 214M, peak: 214M

vm_info: OpenJDK 64-Bit Server VM (19.0.1+10-21) for windows-amd64 JRE (19.0.1+10-21), built on 2022-09-14T12:45:06Z by "mach5one" with MS VC++ 17.1 (VS2022)

END.
