#
# There is insufficient memory for the Java Runtime Environment to continue.
# Native memory allocation (malloc) failed to allocate 213776 bytes for Chunk::new
# Possible reasons:
#   The system is out of physical RAM or swap space
#   The process is running with CompressedOops enabled, and the Java Heap may be blocking the growth of the native heap
# Possible solutions:
#   Reduce memory load on the system
#   Increase physical memory or swap space
#   Check if swap backing store is full
#   Decrease Java heap size (-Xmx/-Xms)
#   Decrease number of Java threads
#   Decrease Java thread stack sizes (-Xss)
#   Set larger code cache with -XX:ReservedCodeCacheSize=
#   JVM is running with Unscaled Compressed Oops mode in which the Java heap is
#     placed in the first 4GB address space. The Java Heap base address is the
#     maximum limit for the native heap growth. Please use -XX:HeapBaseMinAddress
#     to set the Java Heap base and to place the Java Heap above 4GB virtual address.
# This output file may be truncated or incomplete.
#
#  Out of Memory Error (arena.cpp:184), pid=6292, tid=1480
#
# JRE version: OpenJDK Runtime Environment (19.0.1+10) (build 19.0.1+10-21)
# Java VM: OpenJDK 64-Bit Server VM (19.0.1+10-21, mixed mode, sharing, tiered, compressed oops, compressed class ptrs, g1 gc, windows-amd64)
# No core dump will be written. Minidumps are not enabled by default on client versions of Windows
#

---------------  S U M M A R Y ------------

Command Line: --module-path=C:\Java\javafx-sdk-19\lib --add-modules=javafx.controls,javafx.fxml -javaagent:C:\Program Files\JetBrains\IntelliJ IDEA Community Edition 2022.2.1\lib\idea_rt.jar=50414:C:\Program Files\JetBrains\IntelliJ IDEA Community Edition 2022.2.1\bin -Dfile.encoding=UTF-8 -Dsun.stdout.encoding=UTF-8 -Dsun.stderr.encoding=UTF-8 Game.MainGame

Host: Intel(R) Core(TM) i5-8250U CPU @ 1.60GHz, 8 cores, 7G,  Windows 11 , 64 bit Build 22621 (10.0.22621.457)
Time: Mon Oct 24 23:50:33 2022 SE Asia Standard Time elapsed time: 35.018051 seconds (0d 0h 0m 35s)

---------------  T H R E A D  ---------------

Current thread (0x0000020435e60fc0):  JavaThread "C2 CompilerThread0" daemon [_thread_in_native, id=1480, stack(0x000000c114700000,0x000000c114800000)]


Current CompileTask:
C2:  35018 2579       4       com.sun.prism.impl.BaseResourceFactory::getCachedTexture (531 bytes)

Stack: [0x000000c114700000,0x000000c114800000]
Native frames: (J=compiled Java code, j=interpreted, Vv=VM code, C=native code)
V  [jvm.dll+0x6ee8fa]
V  [jvm.dll+0x857a1e]
V  [jvm.dll+0x85940e]
V  [jvm.dll+0x859ac3]
V  [jvm.dll+0x28291f]
V  [jvm.dll+0xc9b5f]
V  [jvm.dll+0xc9ee5]
V  [jvm.dll+0x2f7c6f]
V  [jvm.dll+0x5f0c5b]
V  [jvm.dll+0x254d73]
V  [jvm.dll+0x24dd16]
V  [jvm.dll+0x24b563]
V  [jvm.dll+0x1d6d61]
V  [jvm.dll+0x25b0fa]
V  [jvm.dll+0x259588]
V  [jvm.dll+0x807928]
V  [jvm.dll+0x8015fa]
V  [jvm.dll+0x6ed5eb]
C  [ucrtbase.dll+0x29363]
C  [KERNEL32.DLL+0x1244d]
C  [ntdll.dll+0x5df78]


---------------  P R O C E S S  ---------------

Threads class SMR info:
_java_thread_list=0x00000204420eb160, length=19, elements={
0x000002041767ba00, 0x0000020435e476c0, 0x0000020435e49e10, 0x0000020435e4fa10,
0x0000020435e4ff50, 0x0000020435e50490, 0x0000020435e569f0, 0x0000020435e60fc0,
0x0000020435e6a650, 0x0000020435e6d560, 0x0000020435e9d3c0, 0x000002043a478ff0,
0x000002043a6293c0, 0x000002043a3b3390, 0x000002043a59cde0, 0x000002043a875490,
0x000002043ab09d90, 0x000002043ab32280, 0x000002043aa5eab0
}

Java Threads: ( => current thread )
  0x000002041767ba00 JavaThread "main" [_thread_blocked, id=13120, stack(0x000000c113a00000,0x000000c113b00000)]
  0x0000020435e476c0 JavaThread "Reference Handler" daemon [_thread_blocked, id=12508, stack(0x000000c114100000,0x000000c114200000)]
  0x0000020435e49e10 JavaThread "Finalizer" daemon [_thread_blocked, id=9608, stack(0x000000c114200000,0x000000c114300000)]
  0x0000020435e4fa10 JavaThread "Signal Dispatcher" daemon [_thread_blocked, id=8212, stack(0x000000c114300000,0x000000c114400000)]
  0x0000020435e4ff50 JavaThread "Attach Listener" daemon [_thread_blocked, id=5040, stack(0x000000c114400000,0x000000c114500000)]
  0x0000020435e50490 JavaThread "Service Thread" daemon [_thread_blocked, id=7844, stack(0x000000c114500000,0x000000c114600000)]
  0x0000020435e569f0 JavaThread "Monitor Deflation Thread" daemon [_thread_blocked, id=7312, stack(0x000000c114600000,0x000000c114700000)]
=>0x0000020435e60fc0 JavaThread "C2 CompilerThread0" daemon [_thread_in_native, id=1480, stack(0x000000c114700000,0x000000c114800000)]
  0x0000020435e6a650 JavaThread "C1 CompilerThread0" daemon [_thread_blocked, id=11672, stack(0x000000c114800000,0x000000c114900000)]
  0x0000020435e6d560 JavaThread "Sweeper thread" daemon [_thread_blocked, id=7848, stack(0x000000c114900000,0x000000c114a00000)]
  0x0000020435e9d3c0 JavaThread "Common-Cleaner" daemon [_thread_blocked, id=3992, stack(0x000000c114a00000,0x000000c114b00000)]
  0x000002043a478ff0 JavaThread "Monitor Ctrl-Break" daemon [_thread_in_native, id=5596, stack(0x000000c114d00000,0x000000c114e00000)]
  0x000002043a6293c0 JavaThread "Notification Thread" daemon [_thread_blocked, id=10516, stack(0x000000c114e00000,0x000000c114f00000)]
  0x000002043a3b3390 JavaThread "QuantumRenderer-0" daemon [_thread_in_native, id=8184, stack(0x000000c115000000,0x000000c115100000)]
  0x000002043a59cde0 JavaThread "InvokeLaterDispatcher" daemon [_thread_blocked, id=12648, stack(0x000000c115100000,0x000000c115200000)]
  0x000002043a875490 JavaThread "JavaFX Application Thread" [_thread_in_native, id=8336, stack(0x000000c115200000,0x000000c115300000)]
  0x000002043ab09d90 JavaThread "JavaFX-Launcher" [_thread_blocked, id=1648, stack(0x000000c115700000,0x000000c115800000)]
  0x000002043ab32280 JavaThread "Thread-2" daemon [_thread_in_native, id=9136, stack(0x000000c115600000,0x000000c115700000)]
  0x000002043aa5eab0 JavaThread "Java2D Disposer" daemon [_thread_blocked, id=5452, stack(0x000000c116000000,0x000000c116100000)]

Other Threads:
  0x0000020435e2da20 VMThread "VM Thread" [stack: 0x000000c114000000,0x000000c114100000] [id=12776]
  0x000002043a629d80 WatcherThread "VM Periodic Task Thread" [stack: 0x000000c114f00000,0x000000c115000000] [id=1676]
  0x00000204176d9d70 WorkerThread "GC Thread#0" [stack: 0x000000c113b00000,0x000000c113c00000] [id=9688]
  0x000002043abb9e80 WorkerThread "GC Thread#1" [stack: 0x000000c115800000,0x000000c115900000] [id=3264]
  0x000002043abba150 WorkerThread "GC Thread#2" [stack: 0x000000c115900000,0x000000c115a00000] [id=1448]
  0x000002043aa30700 WorkerThread "GC Thread#3" [stack: 0x000000c115a00000,0x000000c115b00000] [id=12064]
  0x000002043aa2fbc0 WorkerThread "GC Thread#4" [stack: 0x000000c115b00000,0x000000c115c00000] [id=9388]
  0x000002043aa30160 WorkerThread "GC Thread#5" [stack: 0x000000c115c00000,0x000000c115d00000] [id=7124]
  0x000002043aa2f080 WorkerThread "GC Thread#6" [stack: 0x000000c114b00000,0x000000c114c00000] [id=1164]
  0x000002043aa2f350 WorkerThread "GC Thread#7" [stack: 0x000000c114c00000,0x000000c114d00000] [id=8512]
  0x00000204176ea910 ConcurrentGCThread "G1 Main Marker" [stack: 0x000000c113c00000,0x000000c113d00000] [id=10640]
  0x00000204176eb640 WorkerThread "G1 Conc#0" [stack: 0x000000c113d00000,0x000000c113e00000] [id=8744]
  0x000002041773e750 ConcurrentGCThread "G1 Refine#0" [stack: 0x000000c113e00000,0x000000c113f00000] [id=2452]
  0x0000020435ce8510 ConcurrentGCThread "G1 Service" [stack: 0x000000c113f00000,0x000000c114000000] [id=7788]

Threads with active compile tasks:
C2 CompilerThread0    35050 2579       4       com.sun.prism.impl.BaseResourceFactory::getCachedTexture (531 bytes)

VM state: not at safepoint (normal execution)

VM Mutex/Monitor currently owned by a thread: None

Heap address: 0x0000000081e00000, size: 2018 MB, Compressed Oops mode: 32-bit

CDS archive(s) mapped at: [0x0000000800000000-0x0000000800c30000-0x0000000800c30000), size 12779520, SharedBaseAddress: 0x0000000800000000, ArchiveRelocationMode: 0.
Compressed class space mapped at: 0x0000000801000000-0x0000000841000000, reserved size: 1073741824
Narrow klass base: 0x0000000800000000, Narrow klass shift: 0, Narrow klass range: 0x100000000

GC Precious Log:
 CardTable entry size: 512
 Card Set container configuration: InlinePtr #cards 5 size 8 Array Of Cards #cards 12 size 40 Howl #buckets 4 coarsen threshold 1843 Howl Bitmap #cards 512 size 80 coarsen threshold 460 Card regions per heap region 1 cards per card region 2048
 CPUs: 8 total, 8 available
 Memory: 8069M
 Large Page Support: Disabled
 NUMA Support: Disabled
 Compressed Oops: Enabled (32-bit)
 Heap Region Size: 1M
 Heap Min Capacity: 8M
 Heap Initial Capacity: 128M
 Heap Max Capacity: 2018M
 Pre-touch: Disabled
 Parallel Workers: 8
 Concurrent Workers: 2
 Concurrent Refinement Workers: 8
 Periodic GC: Disabled

Heap:
 garbage-first heap   total 131072K, used 46186K [0x0000000081e00000, 0x0000000100000000)
  region size 1024K, 39 young (39936K), 2 survivors (2048K)
 Metaspace       used 11223K, committed 11456K, reserved 1114112K
  class space    used 1286K, committed 1408K, reserved 1048576K

Heap Regions: E=young(eden), S=young(survivor), O=old, HS=humongous(starts), HC=humongous(continues), CS=collection set, F=free, OA=open archive, CA=closed archive, TAMS=top-at-mark-start (previous, next)
|   0|0x0000000081e00000, 0x0000000081f00000, 0x0000000081f00000|100%| O|  |TAMS 0x0000000081e00000, 0x0000000081e00000| Untracked 
|   1|0x0000000081f00000, 0x0000000082000000, 0x0000000082000000|100%| O|  |TAMS 0x0000000081f00000, 0x0000000081f00000| Untracked 
|   2|0x0000000082000000, 0x0000000082100000, 0x0000000082100000|100%| O|  |TAMS 0x0000000082000000, 0x0000000082000000| Untracked 
|   3|0x0000000082100000, 0x0000000082200000, 0x0000000082200000|100%| O|  |TAMS 0x0000000082100000, 0x0000000082100000| Untracked 
|   4|0x0000000082200000, 0x0000000082300000, 0x0000000082300000|100%| O|  |TAMS 0x0000000082200000, 0x0000000082200000| Untracked 
|   5|0x0000000082300000, 0x0000000082400000, 0x0000000082400000|100%| O|  |TAMS 0x0000000082300000, 0x0000000082300000| Untracked 
|   6|0x0000000082400000, 0x0000000082500000, 0x0000000082500000|100%| O|  |TAMS 0x0000000082400000, 0x0000000082400000| Untracked 
|   7|0x0000000082500000, 0x00000000825a9a00, 0x0000000082600000| 66%| O|  |TAMS 0x0000000082500000, 0x0000000082500000| Untracked 
|   8|0x0000000082600000, 0x0000000082600000, 0x0000000082700000|  0%| F|  |TAMS 0x0000000082600000, 0x0000000082600000| Untracked 
|   9|0x0000000082700000, 0x0000000082700000, 0x0000000082800000|  0%| F|  |TAMS 0x0000000082700000, 0x0000000082700000| Untracked 
|  10|0x0000000082800000, 0x0000000082800000, 0x0000000082900000|  0%| F|  |TAMS 0x0000000082800000, 0x0000000082800000| Untracked 
|  11|0x0000000082900000, 0x0000000082900000, 0x0000000082a00000|  0%| F|  |TAMS 0x0000000082900000, 0x0000000082900000| Untracked 
|  12|0x0000000082a00000, 0x0000000082a00000, 0x0000000082b00000|  0%| F|  |TAMS 0x0000000082a00000, 0x0000000082a00000| Untracked 
|  13|0x0000000082b00000, 0x0000000082b00000, 0x0000000082c00000|  0%| F|  |TAMS 0x0000000082b00000, 0x0000000082b00000| Untracked 
|  14|0x0000000082c00000, 0x0000000082c00000, 0x0000000082d00000|  0%| F|  |TAMS 0x0000000082c00000, 0x0000000082c00000| Untracked 
|  15|0x0000000082d00000, 0x0000000082d00000, 0x0000000082e00000|  0%| F|  |TAMS 0x0000000082d00000, 0x0000000082d00000| Untracked 
|  16|0x0000000082e00000, 0x0000000082e00000, 0x0000000082f00000|  0%| F|  |TAMS 0x0000000082e00000, 0x0000000082e00000| Untracked 
|  17|0x0000000082f00000, 0x0000000082f00000, 0x0000000083000000|  0%| F|  |TAMS 0x0000000082f00000, 0x0000000082f00000| Untracked 
|  18|0x0000000083000000, 0x0000000083000000, 0x0000000083100000|  0%| F|  |TAMS 0x0000000083000000, 0x0000000083000000| Untracked 
|  19|0x0000000083100000, 0x0000000083100000, 0x0000000083200000|  0%| F|  |TAMS 0x0000000083100000, 0x0000000083100000| Untracked 
|  20|0x0000000083200000, 0x0000000083200000, 0x0000000083300000|  0%| F|  |TAMS 0x0000000083200000, 0x0000000083200000| Untracked 
|  21|0x0000000083300000, 0x0000000083300000, 0x0000000083400000|  0%| F|  |TAMS 0x0000000083300000, 0x0000000083300000| Untracked 
|  22|0x0000000083400000, 0x0000000083400000, 0x0000000083500000|  0%| F|  |TAMS 0x0000000083400000, 0x0000000083400000| Untracked 
|  23|0x0000000083500000, 0x0000000083500000, 0x0000000083600000|  0%| F|  |TAMS 0x0000000083500000, 0x0000000083500000| Untracked 
|  24|0x0000000083600000, 0x0000000083600000, 0x0000000083700000|  0%| F|  |TAMS 0x0000000083600000, 0x0000000083600000| Untracked 
|  25|0x0000000083700000, 0x0000000083700000, 0x0000000083800000|  0%| F|  |TAMS 0x0000000083700000, 0x0000000083700000| Untracked 
|  26|0x0000000083800000, 0x0000000083800000, 0x0000000083900000|  0%| F|  |TAMS 0x0000000083800000, 0x0000000083800000| Untracked 
|  27|0x0000000083900000, 0x0000000083900000, 0x0000000083a00000|  0%| F|  |TAMS 0x0000000083900000, 0x0000000083900000| Untracked 
|  28|0x0000000083a00000, 0x0000000083a00000, 0x0000000083b00000|  0%| F|  |TAMS 0x0000000083a00000, 0x0000000083a00000| Untracked 
|  29|0x0000000083b00000, 0x0000000083b00000, 0x0000000083c00000|  0%| F|  |TAMS 0x0000000083b00000, 0x0000000083b00000| Untracked 
|  30|0x0000000083c00000, 0x0000000083c00000, 0x0000000083d00000|  0%| F|  |TAMS 0x0000000083c00000, 0x0000000083c00000| Untracked 
|  31|0x0000000083d00000, 0x0000000083d00000, 0x0000000083e00000|  0%| F|  |TAMS 0x0000000083d00000, 0x0000000083d00000| Untracked 
|  32|0x0000000083e00000, 0x0000000083e00000, 0x0000000083f00000|  0%| F|  |TAMS 0x0000000083e00000, 0x0000000083e00000| Untracked 
|  33|0x0000000083f00000, 0x0000000083f00000, 0x0000000084000000|  0%| F|  |TAMS 0x0000000083f00000, 0x0000000083f00000| Untracked 
|  34|0x0000000084000000, 0x0000000084000000, 0x0000000084100000|  0%| F|  |TAMS 0x0000000084000000, 0x0000000084000000| Untracked 
|  35|0x0000000084100000, 0x0000000084100000, 0x0000000084200000|  0%| F|  |TAMS 0x0000000084100000, 0x0000000084100000| Untracked 
|  36|0x0000000084200000, 0x0000000084200000, 0x0000000084300000|  0%| F|  |TAMS 0x0000000084200000, 0x0000000084200000| Untracked 
|  37|0x0000000084300000, 0x0000000084300000, 0x0000000084400000|  0%| F|  |TAMS 0x0000000084300000, 0x0000000084300000| Untracked 
|  38|0x0000000084400000, 0x0000000084400000, 0x0000000084500000|  0%| F|  |TAMS 0x0000000084400000, 0x0000000084400000| Untracked 
|  39|0x0000000084500000, 0x0000000084500000, 0x0000000084600000|  0%| F|  |TAMS 0x0000000084500000, 0x0000000084500000| Untracked 
|  40|0x0000000084600000, 0x0000000084600000, 0x0000000084700000|  0%| F|  |TAMS 0x0000000084600000, 0x0000000084600000| Untracked 
|  41|0x0000000084700000, 0x0000000084700000, 0x0000000084800000|  0%| F|  |TAMS 0x0000000084700000, 0x0000000084700000| Untracked 
|  42|0x0000000084800000, 0x0000000084800000, 0x0000000084900000|  0%| F|  |TAMS 0x0000000084800000, 0x0000000084800000| Untracked 
|  43|0x0000000084900000, 0x0000000084900000, 0x0000000084a00000|  0%| F|  |TAMS 0x0000000084900000, 0x0000000084900000| Untracked 
|  44|0x0000000084a00000, 0x0000000084a00000, 0x0000000084b00000|  0%| F|  |TAMS 0x0000000084a00000, 0x0000000084a00000| Untracked 
|  45|0x0000000084b00000, 0x0000000084b00000, 0x0000000084c00000|  0%| F|  |TAMS 0x0000000084b00000, 0x0000000084b00000| Untracked 
|  46|0x0000000084c00000, 0x0000000084c00000, 0x0000000084d00000|  0%| F|  |TAMS 0x0000000084c00000, 0x0000000084c00000| Untracked 
|  47|0x0000000084d00000, 0x0000000084d00000, 0x0000000084e00000|  0%| F|  |TAMS 0x0000000084d00000, 0x0000000084d00000| Untracked 
|  48|0x0000000084e00000, 0x0000000084e00000, 0x0000000084f00000|  0%| F|  |TAMS 0x0000000084e00000, 0x0000000084e00000| Untracked 
|  49|0x0000000084f00000, 0x0000000084f00000, 0x0000000085000000|  0%| F|  |TAMS 0x0000000084f00000, 0x0000000084f00000| Untracked 
|  50|0x0000000085000000, 0x0000000085000000, 0x0000000085100000|  0%| F|  |TAMS 0x0000000085000000, 0x0000000085000000| Untracked 
|  51|0x0000000085100000, 0x0000000085100000, 0x0000000085200000|  0%| F|  |TAMS 0x0000000085100000, 0x0000000085100000| Untracked 
|  52|0x0000000085200000, 0x0000000085200000, 0x0000000085300000|  0%| F|  |TAMS 0x0000000085200000, 0x0000000085200000| Untracked 
|  53|0x0000000085300000, 0x0000000085300000, 0x0000000085400000|  0%| F|  |TAMS 0x0000000085300000, 0x0000000085300000| Untracked 
|  54|0x0000000085400000, 0x0000000085400000, 0x0000000085500000|  0%| F|  |TAMS 0x0000000085400000, 0x0000000085400000| Untracked 
|  55|0x0000000085500000, 0x0000000085500000, 0x0000000085600000|  0%| F|  |TAMS 0x0000000085500000, 0x0000000085500000| Untracked 
|  56|0x0000000085600000, 0x0000000085600000, 0x0000000085700000|  0%| F|  |TAMS 0x0000000085600000, 0x0000000085600000| Untracked 
|  57|0x0000000085700000, 0x0000000085700000, 0x0000000085800000|  0%| F|  |TAMS 0x0000000085700000, 0x0000000085700000| Untracked 
|  58|0x0000000085800000, 0x0000000085800000, 0x0000000085900000|  0%| F|  |TAMS 0x0000000085800000, 0x0000000085800000| Untracked 
|  59|0x0000000085900000, 0x0000000085900000, 0x0000000085a00000|  0%| F|  |TAMS 0x0000000085900000, 0x0000000085900000| Untracked 
|  60|0x0000000085a00000, 0x0000000085a00000, 0x0000000085b00000|  0%| F|  |TAMS 0x0000000085a00000, 0x0000000085a00000| Untracked 
|  61|0x0000000085b00000, 0x0000000085b00000, 0x0000000085c00000|  0%| F|  |TAMS 0x0000000085b00000, 0x0000000085b00000| Untracked 
|  62|0x0000000085c00000, 0x0000000085c00000, 0x0000000085d00000|  0%| F|  |TAMS 0x0000000085c00000, 0x0000000085c00000| Untracked 
|  63|0x0000000085d00000, 0x0000000085d00000, 0x0000000085e00000|  0%| F|  |TAMS 0x0000000085d00000, 0x0000000085d00000| Untracked 
|  64|0x0000000085e00000, 0x0000000085e70f80, 0x0000000085f00000| 44%| S|CS|TAMS 0x0000000085e00000, 0x0000000085e00000| Complete 
|  65|0x0000000085f00000, 0x0000000086000000, 0x0000000086000000|100%| S|CS|TAMS 0x0000000085f00000, 0x0000000085f00000| Complete 
|  66|0x0000000086000000, 0x0000000086000000, 0x0000000086100000|  0%| F|  |TAMS 0x0000000086000000, 0x0000000086000000| Untracked 
|  67|0x0000000086100000, 0x0000000086100000, 0x0000000086200000|  0%| F|  |TAMS 0x0000000086100000, 0x0000000086100000| Untracked 
|  68|0x0000000086200000, 0x0000000086200000, 0x0000000086300000|  0%| F|  |TAMS 0x0000000086200000, 0x0000000086200000| Untracked 
|  69|0x0000000086300000, 0x0000000086300000, 0x0000000086400000|  0%| F|  |TAMS 0x0000000086300000, 0x0000000086300000| Untracked 
|  70|0x0000000086400000, 0x0000000086400000, 0x0000000086500000|  0%| F|  |TAMS 0x0000000086400000, 0x0000000086400000| Untracked 
|  71|0x0000000086500000, 0x0000000086500000, 0x0000000086600000|  0%| F|  |TAMS 0x0000000086500000, 0x0000000086500000| Untracked 
|  72|0x0000000086600000, 0x0000000086600000, 0x0000000086700000|  0%| F|  |TAMS 0x0000000086600000, 0x0000000086600000| Untracked 
|  73|0x0000000086700000, 0x0000000086700000, 0x0000000086800000|  0%| F|  |TAMS 0x0000000086700000, 0x0000000086700000| Untracked 
|  74|0x0000000086800000, 0x0000000086800000, 0x0000000086900000|  0%| F|  |TAMS 0x0000000086800000, 0x0000000086800000| Untracked 
|  75|0x0000000086900000, 0x0000000086900000, 0x0000000086a00000|  0%| F|  |TAMS 0x0000000086900000, 0x0000000086900000| Untracked 
|  76|0x0000000086a00000, 0x0000000086a00000, 0x0000000086b00000|  0%| F|  |TAMS 0x0000000086a00000, 0x0000000086a00000| Untracked 
|  77|0x0000000086b00000, 0x0000000086b00000, 0x0000000086c00000|  0%| F|  |TAMS 0x0000000086b00000, 0x0000000086b00000| Untracked 
|  78|0x0000000086c00000, 0x0000000086c00000, 0x0000000086d00000|  0%| F|  |TAMS 0x0000000086c00000, 0x0000000086c00000| Untracked 
|  79|0x0000000086d00000, 0x0000000086d00000, 0x0000000086e00000|  0%| F|  |TAMS 0x0000000086d00000, 0x0000000086d00000| Untracked 
|  80|0x0000000086e00000, 0x0000000086e00000, 0x0000000086f00000|  0%| F|  |TAMS 0x0000000086e00000, 0x0000000086e00000| Untracked 
|  81|0x0000000086f00000, 0x0000000086f00000, 0x0000000087000000|  0%| F|  |TAMS 0x0000000086f00000, 0x0000000086f00000| Untracked 
|  82|0x0000000087000000, 0x0000000087000000, 0x0000000087100000|  0%| F|  |TAMS 0x0000000087000000, 0x0000000087000000| Untracked 
|  83|0x0000000087100000, 0x0000000087100000, 0x0000000087200000|  0%| F|  |TAMS 0x0000000087100000, 0x0000000087100000| Untracked 
|  84|0x0000000087200000, 0x0000000087200000, 0x0000000087300000|  0%| F|  |TAMS 0x0000000087200000, 0x0000000087200000| Untracked 
|  85|0x0000000087300000, 0x0000000087300000, 0x0000000087400000|  0%| F|  |TAMS 0x0000000087300000, 0x0000000087300000| Untracked 
|  86|0x0000000087400000, 0x0000000087400000, 0x0000000087500000|  0%| F|  |TAMS 0x0000000087400000, 0x0000000087400000| Untracked 
|  87|0x0000000087500000, 0x0000000087500000, 0x0000000087600000|  0%| F|  |TAMS 0x0000000087500000, 0x0000000087500000| Untracked 
|  88|0x0000000087600000, 0x0000000087600000, 0x0000000087700000|  0%| F|  |TAMS 0x0000000087600000, 0x0000000087600000| Untracked 
|  89|0x0000000087700000, 0x0000000087700000, 0x0000000087800000|  0%| F|  |TAMS 0x0000000087700000, 0x0000000087700000| Untracked 
|  90|0x0000000087800000, 0x0000000087800000, 0x0000000087900000|  0%| F|  |TAMS 0x0000000087800000, 0x0000000087800000| Untracked 
|  91|0x0000000087900000, 0x00000000879d95b0, 0x0000000087a00000| 84%| E|  |TAMS 0x0000000087900000, 0x0000000087900000| Complete 
|  92|0x0000000087a00000, 0x0000000087b00000, 0x0000000087b00000|100%| E|CS|TAMS 0x0000000087a00000, 0x0000000087a00000| Complete 
|  93|0x0000000087b00000, 0x0000000087c00000, 0x0000000087c00000|100%| E|CS|TAMS 0x0000000087b00000, 0x0000000087b00000| Complete 
|  94|0x0000000087c00000, 0x0000000087d00000, 0x0000000087d00000|100%| E|CS|TAMS 0x0000000087c00000, 0x0000000087c00000| Complete 
|  95|0x0000000087d00000, 0x0000000087e00000, 0x0000000087e00000|100%| E|CS|TAMS 0x0000000087d00000, 0x0000000087d00000| Complete 
|  96|0x0000000087e00000, 0x0000000087f00000, 0x0000000087f00000|100%| E|CS|TAMS 0x0000000087e00000, 0x0000000087e00000| Complete 
|  97|0x0000000087f00000, 0x0000000088000000, 0x0000000088000000|100%| E|CS|TAMS 0x0000000087f00000, 0x0000000087f00000| Complete 
|  98|0x0000000088000000, 0x0000000088100000, 0x0000000088100000|100%| E|CS|TAMS 0x0000000088000000, 0x0000000088000000| Complete 
|  99|0x0000000088100000, 0x0000000088200000, 0x0000000088200000|100%| E|CS|TAMS 0x0000000088100000, 0x0000000088100000| Complete 
| 100|0x0000000088200000, 0x0000000088300000, 0x0000000088300000|100%| E|CS|TAMS 0x0000000088200000, 0x0000000088200000| Complete 
| 101|0x0000000088300000, 0x0000000088400000, 0x0000000088400000|100%| E|CS|TAMS 0x0000000088300000, 0x0000000088300000| Complete 
| 102|0x0000000088400000, 0x0000000088500000, 0x0000000088500000|100%| E|CS|TAMS 0x0000000088400000, 0x0000000088400000| Complete 
| 103|0x0000000088500000, 0x0000000088600000, 0x0000000088600000|100%| E|CS|TAMS 0x0000000088500000, 0x0000000088500000| Complete 
| 104|0x0000000088600000, 0x0000000088700000, 0x0000000088700000|100%| E|CS|TAMS 0x0000000088600000, 0x0000000088600000| Complete 
| 105|0x0000000088700000, 0x0000000088800000, 0x0000000088800000|100%| E|CS|TAMS 0x0000000088700000, 0x0000000088700000| Complete 
| 106|0x0000000088800000, 0x0000000088900000, 0x0000000088900000|100%| E|CS|TAMS 0x0000000088800000, 0x0000000088800000| Complete 
| 107|0x0000000088900000, 0x0000000088a00000, 0x0000000088a00000|100%| E|CS|TAMS 0x0000000088900000, 0x0000000088900000| Complete 
| 108|0x0000000088a00000, 0x0000000088b00000, 0x0000000088b00000|100%| E|CS|TAMS 0x0000000088a00000, 0x0000000088a00000| Complete 
| 109|0x0000000088b00000, 0x0000000088c00000, 0x0000000088c00000|100%| E|CS|TAMS 0x0000000088b00000, 0x0000000088b00000| Complete 
| 110|0x0000000088c00000, 0x0000000088d00000, 0x0000000088d00000|100%| E|CS|TAMS 0x0000000088c00000, 0x0000000088c00000| Complete 
| 111|0x0000000088d00000, 0x0000000088e00000, 0x0000000088e00000|100%| E|CS|TAMS 0x0000000088d00000, 0x0000000088d00000| Complete 
| 112|0x0000000088e00000, 0x0000000088f00000, 0x0000000088f00000|100%| E|CS|TAMS 0x0000000088e00000, 0x0000000088e00000| Complete 
| 113|0x0000000088f00000, 0x0000000089000000, 0x0000000089000000|100%| E|CS|TAMS 0x0000000088f00000, 0x0000000088f00000| Complete 
| 114|0x0000000089000000, 0x0000000089100000, 0x0000000089100000|100%| E|CS|TAMS 0x0000000089000000, 0x0000000089000000| Complete 
| 115|0x0000000089100000, 0x0000000089200000, 0x0000000089200000|100%| E|CS|TAMS 0x0000000089100000, 0x0000000089100000| Complete 
| 116|0x0000000089200000, 0x0000000089300000, 0x0000000089300000|100%| E|CS|TAMS 0x0000000089200000, 0x0000000089200000| Complete 
| 117|0x0000000089300000, 0x0000000089400000, 0x0000000089400000|100%| E|CS|TAMS 0x0000000089300000, 0x0000000089300000| Complete 
| 118|0x0000000089400000, 0x0000000089500000, 0x0000000089500000|100%| E|CS|TAMS 0x0000000089400000, 0x0000000089400000| Complete 
| 119|0x0000000089500000, 0x0000000089600000, 0x0000000089600000|100%| E|CS|TAMS 0x0000000089500000, 0x0000000089500000| Complete 
| 120|0x0000000089600000, 0x0000000089700000, 0x0000000089700000|100%| E|CS|TAMS 0x0000000089600000, 0x0000000089600000| Complete 
| 121|0x0000000089700000, 0x0000000089800000, 0x0000000089800000|100%| E|CS|TAMS 0x0000000089700000, 0x0000000089700000| Complete 
| 122|0x0000000089800000, 0x0000000089900000, 0x0000000089900000|100%| E|CS|TAMS 0x0000000089800000, 0x0000000089800000| Complete 
| 123|0x0000000089900000, 0x0000000089a00000, 0x0000000089a00000|100%| E|CS|TAMS 0x0000000089900000, 0x0000000089900000| Complete 
| 124|0x0000000089a00000, 0x0000000089b00000, 0x0000000089b00000|100%| E|CS|TAMS 0x0000000089a00000, 0x0000000089a00000| Complete 
| 125|0x0000000089b00000, 0x0000000089c00000, 0x0000000089c00000|100%| E|CS|TAMS 0x0000000089b00000, 0x0000000089b00000| Complete 
| 126|0x0000000089c00000, 0x0000000089d00000, 0x0000000089d00000|100%| E|CS|TAMS 0x0000000089c00000, 0x0000000089c00000| Complete 
| 127|0x0000000089d00000, 0x0000000089e00000, 0x0000000089e00000|100%| E|CS|TAMS 0x0000000089d00000, 0x0000000089d00000| Complete 

Card table byte_map: [0x000002042ed00000,0x000002042f100000] _byte_map_base: 0x000002042e8f1000

Marking Bits (Prev, Next): (CMBitMap*) 0x00000204176da3a0, (CMBitMap*) 0x00000204176da3e0
 Prev Bits: [0x000002042f500000, 0x0000020431488000)
 Next Bits: [0x0000020431490000, 0x0000020433418000)

Polling page: 0x00000204157e0000

Metaspace:

Usage:
  Non-class:      9.70 MB used.
      Class:      1.26 MB used.
       Both:     10.96 MB used.

Virtual space:
  Non-class space:       64.00 MB reserved,       9.81 MB ( 15%) committed,  1 nodes.
      Class space:        1.00 GB reserved,       1.38 MB ( <1%) committed,  1 nodes.
             Both:        1.06 GB reserved,      11.19 MB (  1%) committed. 

Chunk freelists:
   Non-Class:  1.81 MB
       Class:  2.55 MB
        Both:  4.37 MB

MaxMetaspaceSize: unlimited
CompressedClassSpaceSize: 1.00 GB
Initial GC threshold: 21.00 MB
Current GC threshold: 21.00 MB
CDS: on
MetaspaceReclaimPolicy: balanced
 - commit_granule_bytes: 65536.
 - commit_granule_words: 8192.
 - virtual_space_node_default_size: 8388608.
 - enlarge_chunks_in_place: 1.
 - new_chunks_are_fully_committed: 0.
 - uncommit_free_chunks: 1.
 - use_allocation_guard: 0.


Internal statistics:

num_allocs_failed_limit: 0.
num_arena_births: 200.
num_arena_deaths: 0.
num_vsnodes_births: 2.
num_vsnodes_deaths: 0.
num_space_committed: 179.
num_space_uncommitted: 0.
num_chunks_returned_to_freelist: 0.
num_chunks_taken_from_freelist: 504.
num_chunk_merges: 0.
num_chunk_splits: 342.
num_chunks_enlarged: 266.
num_inconsistent_stats: 0.

CodeHeap 'non-profiled nmethods': size=120000Kb used=1345Kb max_used=1345Kb free=118654Kb
 bounds [0x00000204270a0000, 0x0000020427310000, 0x000002042e5d0000]
CodeHeap 'profiled nmethods': size=120000Kb used=4337Kb max_used=4337Kb free=115662Kb
 bounds [0x000002041f5d0000, 0x000002041fa10000, 0x0000020426b00000]
CodeHeap 'non-nmethods': size=5760Kb used=1473Kb max_used=1528Kb free=4286Kb
 bounds [0x0000020426b00000, 0x0000020426d70000, 0x00000204270a0000]
 total_blobs=3312 nmethods=2578 adapters=643
 compilation: enabled
              stopped_count=0, restarted_count=0
 full_count=0

Compilation events (20 events):
Event: 30.842 Thread 0x0000020435e60fc0 nmethod 2569 0x00000204271ea290 code [0x00000204271ea440, 0x00000204271ea4d8]
Event: 30.924 Thread 0x0000020435e60fc0 2570       4       com.sun.prism.d3d.D3DGraphics::create (55 bytes)
Event: 30.953 Thread 0x0000020435e60fc0 nmethod 2570 0x00000204271ea590 code [0x00000204271ea7e0, 0x00000204271ec030]
Event: 30.953 Thread 0x0000020435e60fc0 2571       4       Entity.Animate.Character.Bomber::setDirection (153 bytes)
Event: 30.964 Thread 0x0000020435e60fc0 nmethod 2571 0x00000204271ecc10 code [0x00000204271ecde0, 0x00000204271ed6c8]
Event: 31.580 Thread 0x0000020435e60fc0 2572       4       java.util.WeakHashMap::putAll (135 bytes)
Event: 31.603 Thread 0x0000020435e60fc0 nmethod 2572 0x00000204271edb90 code [0x00000204271edd80, 0x00000204271eee28]
Event: 31.890 Thread 0x0000020435e60fc0 2573       4       java.util.concurrent.locks.AbstractQueuedSynchronizer$Node::clearStatus (12 bytes)
Event: 31.891 Thread 0x0000020435e60fc0 nmethod 2573 0x00000204271ef490 code [0x00000204271ef600, 0x00000204271ef678]
Event: 32.667 Thread 0x0000020435e60fc0 2574       4       java.util.concurrent.locks.LockSupport::unpark (26 bytes)
Event: 32.668 Thread 0x0000020435e60fc0 nmethod 2574 0x00000204271ef790 code [0x00000204271ef920, 0x00000204271ef9e8]
Event: 34.814 Thread 0x0000020435e60fc0 2575   !   4       com.sun.prism.impl.BaseResourceFactory::checkDisposed (34 bytes)
Event: 34.814 Thread 0x0000020435e6a650 2576       3       com.sun.prism.impl.BaseResourceFactory::getCachedTexture (531 bytes)
Event: 34.815 Thread 0x0000020435e60fc0 nmethod 2575 0x00000204271efa90 code [0x00000204271efc00, 0x00000204271efc78]
Event: 34.816 Thread 0x0000020435e6a650 nmethod 2576 0x000002041fa07a10 code [0x000002041fa07ea0, 0x000002041fa0a888]
Event: 34.822 Thread 0x0000020435e6a650 2577       3       com.sun.prism.impl.BaseResourcePool::freeDisposalRequestedAndCheckResources (156 bytes)
Event: 34.823 Thread 0x0000020435e6a650 nmethod 2577 0x000002041fa0b390 code [0x000002041fa0b600, 0x000002041fa0c1c8]
Event: 34.939 Thread 0x0000020435e60fc0 2578       4       com.sun.prism.impl.BaseResourcePool::freeDisposalRequestedAndCheckResources (156 bytes)
Event: 34.943 Thread 0x0000020435e60fc0 nmethod 2578 0x00000204271efd90 code [0x00000204271eff20, 0x00000204271f02b8]
Event: 35.006 Thread 0x0000020435e60fc0 2579       4       com.sun.prism.impl.BaseResourceFactory::getCachedTexture (531 bytes)

GC Heap History (6 events):
Event: 0.569 GC heap before
{Heap before GC invocations=0 (full 0):
 garbage-first heap   total 131072K, used 22528K [0x0000000081e00000, 0x0000000100000000)
  region size 1024K, 23 young (23552K), 0 survivors (0K)
 Metaspace       used 5656K, committed 5888K, reserved 1114112K
  class space    used 716K, committed 832K, reserved 1048576K
}
Event: 0.573 GC heap after
{Heap after GC invocations=1 (full 0):
 garbage-first heap   total 131072K, used 3301K [0x0000000081e00000, 0x0000000100000000)
  region size 1024K, 3 young (3072K), 3 survivors (3072K)
 Metaspace       used 5656K, committed 5888K, reserved 1114112K
  class space    used 716K, committed 832K, reserved 1048576K
}
Event: 3.351 GC heap before
{Heap before GC invocations=1 (full 0):
 garbage-first heap   total 131072K, used 36069K [0x0000000081e00000, 0x0000000100000000)
  region size 1024K, 36 young (36864K), 3 survivors (3072K)
 Metaspace       used 10812K, committed 11072K, reserved 1114112K
  class space    used 1284K, committed 1408K, reserved 1048576K
}
Event: 3.357 GC heap after
{Heap after GC invocations=2 (full 0):
 garbage-first heap   total 131072K, used 7831K [0x0000000081e00000, 0x0000000100000000)
  region size 1024K, 5 young (5120K), 5 survivors (5120K)
 Metaspace       used 10812K, committed 11072K, reserved 1114112K
  class space    used 1284K, committed 1408K, reserved 1048576K
}
Event: 16.812 GC heap before
{Heap before GC invocations=2 (full 0):
 garbage-first heap   total 131072K, used 66199K [0x0000000081e00000, 0x0000000100000000)
  region size 1024K, 62 young (63488K), 5 survivors (5120K)
 Metaspace       used 11218K, committed 11456K, reserved 1114112K
  class space    used 1285K, committed 1408K, reserved 1048576K
}
Event: 16.818 GC heap after
{Heap after GC invocations=3 (full 0):
 garbage-first heap   total 131072K, used 9322K [0x0000000081e00000, 0x0000000100000000)
  region size 1024K, 2 young (2048K), 2 survivors (2048K)
 Metaspace       used 11218K, committed 11456K, reserved 1114112K
  class space    used 1285K, committed 1408K, reserved 1048576K
}

Dll operation events (20 events):
Event: 0.340 Loaded shared library C:\Java\javafx-sdk-19\bin\api-ms-win-crt-math-l1-1-0.dll
Event: 0.341 Loaded shared library C:\Java\javafx-sdk-19\bin\api-ms-win-crt-multibyte-l1-1-0.dll
Event: 0.342 Loaded shared library C:\Java\javafx-sdk-19\bin\api-ms-win-crt-private-l1-1-0.dll
Event: 0.343 Loaded shared library C:\Java\javafx-sdk-19\bin\api-ms-win-crt-process-l1-1-0.dll
Event: 0.344 Loaded shared library C:\Java\javafx-sdk-19\bin\api-ms-win-crt-runtime-l1-1-0.dll
Event: 0.345 Loaded shared library C:\Java\javafx-sdk-19\bin\api-ms-win-crt-stdio-l1-1-0.dll
Event: 0.346 Loaded shared library C:\Java\javafx-sdk-19\bin\api-ms-win-crt-string-l1-1-0.dll
Event: 0.347 Loaded shared library C:\Java\javafx-sdk-19\bin\api-ms-win-crt-time-l1-1-0.dll
Event: 0.348 Loaded shared library C:\Java\javafx-sdk-19\bin\api-ms-win-crt-utility-l1-1-0.dll
Event: 0.349 Loaded shared library C:\Java\javafx-sdk-19\bin\ucrtbase.dll
Event: 0.350 Loaded shared library C:\Java\javafx-sdk-19\bin\vcruntime140.dll
Event: 0.351 Loaded shared library C:\Java\javafx-sdk-19\bin\vcruntime140_1.dll
Event: 0.352 Loaded shared library C:\Java\javafx-sdk-19\bin\msvcp140.dll
Event: 0.354 Loaded shared library C:\Java\javafx-sdk-19\bin\msvcp140_1.dll
Event: 0.355 Loaded shared library C:\Java\javafx-sdk-19\bin\msvcp140_2.dll
Event: 0.389 Loaded shared library C:\Java\javafx-sdk-19\bin\prism_d3d.dll
Event: 0.419 Loaded shared library C:\Java\javafx-sdk-19\bin\glass.dll
Event: 0.534 Loaded shared library C:\Java\javafx-sdk-19\bin\javafx_font.dll
Event: 0.578 Loaded shared library C:\Users\Admin\.jdks\openjdk-19.0.1\bin\jimage.dll
Event: 0.747 Loaded shared library C:\Users\Admin\.jdks\openjdk-19.0.1\bin\awt.dll

Deoptimization events (20 events):
Event: 34.811 Thread 0x000002043a3b3390 DEOPT PACKING pc=0x00000204271893e4 sp=0x000000c1150fe4a0
Event: 34.811 Thread 0x000002043a3b3390 DEOPT UNPACKING pc=0x0000020426b66da3 sp=0x000000c1150fe460 mode 2
Event: 34.811 Thread 0x000002043a3b3390 Uncommon trap: trap_request=0xfffffff6 fr.pc=0x000002042716533c relative=0x000000000000089c
Event: 34.811 Thread 0x000002043a3b3390 Uncommon trap: reason=null_check action=maybe_recompile pc=0x000002042716533c method=com.sun.javafx.sg.prism.NGCanvas.handleRenderOp(ILcom/sun/javafx/sg/prism/GrowableDataBuffer;Lcom/sun/prism/Graphics;Lcom/sun/javafx/geom/RectBounds;)V @ 964 c2
Event: 34.811 Thread 0x000002043a3b3390 DEOPT PACKING pc=0x000002042716533c sp=0x000000c1150fe550
Event: 34.811 Thread 0x000002043a3b3390 DEOPT UNPACKING pc=0x0000020426b66da3 sp=0x000000c1150fe490 mode 2
Event: 34.814 Thread 0x000002043a3b3390 Uncommon trap: trap_request=0xffffff45 fr.pc=0x00000204271bc714 relative=0x00000000000001f4
Event: 34.814 Thread 0x000002043a3b3390 Uncommon trap: reason=unstable_if action=reinterpret pc=0x00000204271bc714 method=com.sun.prism.impl.ManagedResource.isLocked()Z @ 4 c2
Event: 34.814 Thread 0x000002043a3b3390 DEOPT PACKING pc=0x00000204271bc714 sp=0x000000c1150fed30
Event: 34.814 Thread 0x000002043a3b3390 DEOPT UNPACKING pc=0x0000020426b66da3 sp=0x000000c1150fec80 mode 2
Event: 34.840 Thread 0x000002043a3b3390 DEOPT PACKING pc=0x000002041fa0c0ce sp=0x000000c1150fed20
Event: 34.840 Thread 0x000002043a3b3390 DEOPT UNPACKING pc=0x0000020426b67543 sp=0x000000c1150fe1d8 mode 0
Event: 34.856 Thread 0x000002043a3b3390 DEOPT PACKING pc=0x000002041fa0c0ce sp=0x000000c1150fed20
Event: 34.856 Thread 0x000002043a3b3390 DEOPT UNPACKING pc=0x0000020426b67543 sp=0x000000c1150fe1d8 mode 0
Event: 34.889 Thread 0x000002043a3b3390 DEOPT PACKING pc=0x000002041fa0c0ce sp=0x000000c1150fed20
Event: 34.889 Thread 0x000002043a3b3390 DEOPT UNPACKING pc=0x0000020426b67543 sp=0x000000c1150fe1d8 mode 0
Event: 34.906 Thread 0x000002043a3b3390 DEOPT PACKING pc=0x000002041fa0c0ce sp=0x000000c1150fed20
Event: 34.906 Thread 0x000002043a3b3390 DEOPT UNPACKING pc=0x0000020426b67543 sp=0x000000c1150fe1d8 mode 0
Event: 34.938 Thread 0x000002043a3b3390 DEOPT PACKING pc=0x000002041fa0c0ce sp=0x000000c1150fed20
Event: 34.938 Thread 0x000002043a3b3390 DEOPT UNPACKING pc=0x0000020426b67543 sp=0x000000c1150fe1d8 mode 0

Classes loaded (20 events):
Event: 1.047 Loading class java/util/stream/SortedOps$AbstractRefSortingSink done
Event: 1.047 Loading class java/util/stream/SortedOps$SizedRefSortingSink done
Event: 1.048 Loading class java/util/Collections$UnmodifiableMap$UnmodifiableEntrySet
Event: 1.048 Loading class java/util/Collections$UnmodifiableMap$UnmodifiableEntrySet done
Event: 1.048 Loading class java/util/Collections$UnmodifiableMap$UnmodifiableEntrySet$1
Event: 1.049 Loading class java/util/Collections$UnmodifiableMap$UnmodifiableEntrySet$1 done
Event: 1.049 Loading class java/util/Collections$UnmodifiableMap$UnmodifiableEntrySet$UnmodifiableEntry
Event: 1.049 Loading class java/util/Collections$UnmodifiableMap$UnmodifiableEntrySet$UnmodifiableEntry done
Event: 1.050 Loading class sun/util/resources/TimeZoneNames
Event: 1.051 Loading class sun/util/resources/TimeZoneNames done
Event: 1.052 Loading class sun/util/resources/TimeZoneNames_en
Event: 1.052 Loading class sun/util/resources/TimeZoneNames_en done
Event: 4.732 Loading class java/lang/foreign/MemorySegment
Event: 4.732 Loading class java/lang/foreign/Addressable
Event: 4.732 Loading class java/lang/foreign/Addressable done
Event: 4.732 Loading class java/lang/foreign/MemorySegment done
Event: 34.811 Loading class java/lang/Throwable$WrappedPrintStream
Event: 34.811 Loading class java/lang/Throwable$PrintStreamOrWriter
Event: 34.811 Loading class java/lang/Throwable$PrintStreamOrWriter done
Event: 34.811 Loading class java/lang/Throwable$WrappedPrintStream done

Classes unloaded (0 events):
No events

Classes redefined (0 events):
No events

Internal exceptions (20 events):
Event: 0.423 Thread 0x000002041767ba00 Exception <a 'java/lang/NoSuchMethodError'{0x00000000890ad298}: 'java.lang.Object java.lang.invoke.DirectMethodHandle$Holder.invokeSpecial(java.lang.Object, java.lang.Object, java.lang.Object, int, java.lang.Object)'> (0x00000000890ad298) 
thrown [s\open\src\hotspot\share\interpreter\linkResolver.cpp, line 774]
Event: 0.471 Thread 0x000002043a875490 Exception <a 'java/lang/NoSuchMethodError'{0x0000000088d15bf0}: 'void java.lang.invoke.DirectMethodHandle$Holder.invokeStaticInit(java.lang.Object)'> (0x0000000088d15bf0) 
thrown [s\open\src\hotspot\share\interpreter\linkResolver.cpp, line 774]
Event: 0.473 Thread 0x000002041767ba00 Exception <a 'java/lang/NoSuchMethodError'{0x00000000890c1f48}: 'java.lang.Object java.lang.invoke.DirectMethodHandle$Holder.newInvokeSpecial(java.lang.Object, java.lang.Object, java.lang.Object, java.lang.Object, java.lang.Object, java.lang.Object)'> (0x00000000890c1f48) 
thrown [s\open\src\hotspot\share\interpreter\linkResolver.cpp, line 774]
Event: 0.483 Thread 0x000002041767ba00 Exception <a 'java/lang/NoSuchMethodError'{0x0000000088c03718}: 'java.lang.Object java.lang.invoke.DirectMethodHandle$Holder.newInvokeSpecial(java.lang.Object, java.lang.Object, java.lang.Object, java.lang.Object, java.lang.Object)'> (0x0000000088c03718) 
thrown [s\open\src\hotspot\share\interpreter\linkResolver.cpp, line 774]
Event: 0.522 Thread 0x000002043a875490 Exception <a 'java/lang/NoSuchMethodError'{0x0000000088affbc0}: 'java.lang.Object java.lang.invoke.DirectMethodHandle$Holder.invokeStaticInit(java.lang.Object, java.lang.Object, java.lang.Object, java.lang.Object)'> (0x0000000088affbc0) 
thrown [s\open\src\hotspot\share\interpreter\linkResolver.cpp, line 774]
Event: 0.545 Thread 0x000002043a875490 Exception <a 'java/lang/NullPointerException'{0x000000008882ce40}> (0x000000008882ce40) 
thrown [s\open\src\hotspot\share\interpreter\linkResolver.cpp, line 1374]
Event: 0.686 Thread 0x000002043a875490 Exception <a 'java/lang/NoSuchMethodError'{0x00000000898219b8}: 'java.lang.Object java.lang.invoke.DirectMethodHandle$Holder.newInvokeSpecial(java.lang.Object, java.lang.Object, int)'> (0x00000000898219b8) 
thrown [s\open\src\hotspot\share\interpreter\linkResolver.cpp, line 774]
Event: 0.742 Thread 0x000002043a875490 Exception <a 'java/lang/ClassNotFoundException'{0x00000000898be9f0}: sun/awt/resources/spi/awtProvider> (0x00000000898be9f0) 
thrown [s\open\src\hotspot\share\classfile\systemDictionary.cpp, line 255]
Event: 0.748 Thread 0x000002043a875490 Exception <a 'java/io/FileNotFoundException'{0x00000000898c5870}> (0x00000000898c5870) 
thrown [s\open\src\hotspot\share\prims\jni.cpp, line 517]
Event: 0.748 Thread 0x000002043a875490 Exception <a 'java/io/FileNotFoundException'{0x00000000898c7128}> (0x00000000898c7128) 
thrown [s\open\src\hotspot\share\prims\jni.cpp, line 517]
Event: 0.773 Thread 0x000002043a875490 Exception <a 'java/lang/NoSuchMethodError'{0x00000000897619c0}: 'java.lang.Object java.lang.invoke.DirectMethodHandle$Holder.invokeStaticInit(java.lang.Object, int, int, int, int)'> (0x00000000897619c0) 
thrown [s\open\src\hotspot\share\interpreter\linkResolver.cpp, line 774]
Event: 0.824 Thread 0x000002043a875490 Exception <a 'java/lang/NoSuchMethodError'{0x0000000089791c88}: 'java.lang.Object java.lang.invoke.DirectMethodHandle$Holder.invokeStaticInit(java.lang.Object, java.lang.Object, int, int, int, int)'> (0x0000000089791c88) 
thrown [s\open\src\hotspot\share\interpreter\linkResolver.cpp, line 774]
Event: 0.950 Thread 0x000002043a875490 Exception <a 'java/lang/NoSuchMethodError'{0x000000008923b638}: 'long java.lang.invoke.DirectMethodHandle$Holder.invokeStatic(java.lang.Object, java.lang.Object, java.lang.Object)'> (0x000000008923b638) 
thrown [s\open\src\hotspot\share\interpreter\linkResolver.cpp, line 774]
Event: 0.950 Thread 0x000002043a875490 Exception <a 'java/lang/NoSuchMethodError'{0x000000008923ecb0}: 'long java.lang.invoke.DirectMethodHandle$Holder.invokeStaticInit(java.lang.Object, java.lang.Object, java.lang.Object)'> (0x000000008923ecb0) 
thrown [s\open\src\hotspot\share\interpreter\linkResolver.cpp, line 774]
Event: 0.954 Thread 0x000002043a875490 Exception <a 'java/lang/NoSuchMethodError'{0x00000000892574c8}: 'java.lang.Object java.lang.invoke.DirectMethodHandle$Holder.newInvokeSpecial(java.lang.Object, java.lang.Object, long)'> (0x00000000892574c8) 
thrown [s\open\src\hotspot\share\interpreter\linkResolver.cpp, line 774]
Event: 0.955 Thread 0x000002043a875490 Exception <a 'java/lang/NoSuchMethodError'{0x000000008925b050}: 'java.lang.Object java.lang.invoke.Invokers$Holder.linkToTargetMethod(java.lang.Object, long, java.lang.Object)'> (0x000000008925b050) 
thrown [s\open\src\hotspot\share\interpreter\linkResolver.cpp, line 774]
Event: 0.985 Thread 0x000002043a3b3390 Exception <a 'java/lang/NoSuchMethodError'{0x000000008915f170}: 'int java.lang.invoke.DirectMethodHandle$Holder.invokeStaticInit(java.lang.Object, java.lang.Object)'> (0x000000008915f170) 
thrown [s\open\src\hotspot\share\interpreter\linkResolver.cpp, line 774]
Event: 1.045 Thread 0x0000020435e4ff50 Exception <a 'java/lang/NoSuchMethodError'{0x00000000890aae40}: 'java.lang.Object java.lang.invoke.DirectMethodHandle$Holder.invokeStaticInit(java.lang.Object, int)'> (0x00000000890aae40) 
thrown [s\open\src\hotspot\share\interpreter\linkResolver.cpp, line 774]
Event: 34.811 Thread 0x000002043a3b3390 Implicit null exception at 0x00000204271884c0 to 0x00000204271893d4
Event: 34.811 Thread 0x000002043a3b3390 Implicit null exception at 0x0000020427164d34 to 0x0000020427165330

VM Operations (20 events):
Event: 15.364 Executing VM operation: Cleanup
Event: 15.364 Executing VM operation: Cleanup done
Event: 16.364 Executing VM operation: Cleanup
Event: 16.364 Executing VM operation: Cleanup done
Event: 16.811 Executing VM operation: G1CollectForAllocation
Event: 16.818 Executing VM operation: G1CollectForAllocation done
Event: 19.818 Executing VM operation: Cleanup
Event: 19.819 Executing VM operation: Cleanup done
Event: 22.819 Executing VM operation: Cleanup
Event: 22.819 Executing VM operation: Cleanup done
Event: 23.820 Executing VM operation: Cleanup
Event: 23.820 Executing VM operation: Cleanup done
Event: 24.821 Executing VM operation: Cleanup
Event: 24.822 Executing VM operation: Cleanup done
Event: 25.823 Executing VM operation: Cleanup
Event: 25.823 Executing VM operation: Cleanup done
Event: 26.823 Executing VM operation: Cleanup
Event: 26.824 Executing VM operation: Cleanup done
Event: 34.827 Executing VM operation: Cleanup
Event: 34.828 Executing VM operation: Cleanup done

Events (20 events):
Event: 0.034 Thread 0x0000020435e50490 Thread added: 0x0000020435e50490
Event: 0.034 Thread 0x0000020435e569f0 Thread added: 0x0000020435e569f0
Event: 0.034 Thread 0x0000020435e60fc0 Thread added: 0x0000020435e60fc0
Event: 0.035 Thread 0x0000020435e6a650 Thread added: 0x0000020435e6a650
Event: 0.035 Thread 0x0000020435e6d560 Thread added: 0x0000020435e6d560
Event: 0.066 Thread 0x0000020435e9d3c0 Thread added: 0x0000020435e9d3c0
Event: 0.121 Thread 0x0000020435e6cd40 Thread added: 0x0000020435e6cd40
Event: 0.125 Thread 0x0000020435e6b170 Thread added: 0x0000020435e6b170
Event: 0.209 Thread 0x000002043a478ff0 Thread added: 0x000002043a478ff0
Event: 0.209 Thread 0x000002043a6293c0 Thread added: 0x000002043a6293c0
Event: 0.383 Thread 0x000002043a3b3390 Thread added: 0x000002043a3b3390
Event: 0.420 Thread 0x000002043a59cde0 Thread added: 0x000002043a59cde0
Event: 0.425 Thread 0x000002043a875490 Thread added: 0x000002043a875490
Event: 0.484 Thread 0x000002043ab09d90 Thread added: 0x000002043ab09d90
Event: 0.491 Thread 0x000002043ab32280 Thread added: 0x000002043ab32280
Event: 0.829 Thread 0x000002043aa5eab0 Thread added: 0x000002043aa5eab0
Event: 1.676 Thread 0x0000020435e6cd40 Thread exited: 0x0000020435e6cd40
Event: 1.676 Thread 0x0000020435e6b170 Thread exited: 0x0000020435e6b170
Event: 16.159 Thread 0x0000020435e6b700 Thread added: 0x0000020435e6b700
Event: 17.385 Thread 0x0000020435e6b700 Thread exited: 0x0000020435e6b700


Dynamic libraries:
0x00007ff7bd130000 - 0x00007ff7bd13e000 	C:\Users\Admin\.jdks\openjdk-19.0.1\bin\java.exe
0x00007ffef3470000 - 0x00007ffef3684000 	C:\WINDOWS\SYSTEM32\ntdll.dll
0x00007ffef2ca0000 - 0x00007ffef2d62000 	C:\WINDOWS\System32\KERNEL32.DLL
0x00007ffef0c80000 - 0x00007ffef101c000 	C:\WINDOWS\System32\KERNELBASE.dll
0x00007ffef1020000 - 0x00007ffef1131000 	C:\WINDOWS\System32\ucrtbase.dll
0x00007ffec88b0000 - 0x00007ffec88c7000 	C:\Users\Admin\.jdks\openjdk-19.0.1\bin\jli.dll
0x00007ffec6f50000 - 0x00007ffec6f6b000 	C:\Users\Admin\.jdks\openjdk-19.0.1\bin\VCRUNTIME140.dll
0x00007ffef15f0000 - 0x00007ffef179b000 	C:\WINDOWS\System32\USER32.dll
0x00007ffed2fe0000 - 0x00007ffed326e000 	C:\WINDOWS\WinSxS\amd64_microsoft.windows.common-controls_6595b64144ccf1df_6.0.22621.317_none_a9434687c10c9fa2\COMCTL32.dll
0x00007ffef0950000 - 0x00007ffef0976000 	C:\WINDOWS\System32\win32u.dll
0x00007ffef1280000 - 0x00007ffef12a9000 	C:\WINDOWS\System32\GDI32.dll
0x00007ffef1d00000 - 0x00007ffef1da7000 	C:\WINDOWS\System32\msvcrt.dll
0x00007ffef0980000 - 0x00007ffef0a92000 	C:\WINDOWS\System32\gdi32full.dll
0x00007ffef08b0000 - 0x00007ffef094a000 	C:\WINDOWS\System32\msvcp_win.dll
0x00007ffef2b50000 - 0x00007ffef2b81000 	C:\WINDOWS\System32\IMM32.DLL
0x00007ffec7c30000 - 0x00007ffec7c3c000 	C:\Users\Admin\.jdks\openjdk-19.0.1\bin\vcruntime140_1.dll
0x00007ffea3780000 - 0x00007ffea380e000 	C:\Users\Admin\.jdks\openjdk-19.0.1\bin\msvcp140.dll
0x00007ffe9a4c0000 - 0x00007ffe9b180000 	C:\Users\Admin\.jdks\openjdk-19.0.1\bin\server\jvm.dll
0x00007ffef2590000 - 0x00007ffef263e000 	C:\WINDOWS\System32\ADVAPI32.dll
0x00007ffef2f10000 - 0x00007ffef2fb4000 	C:\WINDOWS\System32\sechost.dll
0x00007ffef2df0000 - 0x00007ffef2f05000 	C:\WINDOWS\System32\RPCRT4.dll
0x00007ffeedcd0000 - 0x00007ffeedcd9000 	C:\WINDOWS\SYSTEM32\WSOCK32.dll
0x00007ffee9f30000 - 0x00007ffee9f64000 	C:\WINDOWS\SYSTEM32\WINMM.dll
0x00007ffee8f70000 - 0x00007ffee8f7a000 	C:\WINDOWS\SYSTEM32\VERSION.dll
0x00007ffef2b90000 - 0x00007ffef2c01000 	C:\WINDOWS\System32\WS2_32.dll
0x00007ffeef8f0000 - 0x00007ffeef908000 	C:\WINDOWS\SYSTEM32\kernel.appcore.dll
0x00007ffec6a70000 - 0x00007ffec6a7a000 	C:\Users\Admin\.jdks\openjdk-19.0.1\bin\jimage.dll
0x00007ffed5a80000 - 0x00007ffed5cae000 	C:\WINDOWS\SYSTEM32\DBGHELP.DLL
0x00007ffef1950000 - 0x00007ffef1cd9000 	C:\WINDOWS\System32\combase.dll
0x00007ffef31d0000 - 0x00007ffef32a7000 	C:\WINDOWS\System32\OLEAUT32.dll
0x00007ffed56d0000 - 0x00007ffed5702000 	C:\WINDOWS\SYSTEM32\dbgcore.DLL
0x00007ffef1140000 - 0x00007ffef11bb000 	C:\WINDOWS\System32\bcryptPrimitives.dll
0x00007ffeedca0000 - 0x00007ffeedcae000 	C:\Users\Admin\.jdks\openjdk-19.0.1\bin\instrument.dll
0x00007ffea35f0000 - 0x00007ffea3616000 	C:\Users\Admin\.jdks\openjdk-19.0.1\bin\java.dll
0x00007ffe9a3e0000 - 0x00007ffe9a4b7000 	C:\Users\Admin\.jdks\openjdk-19.0.1\bin\jsvml.dll
0x00007ffef1db0000 - 0x00007ffef258b000 	C:\WINDOWS\System32\SHELL32.dll
0x00007ffeee8c0000 - 0x00007ffeef175000 	C:\WINDOWS\SYSTEM32\windows.storage.dll
0x00007ffeee780000 - 0x00007ffeee8bd000 	C:\WINDOWS\SYSTEM32\wintypes.dll
0x00007ffef3070000 - 0x00007ffef3161000 	C:\WINDOWS\System32\SHCORE.dll
0x00007ffef33d0000 - 0x00007ffef342e000 	C:\WINDOWS\System32\shlwapi.dll
0x00007ffef07e0000 - 0x00007ffef0801000 	C:\WINDOWS\SYSTEM32\profapi.dll
0x00007ffeb8180000 - 0x00007ffeb8193000 	C:\Users\Admin\.jdks\openjdk-19.0.1\bin\net.dll
0x00007ffee9f70000 - 0x00007ffeea09f000 	C:\WINDOWS\SYSTEM32\WINHTTP.dll
0x00007ffeefd40000 - 0x00007ffeefda9000 	C:\WINDOWS\system32\mswsock.dll
0x00007ffeb6f40000 - 0x00007ffeb6f56000 	C:\Users\Admin\.jdks\openjdk-19.0.1\bin\nio.dll
0x00007ffea2280000 - 0x00007ffea2298000 	C:\Users\Admin\.jdks\openjdk-19.0.1\bin\zip.dll
0x00007ffeebc40000 - 0x00007ffeebc5a000 	C:\Program Files\JetBrains\IntelliJ IDEA Community Edition 2022.2.1\bin\breakgen64.dll
0x00007ffed4390000 - 0x00007ffed4398000 	C:\Users\Admin\.jdks\openjdk-19.0.1\bin\extnet.dll
0x0000020435fa0000 - 0x0000020435fa3000 	C:\Java\javafx-sdk-19\bin\api-ms-win-core-console-l1-1-0.dll
0x0000020435fb0000 - 0x0000020435fb3000 	C:\Java\javafx-sdk-19\bin\api-ms-win-core-console-l1-2-0.dll
0x0000020435fc0000 - 0x0000020435fc3000 	C:\Java\javafx-sdk-19\bin\api-ms-win-core-datetime-l1-1-0.dll
0x0000020435fd0000 - 0x0000020435fd3000 	C:\Java\javafx-sdk-19\bin\api-ms-win-core-debug-l1-1-0.dll
0x0000020435fe0000 - 0x0000020435fe3000 	C:\Java\javafx-sdk-19\bin\api-ms-win-core-errorhandling-l1-1-0.dll
0x0000020435ff0000 - 0x0000020435ff4000 	C:\Java\javafx-sdk-19\bin\api-ms-win-core-file-l1-1-0.dll
0x000002043ac00000 - 0x000002043ac03000 	C:\Java\javafx-sdk-19\bin\api-ms-win-core-file-l1-2-0.dll
0x000002043ac10000 - 0x000002043ac13000 	C:\Java\javafx-sdk-19\bin\api-ms-win-core-file-l2-1-0.dll
0x000002043ac20000 - 0x000002043ac23000 	C:\Java\javafx-sdk-19\bin\api-ms-win-core-handle-l1-1-0.dll
0x000002043ac30000 - 0x000002043ac33000 	C:\Java\javafx-sdk-19\bin\api-ms-win-core-heap-l1-1-0.dll
0x000002043ac40000 - 0x000002043ac43000 	C:\Java\javafx-sdk-19\bin\api-ms-win-core-interlocked-l1-1-0.dll
0x000002043ac50000 - 0x000002043ac53000 	C:\Java\javafx-sdk-19\bin\api-ms-win-core-libraryloader-l1-1-0.dll
0x000002043ac60000 - 0x000002043ac63000 	C:\Java\javafx-sdk-19\bin\api-ms-win-core-localization-l1-2-0.dll
0x000002043ac70000 - 0x000002043ac73000 	C:\Java\javafx-sdk-19\bin\api-ms-win-core-memory-l1-1-0.dll
0x000002043ac80000 - 0x000002043ac83000 	C:\Java\javafx-sdk-19\bin\api-ms-win-core-namedpipe-l1-1-0.dll
0x000002043ac90000 - 0x000002043ac93000 	C:\Java\javafx-sdk-19\bin\api-ms-win-core-processenvironment-l1-1-0.dll
0x000002043aca0000 - 0x000002043aca3000 	C:\Java\javafx-sdk-19\bin\api-ms-win-core-processthreads-l1-1-0.dll
0x000002043acb0000 - 0x000002043acb3000 	C:\Java\javafx-sdk-19\bin\api-ms-win-core-processthreads-l1-1-1.dll
0x000002043acc0000 - 0x000002043acc3000 	C:\Java\javafx-sdk-19\bin\api-ms-win-core-profile-l1-1-0.dll
0x000002043acd0000 - 0x000002043acd3000 	C:\Java\javafx-sdk-19\bin\api-ms-win-core-rtlsupport-l1-1-0.dll
0x000002043ace0000 - 0x000002043ace3000 	C:\Java\javafx-sdk-19\bin\api-ms-win-core-string-l1-1-0.dll
0x000002043acf0000 - 0x000002043acf3000 	C:\Java\javafx-sdk-19\bin\api-ms-win-core-synch-l1-1-0.dll
0x000002043ad00000 - 0x000002043ad03000 	C:\Java\javafx-sdk-19\bin\api-ms-win-core-synch-l1-2-0.dll
0x000002043ad10000 - 0x000002043ad13000 	C:\Java\javafx-sdk-19\bin\api-ms-win-core-sysinfo-l1-1-0.dll
0x000002043ad20000 - 0x000002043ad23000 	C:\Java\javafx-sdk-19\bin\api-ms-win-core-timezone-l1-1-0.dll
0x000002043ad30000 - 0x000002043ad33000 	C:\Java\javafx-sdk-19\bin\api-ms-win-core-util-l1-1-0.dll
0x000002043ad40000 - 0x000002043ad43000 	C:\Java\javafx-sdk-19\bin\api-ms-win-crt-conio-l1-1-0.dll
0x000002043ad50000 - 0x000002043ad54000 	C:\Java\javafx-sdk-19\bin\api-ms-win-crt-convert-l1-1-0.dll
0x000002043ad60000 - 0x000002043ad63000 	C:\Java\javafx-sdk-19\bin\api-ms-win-crt-environment-l1-1-0.dll
0x000002043ad70000 - 0x000002043ad73000 	C:\Java\javafx-sdk-19\bin\api-ms-win-crt-filesystem-l1-1-0.dll
0x000002043ad80000 - 0x000002043ad83000 	C:\Java\javafx-sdk-19\bin\api-ms-win-crt-heap-l1-1-0.dll
0x000002043ad90000 - 0x000002043ad93000 	C:\Java\javafx-sdk-19\bin\api-ms-win-crt-locale-l1-1-0.dll
0x000002043ada0000 - 0x000002043ada5000 	C:\Java\javafx-sdk-19\bin\api-ms-win-crt-math-l1-1-0.dll
0x000002043adb0000 - 0x000002043adb5000 	C:\Java\javafx-sdk-19\bin\api-ms-win-crt-multibyte-l1-1-0.dll
0x000002043adc0000 - 0x000002043add0000 	C:\Java\javafx-sdk-19\bin\api-ms-win-crt-private-l1-1-0.dll
0x000002043add0000 - 0x000002043add3000 	C:\Java\javafx-sdk-19\bin\api-ms-win-crt-process-l1-1-0.dll
0x000002043ade0000 - 0x000002043ade4000 	C:\Java\javafx-sdk-19\bin\api-ms-win-crt-runtime-l1-1-0.dll
0x000002043adf0000 - 0x000002043adf4000 	C:\Java\javafx-sdk-19\bin\api-ms-win-crt-stdio-l1-1-0.dll
0x000002043ae00000 - 0x000002043ae04000 	C:\Java\javafx-sdk-19\bin\api-ms-win-crt-string-l1-1-0.dll
0x000002043ae10000 - 0x000002043ae13000 	C:\Java\javafx-sdk-19\bin\api-ms-win-crt-time-l1-1-0.dll
0x000002043ae20000 - 0x000002043ae23000 	C:\Java\javafx-sdk-19\bin\api-ms-win-crt-utility-l1-1-0.dll
0x00007ffeeb1a0000 - 0x00007ffeeb29c000 	C:\Java\javafx-sdk-19\bin\ucrtbase.dll
0x00007ffeebc20000 - 0x00007ffeebc3b000 	C:\Java\javafx-sdk-19\bin\vcruntime140.dll
0x00007ffeec060000 - 0x00007ffeec06c000 	C:\Java\javafx-sdk-19\bin\vcruntime140_1.dll
0x00007ffeeb110000 - 0x00007ffeeb19e000 	C:\Java\javafx-sdk-19\bin\msvcp140.dll
0x00007ffeeb680000 - 0x00007ffeeb689000 	C:\Java\javafx-sdk-19\bin\msvcp140_1.dll
0x00007ffeeb3d0000 - 0x00007ffeeb400000 	C:\Java\javafx-sdk-19\bin\msvcp140_2.dll
0x00007ffeeb0e0000 - 0x00007ffeeb10c000 	C:\Java\javafx-sdk-19\bin\prism_d3d.dll
0x00007ffee1c00000 - 0x00007ffee1da8000 	C:\WINDOWS\system32\d3d9.dll
0x00007ffeee310000 - 0x00007ffeee33b000 	C:\WINDOWS\SYSTEM32\dwmapi.dll
0x00007ffeedfe0000 - 0x00007ffeee016000 	C:\WINDOWS\SYSTEM32\dxcore.dll
0x00007ffeedf00000 - 0x00007ffeedfab000 	C:\WINDOWS\system32\uxtheme.dll
0x00007ffec7510000 - 0x00007ffec76ff000 	C:\WINDOWS\System32\DriverStore\FileRepository\igdlh64.inf_amd64_ceddadac8a2b489e\igdumdim64.dll
0x00007ffe895e0000 - 0x00007ffe8c854000 	C:\WINDOWS\System32\DriverStore\FileRepository\igdlh64.inf_amd64_ceddadac8a2b489e\igd9dxva64.dll
0x00007ffef17b0000 - 0x00007ffef194c000 	C:\WINDOWS\System32\ole32.dll
0x00007ffee9d10000 - 0x00007ffee9d59000 	C:\WINDOWS\SYSTEM32\directxdatabasehelper.dll
0x00007ffeea310000 - 0x00007ffeea352000 	C:\Java\javafx-sdk-19\bin\glass.dll
0x00007ffef32b0000 - 0x00007ffef33a5000 	C:\WINDOWS\System32\COMDLG32.dll
0x00007ffef1310000 - 0x00007ffef142e000 	C:\WINDOWS\System32\MSCTF.dll
0x00007ffedfcb0000 - 0x00007ffee1a90000 	C:\WINDOWS\System32\DriverStore\FileRepository\igdlh64.inf_amd64_ceddadac8a2b489e\igc64.dll
0x00007ffeeb0c0000 - 0x00007ffeeb0d4000 	C:\Java\javafx-sdk-19\bin\javafx_font.dll
0x00007ffeec800000 - 0x00007ffeeca67000 	C:\WINDOWS\SYSTEM32\dwrite.dll
0x00007ffef2fc0000 - 0x00007ffef3070000 	C:\WINDOWS\System32\clbcatq.dll
0x00007ffeec5a0000 - 0x00007ffeec750000 	C:\WINDOWS\SYSTEM32\WindowsCodecs.dll
0x00007ffec6a10000 - 0x00007ffec6a6e000 	C:\WINDOWS\system32\dataexchange.dll
0x00007ffee5c00000 - 0x00007ffee5e6a000 	C:\WINDOWS\system32\twinapi.appcore.dll
0x00007ffee4f90000 - 0x00007ffee4fc2000 	C:\Program Files\Common Files\Microsoft Shared\Ink\rtscom.dll
0x00007ffee5610000 - 0x00007ffee573d000 	C:\WINDOWS\SYSTEM32\textinputframework.dll
0x00007ffeed4f0000 - 0x00007ffeed623000 	C:\WINDOWS\SYSTEM32\CoreMessaging.dll
0x00007ffee9290000 - 0x00007ffee95fc000 	C:\WINDOWS\SYSTEM32\CoreUIComponents.dll
0x00007ffef0030000 - 0x00007ffef003c000 	C:\WINDOWS\SYSTEM32\CRYPTBASE.DLL
0x00007ffec3e40000 - 0x00007ffec3fd0000 	C:\Users\Admin\.jdks\openjdk-19.0.1\bin\awt.dll
0x00007ffeedd30000 - 0x00007ffeeddc7000 	C:\WINDOWS\SYSTEM32\apphelp.dll
0x00007ffef0050000 - 0x00007ffef006b000 	C:\WINDOWS\SYSTEM32\CRYPTSP.dll
0x00007ffeef860000 - 0x00007ffeef895000 	C:\WINDOWS\system32\rsaenh.dll
0x00007ffeefde0000 - 0x00007ffeefe08000 	C:\WINDOWS\SYSTEM32\USERENV.dll
0x00007ffef0190000 - 0x00007ffef01b8000 	C:\WINDOWS\SYSTEM32\bcrypt.dll
0x00007ffeef3d0000 - 0x00007ffeef3fd000 	C:\WINDOWS\SYSTEM32\IPHLPAPI.DLL
0x00007ffef17a0000 - 0x00007ffef17a9000 	C:\WINDOWS\System32\NSI.dll
0x00007ffee9e50000 - 0x00007ffee9e69000 	C:\WINDOWS\SYSTEM32\dhcpcsvc6.DLL

dbghelp: loaded successfully - version: 4.0.5 - missing functions: none
symbol engine: initialized successfully - sym options: 0x614 - pdb path: .;C:\Users\Admin\.jdks\openjdk-19.0.1\bin;C:\WINDOWS\SYSTEM32;C:\WINDOWS\WinSxS\amd64_microsoft.windows.common-controls_6595b64144ccf1df_6.0.22621.317_none_a9434687c10c9fa2;C:\Users\Admin\.jdks\openjdk-19.0.1\bin\server;C:\Program Files\JetBrains\IntelliJ IDEA Community Edition 2022.2.1\bin;C:\Java\javafx-sdk-19\bin;C:\WINDOWS\System32\DriverStore\FileRepository\igdlh64.inf_amd64_ceddadac8a2b489e;C:\Program Files\Common Files\Microsoft Shared\Ink

VM Arguments:
jvm_args: --module-path=C:\Java\javafx-sdk-19\lib --add-modules=javafx.controls,javafx.fxml -javaagent:C:\Program Files\JetBrains\IntelliJ IDEA Community Edition 2022.2.1\lib\idea_rt.jar=50414:C:\Program Files\JetBrains\IntelliJ IDEA Community Edition 2022.2.1\bin -Dfile.encoding=UTF-8 -Dsun.stdout.encoding=UTF-8 -Dsun.stderr.encoding=UTF-8 
java_command: Game.MainGame
java_class_path (initial): D:\BTL\bomberman-game\target\classes;C:\Users\Admin\.m2\repository\org\openjfx\javafx-controls\19-ea+7\javafx-controls-19-ea+7.jar;C:\Users\Admin\.m2\repository\org\openjfx\javafx-controls\19-ea+7\javafx-controls-19-ea+7-win.jar;C:\Users\Admin\.m2\repository\org\openjfx\javafx-graphics\19-ea+7\javafx-graphics-19-ea+7.jar;C:\Users\Admin\.m2\repository\org\openjfx\javafx-graphics\19-ea+7\javafx-graphics-19-ea+7-win.jar;C:\Users\Admin\.m2\repository\org\openjfx\javafx-base\19-ea+7\javafx-base-19-ea+7.jar;C:\Users\Admin\.m2\repository\org\openjfx\javafx-base\19-ea+7\javafx-base-19-ea+7-win.jar;C:\Users\Admin\.m2\repository\org\openjfx\javafx-fxml\19-ea+7\javafx-fxml-19-ea+7.jar;C:\Users\Admin\.m2\repository\org\openjfx\javafx-fxml\19-ea+7\javafx-fxml-19-ea+7-win.jar;C:\Users\Admin\.m2\repository\org\controlsfx\controlsfx\11.1.1\controlsfx-11.1.1.jar;C:\Users\Admin\.m2\repository\org\kordamp\bootstrapfx\bootstrapfx-core\0.4.0\bootstrapfx-core-0.4.0.jar
Launcher Type: SUN_STANDARD

[Global flags]
     intx CICompilerCount                          = 4                                         {product} {ergonomic}
     uint ConcGCThreads                            = 2                                         {product} {ergonomic}
     uint G1ConcRefinementThreads                  = 8                                         {product} {ergonomic}
   size_t G1HeapRegionSize                         = 1048576                                   {product} {ergonomic}
    uintx GCDrainStackTargetSize                   = 64                                        {product} {ergonomic}
   size_t InitialHeapSize                          = 134217728                                 {product} {ergonomic}
   size_t MarkStackSize                            = 4194304                                   {product} {ergonomic}
   size_t MaxHeapSize                              = 2116026368                                {product} {ergonomic}
   size_t MaxNewSize                               = 1268776960                                {product} {ergonomic}
   size_t MinHeapDeltaBytes                        = 1048576                                   {product} {ergonomic}
   size_t MinHeapSize                              = 8388608                                   {product} {ergonomic}
    uintx NonNMethodCodeHeapSize                   = 5839372                                {pd product} {ergonomic}
    uintx NonProfiledCodeHeapSize                  = 122909434                              {pd product} {ergonomic}
    uintx ProfiledCodeHeapSize                     = 122909434                              {pd product} {ergonomic}
    uintx ReservedCodeCacheSize                    = 251658240                              {pd product} {ergonomic}
     bool SegmentedCodeCache                       = true                                      {product} {ergonomic}
   size_t SoftMaxHeapSize                          = 2116026368                             {manageable} {ergonomic}
     bool UseCompressedClassPointers               = true                           {product lp64_product} {ergonomic}
     bool UseCompressedOops                        = true                           {product lp64_product} {ergonomic}
     bool UseG1GC                                  = true                                      {product} {ergonomic}
     bool UseLargePagesIndividualAllocation        = false                                  {pd product} {ergonomic}

Logging:
Log output configuration:
 #0: stdout all=warning uptime,level,tags foldmultilines=false
 #1: stderr all=off uptime,level,tags foldmultilines=false

Environment Variables:
JAVA_HOME=C:\Program Files\Java\jdk-18.0.2.1
PATH=C:\Python310\Scripts\;C:\Python310\;C:\Program Files\Eclipse Adoptium\jdk-17.0.4.101-hotspot\bin;C:\Program Files\Common Files\Oracle\Java\javapath;C:\WINDOWS\system32;C:\WINDOWS;C:\WINDOWS\System32\Wbem;C:\WINDOWS\System32\WindowsPowerShell\v1.0\;C:\WINDOWS\System32\OpenSSH\;C:\Program Files\CodeBlocks\MinGW\bin;C:\Program Files\Git\cmd;C:\Program Files\Cloudflare\Cloudflare WARP\;C:\Program Files\nodejs\;C:\ProgramData\chocolatey\bin;C:\Program Files\SQLite\sqlite3;C:\Users\Admin\AppData\Local\Microsoft\WindowsApps;C:\Program Files\JetBrains\PyCharm 2022.1.2\bin;;C:\Users\Admin\AppData\Local\GitHubDesktop\bin;;C:\Program Files\JetBrains\IntelliJ IDEA Community Edition 2022.2.1\bin;;C:\Users\Admin\AppData\Roaming\npm;C:\Users\Admin\AppData\Local\Programs\Microsoft VS Code\bin
USERNAME=Admin
OS=Windows_NT
PROCESSOR_IDENTIFIER=Intel64 Family 6 Model 142 Stepping 10, GenuineIntel
TMP=C:\Users\Admin\AppData\Local\Temp
TEMP=C:\Users\Admin\AppData\Local\Temp



---------------  S Y S T E M  ---------------

OS:
 Windows 11 , 64 bit Build 22621 (10.0.22621.457)
OS uptime: 0 days 1:59 hours
Hyper-V role detected

CPU: total 8 (initial active 8) (4 cores per cpu, 2 threads per core) family 6 model 142 stepping 10 microcode 0xe0, cx8, cmov, fxsr, ht, mmx, 3dnowpref, sse, sse2, sse3, ssse3, sse4.1, sse4.2, popcnt, lzcnt, tsc, tscinvbit, avx, avx2, aes, erms, clmul, bmi1, bmi2, adx, fma, vzeroupper, clflush, clflushopt, hv, rdtscp

Memory: 4k page, system-wide physical 8069M (1668M free)
TotalPageFile size 8069M (AvailPageFile size 0M)
current process WorkingSet (physical memory assigned to process): 268M, peak: 268M
current process commit charge ("private bytes"): 370M, peak: 370M

vm_info: OpenJDK 64-Bit Server VM (19.0.1+10-21) for windows-amd64 JRE (19.0.1+10-21), built on 2022-09-14T12:45:06Z by "mach5one" with MS VC++ 17.1 (VS2022)

END.
